= Thu Nov 12 2015 22:30:06 GMT+0400 (GST)
dT[add]@0: 24.045408
dT[add]@1: 4.82205
dT[add]@2: 4.371566
dT[add]@3: 4.07779
dT[sub]@0: 4.858754
dT[sub]@1: 5.944725
dT[sub]@2: 2.122031
dT[sub]@3: 4.340422
dT[mul]@0: 1.51471
dT[mul]@1: 3.757205
dT[mul]@2: 1.084477
dT[mul]@3: 1.322612
dT[div]@0: 0.787141
dT[div]@1: 0.572316
dT[div]@2: 1.017328
dT[div]@3: 0.296239
dT[add]@0: 2.557237
dT[add]@1: 2.295969
dT[add]@2: 2.619217
dT[add]@3: 2.546444
dT[sub]@0: 1.539201
dT[sub]@1: 1.906984
dT[sub]@2: 2.137075
dT[sub]@3: 1.190112
dT[mul]@0: 7.631859
dT[mul]@1: 1.393366
dT[mul]@2: 1.004648
dT[mul]@3: 1.218287
dT[div]@0: 0.650585
dT[div]@1: 0.981411
dT[div]@2: 0.416232
dT[div]@3: 0.715524
dT[add]@0: 2.984709
dT[add]@1: 1.980588
dT[add]@2: 2.164568
dT[add]@3: 1.951478
dT[sub]@0: 1.455601
dT[sub]@1: 3.317307
dT[sub]@2: 1.25023
dT[sub]@3: 1.256639
dT[mul]@0: 1.730389
dT[mul]@1: 0.942155
dT[mul]@2: 1.30144
dT[mul]@3: 0.708323
dT[div]@0: 0.676948
dT[div]@1: 0.79869
dT[div]@2: 0.434407
dT[div]@3: 0.331035
dT[add]@0: 2.000516
dT[add]@1: 1.856296
dT[add]@2: 1.656996
dT[add]@3: 1.961209
dT[sub]@0: 1.322355
dT[sub]@1: 2.01398
dT[sub]@2: 2.263746
dT[sub]@3: 1.159249
dT[mul]@0: 1.13507
dT[mul]@1: 1.008194
dT[mul]@2: 0.848284
dT[mul]@3: 0.689426
dT[div]@0: 0.557032
dT[div]@1: 1.131628
dT[div]@2: 0.596843
dT[div]@3: 0.854376
dT[add]@0: 2.205593
dT[add]@1: 2.026582
dT[add]@2: 2.151592
dT[add]@3: 1.545976
dT[sub]@0: 1.450431
dT[sub]@1: 1.450129
dT[sub]@2: 1.338461
dT[sub]@3: 1.577081
dT[mul]@0: 1.690736
dT[mul]@1: 1.06276
dT[mul]@2: 0.890247
dT[mul]@3: 2.295587
dT[div]@0: 0.703103
dT[div]@1: 0.92116
dT[div]@2: 0.292756
dT[div]@3: 0.355517
dT[add]@0: 2.52789
dT[add]@1: 2.800314
dT[add]@2: 1.690196
dT[add]@3: 1.651368
dT[sub]@0: 1.419114
dT[sub]@1: 1.390819
dT[sub]@2: 2.259022
dT[sub]@3: 1.508315
dT[mul]@0: 1.056023
dT[mul]@1: 1.379872
dT[mul]@2: 1.62178
dT[mul]@3: 0.604231
dT[div]@0: 0.664194
dT[div]@1: 0.589611
dT[div]@2: 0.300258
dT[div]@3: 0.320204
dT[add]@0: 2.011139
dT[add]@1: 1.689411
dT[add]@2: 1.67512
dT[add]@3: 1.621758
dT[sub]@0: 1.528736
dT[sub]@1: 1.421983
dT[sub]@2: 1.414489
dT[sub]@3: 1.736823
dT[mul]@0: 1.066064
dT[mul]@1: 0.97526
dT[mul]@2: 0.795449
dT[mul]@3: 0.787769
dT[div]@0: 0.757174
dT[div]@1: 1.428987
dT[div]@2: 0.769811
dT[div]@3: 1.074251
dT[add]@0: 6.061143
dT[add]@1: 3.645432
dT[add]@2: 1.942806
dT[add]@3: 2.232306
dT[sub]@0: 1.953092
dT[sub]@1: 1.533475
dT[sub]@2: 1.853738
dT[sub]@3: 2.057937
dT[mul]@0: 1.385489
dT[mul]@1: 0.956321
dT[mul]@2: 1.30225
dT[mul]@3: 1.50969
dT[div]@0: 0.895347
dT[div]@1: 1.166777
dT[div]@2: 1.512478
dT[div]@3: 1.0686
dT[add]@0: 2.190408
dT[add]@1: 2.477577
dT[add]@2: 1.842108
dT[add]@3: 2.294268
dT[sub]@0: 1.792325
dT[sub]@1: 1.711247
dT[sub]@2: 1.928289
dT[sub]@3: 1.525353
dT[mul]@0: 1.799238
dT[mul]@1: 1.187504
dT[mul]@2: 1.415908
dT[mul]@3: 1.434755
dT[div]@0: 0.852967
dT[div]@1: 1.11872
dT[div]@2: 0.886375
dT[div]@3: 0.50561
dT[add]@0: 2.85696
dT[add]@1: 2.249621
dT[add]@2: 2.465268
dT[add]@3: 1.953088
dT[sub]@0: 2.245682
dT[sub]@1: 1.494055
dT[sub]@2: 1.800246
dT[sub]@3: 1.258537
dT[mul]@0: 1.581395
dT[mul]@1: 1.78118
dT[mul]@2: 1.129042
dT[mul]@3: 1.379565
dT[div]@0: 0.844177
dT[div]@1: 1.056619
dT[div]@2: 0.624827
dT[div]@3: 1.060696
dT[add]@0: 3.615681
dT[add]@1: 3.762466
dT[add]@2: 3.545551
dT[add]@3: 3.804892
dT[sub]@0: 3.977143
dT[sub]@1: 1.593361
dT[sub]@2: 1.878872
dT[sub]@3: 1.382324
dT[mul]@0: 1.696997
dT[mul]@1: 1.089362
dT[mul]@2: 1.359741
dT[mul]@3: 0.777746
dT[div]@0: 0.797205
dT[div]@1: 1.06925
dT[div]@2: 0.563104
dT[div]@3: 0.898373
dT[add]@0: 2.133263
dT[add]@1: 2.785241
dT[add]@2: 2.247866
dT[add]@3: 2.3546
dT[sub]@0: 1.895365
dT[sub]@1: 2.204994
dT[sub]@2: 1.41688
dT[sub]@3: 1.737636
dT[mul]@0: 0.978246
dT[mul]@1: 0.939474
dT[mul]@2: 1.250497
dT[mul]@3: 1.503487
dT[div]@0: 0.877645
dT[div]@1: 1.114197
dT[div]@2: 0.553041
dT[div]@3: 0.726921
dT[add]@0: 3.063361
dT[add]@1: 2.074367
dT[add]@2: 2.363891
dT[add]@3: 1.834429
dT[sub]@0: 2.365344
dT[sub]@1: 1.871348
dT[sub]@2: 1.70291
dT[sub]@3: 1.923561
dT[mul]@0: 1.332969
dT[mul]@1: 1.637234
dT[mul]@2: 1.186137
dT[mul]@3: 1.437955
dT[div]@0: 0.930151
dT[div]@1: 0.780483
dT[div]@2: 1.021371
dT[div]@3: 0.481517
dT[add]@0: 2.881367
dT[add]@1: 2.503365
dT[add]@2: 2.101645
dT[add]@3: 2.407423
dT[sub]@0: 1.665126
dT[sub]@1: 2.164211
dT[sub]@2: 1.764673
dT[sub]@3: 2.008809
dT[mul]@0: 1.79025
dT[mul]@1: 1.268261
dT[mul]@2: 1.926781
dT[mul]@3: 1.150306
dT[div]@0: 1.477978
dT[div]@1: 0.856957
dT[div]@2: 0.416707
dT[div]@3: 0.455709
dT[add]@0: 2.442069
dT[add]@1: 2.189582
dT[add]@2: 2.521998
dT[add]@3: 2.686329
dT[sub]@0: 1.985594
dT[sub]@1: 1.960744
dT[sub]@2: 2.109008
dT[sub]@3: 1.749827
dT[mul]@0: 1.364
dT[mul]@1: 1.55668
dT[mul]@2: 1.548559
dT[mul]@3: 1.15354
dT[div]@0: 0.952487
dT[div]@1: 1.249505
dT[div]@2: 0.710365
dT[div]@3: 0.470793
dT[add]@0: 2.689644
dT[add]@1: 2.114604
dT[add]@2: 2.064233
dT[add]@3: 2.347645
dT[sub]@0: 1.520324
dT[sub]@1: 1.346519
dT[sub]@2: 1.517893
dT[sub]@3: 1.744671
dT[mul]@0: 1.173431
dT[mul]@1: 0.792
dT[mul]@2: 0.827209
dT[mul]@3: 0.720422
dT[div]@0: 0.679845
dT[div]@1: 0.577067
dT[div]@2: 0.522187
dT[div]@3: 0.299817
dT[add]@0: 2.004259
dT[add]@1: 1.680176
dT[add]@2: 1.669565
dT[add]@3: 1.613341
dT[sub]@0: 1.554171
dT[sub]@1: 1.590623
dT[sub]@2: 1.884334
dT[sub]@3: 1.050021
dT[mul]@0: 1.055597
dT[mul]@1: 1.042425
dT[mul]@2: 0.805088
dT[mul]@3: 0.807296
dT[div]@0: 0.682244
dT[div]@1: 0.616222
dT[div]@2: 0.312763
dT[div]@3: 0.33664
dT[add]@0: 2.663769
dT[add]@1: 1.925469
dT[add]@2: 2.185056
dT[add]@3: 2.271529
dT[sub]@0: 1.429682
dT[sub]@1: 1.403853
dT[sub]@2: 1.243421
dT[sub]@3: 1.05622
dT[mul]@0: 1.055107
dT[mul]@1: 1.590051
dT[mul]@2: 0.995227
dT[mul]@3: 0.703585
dT[div]@0: 0.648301
dT[div]@1: 0.566021
dT[div]@2: 0.514457
dT[div]@3: 0.205747
dT[add]@0: 1.905916
dT[add]@1: 1.743148
dT[add]@2: 1.674561
dT[add]@3: 1.626872
dT[sub]@0: 1.525264
dT[sub]@1: 1.426522
dT[sub]@2: 1.137829
dT[sub]@3: 1.147902
dT[mul]@0: 1.122053
dT[mul]@1: 1.28654
dT[mul]@2: 0.868737
dT[mul]@3: 0.765036
dT[div]@0: 0.689162
dT[div]@1: 0.40409
dT[div]@2: 0.427194
dT[div]@3: 0.381409
dT[add]@0: 1.994086
dT[add]@1: 3.737533
dT[add]@2: 3.924032
dT[add]@3: 1.477399
dT[sub]@0: 1.789619
dT[sub]@1: 1.942282
dT[sub]@2: 1.285547
dT[sub]@3: 1.023919
dT[mul]@0: 1.057488
dT[mul]@1: 1.227889
dT[mul]@2: 1.599544
dT[mul]@3: 1.770279
dT[div]@0: 0.737326
dT[div]@1: 0.390135
dT[div]@2: 0.654795
dT[div]@3: 0.198133
dT[add]@0: 1.726327
dT[add]@1: 1.581826
dT[add]@2: 1.842195
dT[add]@3: 1.559792
dT[sub]@0: 1.495669
dT[sub]@1: 1.345685
dT[sub]@2: 1.288403
dT[sub]@3: 1.174872
dT[mul]@0: 1.098426
dT[mul]@1: 0.961922
dT[mul]@2: 0.893553
dT[mul]@3: 0.862073
dT[div]@0: 0.581859
dT[div]@1: 0.52601
dT[div]@2: 0.445651
dT[div]@3: 0.369581
dT[add]@0: 2.011925
dT[add]@1: 1.693628
dT[add]@2: 1.722672
dT[add]@3: 1.571203
dT[sub]@0: 1.487534
dT[sub]@1: 1.442904
dT[sub]@2: 1.088144
dT[sub]@3: 1.151497
dT[mul]@0: 1.094533
dT[mul]@1: 1.030744
dT[mul]@2: 0.721217
dT[mul]@3: 0.758075
dT[div]@0: 0.69017
dT[div]@1: 0.567306
dT[div]@2: 0.767583
dT[div]@3: 1.026905
dT[add]@0: 2.031572
dT[add]@1: 1.715421
dT[add]@2: 1.644909
dT[add]@3: 1.592283
dT[sub]@0: 1.492347
dT[sub]@1: 1.42793
dT[sub]@2: 1.333636
dT[sub]@3: 1.18266
dT[mul]@0: 1.086894
dT[mul]@1: 1.052674
dT[mul]@2: 0.728472
dT[mul]@3: 0.776023
dT[div]@0: 0.523969
dT[div]@1: 0.605522
dT[div]@2: 0.499545
dT[div]@3: 0.414045
dT[add]@0: 1.789177
dT[add]@1: 1.775358
dT[add]@2: 1.846701
dT[add]@3: 2.045818
dT[sub]@0: 1.331685
dT[sub]@1: 1.336071
dT[sub]@2: 1.296662
dT[sub]@3: 1.238157
dT[mul]@0: 1.064224
dT[mul]@1: 0.990607
dT[mul]@2: 0.933837
dT[mul]@3: 0.626844
dT[div]@0: 0.65227
dT[div]@1: 0.566837
dT[div]@2: 0.520432
dT[div]@3: 0.42219
dT[add]@0: 2.509663
dT[add]@1: 2.715419
dT[add]@2: 1.752517
dT[add]@3: 1.444632
dT[sub]@0: 1.444211
dT[sub]@1: 1.23408
dT[sub]@2: 1.576905
dT[sub]@3: 1.142529
dT[mul]@0: 1.101337
dT[mul]@1: 1.697577
dT[mul]@2: 1.247269
dT[mul]@3: 0.571841
dT[div]@0: 0.873477
dT[div]@1: 0.382356
dT[div]@2: 0.677936
dT[div]@3: 0.381929
dT[add]@0: 1.79181
dT[add]@1: 1.587228
dT[add]@2: 1.546869
dT[add]@3: 1.496009
dT[sub]@0: 1.437916
dT[sub]@1: 1.24606
dT[sub]@2: 1.200016
dT[sub]@3: 0.985206
dT[mul]@0: 0.933606
dT[mul]@1: 0.762165
dT[mul]@2: 0.684996
dT[mul]@3: 0.566971
dT[div]@0: 0.476103
dT[div]@1: 0.733914
dT[div]@2: 0.46649
dT[div]@3: 0.402932
dT[add]@0: 1.858158
dT[add]@1: 5.831388
dT[add]@2: 1.479881
dT[add]@3: 1.358677
dT[sub]@0: 1.334724
dT[sub]@1: 1.229953
dT[sub]@2: 1.085215
dT[sub]@3: 1.363095
dT[mul]@0: 0.877647
dT[mul]@1: 1.163784
dT[mul]@2: 0.686749
dT[mul]@3: 0.955469
dT[div]@0: 0.484034
dT[div]@1: 0.373285
dT[div]@2: 0.342454
dT[div]@3: 0.337404
dT[add]@0: 1.733273
dT[add]@1: 1.718909
dT[add]@2: 1.473585
dT[add]@3: 1.516017
dT[sub]@0: 1.439702
dT[sub]@1: 1.358126
dT[sub]@2: 1.231206
dT[sub]@3: 1.134206
dT[mul]@0: 1.056763
dT[mul]@1: 0.930055
dT[mul]@2: 0.851588
dT[mul]@3: 0.744879
dT[div]@0: 0.647746
dT[div]@1: 0.627445
dT[div]@2: 0.498068
dT[div]@3: 0.414835
dT[add]@0: 1.911256
dT[add]@1: 1.789472
dT[add]@2: 1.665908
dT[add]@3: 1.545475
dT[sub]@0: 1.491659
dT[sub]@1: 1.355655
dT[sub]@2: 1.268673
dT[sub]@3: 1.17557
dT[mul]@0: 1.025849
dT[mul]@1: 0.945848
dT[mul]@2: 0.885988
dT[mul]@3: 0.727966
dT[div]@0: 0.644715
dT[div]@1: 0.556195
dT[div]@2: 0.437036
dT[div]@3: 0.354237
dT[add]@0: 1.867196
dT[add]@1: 1.739289
dT[add]@2: 1.612327
dT[add]@3: 1.537741
dT[sub]@0: 1.417798
dT[sub]@1: 1.299868
dT[sub]@2: 1.22886
dT[sub]@3: 1.11148
dT[mul]@0: 1.022099
dT[mul]@1: 0.902167
dT[mul]@2: 0.817559
dT[mul]@3: 0.716698
dT[div]@0: 0.616223
dT[div]@1: 0.384821
dT[div]@2: 0.427659
dT[div]@3: 0.256852
dT[add]@0: 1.857573
dT[add]@1: 1.592151
dT[add]@2: 1.606477
dT[add]@3: 1.382682
dT[sub]@0: 1.409825
dT[sub]@1: 1.370104
dT[sub]@2: 1.229525
dT[sub]@3: 1.054821
dT[mul]@0: 0.935999
dT[mul]@1: 0.916086
dT[mul]@2: 0.977446
dT[mul]@3: 0.800113
dT[div]@0: 0.678134
dT[div]@1: 0.600995
dT[div]@2: 0.462743
dT[div]@3: 0.171946
dT[add]@0: 2.047634
dT[add]@1: 1.753275
dT[add]@2: 1.678679
dT[add]@3: 1.570854
dT[sub]@0: 1.466167
dT[sub]@1: 1.387226
dT[sub]@2: 1.257006
dT[sub]@3: 1.197895
dT[mul]@0: 1.070381
dT[mul]@1: 0.916875
dT[mul]@2: 0.89465
dT[mul]@3: 0.714227
dT[div]@0: 0.652251
dT[div]@1: 0.543822
dT[div]@2: 0.42957
dT[div]@3: 0.312627
dT[add]@0: 1.786707
dT[add]@1: 1.589567
dT[add]@2: 1.589869
dT[add]@3: 1.377523
dT[sub]@0: 1.401701
dT[sub]@1: 1.164585
dT[sub]@2: 1.151683
dT[sub]@3: 1.0311
dT[mul]@0: 0.945066
dT[mul]@1: 0.787398
dT[mul]@2: 0.742761
dT[mul]@3: 0.595369
dT[div]@0: 0.607421
dT[div]@1: 0.384972
dT[div]@2: 0.351722
dT[div]@3: 0.190334
dT[add]@0: 1.792768
dT[add]@1: 1.580577
dT[add]@2: 1.829792
dT[add]@3: 1.417217
dT[sub]@0: 1.680995
dT[sub]@1: 1.176505
dT[sub]@2: 1.427475
dT[sub]@3: 1.163901
dT[mul]@0: 1.070452
dT[mul]@1: 0.957431
dT[mul]@2: 0.88399
dT[mul]@3: 0.768046
dT[div]@0: 0.682336
dT[div]@1: 0.565999
dT[div]@2: 0.476888
dT[div]@3: 0.364122
dT[add]@0: 1.905204
dT[add]@1: 1.760806
dT[add]@2: 1.633405
dT[add]@3: 1.526769
dT[sub]@0: 1.418918
dT[sub]@1: 1.344737
dT[sub]@2: 1.213015
dT[sub]@3: 1.158738
dT[mul]@0: 1.018026
dT[mul]@1: 0.940727
dT[mul]@2: 0.836592
dT[mul]@3: 0.757397
dT[div]@0: 0.626929
dT[div]@1: 0.542812
dT[div]@2: 0.427745
dT[div]@3: 0.314982
dT[add]@0: 1.857975
dT[add]@1: 1.616221
dT[add]@2: 1.610539
dT[add]@3: 1.438563
dT[sub]@0: 5.55788
dT[sub]@1: 1.183855
dT[sub]@2: 1.444656
dT[sub]@3: 1.006112
dT[mul]@0: 0.96471
dT[mul]@1: 1.022757
dT[mul]@2: 0.740742
dT[mul]@3: 0.759851
dT[div]@0: 0.687086
dT[div]@1: 0.493908
dT[div]@2: 0.480803
dT[div]@3: 0.377647
dT[add]@0: 1.994115
dT[add]@1: 1.651119
dT[add]@2: 1.675616
dT[add]@3: 1.576743
dT[sub]@0: 1.551567
dT[sub]@1: 1.235877
dT[sub]@2: 1.256922
dT[sub]@3: 1.184492
dT[mul]@0: 1.140632
dT[mul]@1: 0.817425
dT[mul]@2: 0.867273
dT[mul]@3: 0.775856
dT[div]@0: 0.766564
dT[div]@1: 0.417325
dT[div]@2: 0.437146
dT[div]@3: 0.356334
dT[add]@0: 1.972914
dT[add]@1: 1.654676
dT[add]@2: 1.67225
dT[add]@3: 1.577889
dT[sub]@0: 1.535025
dT[sub]@1: 1.428995
dT[sub]@2: 1.192067
dT[sub]@3: 1.124876
dT[mul]@0: 1.06071
dT[mul]@1: 0.97128
dT[mul]@2: 0.7054
dT[mul]@3: 0.649349
dT[div]@0: 0.647533
dT[div]@1: 0.55736
dT[div]@2: 0.503217
dT[div]@3: 0.209646
dT[add]@0: 1.927584
dT[add]@1: 1.790258
dT[add]@2: 1.733933
dT[add]@3: 1.624657
dT[sub]@0: 1.42771
dT[sub]@1: 1.325721
dT[sub]@2: 1.282096
dT[sub]@3: 1.191881
dT[mul]@0: 1.116396
dT[mul]@1: 0.917823
dT[mul]@2: 0.892225
dT[mul]@3: 0.781968
dT[div]@0: 0.716944
dT[div]@1: 0.830102
dT[div]@2: 1.126486
dT[div]@3: 0.473449
dT[add]@0: 2.896229
dT[add]@1: 1.751992
dT[add]@2: 1.66375
dT[add]@3: 1.563474
dT[sub]@0: 1.493829
dT[sub]@1: 1.391058
dT[sub]@2: 1.280897
dT[sub]@3: 1.161482
dT[mul]@0: 1.094247
dT[mul]@1: 0.975496
dT[mul]@2: 0.840914
dT[mul]@3: 0.745512
dT[div]@0: 0.627027
dT[div]@1: 0.556405
dT[div]@2: 0.43376
dT[div]@3: 0.352268
dT[add]@0: 1.869695
dT[add]@1: 1.742523
dT[add]@2: 1.619096
dT[add]@3: 1.529709
dT[sub]@0: 1.424318
dT[sub]@1: 1.327182
dT[sub]@2: 1.223905
dT[sub]@3: 1.136811
dT[mul]@0: 1.024679
dT[mul]@1: 0.956293
dT[mul]@2: 0.822318
dT[mul]@3: 0.795275
dT[div]@0: 0.706385
dT[div]@1: 0.572424
dT[div]@2: 0.520475
dT[div]@3: 0.370548
dT[add]@0: 1.952317
dT[add]@1: 1.771692
dT[add]@2: 1.618542
dT[add]@3: 1.549855
dT[sub]@0: 1.500239
dT[sub]@1: 1.363553
dT[sub]@2: 1.296788
dT[sub]@3: 1.941402
dT[mul]@0: 1.05756
dT[mul]@1: 0.96377
dT[mul]@2: 0.911151
dT[mul]@3: 0.755974
dT[div]@0: 0.641075
dT[div]@1: 0.545288
dT[div]@2: 0.508167
dT[div]@3: 0.361804
dT[add]@0: 1.878304
dT[add]@1: 1.735602
dT[add]@2: 1.640391
dT[add]@3: 1.538618
dT[sub]@0: 1.427362
dT[sub]@1: 1.388292
dT[sub]@2: 1.342832
dT[sub]@3: 1.15877
dT[mul]@0: 1.110446
dT[mul]@1: 0.950146
dT[mul]@2: 0.915478
dT[mul]@3: 0.774438
dT[div]@0: 0.702758
dT[div]@1: 0.556143
dT[div]@2: 0.426394
dT[div]@3: 0.356707
dT[add]@0: 1.871691
dT[add]@1: 1.741309
dT[add]@2: 1.629054
dT[add]@3: 1.51225
dT[sub]@0: 1.399263
dT[sub]@1: 1.325869
dT[sub]@2: 1.131389
dT[sub]@3: 1.050908
dT[mul]@0: 2.341635
dT[mul]@1: 0.954209
dT[mul]@2: 0.664555
dT[mul]@3: 0.595836
dT[div]@0: 0.522707
dT[div]@1: 0.379952
dT[div]@2: 0.330468
dT[div]@3: 0.551073
dT[add]@0: 1.892811
dT[add]@1: 1.781998
dT[add]@2: 1.650493
dT[add]@3: 1.581109
dT[sub]@0: 1.456348
dT[sub]@1: 1.418906
dT[sub]@2: 1.275418
dT[sub]@3: 1.190569
dT[mul]@0: 1.053178
dT[mul]@1: 0.977871
dT[mul]@2: 0.856327
dT[mul]@3: 0.799567
dT[div]@0: 0.656518
dT[div]@1: 0.595231
dT[div]@2: 0.457395
dT[div]@3: 0.33286
dT[add]@0: 1.875148
dT[add]@1: 1.778263
dT[add]@2: 1.651579
dT[add]@3: 1.522146
dT[sub]@0: 1.431218
dT[sub]@1: 1.347249
dT[sub]@2: 1.22705
dT[sub]@3: 1.078895
dT[mul]@0: 0.935749
dT[mul]@1: 1.137306
dT[mul]@2: 0.856216
dT[mul]@3: 0.782708
dT[div]@0: 0.655332
dT[div]@1: 0.568493
dT[div]@2: 0.461818
dT[div]@3: 0.378544
dT[add]@0: 1.899297
dT[add]@1: 1.747749
dT[add]@2: 1.659628
dT[add]@3: 1.561012
dT[sub]@0: 1.402198
dT[sub]@1: 1.322018
dT[sub]@2: 1.212254
dT[sub]@3: 1.121499
dT[mul]@0: 0.997297
dT[mul]@1: 0.814077
dT[mul]@2: 0.705831
dT[mul]@3: 0.698991
dT[div]@0: 0.491936
dT[div]@1: 0.448455
dT[div]@2: 0.300302
dT[div]@3: 0.258392
dT[add]@0: 1.691144
dT[add]@1: 1.873408
dT[add]@2: 1.671159
dT[add]@3: 1.545717
dT[sub]@0: 1.472511
dT[sub]@1: 1.36001
dT[sub]@2: 1.268604
dT[sub]@3: 1.15805
dT[mul]@0: 1.06884
dT[mul]@1: 0.913131
dT[mul]@2: 0.824685
dT[mul]@3: 0.740314
dT[div]@0: 0.629828
dT[div]@1: 0.500736
dT[div]@2: 0.345669
dT[div]@3: 0.185953
dT[add]@0: 1.78292
dT[add]@1: 1.602041
dT[add]@2: 1.831662
dT[add]@3: 1.548948
dT[sub]@0: 1.449806
dT[sub]@1: 1.315957
dT[sub]@2: 1.228758
dT[sub]@3: 1.149589
dT[mul]@0: 1.025087
dT[mul]@1: 0.940513
dT[mul]@2: 0.821444
dT[mul]@3: 0.715608
dT[div]@0: 0.642059
dT[div]@1: 0.391055
dT[div]@2: 0.65963
dT[div]@3: 0.194564
dT[add]@0: 2.047572
dT[add]@1: 1.575855
dT[add]@2: 1.78789
dT[add]@3: 1.580088
dT[sub]@0: 1.46238
dT[sub]@1: 1.363886
dT[sub]@2: 1.253249
dT[sub]@3: 1.178582
dT[mul]@0: 1.05359
dT[mul]@1: 0.979083
dT[mul]@2: 0.806246
dT[mul]@3: 0.742457
dT[div]@0: 0.602785
dT[div]@1: 0.528752
dT[div]@2: 0.405277
dT[div]@3: 0.309641
dT[add]@0: 1.906371
dT[add]@1: 1.718511
dT[add]@2: 1.615433
dT[add]@3: 1.495447
dT[sub]@0: 1.405832
dT[sub]@1: 1.314846
dT[sub]@2: 1.268364
dT[sub]@3: 1.143378
dT[mul]@0: 1.070101
dT[mul]@1: 0.944281
dT[mul]@2: 0.835483
dT[mul]@3: 0.738057
dT[div]@0: 0.621857
dT[div]@1: 0.544449
dT[div]@2: 0.430408
dT[div]@3: 0.307648
dT[add]@0: 1.785844
dT[add]@1: 1.656077
dT[add]@2: 1.534727
dT[add]@3: 1.361366
dT[sub]@0: 1.619868
dT[sub]@1: 1.349869
dT[sub]@2: 1.257684
dT[sub]@3: 1.145669
dT[mul]@0: 1.064924
dT[mul]@1: 0.954039
dT[mul]@2: 0.892661
dT[mul]@3: 0.75169
dT[div]@0: 0.632175
dT[div]@1: 0.534077
dT[div]@2: 0.449573
dT[div]@3: 0.345005
dT[add]@0: 1.892198
dT[add]@1: 1.697841
dT[add]@2: 1.611077
dT[add]@3: 1.373124
dT[sub]@0: 1.41341
dT[sub]@1: 1.291785
dT[sub]@2: 1.216563
dT[sub]@3: 1.030926
dT[mul]@0: 0.998747
dT[mul]@1: 0.846118
dT[mul]@2: 0.931204
dT[mul]@3: 0.740984
dT[div]@0: 0.678157
dT[div]@1: 0.556546
dT[div]@2: 0.401528
dT[div]@3: 0.368462
dT[add]@0: 1.884888
dT[add]@1: 1.737845
dT[add]@2: 1.611597
dT[add]@3: 1.528388
dT[sub]@0: 1.404817
dT[sub]@1: 1.292369
dT[sub]@2: 1.214068
dT[sub]@3: 0.968861
dT[mul]@0: 0.93205
dT[mul]@1: 0.84009
dT[mul]@2: 0.664284
dT[mul]@3: 0.584186
dT[div]@0: 0.83381
dT[div]@1: 0.553562
dT[div]@2: 0.480272
dT[div]@3: 0.365302
dT[add]@0: 1.889531
dT[add]@1: 1.744045
dT[add]@2: 1.622091
dT[add]@3: 1.525922
dT[sub]@0: 1.419022
dT[sub]@1: 1.353717
dT[sub]@2: 1.225985
dT[sub]@3: 1.149882
dT[mul]@0: 1.036483
dT[mul]@1: 0.950217
dT[mul]@2: 0.626855
dT[mul]@3: 0.876943
dT[div]@0: 0.662636
dT[div]@1: 0.524446
dT[div]@2: 0.698479
dT[div]@3: 0.413619
dT[add]@0: 2.430545
dT[add]@1: 2.413827
dT[add]@2: 1.683243
dT[add]@3: 1.793047
dT[sub]@0: 1.283698
dT[sub]@1: 1.237439
dT[sub]@2: 1.068495
dT[sub]@3: 1.327525
dT[mul]@0: 0.886283
dT[mul]@1: 1.128288
dT[mul]@2: 0.857481
dT[mul]@3: 0.771233
dT[div]@0: 0.657723
dT[div]@1: 0.588636
dT[div]@2: 0.454169
dT[div]@3: 0.376785
dT[add]@0: 1.883231
dT[add]@1: 1.724972
dT[add]@2: 1.630136
dT[add]@3: 1.509676
dT[sub]@0: 1.290465
dT[sub]@1: 1.292931
dT[sub]@2: 1.084957
dT[sub]@3: 1.113411
dT[mul]@0: 1.004769
dT[mul]@1: 0.928542
dT[mul]@2: 0.6861
dT[mul]@3: 0.706353
dT[div]@0: 0.480007
dT[div]@1: 0.440727
dT[div]@2: 0.284478
dT[div]@3: 0.538968
dT[add]@0: 1.894567
dT[add]@1: 1.769594
dT[add]@2: 1.658661
dT[add]@3: 1.534477
dT[sub]@0: 1.472829
dT[sub]@1: 1.353244
dT[sub]@2: 1.2426
dT[sub]@3: 1.173967
dT[mul]@0: 1.017116
dT[mul]@1: 0.923219
dT[mul]@2: 0.813704
dT[mul]@3: 0.766651
dT[div]@0: 0.648004
dT[div]@1: 0.862079
dT[div]@2: 1.045906
dT[div]@3: 0.376602
dT[add]@0: 1.860847
dT[add]@1: 1.77538
dT[add]@2: 1.571831
dT[add]@3: 1.423145
dT[sub]@0: 1.646012
dT[sub]@1: 1.367066
dT[sub]@2: 1.267706
dT[sub]@3: 1.156212
dT[mul]@0: 1.067882
dT[mul]@1: 0.94769
dT[mul]@2: 0.884004
dT[mul]@3: 0.761047
dT[div]@0: 0.680652
dT[div]@1: 0.552488
dT[div]@2: 0.42532
dT[div]@3: 0.349507
dT[add]@0: 1.857532
dT[add]@1: 1.597591
dT[add]@2: 1.603074
dT[add]@3: 1.36696
dT[sub]@0: 1.402068
dT[sub]@1: 1.275848
dT[sub]@2: 1.28704
dT[sub]@3: 1.163605
dT[mul]@0: 1.066963
dT[mul]@1: 0.925081
dT[mul]@2: 0.861688
dT[mul]@3: 0.74668
dT[div]@0: 0.623395
dT[div]@1: 0.541263
dT[div]@2: 0.435673
dT[div]@3: 0.344589
dT[add]@0: 1.86564
dT[add]@1: 1.734865
dT[add]@2: 1.645613
dT[add]@3: 1.546593
dT[sub]@0: 1.414124
dT[sub]@1: 1.343805
dT[sub]@2: 1.2151
dT[sub]@3: 1.139903
dT[mul]@0: 0.967057
dT[mul]@1: 0.90439
dT[mul]@2: 0.800712
dT[mul]@3: 0.732957
dT[div]@0: 0.486777
dT[div]@1: 0.541784
dT[div]@2: 0.423316
dT[div]@3: 0.332257
dT[add]@0: 1.829573
dT[add]@1: 1.740997
dT[add]@2: 1.607929
dT[add]@3: 1.499416
dT[sub]@0: 1.292182
dT[sub]@1: 1.285385
dT[sub]@2: 1.076053
dT[sub]@3: 1.103476
dT[mul]@0: 1.014753
dT[mul]@1: 0.915301
dT[mul]@2: 0.683751
dT[mul]@3: 0.696154
dT[div]@0: 0.506687
dT[div]@1: 0.509571
dT[div]@2: 0.297548
dT[div]@3: 0.3145
dT[add]@0: 1.831866
dT[add]@1: 1.74677
dT[add]@2: 1.600715
dT[add]@3: 1.511687
dT[sub]@0: 1.386467
dT[sub]@1: 1.329598
dT[sub]@2: 1.202307
dT[sub]@3: 5.297704
dT[mul]@0: 0.904979
dT[mul]@1: 0.846519
dT[mul]@2: 0.689034
dT[mul]@3: 0.643156
dT[div]@0: 0.49423
dT[div]@1: 0.454675
dT[div]@2: 0.295245
dT[div]@3: 0.555392
dT[add]@0: 1.704196
dT[add]@1: 1.951966
dT[add]@2: 1.673522
dT[add]@3: 1.574955
dT[sub]@0: 1.446013
dT[sub]@1: 1.378986
dT[sub]@2: 1.254251
dT[sub]@3: 1.155113
dT[mul]@0: 1.059164
dT[mul]@1: 0.976845
dT[mul]@2: 0.857183
dT[mul]@3: 0.783515
dT[div]@0: 0.619058
dT[div]@1: 0.546011
dT[div]@2: 0.471107
dT[div]@3: 0.340382
dT[add]@0: 1.820155
dT[add]@1: 1.717806
dT[add]@2: 1.481602
dT[add]@3: 1.492002
dT[sub]@0: 1.29255
dT[sub]@1: 1.301335
dT[sub]@2: 1.082964
dT[sub]@3: 1.116118
dT[mul]@0: 0.886722
dT[mul]@1: 0.927566
dT[mul]@2: 0.676306
dT[mul]@3: 0.644848
dT[div]@0: 0.491849
dT[div]@1: 0.444479
dT[div]@2: 0.284787
dT[div]@3: 0.249326
dT[add]@0: 1.727043
dT[add]@1: 1.966515
dT[add]@2: 1.464003
dT[add]@3: 1.47422
dT[sub]@0: 1.318818
dT[sub]@1: 1.23976
dT[sub]@2: 1.17006
dT[sub]@3: 1.108257
dT[mul]@0: 0.872462
dT[mul]@1: 0.906174
dT[mul]@2: 0.678496
dT[mul]@3: 0.792385
dT[div]@0: 0.666966
dT[div]@1: 0.52736
dT[div]@2: 0.449509
dT[div]@3: 0.325382
dT[add]@0: 1.899996
dT[add]@1: 1.753434
dT[add]@2: 1.614261
dT[add]@3: 1.500945
dT[sub]@0: 1.273472
dT[sub]@1: 1.311496
dT[sub]@2: 1.26561
dT[sub]@3: 1.122224
dT[mul]@0: 1.06325
dT[mul]@1: 0.918728
dT[mul]@2: 0.878563
dT[mul]@3: 0.772642
dT[div]@0: 0.620882
dT[div]@1: 0.540937
dT[div]@2: 0.416091
dT[div]@3: 0.248881
dT[add]@0: 1.703873
dT[add]@1: 6.028154
dT[add]@2: 1.651172
dT[add]@3: 1.874245
dT[sub]@0: 2.078064
dT[sub]@1: 1.359526
dT[sub]@2: 1.243827
dT[sub]@3: 1.182683
dT[mul]@0: 1.028452
dT[mul]@1: 0.907694
dT[mul]@2: 0.837041
dT[mul]@3: 0.763777
dT[div]@0: 0.788178
dT[div]@1: 0.419313
dT[div]@2: 0.458903
dT[div]@3: 0.397187
dT[add]@0: 1.824297
dT[add]@1: 1.663424
dT[add]@2: 1.559999
dT[add]@3: 1.379716
dT[sub]@0: 1.418805
dT[sub]@1: 1.180045
dT[sub]@2: 1.133886
dT[sub]@3: 1.332282
dT[mul]@0: 1.076014
dT[mul]@1: 0.97884
dT[mul]@2: 0.874041
dT[mul]@3: 0.790066
dT[div]@0: 0.673185
dT[div]@1: 0.591288
dT[div]@2: 0.465474
dT[div]@3: 0.336219
dT[add]@0: 1.807335
dT[add]@1: 1.743207
dT[add]@2: 1.502478
dT[add]@3: 1.484977
dT[sub]@0: 1.690611
dT[sub]@1: 1.997405
dT[sub]@2: 2.146838
dT[sub]@3: 1.144296
dT[mul]@0: 0.994822
dT[mul]@1: 0.82999
dT[mul]@2: 0.672127
dT[mul]@3: 0.948259
dT[div]@0: 0.651049
dT[div]@1: 0.579417
dT[div]@2: 0.452284
dT[div]@3: 0.374731
dT[add]@0: 1.874641
dT[add]@1: 1.709753
dT[add]@2: 1.587821
dT[add]@3: 1.415506
dT[sub]@0: 1.244555
dT[sub]@1: 1.451204
dT[sub]@2: 1.272314
dT[sub]@3: 1.151083
dT[mul]@0: 1.053444
dT[mul]@1: 0.92619
dT[mul]@2: 0.823431
dT[mul]@3: 0.58168
dT[div]@0: 0.548044
dT[div]@1: 0.761045
dT[div]@2: 0.426922
dT[div]@3: 0.384065
dT[add]@0: 1.86829
dT[add]@1: 1.704492
dT[add]@2: 1.567417
dT[add]@3: 1.43046
dT[sub]@0: 1.253886
dT[sub]@1: 1.499838
dT[sub]@2: 1.225274
dT[sub]@3: 1.166201
dT[mul]@0: 1.034257
dT[mul]@1: 0.924001
dT[mul]@2: 0.787527
dT[mul]@3: 0.637163
dT[div]@0: 0.479202
dT[div]@1: 0.740093
dT[div]@2: 0.45862
dT[div]@3: 0.385084
dT[add]@0: 1.870923
dT[add]@1: 1.744181
dT[add]@2: 1.481466
dT[add]@3: 1.46679
dT[sub]@0: 1.659289
dT[sub]@1: 5.740205
dT[sub]@2: 1.821457
dT[sub]@3: 1.930846
dT[mul]@0: 1.083118
dT[mul]@1: 0.944043
dT[mul]@2: 0.876282
dT[mul]@3: 0.756697
dT[div]@0: 0.667811
dT[div]@1: 0.550731
dT[div]@2: 0.416854
dT[div]@3: 0.187327
dT[add]@0: 2.065951
dT[add]@1: 1.753381
dT[add]@2: 1.667083
dT[add]@3: 1.583192
dT[sub]@0: 1.455659
dT[sub]@1: 1.334518
dT[sub]@2: 1.264404
dT[sub]@3: 1.095864
dT[mul]@0: 0.925141
dT[mul]@1: 0.764824
dT[mul]@2: 1.034316
dT[mul]@3: 0.74317
dT[div]@0: 0.688676
dT[div]@1: 0.553479
dT[div]@2: 0.470777
dT[div]@3: 0.32172
dT[add]@0: 1.859546
dT[add]@1: 1.748189
dT[add]@2: 1.607676
dT[add]@3: 1.495246
dT[sub]@0: 1.393412
dT[sub]@1: 1.17061
dT[sub]@2: 1.417293
dT[sub]@3: 1.148715
dT[mul]@0: 1.028196
dT[mul]@1: 0.945619
dT[mul]@2: 0.857336
dT[mul]@3: 0.71966
dT[div]@0: 0.616716
dT[div]@1: 0.512199
dT[div]@2: 0.267867
dT[div]@3: 0.492298
dT[add]@0: 1.850264
dT[add]@1: 1.753809
dT[add]@2: 1.666814
dT[add]@3: 1.496659
dT[sub]@0: 1.411608
dT[sub]@1: 1.157894
dT[sub]@2: 1.429715
dT[sub]@3: 1.14107
dT[mul]@0: 1.082597
dT[mul]@1: 0.941314
dT[mul]@2: 0.876766
dT[mul]@3: 0.727732
dT[div]@0: 0.525276
dT[div]@1: 0.447027
dT[div]@2: 0.654145
dT[div]@3: 0.42373
dT[add]@0: 1.881425
dT[add]@1: 1.750951
dT[add]@2: 1.631543
dT[add]@3: 1.511436
dT[sub]@0: 1.385301
dT[sub]@1: 1.322037
dT[sub]@2: 1.134372
dT[sub]@3: 1.324804
dT[mul]@0: 1.050197
dT[mul]@1: 0.886376
dT[mul]@2: 0.681052
dT[mul]@3: 0.947296
dT[div]@0: 0.65296
dT[div]@1: 0.57896
dT[div]@2: 0.499724
dT[div]@3: 0.40463
dT[add]@0: 1.874746
dT[add]@1: 1.74264
dT[add]@2: 1.579527
dT[add]@3: 1.522274
dT[sub]@0: 1.257632
dT[sub]@1: 1.509546
dT[sub]@2: 1.224591
dT[sub]@3: 1.32792
dT[mul]@0: 1.528245
dT[mul]@1: 1.302217
dT[mul]@2: 0.87356
dT[mul]@3: 1.038038
dT[div]@0: 1.235025
dT[div]@1: 0.411846
dT[div]@2: 0.348511
dT[div]@3: 0.555235
dT[add]@0: 1.899005
dT[add]@1: 1.729823
dT[add]@2: 1.657863
dT[add]@3: 1.536791
dT[sub]@0: 1.452897
dT[sub]@1: 1.294949
dT[sub]@2: 1.128591
dT[sub]@3: 0.964049
dT[mul]@0: 1.221553
dT[mul]@1: 0.975904
dT[mul]@2: 0.863483
dT[mul]@3: 0.754365
dT[div]@0: 0.680495
dT[div]@1: 0.553756
dT[div]@2: 0.422441
dT[div]@3: 0.391135
dT[add]@0: 1.881973
dT[add]@1: 1.694683
dT[add]@2: 1.545001
dT[add]@3: 1.370872
dT[sub]@0: 1.353394
dT[sub]@1: 1.171302
dT[sub]@2: 1.432109
dT[sub]@3: 1.147645
dT[mul]@0: 1.056198
dT[mul]@1: 0.983373
dT[mul]@2: 0.849695
dT[mul]@3: 0.713045
dT[div]@0: 0.600022
dT[div]@1: 0.496324
dT[div]@2: 0.296603
dT[div]@3: 0.545822
dT[add]@0: 1.875887
dT[add]@1: 1.753638
dT[add]@2: 1.61807
dT[add]@3: 1.553889
dT[sub]@0: 1.4108
dT[sub]@1: 1.294372
dT[sub]@2: 1.071266
dT[sub]@3: 1.329281
dT[mul]@0: 1.030547
dT[mul]@1: 0.970295
dT[mul]@2: 0.851375
dT[mul]@3: 0.776
dT[div]@0: 0.653043
dT[div]@1: 0.518338
dT[div]@2: 0.405606
dT[div]@3: 0.313026
dT[add]@0: 1.694136
dT[add]@1: 1.918775
dT[add]@2: 1.648537
dT[add]@3: 1.551577
dT[sub]@0: 1.44924
dT[sub]@1: 1.37848
dT[sub]@2: 1.232187
dT[sub]@3: 1.116704
dT[mul]@0: 0.9411
dT[mul]@1: 0.837182
dT[mul]@2: 1.037861
dT[mul]@3: 0.776795
dT[div]@0: 0.644701
dT[div]@1: 0.575973
dT[div]@2: 0.452767
dT[div]@3: 0.324678
dT[add]@0: 1.804279
dT[add]@1: 1.978166
dT[add]@2: 1.655616
dT[add]@3: 1.554584
dT[sub]@0: 1.426453
dT[sub]@1: 1.34216
dT[sub]@2: 1.209005
dT[sub]@3: 1.094308
dT[mul]@0: 0.938732
dT[mul]@1: 1.010402
dT[mul]@2: 0.890506
dT[mul]@3: 1.112753
dT[div]@0: 0.607539
dT[div]@1: 0.531885
dT[div]@2: 0.284723
dT[div]@3: 0.543112
dT[add]@0: 1.866083
dT[add]@1: 1.794516
dT[add]@2: 1.617527
dT[add]@3: 1.528149
dT[sub]@0: 1.369283
dT[sub]@1: 1.218256
dT[sub]@2: 1.119379
dT[sub]@3: 1.333634
dT[mul]@0: 1.03777
dT[mul]@1: 0.963007
dT[mul]@2: 0.879657
dT[mul]@3: 0.731781
dT[div]@0: 0.611376
dT[div]@1: 0.432092
dT[div]@2: 0.63903
dT[div]@3: 0.171617
dT[add]@0: 1.982376
dT[add]@1: 1.710943
dT[add]@2: 1.624739
dT[add]@3: 1.47261
dT[sub]@0: 1.329538
dT[sub]@1: 1.513813
dT[sub]@2: 1.222358
dT[sub]@3: 1.156217
dT[mul]@0: 1.059973
dT[mul]@1: 0.905349
dT[mul]@2: 0.68375
dT[mul]@3: 0.932314
dT[div]@0: 0.646106
dT[div]@1: 0.579449
dT[div]@2: 0.475597
dT[div]@3: 0.369432
dT[add]@0: 1.790353
dT[add]@1: 1.622884
dT[add]@2: 1.525054
dT[add]@3: 1.47225
dT[sub]@0: 1.642284
dT[sub]@1: 1.399693
dT[sub]@2: 1.255385
dT[sub]@3: 1.149199
dT[mul]@0: 1.060584
dT[mul]@1: 0.916154
dT[mul]@2: 0.796956
dT[mul]@3: 0.648985
dT[div]@0: 0.839093
dT[div]@1: 0.567638
dT[div]@2: 0.449238
dT[div]@3: 0.399511
dT[add]@0: 1.890195
dT[add]@1: 1.746704
dT[add]@2: 1.480168
dT[add]@3: 1.51314
dT[sub]@0: 1.26003
dT[sub]@1: 1.527871
dT[sub]@2: 1.238709
dT[sub]@3: 1.127432
dT[mul]@0: 1.071361
dT[mul]@1: 0.908517
dT[mul]@2: 0.83726
dT[mul]@3: 0.655465
dT[div]@0: 0.850576
dT[div]@1: 0.550212
dT[div]@2: 0.483737
dT[div]@3: 0.373958
dT[add]@0: 1.847212
dT[add]@1: 1.647905
dT[add]@2: 1.543876
dT[add]@3: 1.741721
dT[sub]@0: 1.466656
dT[sub]@1: 1.335899
dT[sub]@2: 1.241403
dT[sub]@3: 1.09599
dT[mul]@0: 0.932827
dT[mul]@1: 0.782596
dT[mul]@2: 1.044629
dT[mul]@3: 0.759602
dT[div]@0: 0.682066
dT[div]@1: 0.55653
dT[div]@2: 0.357802
dT[div]@3: 0.191798
dT[add]@0: 1.74739
dT[add]@1: 1.950533
dT[add]@2: 1.649124
dT[add]@3: 1.542008
dT[sub]@0: 1.473425
dT[sub]@1: 1.334419
dT[sub]@2: 1.222896
dT[sub]@3: 1.101922
dT[mul]@0: 0.935957
dT[mul]@1: 0.760234
dT[mul]@2: 0.999482
dT[mul]@3: 0.776774
dT[div]@0: 0.65727
dT[div]@1: 0.582013
dT[div]@2: 0.413046
dT[div]@3: 0.342779
dT[add]@0: 1.692342
dT[add]@1: 1.937579
dT[add]@2: 1.634676
dT[add]@3: 1.578808
dT[sub]@0: 1.456122
dT[sub]@1: 1.363342
dT[sub]@2: 1.257179
dT[sub]@3: 1.792074
dT[mul]@0: 1.094912
dT[mul]@1: 1.326592
dT[mul]@2: 0.86697
dT[mul]@3: 0.773855
dT[div]@0: 0.678665
dT[div]@1: 0.582495
dT[div]@2: 0.495455
dT[div]@3: 0.356082
dT[add]@0: 1.738847
dT[add]@1: 1.636143
dT[add]@2: 1.833645
dT[add]@3: 1.563605
dT[sub]@0: 1.462645
dT[sub]@1: 1.370113
dT[sub]@2: 1.267537
dT[sub]@3: 1.138181
dT[mul]@0: 0.881237
dT[mul]@1: 0.815853
dT[mul]@2: 1.04019
dT[mul]@3: 0.777302
dT[div]@0: 0.671781
dT[div]@1: 0.532277
dT[div]@2: 0.436688
dT[div]@3: 0.190513
dT[add]@0: 1.804322
dT[add]@1: 1.92309
dT[add]@2: 1.663362
dT[add]@3: 1.513057
dT[sub]@0: 1.454529
dT[sub]@1: 1.297244
dT[sub]@2: 1.189939
dT[sub]@3: 1.176137
dT[mul]@0: 1.069985
dT[mul]@1: 1.00388
dT[mul]@2: 0.935354
dT[mul]@3: 0.778205
dT[div]@0: 0.665172
dT[div]@1: 0.525183
dT[div]@2: 0.431173
dT[div]@3: 0.334075
dT[add]@0: 1.712125
dT[add]@1: 1.94474
dT[add]@2: 1.6433
dT[add]@3: 1.540702
dT[sub]@0: 1.448312
dT[sub]@1: 1.34564
dT[sub]@2: 1.075438
dT[sub]@3: 1.096772
dT[mul]@0: 0.864821
dT[mul]@1: 1.114307
dT[mul]@2: 0.863608
dT[mul]@3: 0.761485
dT[div]@0: 0.652842
dT[div]@1: 0.509302
dT[div]@2: 0.353157
dT[div]@3: 0.359086
dT[add]@0: 1.848527
dT[add]@1: 1.716181
dT[add]@2: 1.611293
dT[add]@3: 1.382848
dT[sub]@0: 1.395638
dT[sub]@1: 1.230733
dT[sub]@2: 1.417536
dT[sub]@3: 1.134018
dT[mul]@0: 1.214629
dT[mul]@1: 0.954987
dT[mul]@2: 0.862258
dT[mul]@3: 0.733623
dT[div]@0: 0.61338
dT[div]@1: 0.525714
dT[div]@2: 0.332097
dT[div]@3: 0.522581
dT[add]@0: 1.880117
dT[add]@1: 1.740801
dT[add]@2: 1.633655
dT[add]@3: 1.564378
dT[sub]@0: 1.391444
dT[sub]@1: 1.195507
dT[sub]@2: 1.186089
dT[sub]@3: 1.341302
dT[mul]@0: 1.08899
dT[mul]@1: 0.961325
dT[mul]@2: 0.852957
dT[mul]@3: 0.761012
dT[div]@0: 0.626014
dT[div]@1: 0.380169
dT[div]@2: 0.348634
dT[div]@3: 0.541989
dT[add]@0: 1.883807
dT[add]@1: 1.731413
dT[add]@2: 1.637348
dT[add]@3: 1.359281
dT[sub]@0: 1.32589
dT[sub]@1: 1.549451
dT[sub]@2: 1.250879
dT[sub]@3: 1.153977
dT[mul]@0: 1.03857
dT[mul]@1: 0.970274
dT[mul]@2: 0.877355
dT[mul]@3: 0.750076
dT[div]@0: 0.619346
dT[div]@1: 0.385963
dT[div]@2: 0.269157
dT[div]@3: 0.200129
dT[add]@0: 2.077414
dT[add]@1: 2.312839
dT[add]@2: 1.851335
dT[add]@3: 2.022982
dT[sub]@0: 1.482142
dT[sub]@1: 1.351483
dT[sub]@2: 1.259444
dT[sub]@3: 1.15582
dT[mul]@0: 1.059771
dT[mul]@1: 0.796144
dT[mul]@2: 0.790258
dT[mul]@3: 0.952127
dT[div]@0: 0.688246
dT[div]@1: 0.571805
dT[div]@2: 0.464624
dT[div]@3: 0.361392
dT[add]@0: 1.817723
dT[add]@1: 1.595411
dT[add]@2: 1.504955
dT[add]@3: 1.720146
dT[sub]@0: 1.447254
dT[sub]@1: 1.352472
dT[sub]@2: 1.248458
dT[sub]@3: 1.09903
dT[mul]@0: 0.929711
dT[mul]@1: 0.766129
dT[mul]@2: 1.011482
dT[mul]@3: 0.770862
dT[div]@0: 0.484702
dT[div]@1: 0.446467
dT[div]@2: 0.417041
dT[div]@3: 0.340994
dT[add]@0: 6.341479
dT[add]@1: 2.332571
dT[add]@2: 2.494864
dT[add]@3: 2.692501
dT[sub]@0: 2.928213
dT[sub]@1: 3.137245
dT[sub]@2: 3.343974
dT[sub]@3: 3.527215
dT[mul]@0: 3.734308
dT[mul]@1: 3.913577
dT[mul]@2: 4.12029
dT[mul]@3: 4.291492
dT[div]@0: 4.501882
dT[div]@1: 4.679782
dT[div]@2: 4.872348
dT[div]@3: 5.038241
dT[add]@0: 1.890992
dT[add]@1: 1.790419
dT[add]@2: 1.711779
dT[add]@3: 1.606153
dT[sub]@0: 1.533464
dT[sub]@1: 1.37772
dT[sub]@2: 1.313905
dT[sub]@3: 1.168316
dT[mul]@0: 1.119291
dT[mul]@1: 0.825291
dT[mul]@2: 0.75434
dT[mul]@3: 0.776118
dT[div]@0: 0.654768
dT[div]@1: 0.557524
dT[div]@2: 0.427865
dT[div]@3: 0.339005
dT[add]@0: 1.940657
dT[add]@1: 1.836936
dT[add]@2: 2.179842
dT[add]@3: 2.417912
dT[sub]@0: 1.369913
dT[sub]@1: 1.341078
dT[sub]@2: 1.248873
dT[sub]@3: 1.21901
dT[mul]@0: 1.108848
dT[mul]@1: 0.995019
dT[mul]@2: 0.873939
dT[mul]@3: 0.782218
dT[div]@0: 0.680393
dT[div]@1: 0.390975
dT[div]@2: 0.355418
dT[div]@3: 0.333946
dT[add]@0: 1.934749
dT[add]@1: 1.831004
dT[add]@2: 1.687753
dT[add]@3: 1.572803
dT[sub]@0: 1.519165
dT[sub]@1: 1.414779
dT[sub]@2: 1.138791
dT[sub]@3: 1.209367
dT[mul]@0: 1.069462
dT[mul]@1: 1.007307
dT[mul]@2: 0.721558
dT[mul]@3: 0.731041
dT[div]@0: 0.635124
dT[div]@1: 0.471782
dT[div]@2: 0.42755
dT[div]@3: 0.344922
dT[add]@0: 1.918229
dT[add]@1: 1.796452
dT[add]@2: 1.668893
dT[add]@3: 2.830558
dT[sub]@0: 2.026984
dT[sub]@1: 1.343107
dT[sub]@2: 1.279044
dT[sub]@3: 1.137011
dT[mul]@0: 1.030592
dT[mul]@1: 0.948897
dT[mul]@2: 0.813902
dT[mul]@3: 0.709609
dT[div]@0: 0.61974
dT[div]@1: 0.385494
dT[div]@2: 0.343904
dT[div]@3: 0.261712
dT[add]@0: 1.840655
dT[add]@1: 1.727573
dT[add]@2: 1.633083
dT[add]@3: 1.370869
dT[sub]@0: 1.394813
dT[sub]@1: 1.160303
dT[sub]@2: 1.435408
dT[sub]@3: 1.145116
dT[mul]@0: 1.612224
dT[mul]@1: 1.827886
dT[mul]@2: 2.078344
dT[mul]@3: 0.773653
dT[div]@0: 0.680224
dT[div]@1: 0.585342
dT[div]@2: 0.483886
dT[div]@3: 0.324245
dT[add]@0: 1.85942
dT[add]@1: 1.56878
dT[add]@2: 1.514969
dT[add]@3: 1.716581
dT[sub]@0: 1.45504
dT[sub]@1: 1.344137
dT[sub]@2: 1.220521
dT[sub]@3: 1.169699
dT[mul]@0: 1.021701
dT[mul]@1: 0.898153
dT[mul]@2: 0.736377
dT[mul]@3: 0.555338
dT[div]@0: 0.78985
dT[div]@1: 0.580353
dT[div]@2: 0.453764
dT[div]@3: 0.382578
dT[add]@0: 1.79982
dT[add]@1: 1.757306
dT[add]@2: 1.593744
dT[add]@3: 1.509146
dT[sub]@0: 1.278842
dT[sub]@1: 1.236014
dT[sub]@2: 1.441034
dT[sub]@3: 1.16425
dT[mul]@0: 1.054928
dT[mul]@1: 0.978367
dT[mul]@2: 0.863184
dT[mul]@3: 0.723635
dT[div]@0: 0.549165
dT[div]@1: 0.755025
dT[div]@2: 0.446205
dT[div]@3: 0.376761
dT[add]@0: 1.877197
dT[add]@1: 1.76058
dT[add]@2: 1.453128
dT[add]@3: 1.395983
dT[sub]@0: 1.278525
dT[sub]@1: 1.488752
dT[sub]@2: 1.231027
dT[sub]@3: 1.154822
dT[mul]@0: 0.889012
dT[mul]@1: 0.806707
dT[mul]@2: 1.042829
dT[mul]@3: 0.762992
dT[div]@0: 0.693204
dT[div]@1: 0.567893
dT[div]@2: 0.491309
dT[div]@3: 0.374606
dT[add]@0: 1.885129
dT[add]@1: 1.701796
dT[add]@2: 1.586565
dT[add]@3: 1.372469
dT[sub]@0: 1.395124
dT[sub]@1: 1.162121
dT[sub]@2: 1.427636
dT[sub]@3: 1.149746
dT[mul]@0: 1.068799
dT[mul]@1: 0.952752
dT[mul]@2: 0.86708
dT[mul]@3: 0.752902
dT[div]@0: 0.635003
dT[div]@1: 0.392913
dT[div]@2: 0.42458
dT[div]@3: 0.319867
dT[add]@0: 1.853166
dT[add]@1: 1.703856
dT[add]@2: 1.675712
dT[add]@3: 1.571943
dT[sub]@0: 1.476961
dT[sub]@1: 1.304194
dT[sub]@2: 1.232449
dT[sub]@3: 1.092852
dT[mul]@0: 0.934839
dT[mul]@1: 0.773919
dT[mul]@2: 1.029933
dT[mul]@3: 0.740066
dT[div]@0: 0.69311
dT[div]@1: 0.54506
dT[div]@2: 0.470946
dT[div]@3: 0.361638
dT[add]@0: 1.857403
dT[add]@1: 1.678895
dT[add]@2: 1.5217
dT[add]@3: 1.360338
dT[sub]@0: 1.624744
dT[sub]@1: 1.344798
dT[sub]@2: 1.251764
dT[sub]@3: 1.145304
dT[mul]@0: 1.070678
dT[mul]@1: 0.91874
dT[mul]@2: 0.791827
dT[mul]@3: 0.586159
dT[div]@0: 0.799367
dT[div]@1: 0.377411
dT[div]@2: 0.609938
dT[div]@3: 0.391504
dT[add]@0: 1.878125
dT[add]@1: 1.757607
dT[add]@2: 1.685242
dT[add]@3: 1.534154
dT[sub]@0: 1.457387
dT[sub]@1: 1.296526
dT[sub]@2: 1.208611
dT[sub]@3: 0.966821
dT[mul]@0: 0.924943
dT[mul]@1: 1.117706
dT[mul]@2: 0.896477
dT[mul]@3: 0.749427
dT[div]@0: 0.671333
dT[div]@1: 0.564904
dT[div]@2: 0.482179
dT[div]@3: 0.360875
dT[add]@0: 1.844371
dT[add]@1: 1.689731
dT[add]@2: 1.611961
dT[add]@3: 1.361797
dT[sub]@0: 1.346156
dT[sub]@1: 1.158025
dT[sub]@2: 1.410027
dT[sub]@3: 1.151435
dT[mul]@0: 1.110137
dT[mul]@1: 0.952364
dT[mul]@2: 0.881912
dT[mul]@3: 0.752695
dT[div]@0: 0.621813
dT[div]@1: 0.521327
dT[div]@2: 0.355515
dT[div]@3: 0.34507
dT[add]@0: 1.934044
dT[add]@1: 1.830983
dT[add]@2: 1.732887
dT[add]@3: 1.586187
dT[sub]@0: 1.531005
dT[sub]@1: 1.240158
dT[sub]@2: 1.244552
dT[sub]@3: 1.16597
dT[mul]@0: 1.132299
dT[mul]@1: 0.808712
dT[mul]@2: 0.779154
dT[mul]@3: 0.603636
dT[div]@0: 0.668879
dT[div]@1: 1.045887
dT[div]@2: 1.356305
dT[div]@3: 0.346548
dT[add]@0: 2.2538
dT[add]@1: 1.874623
dT[add]@2: 2.094053
dT[add]@3: 1.476093
dT[sub]@0: 1.504845
dT[sub]@1: 1.402448
dT[sub]@2: 1.322609
dT[sub]@3: 1.185974
dT[mul]@0: 1.095917
dT[mul]@1: 0.943377
dT[mul]@2: 0.852774
dT[mul]@3: 0.740787
dT[div]@0: 0.656647
dT[div]@1: 0.574486
dT[div]@2: 0.514847
dT[div]@3: 0.40346
dT[add]@0: 1.765372
dT[add]@1: 1.697386
dT[add]@2: 1.739943
dT[add]@3: 1.598027
dT[sub]@0: 1.529471
dT[sub]@1: 1.222678
dT[sub]@2: 1.247745
dT[sub]@3: 1.150175
dT[mul]@0: 1.054114
dT[mul]@1: 0.969765
dT[mul]@2: 0.919162
dT[mul]@3: 0.78483
dT[div]@0: 0.710367
dT[div]@1: 0.398078
dT[div]@2: 0.355428
dT[div]@3: 0.274611
dT[add]@0: 1.920987
dT[add]@1: 1.792599
dT[add]@2: 1.756188
dT[add]@3: 1.613298
dT[sub]@0: 1.457058
dT[sub]@1: 1.429398
dT[sub]@2: 1.315625
dT[sub]@3: 1.041732
dT[mul]@0: 0.927524
dT[mul]@1: 0.96567
dT[mul]@2: 0.816814
dT[mul]@3: 0.772366
dT[div]@0: 1.79513
dT[div]@1: 0.580984
dT[div]@2: 0.781299
dT[div]@3: 0.261611
dT[add]@0: 1.695747
dT[add]@1: 1.68132
dT[add]@2: 1.459913
dT[add]@3: 1.270275
dT[sub]@0: 1.517952
dT[sub]@1: 1.389125
dT[sub]@2: 1.24685
dT[sub]@3: 1.12011
dT[mul]@0: 1.066731
dT[mul]@1: 0.923355
dT[mul]@2: 0.683104
dT[mul]@3: 0.722107
dT[div]@0: 0.491265
dT[div]@1: 0.756415
dT[div]@2: 0.470965
dT[div]@3: 0.385442
dT[add]@0: 1.908047
dT[add]@1: 1.74802
dT[add]@2: 1.640682
dT[add]@3: 1.513945
dT[sub]@0: 5.573161
dT[sub]@1: 1.684109
dT[sub]@2: 1.796635
dT[sub]@3: 1.444294
dT[mul]@0: 1.682958
dT[mul]@1: 0.879566
dT[mul]@2: 1.445021
dT[mul]@3: 0.865197
dT[div]@0: 1.061159
dT[div]@1: 1.323381
dT[div]@2: 0.512985
dT[div]@3: 0.792339
dT[add]@0: 2.095046
dT[add]@1: 2.094744
dT[add]@2: 2.374377
dT[add]@3: 1.60407
dT[sub]@0: 1.855901
dT[sub]@1: 2.092365
dT[sub]@2: 1.501162
dT[sub]@3: 1.709255
dT[mul]@0: 2.080284
dT[mul]@1: 1.135496
dT[mul]@2: 1.381163
dT[mul]@3: 0.65824
dT[div]@0: 0.795028
dT[div]@1: 1.022961
dT[div]@2: 1.314877
dT[div]@3: 0.438995
dT[add]@0: 2.623343
dT[add]@1: 1.950562
dT[add]@2: 1.960693
dT[add]@3: 2.223263
dT[sub]@0: 1.598313
dT[sub]@1: 1.614621
dT[sub]@2: 1.929339
dT[sub]@3: 1.261881
dT[mul]@0: 1.556485
dT[mul]@1: 1.728647
dT[mul]@2: 1.009152
dT[mul]@3: 1.205316
dT[div]@0: 1.475356
dT[div]@1: 1.268203
dT[div]@2: 0.678677
dT[div]@3: 0.695696
dT[add]@0: 2.849883
dT[add]@1: 2.22473
dT[add]@2: 2.434781
dT[add]@3: 2.652967
dT[sub]@0: 1.829833
dT[sub]@1: 1.923606
dT[sub]@2: 1.609773
dT[sub]@3: 1.88879
dT[mul]@0: 1.266938
dT[mul]@1: 1.202111
dT[mul]@2: 1.363024
dT[mul]@3: 1.011821
dT[div]@0: 1.178725
dT[div]@1: 1.354863
dT[div]@2: 0.529678
dT[div]@3: 0.747688
dT[add]@0: 1.840275
dT[add]@1: 1.93896
dT[add]@2: 2.021126
dT[add]@3: 2.249559
dT[sub]@0: 1.522072
dT[sub]@1: 1.960454
dT[sub]@2: 1.284402
dT[sub]@3: 1.57261
dT[mul]@0: 1.81948
dT[mul]@1: 1.047629
dT[mul]@2: 1.383814
dT[mul]@3: 0.773152
dT[div]@0: 0.787826
dT[div]@1: 1.019994
dT[div]@2: 0.469876
dT[div]@3: 0.747339
dT[add]@0: 2.171531
dT[add]@1: 2.341468
dT[add]@2: 2.517307
dT[add]@3: 1.87669
dT[sub]@0: 2.070056
dT[sub]@1: 2.206431
dT[sub]@2: 1.512861
dT[sub]@3: 2.038162
dT[mul]@0: 1.117343
dT[mul]@1: 1.439245
dT[mul]@2: 1.540361
dT[mul]@3: 0.888122
dT[div]@0: 1.196296
dT[div]@1: 0.518892
dT[div]@2: 0.49064
dT[div]@3: 0.712406
dT[add]@0: 1.905501
dT[add]@1: 1.868201
dT[add]@2: 1.896418
dT[add]@3: 2.092857
dT[sub]@0: 2.329239
dT[sub]@1: 1.7132
dT[sub]@2: 1.916809
dT[sub]@3: 1.191662
dT[mul]@0: 1.48912
dT[mul]@1: 1.582182
dT[mul]@2: 1.004412
dT[mul]@3: 0.87829
dT[div]@0: 1.118277
dT[div]@1: 1.321365
dT[div]@2: 0.576743
dT[div]@3: 0.916789
dT[add]@0: 2.052265
dT[add]@1: 1.977551
dT[add]@2: 2.158918
dT[add]@3: 2.404247
dT[sub]@0: 1.734678
dT[sub]@1: 2.115608
dT[sub]@2: 1.284144
dT[sub]@3: 1.573323
dT[mul]@0: 1.745242
dT[mul]@1: 1.067318
dT[mul]@2: 0.965263
dT[mul]@3: 1.137055
dT[div]@0: 0.768121
dT[div]@1: 0.645651
dT[div]@2: 0.780993
dT[div]@3: 1.15335
dT[add]@0: 2.199224
dT[add]@1: 2.394905
dT[add]@2: 2.695696
dT[add]@3: 1.901377
dT[sub]@0: 2.10965
dT[sub]@1: 1.590948
dT[sub]@2: 1.776604
dT[sub]@3: 2.147838
dT[mul]@0: 1.248607
dT[mul]@1: 1.483397
dT[mul]@2: 1.625269
dT[mul]@3: 0.952606
dT[div]@0: 1.17807
dT[div]@1: 0.578294
dT[div]@2: 0.761581
dT[div]@3: 1.131983
dT[add]@0: 2.226585
dT[add]@1: 2.399712
dT[add]@2: 2.592784
dT[add]@3: 1.975373
dT[sub]@0: 2.20354
dT[sub]@1: 1.560917
dT[sub]@2: 1.729953
dT[sub]@3: 1.969586
dT[mul]@0: 1.234379
dT[mul]@1: 1.379584
dT[mul]@2: 1.536507
dT[mul]@3: 0.884675
dT[div]@0: 1.09137
dT[div]@1: 0.553334
dT[div]@2: 0.475529
dT[div]@3: 0.818854
dT[add]@0: 1.954725
dT[add]@1: 2.059066
dT[add]@2: 2.233278
dT[add]@3: 2.499779
dT[sub]@0: 1.773285
dT[sub]@1: 2.162884
dT[sub]@2: 1.331359
dT[sub]@3: 1.657533
dT[mul]@0: 1.831654
dT[mul]@1: 1.159218
dT[mul]@2: 1.351866
dT[mul]@3: 1.529875
dT[div]@0: 0.802728
dT[div]@1: 1.028914
dT[div]@2: 0.382299
dT[div]@3: 0.234949
dT[add]@0: 1.955342
dT[add]@1: 2.137587
dT[add]@2: 2.370288
dT[add]@3: 2.574437
dT[sub]@0: 1.868239
dT[sub]@1: 2.022785
dT[sub]@2: 1.450757
dT[sub]@3: 1.631364
dT[mul]@0: 1.963015
dT[mul]@1: 1.087684
dT[mul]@2: 1.317604
dT[mul]@3: 0.64287
dT[div]@0: 0.576377
dT[div]@1: 0.711682
dT[div]@2: 0.966703
dT[div]@3: 1.16822
dT[add]@0: 2.334267
dT[add]@1: 2.557385
dT[add]@2: 1.960779
dT[add]@3: 2.159887
dT[sub]@0: 2.2718
dT[sub]@1: 1.62127
dT[sub]@2: 1.858403
dT[sub]@3: 1.194183
dT[mul]@0: 1.456204
dT[mul]@1: 0.94079
dT[mul]@2: 1.034713
dT[mul]@3: 1.140362
dT[div]@0: 0.600608
dT[div]@1: 0.374782
dT[div]@2: 0.408612
dT[div]@3: 0.412387
dT[add]@0: 2.466011
dT[add]@1: 2.726017
dT[add]@2: 2.073883
dT[add]@3: 2.17118
dT[sub]@0: 1.604676
dT[sub]@1: 1.907396
dT[sub]@2: 1.974064
dT[sub]@3: 1.427625
dT[mul]@0: 1.600074
dT[mul]@1: 1.461978
dT[mul]@2: 0.998966
dT[mul]@3: 1.251362
dT[div]@0: 0.540546
dT[div]@1: 0.93281
dT[div]@2: 1.118689
dT[div]@3: 0.45861
dT[add]@0: 2.628392
dT[add]@1: 1.782784
dT[add]@2: 1.993577
dT[add]@3: 2.277993
dT[sub]@0: 2.456182
dT[sub]@1: 1.602944
dT[sub]@2: 1.819067
dT[sub]@3: 1.312709
dT[mul]@0: 1.50072
dT[mul]@1: 1.739034
dT[mul]@2: 1.032415
dT[mul]@3: 1.234233
dT[div]@0: 1.389036
dT[div]@1: 0.641777
dT[div]@2: 0.954627
dT[div]@3: 0.278898
dT[add]@0: 2.235355
dT[add]@1: 2.457164
dT[add]@2: 1.754177
dT[add]@3: 2.027283
dT[sub]@0: 2.207648
dT[sub]@1: 1.386117
dT[sub]@2: 1.813851
dT[sub]@3: 1.968544
dT[mul]@0: 1.290953
dT[mul]@1: 1.462395
dT[mul]@2: 1.663492
dT[mul]@3: 0.950312
dT[div]@0: 1.176458
dT[div]@1: 1.385992
dT[div]@2: 0.659319
dT[div]@3: 0.892975
dT[add]@0: 2.183758
dT[add]@1: 2.363763
dT[add]@2: 2.547582
dT[add]@3: 1.895264
dT[sub]@0: 2.131943
dT[sub]@1: 1.511147
dT[sub]@2: 1.45184
dT[sub]@3: 1.733821
dT[mul]@0: 1.075635
dT[mul]@1: 1.341185
dT[mul]@2: 1.516142
dT[mul]@3: 0.847079
dT[div]@0: 1.045953
dT[div]@1: 1.228481
dT[div]@2: 0.558857
dT[div]@3: 0.79874
dT[add]@0: 2.155997
dT[add]@1: 2.45496
dT[add]@2: 2.5955
dT[add]@3: 1.837032
dT[sub]@0: 2.232796
dT[sub]@1: 1.390034
dT[sub]@2: 1.723091
dT[sub]@3: 1.911352
dT[mul]@0: 1.317132
dT[mul]@1: 1.526856
dT[mul]@2: 0.976877
dT[mul]@3: 1.172561
dT[div]@0: 1.417959
dT[div]@1: 0.757051
dT[div]@2: 1.026262
dT[div]@3: 0.220208
dT[add]@0: 2.180588
dT[add]@1: 2.362501
dT[add]@2: 1.963951
dT[add]@3: 2.145712
dT[sub]@0: 2.397986
dT[sub]@1: 1.631756
dT[sub]@2: 1.985108
dT[sub]@3: 1.123165
dT[mul]@0: 1.179409
dT[mul]@1: 1.373583
dT[mul]@2: 0.855574
dT[mul]@3: 0.924785
dT[div]@0: 1.199573
dT[div]@1: 0.493275
dT[div]@2: 0.732813
dT[div]@3: 1.010591
dT[add]@0: 2.153442
dT[add]@1: 2.312944
dT[add]@2: 2.558845
dT[add]@3: 1.872109
dT[sub]@0: 2.10403
dT[sub]@1: 1.438053
dT[sub]@2: 1.45179
dT[sub]@3: 1.673276
dT[mul]@0: 1.008928
dT[mul]@1: 1.382084
dT[mul]@2: 1.573488
dT[mul]@3: 0.937856
dT[div]@0: 1.127326
dT[div]@1: 0.547894
dT[div]@2: 0.576961
dT[div]@3: 0.769113
dT[add]@0: 2.850785
dT[add]@1: 2.082618
dT[add]@2: 2.447303
dT[add]@3: 1.896845
dT[sub]@0: 2.041792
dT[sub]@1: 2.212313
dT[sub]@2: 1.568258
dT[sub]@3: 1.79229
dT[mul]@0: 1.200185
dT[mul]@1: 1.390341
dT[mul]@2: 1.785227
dT[mul]@3: 0.878898
dT[div]@0: 1.107963
dT[div]@1: 0.424429
dT[div]@2: 0.868837
dT[div]@3: 0.208133
dT[add]@0: 2.170848
dT[add]@1: 2.366333
dT[add]@2: 2.664294
dT[add]@3: 1.906555
dT[sub]@0: 2.136803
dT[sub]@1: 1.584446
dT[sub]@2: 1.77798
dT[sub]@3: 2.182934
dT[mul]@0: 1.254509
dT[mul]@1: 1.486283
dT[mul]@2: 1.270519
dT[mul]@3: 1.023204
dT[div]@0: 1.283765
dT[div]@1: 0.722732
dT[div]@2: 0.877651
dT[div]@3: 0.290615
dT[add]@0: 2.24773
dT[add]@1: 2.523088
dT[add]@2: 1.850279
dT[add]@3: 2.145851
dT[sub]@0: 2.365593
dT[sub]@1: 1.697244
dT[sub]@2: 1.830554
dT[sub]@3: 1.156917
dT[mul]@0: 1.393852
dT[mul]@1: 1.543481
dT[mul]@2: 0.809019
dT[mul]@3: 1.170647
dT[div]@0: 1.281471
dT[div]@1: 0.587464
dT[div]@2: 0.888807
dT[div]@3: 1.181523
dT[add]@0: 2.295432
dT[add]@1: 2.509894
dT[add]@2: 1.861608
dT[add]@3: 2.28776
dT[sub]@0: 1.439131
dT[sub]@1: 1.62736
dT[sub]@2: 1.80511
dT[sub]@3: 1.296217
dT[mul]@0: 1.537198
dT[mul]@1: 1.705861
dT[mul]@2: 1.058286
dT[mul]@3: 1.271786
dT[div]@0: 0.762208
dT[div]@1: 0.974381
dT[div]@2: 1.173569
dT[div]@3: 0.371481
dT[add]@0: 2.795308
dT[add]@1: 2.132277
dT[add]@2: 2.309578
dT[add]@3: 2.557862
dT[sub]@0: 1.459887
dT[sub]@1: 1.64124
dT[sub]@2: 1.483446
dT[sub]@3: 1.701885
dT[mul]@0: 1.488223
dT[mul]@1: 1.534566
dT[mul]@2: 1.030415
dT[mul]@3: 1.249536
dT[div]@0: 0.807729
dT[div]@1: 1.008069
dT[div]@2: 0.381263
dT[div]@3: 0.748749
dT[add]@0: 3.084029
dT[add]@1: 2.221251
dT[add]@2: 2.437143
dT[add]@3: 1.975211
dT[sub]@0: 2.242644
dT[sub]@1: 1.504576
dT[sub]@2: 1.749107
dT[sub]@3: 2.116584
dT[mul]@0: 1.29215
dT[mul]@1: 1.525487
dT[mul]@2: 0.833642
dT[mul]@3: 1.261828
dT[div]@0: 1.51529
dT[div]@1: 0.748145
dT[div]@2: 0.902164
dT[div]@3: 0.516579
dT[add]@0: 2.964439
dT[add]@1: 2.281989
dT[add]@2: 2.452001
dT[add]@3: 1.817569
dT[sub]@0: 2.175098
dT[sub]@1: 1.730462
dT[sub]@2: 1.91704
dT[sub]@3: 2.272871
dT[mul]@0: 1.654158
dT[mul]@1: 1.279244
dT[mul]@2: 1.381794
dT[mul]@3: 0.848273
dT[div]@0: 1.116385
dT[div]@1: 0.63313
dT[div]@2: 0.825128
dT[div]@3: 0.452878
dT[add]@0: 2.8125
dT[add]@1: 2.596035
dT[add]@2: 2.089413
dT[add]@3: 2.402304
dT[sub]@0: 1.90654
dT[sub]@1: 2.273527
dT[sub]@2: 1.827665
dT[sub]@3: 2.063359
dT[mul]@0: 1.366138
dT[mul]@1: 1.716647
dT[mul]@2: 1.25698
dT[mul]@3: 0.976802
dT[div]@0: 1.176754
dT[div]@1: 0.67101
dT[div]@2: 1.006297
dT[div]@3: 0.454006
dT[add]@0: 2.277714
dT[add]@1: 2.552396
dT[add]@2: 2.032817
dT[add]@3: 2.466706
dT[sub]@0: 1.954295
dT[sub]@1: 2.14972
dT[sub]@2: 1.796373
dT[sub]@3: 1.830874
dT[mul]@0: 1.510112
dT[mul]@1: 1.836313
dT[mul]@2: 1.131613
dT[mul]@3: 0.994248
dT[div]@0: 1.143481
dT[div]@1: 0.932646
dT[div]@2: 1.176679
dT[div]@3: 0.254934
dT[add]@0: 2.911773
dT[add]@1: 2.502033
dT[add]@2: 2.226065
dT[add]@3: 2.425607
dT[sub]@0: 2.027856
dT[sub]@1: 2.338137
dT[sub]@2: 1.81561
dT[sub]@3: 1.527471
dT[mul]@0: 1.828632
dT[mul]@1: 1.2028
dT[mul]@2: 1.397
dT[mul]@3: 0.776002
dT[div]@0: 0.974074
dT[div]@1: 0.522721
dT[div]@2: 0.886584
dT[div]@3: 0.725167
dT[add]@0: 2.86966
dT[add]@1: 2.365736
dT[add]@2: 2.597187
dT[add]@3: 2.257368
dT[sub]@0: 1.942195
dT[sub]@1: 2.105202
dT[sub]@2: 1.394783
dT[sub]@3: 1.668543
dT[mul]@0: 1.945882
dT[mul]@1: 1.175966
dT[mul]@2: 1.422288
dT[mul]@3: 1.090509
dT[div]@0: 0.79681
dT[div]@1: 1.029175
dT[div]@2: 0.405435
dT[div]@3: 0.636104
dT[add]@0: 2.583564
dT[add]@1: 2.73978
dT[add]@2: 2.368135
dT[add]@3: 1.733007
dT[sub]@0: 2.050567
dT[sub]@1: 1.399897
dT[sub]@2: 1.700472
dT[sub]@3: 1.896684
dT[mul]@0: 1.606248
dT[mul]@1: 1.534337
dT[mul]@2: 1.786118
dT[mul]@3: 1.059423
dT[div]@0: 1.289779
dT[div]@1: 0.757886
dT[div]@2: 0.762754
dT[div]@3: 0.739066
dT[add]@0: 2.396202
dT[add]@1: 2.715351
dT[add]@2: 2.408865
dT[add]@3: 2.201447
dT[sub]@0: 2.305378
dT[sub]@1: 1.884567
dT[sub]@2: 2.17246
dT[sub]@3: 1.826364
dT[mul]@0: 1.398743
dT[mul]@1: 1.518129
dT[mul]@2: 0.943841
dT[mul]@3: 1.364971
dT[div]@0: 0.893753
dT[div]@1: 0.814329
dT[div]@2: 0.778395
dT[div]@3: 0.546357
dT[add]@0: 2.85042
dT[add]@1: 2.467471
dT[add]@2: 2.70221
dT[add]@3: 1.984296
dT[sub]@0: 1.669516
dT[sub]@1: 1.957611
dT[sub]@2: 1.862612
dT[sub]@3: 1.348651
dT[mul]@0: 1.255816
dT[mul]@1: 1.54673
dT[mul]@2: 1.062149
dT[mul]@3: 1.275768
dT[div]@0: 0.724219
dT[div]@1: 1.096052
dT[div]@2: 0.588964
dT[div]@3: 0.461942
dT[add]@0: 2.910119
dT[add]@1: 2.491434
dT[add]@2: 11.441381
dT[add]@3: 1.517685
dT[sub]@0: 1.438078
dT[sub]@1: 1.362352
dT[sub]@2: 1.217344
dT[sub]@3: 1.1637
dT[mul]@0: 1.03729
dT[mul]@1: 0.902186
dT[mul]@2: 0.795065
dT[mul]@3: 0.633095
dT[div]@0: 0.49276
dT[div]@1: 0.454775
dT[div]@2: 0.296021
dT[div]@3: 0.354729
dT[add]@0: 1.938183
dT[add]@1: 1.77839
dT[add]@2: 1.644831
dT[add]@3: 1.548752
dT[sub]@0: 1.404707
dT[sub]@1: 1.312955
dT[sub]@2: 1.069836
dT[sub]@3: 1.099502
dT[mul]@0: 0.838663
dT[mul]@1: 1.118341
dT[mul]@2: 0.851096
dT[mul]@3: 0.769105
dT[div]@0: 0.658085
dT[div]@1: 0.594655
dT[div]@2: 0.452847
dT[div]@3: 0.387082
dT[add]@0: 1.875422
dT[add]@1: 1.726295
dT[add]@2: 1.656847
dT[add]@3: 1.49455
dT[sub]@0: 1.442024
dT[sub]@1: 1.317481
dT[sub]@2: 1.191479
dT[sub]@3: 1.112242
dT[mul]@0: 0.989697
dT[mul]@1: 0.830466
dT[mul]@2: 0.671533
dT[mul]@3: 0.927397
dT[div]@0: 0.658704
dT[div]@1: 0.596667
dT[div]@2: 0.457787
dT[div]@3: 0.387955
dT[add]@0: 1.86716
dT[add]@1: 1.770128
dT[add]@2: 1.638402
dT[add]@3: 1.556108
dT[sub]@0: 1.441519
dT[sub]@1: 1.338612
dT[sub]@2: 1.226703
dT[sub]@3: 1.146775
dT[mul]@0: 1.036929
dT[mul]@1: 0.9188
dT[mul]@2: 0.834991
dT[mul]@3: 0.711727
dT[div]@0: 0.620536
dT[div]@1: 0.519553
dT[div]@2: 0.28222
dT[div]@3: 0.253624
dT[add]@0: 1.701914
dT[add]@1: 1.935573
dT[add]@2: 1.667449
dT[add]@3: 1.538724
dT[sub]@0: 1.443019
dT[sub]@1: 1.376842
dT[sub]@2: 1.229582
dT[sub]@3: 1.176001
dT[mul]@0: 1.059912
dT[mul]@1: 0.975696
dT[mul]@2: 0.798693
dT[mul]@3: 0.715715
dT[div]@0: 0.489769
dT[div]@1: 0.5045
dT[div]@2: 0.306137
dT[div]@3: 0.445793
dT[add]@0: 2.377639
dT[add]@1: 1.674301
dT[add]@2: 1.536443
dT[add]@3: 1.492439
dT[sub]@0: 1.278425
dT[sub]@1: 1.238701
dT[sub]@2: 1.088208
dT[sub]@3: 1.082517
dT[mul]@0: 0.878431
dT[mul]@1: 1.151435
dT[mul]@2: 0.678692
dT[mul]@3: 0.875924
dT[div]@0: 0.675484
dT[div]@1: 0.550346
dT[div]@2: 0.476454
dT[div]@3: 0.32182
dT[add]@0: 1.853143
dT[add]@1: 1.688443
dT[add]@2: 1.514294
dT[add]@3: 1.365877
dT[sub]@0: 1.332995
dT[sub]@1: 1.168273
dT[sub]@2: 1.424746
dT[sub]@3: 1.133705
dT[mul]@0: 1.074754
dT[mul]@1: 0.935302
dT[mul]@2: 0.88213
dT[mul]@3: 0.742199
dT[div]@0: 0.617449
dT[div]@1: 0.499745
dT[div]@2: 0.351481
dT[div]@3: 0.192965
dT[add]@0: 1.756339
dT[add]@1: 1.942573
dT[add]@2: 1.639273
dT[add]@3: 1.54178
dT[sub]@0: 1.47389
dT[sub]@1: 1.374758
dT[sub]@2: 1.32073
dT[sub]@3: 1.022597
dT[mul]@0: 1.0484
dT[mul]@1: 0.953819
dT[mul]@2: 0.937802
dT[mul]@3: 0.610368
dT[div]@0: 0.657899
dT[div]@1: 0.56353
dT[div]@2: 0.510139
dT[div]@3: 0.197158
dT[add]@0: 1.915761
dT[add]@1: 1.810332
dT[add]@2: 1.723257
dT[add]@3: 1.414625
dT[sub]@0: 1.462261
dT[sub]@1: 1.397269
dT[sub]@2: 1.317767
dT[sub]@3: 1.182269
dT[mul]@0: 0.98399
dT[mul]@1: 0.92825
dT[mul]@2: 0.842709
dT[mul]@3: 0.797736
dT[div]@0: 0.498621
dT[div]@1: 0.447985
dT[div]@2: 0.439659
dT[div]@3: 0.350713
dT[add]@0: 1.9804
dT[add]@1: 1.826701
dT[add]@2: 1.708908
dT[add]@3: 1.42335
dT[sub]@0: 1.469123
dT[sub]@1: 1.410716
dT[sub]@2: 1.313965
dT[sub]@3: 1.008093
dT[mul]@0: 1.040374
dT[mul]@1: 1.000094
dT[mul]@2: 0.865692
dT[mul]@3: 0.813048
dT[div]@0: 0.498102
dT[div]@1: 0.54951
dT[div]@2: 0.45568
dT[div]@3: 0.400633
dT[add]@0: 1.934276
dT[add]@1: 1.698919
dT[add]@2: 1.527618
dT[add]@3: 1.592957
dT[sub]@0: 1.486774
dT[sub]@1: 1.443264
dT[sub]@2: 1.117209
dT[sub]@3: 1.1423
dT[mul]@0: 2.321615
dT[mul]@1: 0.895796
dT[mul]@2: 1.123182
dT[mul]@3: 1.283033
dT[div]@0: 0.666676
dT[div]@1: 0.564485
dT[div]@2: 0.480549
dT[div]@3: 0.360367
dT[add]@0: 1.871724
dT[add]@1: 1.74621
dT[add]@2: 1.634856
dT[add]@3: 1.489114
dT[sub]@0: 1.402597
dT[sub]@1: 1.227852
dT[sub]@2: 1.42185
dT[sub]@3: 1.158893
dT[mul]@0: 1.057261
dT[mul]@1: 0.949018
dT[mul]@2: 0.857658
dT[mul]@3: 0.746741
dT[div]@0: 0.69273
dT[div]@1: 0.514254
dT[div]@2: 0.425341
dT[div]@3: 0.184243
dT[add]@0: 1.782012
dT[add]@1: 1.974852
dT[add]@2: 1.873826
dT[add]@3: 2.054616
dT[sub]@0: 2.317292
dT[sub]@1: 1.188444
dT[sub]@2: 1.437961
dT[sub]@3: 1.153213
dT[mul]@0: 1.122874
dT[mul]@1: 0.970878
dT[mul]@2: 0.875656
dT[mul]@3: 0.759086
dT[div]@0: 0.672485
dT[div]@1: 0.578935
dT[div]@2: 0.505054
dT[div]@3: 0.370038
dT[add]@0: 1.891066
dT[add]@1: 1.739477
dT[add]@2: 1.600607
dT[add]@3: 1.546254
dT[sub]@0: 1.397122
dT[sub]@1: 1.2978
dT[sub]@2: 1.120577
dT[sub]@3: 0.964545
dT[mul]@0: 1.22698
dT[mul]@1: 0.951026
dT[mul]@2: 0.892205
dT[mul]@3: 1.093368
dT[div]@0: 1.33289
dT[div]@1: 0.56393
dT[div]@2: 0.478676
dT[div]@3: 0.328359
dT[add]@0: 1.84142
dT[add]@1: 1.616606
dT[add]@2: 1.603938
dT[add]@3: 1.478923
dT[sub]@0: 1.33169
dT[sub]@1: 1.175589
dT[sub]@2: 1.131499
dT[sub]@3: 1.036233
dT[mul]@0: 1.224844
dT[mul]@1: 0.939538
dT[mul]@2: 0.871606
dT[mul]@3: 0.761763
dT[div]@0: 0.677038
dT[div]@1: 0.555668
dT[div]@2: 0.421488
dT[div]@3: 0.357939
dT[add]@0: 1.866377
dT[add]@1: 1.662929
dT[add]@2: 1.529658
dT[add]@3: 1.355819
dT[sub]@0: 1.611509
dT[sub]@1: 1.337346
dT[sub]@2: 1.274077
dT[sub]@3: 1.162973
dT[mul]@0: 1.025066
dT[mul]@1: 1.02409
dT[mul]@2: 0.873496
dT[mul]@3: 0.820567
dT[div]@0: 0.501798
dT[div]@1: 0.631221
dT[div]@2: 0.814587
dT[div]@3: 1.057006
dT[add]@0: 1.768542
dT[add]@1: 1.780183
dT[add]@2: 1.664528
dT[add]@3: 1.520465
dT[sub]@0: 1.313214
dT[sub]@1: 1.259088
dT[sub]@2: 1.275755
dT[sub]@3: 1.169835
dT[mul]@0: 1.098027
dT[mul]@1: 0.943838
dT[mul]@2: 0.868024
dT[mul]@3: 0.7935
dT[div]@0: 0.675583
dT[div]@1: 0.596783
dT[div]@2: 0.393429
dT[div]@3: 0.255695
dT[add]@0: 1.878111
dT[add]@1: 1.836713
dT[add]@2: 1.709578
dT[add]@3: 1.610087
dT[sub]@0: 1.32622
dT[sub]@1: 1.274338
dT[sub]@2: 1.241909
dT[sub]@3: 1.162004
dT[mul]@0: 1.075123
dT[mul]@1: 1.011272
dT[mul]@2: 0.703145
dT[mul]@3: 0.675381
dT[div]@0: 0.617521
dT[div]@1: 0.536906
dT[div]@2: 0.466058
dT[div]@3: 0.396168
dT[add]@0: 1.936309
dT[add]@1: 1.826607
dT[add]@2: 1.530641
dT[add]@3: 1.578737
dT[sub]@0: 1.508399
dT[sub]@1: 5.878794
dT[sub]@2: 6.081621
dT[sub]@3: 1.171192
dT[mul]@0: 1.07913
dT[mul]@1: 1.004453
dT[mul]@2: 0.719228
dT[mul]@3: 0.72407
dT[div]@0: 0.676993
dT[div]@1: 0.599648
dT[div]@2: 0.743906
dT[div]@3: 0.908899
dT[add]@0: 2.01312
dT[add]@1: 1.695776
dT[add]@2: 1.533965
dT[add]@3: 1.534974
dT[sub]@0: 1.498527
dT[sub]@1: 1.431868
dT[sub]@2: 1.276821
dT[sub]@3: 1.412896
dT[mul]@0: 1.636837
dT[mul]@1: 0.855603
dT[mul]@2: 1.130067
dT[mul]@3: 1.298676
dT[div]@0: 0.694198
dT[div]@1: 0.58232
dT[div]@2: 0.435179
dT[div]@3: 0.359051
dT[add]@0: 1.920585
dT[add]@1: 1.757908
dT[add]@2: 1.665935
dT[add]@3: 1.548462
dT[sub]@0: 1.440968
dT[sub]@1: 1.324354
dT[sub]@2: 1.22718
dT[sub]@3: 1.103064
dT[mul]@0: 1.034111
dT[mul]@1: 0.9239
dT[mul]@2: 0.809335
dT[mul]@3: 0.582894
dT[div]@0: 0.609513
dT[div]@1: 0.370553
dT[div]@2: 0.364366
dT[div]@3: 0.260663
dT[add]@0: 1.724258
dT[add]@1: 1.644188
dT[add]@2: 1.486701
dT[add]@3: 1.504371
dT[sub]@0: 1.272662
dT[sub]@1: 1.318539
dT[sub]@2: 1.072274
dT[sub]@3: 1.112592
dT[mul]@0: 0.892812
dT[mul]@1: 0.913387
dT[mul]@2: 0.809133
dT[mul]@3: 0.728815
dT[div]@0: 0.610033
dT[div]@1: 0.592029
dT[div]@2: 0.477873
dT[div]@3: 0.426462
dT[add]@0: 1.94936
dT[add]@1: 1.828049
dT[add]@2: 1.607898
dT[add]@3: 1.492619
dT[sub]@0: 1.467106
dT[sub]@1: 1.383077
dT[sub]@2: 1.2884
dT[sub]@3: 1.218564
dT[mul]@0: 0.912486
dT[mul]@1: 0.922504
dT[mul]@2: 0.876245
dT[mul]@3: 0.800463
dT[div]@0: 0.675603
dT[div]@1: 0.595328
dT[div]@2: 0.373777
dT[div]@3: 0.727273
dT[add]@0: 6.867078
dT[add]@1: 1.600848
dT[add]@2: 1.787348
dT[add]@3: 1.656039
dT[sub]@0: 1.321521
dT[sub]@1: 1.390965
dT[sub]@2: 1.296043
dT[sub]@3: 1.203675
dT[mul]@0: 0.923473
dT[mul]@1: 0.944088
dT[mul]@2: 0.888234
dT[mul]@3: 0.797416
dT[div]@0: 0.693677
dT[div]@1: 0.602508
dT[div]@2: 0.299265
dT[div]@3: 0.318413
dT[add]@0: 1.94016
dT[add]@1: 1.813522
dT[add]@2: 1.70618
dT[add]@3: 1.618321
dT[sub]@0: 1.331908
dT[sub]@1: 1.339342
dT[sub]@2: 1.30184
dT[sub]@3: 1.197744
dT[mul]@0: 1.08717
dT[mul]@1: 0.877816
dT[mul]@2: 0.71815
dT[mul]@3: 0.774989
dT[div]@0: 0.681941
dT[div]@1: 0.458909
dT[div]@2: 0.303844
dT[div]@3: 0.321844
dT[add]@0: 1.918365
dT[add]@1: 1.829113
dT[add]@2: 1.706196
dT[add]@3: 1.62565
dT[sub]@0: 1.51747
dT[sub]@1: 1.415597
dT[sub]@2: 1.107358
dT[sub]@3: 1.144288
dT[mul]@0: 1.056866
dT[mul]@1: 0.862288
dT[mul]@2: 0.743813
dT[mul]@3: 0.980725
dT[div]@0: 0.68965
dT[div]@1: 0.581847
dT[div]@2: 0.463182
dT[div]@3: 0.334544
dT[add]@0: 1.791248
dT[add]@1: 1.591483
dT[add]@2: 1.594277
dT[add]@3: 1.40521
dT[sub]@0: 1.407827
dT[sub]@1: 1.154672
dT[sub]@2: 1.154054
dT[sub]@3: 0.962973
dT[mul]@0: 1.2339
dT[mul]@1: 0.957157
dT[mul]@2: 0.882763
dT[mul]@3: 0.753648
dT[div]@0: 0.693062
dT[div]@1: 0.561574
dT[div]@2: 0.42075
dT[div]@3: 0.310684
dT[add]@0: 1.748077
dT[add]@1: 6.023725
dT[add]@2: 6.367484
dT[add]@3: 6.74603
dT[sub]@0: 1.341396
dT[sub]@1: 1.500839
dT[sub]@2: 1.264428
dT[sub]@3: 1.142149
dT[mul]@0: 1.045814
dT[mul]@1: 0.777985
dT[mul]@2: 1.031934
dT[mul]@3: 0.745347
dT[div]@0: 0.684308
dT[div]@1: 0.559247
dT[div]@2: 0.480962
dT[div]@3: 0.36132
dT[add]@0: 1.86968
dT[add]@1: 1.758019
dT[add]@2: 1.601993
dT[add]@3: 1.503789
dT[sub]@0: 1.402535
dT[sub]@1: 1.210358
dT[sub]@2: 1.193578
dT[sub]@3: 1.097963
dT[mul]@0: 0.942296
dT[mul]@1: 0.774812
dT[mul]@2: 1.040861
dT[mul]@3: 0.748258
dT[div]@0: 0.674392
dT[div]@1: 0.570742
dT[div]@2: 0.489462
dT[div]@3: 0.360006
dT[add]@0: 1.874287
dT[add]@1: 1.755473
dT[add]@2: 1.645525
dT[add]@3: 1.507508
dT[sub]@0: 1.405739
dT[sub]@1: 1.163699
dT[sub]@2: 1.180514
dT[sub]@3: 0.970021
dT[mul]@0: 1.224532
dT[mul]@1: 0.962658
dT[mul]@2: 0.873138
dT[mul]@3: 0.747338
dT[div]@0: 0.675911
dT[div]@1: 0.54659
dT[div]@2: 0.424871
dT[div]@3: 0.342458
dT[add]@0: 1.878613
dT[add]@1: 1.672064
dT[add]@2: 1.523311
dT[add]@3: 1.370576
dT[sub]@0: 1.337175
dT[sub]@1: 1.179275
dT[sub]@2: 1.132894
dT[sub]@3: 0.967415
dT[mul]@0: 1.191601
dT[mul]@1: 0.994879
dT[mul]@2: 0.844857
dT[mul]@3: 0.778157
dT[div]@0: 0.663842
dT[div]@1: 0.580189
dT[div]@2: 0.513453
dT[div]@3: 0.381833
dT[add]@0: 1.935275
dT[add]@1: 1.758092
dT[add]@2: 1.624723
dT[add]@3: 1.515269
dT[sub]@0: 1.37038
dT[sub]@1: 1.578753
dT[sub]@2: 1.061484
dT[sub]@3: 1.350118
dT[mul]@0: 1.069998
dT[mul]@1: 0.985233
dT[mul]@2: 0.848575
dT[mul]@3: 0.759119
dT[div]@0: 0.662422
dT[div]@1: 0.566762
dT[div]@2: 0.357703
dT[div]@3: 0.751298
dT[add]@0: 6.862905
dT[add]@1: 1.861393
dT[add]@2: 1.63534
dT[add]@3: 1.567633
dT[sub]@0: 1.450584
dT[sub]@1: 1.353229
dT[sub]@2: 1.08386
dT[sub]@3: 1.081812
dT[mul]@0: 0.931796
dT[mul]@1: 1.137454
dT[mul]@2: 0.853369
dT[mul]@3: 0.791383
dT[div]@0: 0.689492
dT[div]@1: 0.542099
dT[div]@2: 0.476356
dT[div]@3: 0.358712
dT[add]@0: 1.860133
dT[add]@1: 1.614942
dT[add]@2: 1.570796
dT[add]@3: 1.515681
dT[sub]@0: 1.431329
dT[sub]@1: 1.186528
dT[sub]@2: 1.199304
dT[sub]@3: 1.022333
dT[mul]@0: 1.024882
dT[mul]@1: 0.835446
dT[mul]@2: 0.836004
dT[mul]@3: 0.99733
dT[div]@0: 0.628526
dT[div]@1: 0.527445
dT[div]@2: 0.485488
dT[div]@3: 0.390068
dT[add]@0: 1.97032
dT[add]@1: 1.650349
dT[add]@2: 1.654664
dT[add]@3: 1.568476
dT[sub]@0: 1.526098
dT[sub]@1: 1.388174
dT[sub]@2: 1.300615
dT[sub]@3: 1.002392
dT[mul]@0: 1.04693
dT[mul]@1: 0.986093
dT[mul]@2: 0.91234
dT[mul]@3: 0.790959
dT[div]@0: 0.693495
dT[div]@1: 0.400678
dT[div]@2: 0.423895
dT[div]@3: 0.373187
dT[add]@0: 1.985438
dT[add]@1: 1.647351
dT[add]@2: 1.653306
dT[add]@3: 1.413104
dT[sub]@0: 1.469254
dT[sub]@1: 1.359252
dT[sub]@2: 1.305789
dT[sub]@3: 1.210769
dT[mul]@0: 0.974356
dT[mul]@1: 0.931154
dT[mul]@2: 0.859788
dT[mul]@3: 0.766453
dT[div]@0: 0.699789
dT[div]@1: 0.399453
dT[div]@2: 0.364807
dT[div]@3: 0.311165
dT[add]@0: 1.915991
dT[add]@1: 1.795427
dT[add]@2: 1.729973
dT[add]@3: 1.590755
dT[sub]@0: 1.454098
dT[sub]@1: 1.241203
dT[sub]@2: 1.235651
dT[sub]@3: 1.223516
dT[mul]@0: 1.129514
dT[mul]@1: 0.828324
dT[mul]@2: 0.822231
dT[mul]@3: 0.697966
dT[div]@0: 0.660102
dT[div]@1: 0.552362
dT[div]@2: 0.509236
dT[div]@3: 0.243296
dT[add]@0: 2.423417
dT[add]@1: 2.578968
dT[add]@2: 1.606891
dT[add]@3: 1.53078
dT[sub]@0: 1.416246
dT[sub]@1: 1.291645
dT[sub]@2: 1.21374
dT[sub]@3: 0.988235
dT[mul]@0: 1.000121
dT[mul]@1: 0.788255
dT[mul]@2: 0.802226
dT[mul]@3: 0.579622
dT[div]@0: 0.548783
dT[div]@1: 0.387407
dT[div]@2: 0.648111
dT[div]@3: 0.355672
dT[add]@0: 1.880525
dT[add]@1: 1.618704
dT[add]@2: 1.570923
dT[add]@3: 1.392782
dT[sub]@0: 1.334255
dT[sub]@1: 1.172253
dT[sub]@2: 1.440337
dT[sub]@3: 1.157415
dT[mul]@0: 1.078181
dT[mul]@1: 0.939864
dT[mul]@2: 0.967084
dT[mul]@3: 1.324162
dT[div]@0: 0.838349
dT[div]@1: 1.027659
dT[div]@2: 0.383982
dT[div]@3: 0.460563
dT[add]@0: 2.642268
dT[add]@1: 1.989255
dT[add]@2: 2.246091
dT[add]@3: 2.416603
dT[sub]@0: 1.777256
dT[sub]@1: 1.961016
dT[sub]@2: 2.096751
dT[sub]@3: 1.397637
dT[mul]@0: 1.804742
dT[mul]@1: 1.26448
dT[mul]@2: 1.405705
dT[mul]@3: 1.072974
dT[div]@0: 1.370982
dT[div]@1: 0.733094
dT[div]@2: 0.955886
dT[div]@3: 0.229489
dT[add]@0: 2.649058
dT[add]@1: 2.15471
dT[add]@2: 2.397712
dT[add]@3: 2.600902
dT[sub]@0: 1.906927
dT[sub]@1: 2.12623
dT[sub]@2: 1.588883
dT[sub]@3: 1.801133
dT[mul]@0: 2.150993
dT[mul]@1: 1.21679
dT[mul]@2: 1.457827
dT[mul]@3: 0.923446
dT[div]@0: 1.206134
dT[div]@1: 0.690198
dT[div]@2: 0.925962
dT[div]@3: 1.317516
dT[add]@0: 2.3916
dT[add]@1: 2.176967
dT[add]@2: 2.405179
dT[add]@3: 2.606715
dT[sub]@0: 1.986753
dT[sub]@1: 2.097324
dT[sub]@2: 1.545565
dT[sub]@3: 1.856453
dT[mul]@0: 1.292315
dT[mul]@1: 1.479442
dT[mul]@2: 1.66092
dT[mul]@3: 0.952581
dT[div]@0: 1.32421
dT[div]@1: 0.774543
dT[div]@2: 0.858582
dT[div]@3: 0.431196
dT[add]@0: 2.753066
dT[add]@1: 3.117908
dT[add]@2: 1.692774
dT[add]@3: 6.301946
dT[sub]@0: 6.532209
dT[sub]@1: 1.654259
dT[sub]@2: 1.884292
dT[sub]@3: 1.31915
dT[mul]@0: 1.573538
dT[mul]@1: 1.853846
dT[mul]@2: 1.310272
dT[mul]@3: 0.894575
dT[div]@0: 1.132887
dT[div]@1: 0.708267
dT[div]@2: 0.896709
dT[div]@3: 0.298341
dT[add]@0: 3.027954
dT[add]@1: 2.215821
dT[add]@2: 2.407322
dT[add]@3: 1.941031
dT[sub]@0: 2.341446
dT[sub]@1: 1.625067
dT[sub]@2: 1.805412
dT[sub]@3: 2.079878
dT[mul]@0: 1.409474
dT[mul]@1: 1.690307
dT[mul]@2: 1.010079
dT[mul]@3: 1.258517
dT[div]@0: 1.419302
dT[div]@1: 0.755394
dT[div]@2: 0.971019
dT[div]@3: 0.454517
dT[add]@0: 2.911732
dT[add]@1: 2.196768
dT[add]@2: 2.408102
dT[add]@3: 1.758624
dT[sub]@0: 2.007642
dT[sub]@1: 1.567529
dT[sub]@2: 1.765588
dT[sub]@3: 2.021398
dT[mul]@0: 1.326677
dT[mul]@1: 1.566004
dT[mul]@2: 0.986543
dT[mul]@3: 1.263495
dT[div]@0: 1.607846
dT[div]@1: 0.708554
dT[div]@2: 0.890267
dT[div]@3: 0.439184
dT[add]@0: 2.694345
dT[add]@1: 2.149954
dT[add]@2: 2.353912
dT[add]@3: 2.602089
dT[sub]@0: 1.830482
dT[sub]@1: 2.096386
dT[sub]@2: 1.531426
dT[sub]@3: 1.734613
dT[mul]@0: 1.201093
dT[mul]@1: 1.599949
dT[mul]@2: 1.036231
dT[mul]@3: 1.21472
dT[div]@0: 1.506547
dT[div]@1: 0.705729
dT[div]@2: 0.948894
dT[div]@3: 0.420647
dT[add]@0: 2.999343
dT[add]@1: 2.174277
dT[add]@2: 2.397957
dT[add]@3: 1.816416
dT[sub]@0: 2.108546
dT[sub]@1: 1.640782
dT[sub]@2: 1.840556
dT[sub]@3: 2.05526
dT[mul]@0: 1.446665
dT[mul]@1: 0.992152
dT[mul]@2: 1.201546
dT[mul]@3: 1.360823
dT[div]@0: 0.72163
dT[div]@1: 1.107123
dT[div]@2: 0.602997
dT[div]@3: 0.821154
dT[add]@0: 3.021163
dT[add]@1: 2.302953
dT[add]@2: 2.506402
dT[add]@3: 1.905323
dT[sub]@0: 2.304066
dT[sub]@1: 1.766326
dT[sub]@2: 1.925461
dT[sub]@3: 1.249268
dT[mul]@0: 1.474097
dT[mul]@1: 0.974729
dT[mul]@2: 1.278683
dT[mul]@3: 1.480149
dT[div]@0: 0.929257
dT[div]@1: 1.207528
dT[div]@2: 1.111521
dT[div]@3: 0.232071
dT[add]@0: 2.726018
dT[add]@1: 1.92564
dT[add]@2: 2.231119
dT[add]@3: 1.762047
dT[sub]@0: 2.00108
dT[sub]@1: 1.698775
dT[sub]@2: 2.113495
dT[sub]@3: 1.578281
dT[mul]@0: 1.916645
dT[mul]@1: 1.402045
dT[mul]@2: 0.823285
dT[mul]@3: 1.118181
dT[div]@0: 1.32785
dT[div]@1: 0.755321
dT[div]@2: 1.002987
dT[div]@3: 0.436038
dT[add]@0: 2.646891
dT[add]@1: 1.93803
dT[add]@2: 2.18378
dT[add]@3: 2.399111
dT[sub]@0: 1.79739
dT[sub]@1: 2.237897
dT[sub]@2: 1.544418
dT[sub]@3: 1.820798
dT[mul]@0: 1.259591
dT[mul]@1: 1.545311
dT[mul]@2: 1.14626
dT[mul]@3: 1.366177
dT[div]@0: 0.613797
dT[div]@1: 0.834567
dT[div]@2: 0.51235
dT[div]@3: 0.741334
dT[add]@0: 3.022078
dT[add]@1: 2.27145
dT[add]@2: 2.497742
dT[add]@3: 1.891748
dT[sub]@0: 2.12442
dT[sub]@1: 1.490861
dT[sub]@2: 1.792376
dT[sub]@3: 1.212147
dT[mul]@0: 1.499369
dT[mul]@1: 1.725142
dT[mul]@2: 1.218415
dT[mul]@3: 1.518521
dT[div]@0: 0.787058
dT[div]@1: 1.023307
dT[div]@2: 0.453722
dT[div]@3: 0.468349
dT[add]@0: 2.757487
dT[add]@1: 2.193413
dT[add]@2: 2.271452
dT[add]@3: 2.098565
dT[sub]@0: 2.297715
dT[sub]@1: 1.64604
dT[sub]@2: 2.037688
dT[sub]@3: 1.409745
dT[mul]@0: 1.587165
dT[mul]@1: 1.889567
dT[mul]@2: 1.184887
dT[mul]@3: 0.786787
dT[div]@0: 1.025747
dT[div]@1: 1.293105
dT[div]@2: 0.526033
dT[div]@3: 0.787252
dT[add]@0: 2.243445
dT[add]@1: 2.513076
dT[add]@2: 1.93033
dT[add]@3: 2.173147
dT[sub]@0: 1.567934
dT[sub]@1: 1.872023
dT[sub]@2: 2.031673
dT[sub]@3: 1.359908
dT[mul]@0: 1.583885
dT[mul]@1: 1.094507
dT[mul]@2: 1.489564
dT[mul]@3: 0.880817
dT[div]@0: 1.079472
dT[div]@1: 1.340742
dT[div]@2: 0.699453
dT[div]@3: 0.979265
dT[add]@0: 2.272405
dT[add]@1: 2.473962
dT[add]@2: 2.829667
dT[add]@3: 1.911931
dT[sub]@0: 2.106488
dT[sub]@1: 1.665084
dT[sub]@2: 1.881987
dT[sub]@3: 1.361725
dT[mul]@0: 1.599236
dT[mul]@1: 1.006609
dT[mul]@2: 1.409223
dT[mul]@3: 1.693751
dT[div]@0: 0.816371
dT[div]@1: 1.026428
dT[div]@2: 0.323
dT[div]@3: 0.779033
dT[add]@0: 2.280002
dT[add]@1: 2.511997
dT[add]@2: 2.664777
dT[add]@3: 1.945569
dT[sub]@0: 2.156823
dT[sub]@1: 1.600182
dT[sub]@2: 1.783674
dT[sub]@3: 1.335769
dT[mul]@0: 1.521433
dT[mul]@1: 1.774407
dT[mul]@2: 1.021776
dT[mul]@3: 1.418858
dT[div]@0: 0.807572
dT[div]@1: 1.021846
dT[div]@2: 0.319522
dT[div]@3: 0.690128
dT[add]@0: 2.933791
dT[add]@1: 2.31986
dT[add]@2: 2.50722
dT[add]@3: 1.947174
dT[sub]@0: 2.169907
dT[sub]@1: 1.623951
dT[sub]@2: 1.800524
dT[sub]@3: 2.213737
dT[mul]@0: 1.285367
dT[mul]@1: 1.501324
dT[mul]@2: 0.981896
dT[mul]@3: 1.41065
dT[div]@0: 0.790435
dT[div]@1: 1.01306
dT[div]@2: 1.196132
dT[div]@3: 0.611547
dT[add]@0: 2.92063
dT[add]@1: 2.145118
dT[add]@2: 2.310726
dT[add]@3: 2.586322
dT[sub]@0: 1.743224
dT[sub]@1: 1.962999
dT[sub]@2: 1.484409
dT[sub]@3: 1.834894
dT[mul]@0: 1.491448
dT[mul]@1: 1.728399
dT[mul]@2: 0.967801
dT[mul]@3: 1.408591
dT[div]@0: 0.707128
dT[div]@1: 0.935111
dT[div]@2: 1.140004
dT[div]@3: 0.539909
dT[add]@0: 2.704765
dT[add]@1: 2.136362
dT[add]@2: 2.29417
dT[add]@3: 2.724948
dT[sub]@0: 1.805651
dT[sub]@1: 2.025533
dT[sub]@2: 1.460452
dT[sub]@3: 1.714401
dT[mul]@0: 1.88313
dT[mul]@1: 1.151467
dT[mul]@2: 1.550724
dT[mul]@3: 0.916315
dT[div]@0: 1.085947
dT[div]@1: 1.345838
dT[div]@2: 0.676297
dT[div]@3: 0.943829
dT[add]@0: 2.327196
dT[add]@1: 2.526838
dT[add]@2: 2.059934
dT[add]@3: 2.284362
dT[sub]@0: 2.491334
dT[sub]@1: 1.686048
dT[sub]@2: 1.332278
dT[sub]@3: 1.379257
dT[mul]@0: 1.558097
dT[mul]@1: 1.228448
dT[mul]@2: 1.599166
dT[mul]@3: 0.928182
dT[div]@0: 1.100308
dT[div]@1: 1.377937
dT[div]@2: 0.686367
dT[div]@3: 0.960959
dT[add]@0: 2.315904
dT[add]@1: 2.512789
dT[add]@2: 2.228147
dT[add]@3: 2.499455
dT[sub]@0: 1.753149
dT[sub]@1: 2.020266
dT[sub]@2: 1.329956
dT[sub]@3: 1.608492
dT[mul]@0: 1.764502
dT[mul]@1: 1.17394
dT[mul]@2: 1.380106
dT[mul]@3: 1.051802
dT[div]@0: 1.268889
dT[div]@1: 0.811667
dT[div]@2: 0.341816
dT[div]@3: 0.72565
dT[add]@0: 2.905377
dT[add]@1: 2.295841
dT[add]@2: 2.490368
dT[add]@3: 1.936321
dT[sub]@0: 2.315555
dT[sub]@1: 1.668651
dT[sub]@2: 1.849616
dT[sub]@3: 1.455182
dT[mul]@0: 1.603183
dT[mul]@1: 1.181265
dT[mul]@2: 1.47842
dT[mul]@3: 1.619714
dT[div]@0: 0.909098
dT[div]@1: 1.183571
dT[div]@2: 0.59182
dT[div]@3: 0.701136
dT[add]@0: 2.952721
dT[add]@1: 2.155348
dT[add]@2: 2.412554
dT[add]@3: 1.857174
dT[sub]@0: 2.07729
dT[sub]@1: 1.488817
dT[sub]@2: 1.714699
dT[sub]@3: 1.878435
dT[mul]@0: 1.268461
dT[mul]@1: 1.65494
dT[mul]@2: 0.99554
dT[mul]@3: 1.26091
dT[div]@0: 0.620918
dT[div]@1: 1.010954
dT[div]@2: 0.405753
dT[div]@3: 0.646844
dT[add]@0: 2.907004
dT[add]@1: 2.141396
dT[add]@2: 2.511372
dT[add]@3: 1.938761
dT[sub]@0: 2.047438
dT[sub]@1: 2.332322
dT[sub]@2: 1.467259
dT[sub]@3: 1.696407
dT[mul]@0: 1.237317
dT[mul]@1: 1.68591
dT[mul]@2: 1.049178
dT[mul]@3: 1.259933
dT[div]@0: 0.609501
dT[div]@1: 0.833273
dT[div]@2: 0.433902
dT[div]@3: 0.399908
dT[add]@0: 2.510662
dT[add]@1: 2.78396
dT[add]@2: 2.149441
dT[add]@3: 1.874438
dT[sub]@0: 2.051456
dT[sub]@1: 2.183542
dT[sub]@2: 1.495774
dT[sub]@3: 1.841227
dT[mul]@0: 1.224597
dT[mul]@1: 1.49683
dT[mul]@2: 1.138914
dT[mul]@3: 1.342196
dT[div]@0: 0.609151
dT[div]@1: 0.922601
dT[div]@2: 1.189543
dT[div]@3: 0.496768
dT[add]@0: 2.59719
dT[add]@1: 2.166939
dT[add]@2: 2.387498
dT[add]@3: 1.850568
dT[sub]@0: 1.962221
dT[sub]@1: 2.227768
dT[sub]@2: 1.623501
dT[sub]@3: 1.90656
dT[mul]@0: 1.280239
dT[mul]@1: 1.491737
dT[mul]@2: 1.657508
dT[mul]@3: 1.044329
dT[div]@0: 0.602764
dT[div]@1: 0.823934
dT[div]@2: 1.174176
dT[div]@3: 0.610797
dT[add]@0: 2.846324
dT[add]@1: 2.447281
dT[add]@2: 2.674893
dT[add]@3: 2.27839
dT[sub]@0: 1.784663
dT[sub]@1: 1.96331
dT[sub]@2: 1.702535
dT[sub]@3: 1.425476
dT[mul]@0: 1.723951
dT[mul]@1: 1.055628
dT[mul]@2: 1.367059
dT[mul]@3: 1.183195
dT[div]@0: 0.902989
dT[div]@1: 1.142608
dT[div]@2: 0.483665
dT[div]@3: 0.401447
dT[add]@0: 2.803876
dT[add]@1: 2.320429
dT[add]@2: 2.606621
dT[add]@3: 2.093837
dT[sub]@0: 1.930133
dT[sub]@1: 2.167657
dT[sub]@2: 1.616855
dT[sub]@3: 1.830276
dT[mul]@0: 1.482899
dT[mul]@1: 1.035953
dT[mul]@2: 1.331893
dT[mul]@3: 0.825174
dT[div]@0: 1.139325
dT[div]@1: 0.793747
dT[div]@2: 1.070918
dT[div]@3: 0.426057
dT[add]@0: 2.628823
dT[add]@1: 2.790179
dT[add]@2: 2.448094
dT[add]@3: 1.733387
dT[sub]@0: 2.322485
dT[sub]@1: 1.875271
dT[sub]@2: 2.125063
dT[sub]@3: 1.634782
dT[mul]@0: 1.451593
dT[mul]@1: 1.703532
dT[mul]@2: 1.146813
dT[mul]@3: 0.924381
dT[div]@0: 1.451426
dT[div]@1: 0.820639
dT[div]@2: 0.604863
dT[div]@3: 0.671822
dT[add]@0: 2.621873
dT[add]@1: 2.792798
dT[add]@2: 2.210373
dT[add]@3: 2.042817
dT[sub]@0: 2.341311
dT[sub]@1: 1.839845
dT[sub]@2: 2.069864
dT[sub]@3: 1.456201
dT[mul]@0: 1.397838
dT[mul]@1: 1.580992
dT[mul]@2: 1.184395
dT[mul]@3: 1.098429
dT[div]@0: 1.179978
dT[div]@1: 0.825992
dT[div]@2: 0.418703
dT[div]@3: 0.659627
dT[add]@0: 2.699494
dT[add]@1: 2.707208
dT[add]@2: 2.360002
dT[add]@3: 2.39453
dT[sub]@0: 2.155554
dT[sub]@1: 1.830999
dT[sub]@2: 2.066847
dT[sub]@3: 1.626526
dT[mul]@0: 1.69174
dT[mul]@1: 1.557548
dT[mul]@2: 1.299747
dT[mul]@3: 1.091511
dT[div]@0: 0.728983
dT[div]@1: 0.584372
dT[div]@2: 0.828103
dT[div]@3: 0.464427
dT[add]@0: 2.765976
dT[add]@1: 2.602911
dT[add]@2: 2.694818
dT[add]@3: 2.225438
dT[sub]@0: 1.901893
dT[sub]@1: 1.876573
dT[sub]@2: 1.385023
dT[sub]@3: 1.594698
dT[mul]@0: 1.223766
dT[mul]@1: 1.297946
dT[mul]@2: 1.135628
dT[mul]@3: 1.05
dT[div]@0: 0.99662
dT[div]@1: 0.586412
dT[div]@2: 0.422047
dT[div]@3: 0.466402
dT[add]@0: 2.853297
dT[add]@1: 2.650673
dT[add]@2: 2.514354
dT[add]@3: 2.168833
dT[sub]@0: 1.99863
dT[sub]@1: 2.44374
dT[sub]@2: 2.009137
dT[sub]@3: 2.122674
dT[mul]@0: 1.40142
dT[mul]@1: 1.939847
dT[mul]@2: 1.07162
dT[mul]@3: 1.234636
dT[div]@0: 1.617457
dT[div]@1: 0.76333
dT[div]@2: 0.578674
dT[div]@3: 0.50499
dT[add]@0: 3.1593
dT[add]@1: 3.453187
dT[add]@2: 2.489897
dT[add]@3: 2.844998
dT[sub]@0: 3.303513
dT[sub]@1: 2.391044
dT[sub]@2: 13.468361
dT[sub]@3: 13.813003
dT[mul]@0: 1.421354
dT[mul]@1: 1.809413
dT[mul]@2: 2.205737
dT[mul]@3: 2.516504
dT[div]@0: 2.915505
dT[div]@1: 3.226197
dT[div]@2: 3.620773
dT[div]@3: 3.915401
dT[add]@0: 20.516
dT[add]@1: 6.361349
dT[add]@2: 6.606604
dT[add]@3: 6.882154
dT[sub]@0: 7.259623
dT[sub]@1: 7.542146
dT[sub]@2: 7.887025
dT[sub]@3: 8.172102
dT[mul]@0: 7.126983
dT[mul]@1: 7.02183
dT[mul]@2: 6.982221
dT[mul]@3: 6.980591
dT[div]@0: 6.93469
dT[div]@1: 6.904558
dT[div]@2: 6.892305
dT[div]@3: 6.885754
dT[add]@0: 6.849301
dT[add]@1: 6.841113
dT[add]@2: 6.801722
dT[add]@3: 6.792146
dT[sub]@0: 6.791826
dT[sub]@1: 6.777872
dT[sub]@2: 6.776918
dT[sub]@3: 6.737891
dT[mul]@0: 6.645089
dT[mul]@1: 1.503837
dT[mul]@2: 1.995662
dT[mul]@3: 0.824578
dT[div]@0: 1.148105
dT[div]@1: 0.412519
dT[div]@2: 0.548227
dT[div]@3: 0.345462
dT[add]@0: 1.70538
dT[add]@1: 1.781605
dT[add]@2: 1.645481
dT[add]@3: 1.524324
dT[sub]@0: 1.544682
dT[sub]@1: 1.373536
dT[sub]@2: 1.64491
dT[sub]@3: 0.99083
dT[mul]@0: 1.290472
dT[mul]@1: 1.048133
dT[mul]@2: 1.622479
dT[mul]@3: 0.804044
dT[div]@0: 1.095085
dT[div]@1: 0.496605
dT[div]@2: 0.277479
dT[div]@3: 0.329287
dT[add]@0: 1.899893
dT[add]@1: 1.799608
dT[add]@2: 1.669772
dT[add]@3: 1.472966
dT[sub]@0: 1.282355
dT[sub]@1: 1.587612
dT[sub]@2: 1.327966
dT[sub]@3: 1.651801
dT[mul]@0: 0.992928
dT[mul]@1: 1.268698
dT[mul]@2: 1.510295
dT[mul]@3: 0.543368
dT[div]@0: 0.909563
dT[div]@1: 0.626363
dT[div]@2: 0.870601
dT[div]@3: 0.368521
dT[add]@0: 2.078831
dT[add]@1: 1.690125
dT[add]@2: 1.628402
dT[add]@3: 1.873809
dT[sub]@0: 2.127163
dT[sub]@1: 1.215779
dT[sub]@2: 1.290619
dT[sub]@3: 1.549439
dT[mul]@0: 1.908491
dT[mul]@1: 1.02947
dT[mul]@2: 1.391217
dT[mul]@3: 0.797246
dT[div]@0: 0.535911
dT[div]@1: 0.586798
dT[div]@2: 0.865313
dT[div]@3: 0.183133
dT[add]@0: 1.922926
dT[add]@1: 1.649258
dT[add]@2: 1.488617
dT[add]@3: 1.748272
dT[sub]@0: 1.520277
dT[sub]@1: 1.771553
dT[sub]@2: 1.17154
dT[sub]@3: 1.211107
dT[mul]@0: 1.475533
dT[mul]@1: 1.024598
dT[mul]@2: 0.822019
dT[mul]@3: 0.785549
dT[div]@0: 0.704515
dT[div]@1: 0.980919
dT[div]@2: 0.487376
dT[div]@3: 0.646089
dT[add]@0: 1.913204
dT[add]@1: 1.807876
dT[add]@2: 1.558225
dT[add]@3: 1.586047
dT[sub]@0: 1.843648
dT[sub]@1: 2.21001
dT[sub]@2: 1.346795
dT[sub]@3: 1.66654
dT[mul]@0: 0.900268
dT[mul]@1: 1.238335
dT[mul]@2: 1.495714
dT[mul]@3: 0.763438
dT[div]@0: 0.463217
dT[div]@1: 0.566534
dT[div]@2: 0.280647
dT[div]@3: 0.365985
dT[add]@0: 2.001755
dT[add]@1: 1.877391
dT[add]@2: 1.614757
dT[add]@3: 1.393346
dT[sub]@0: 1.619519
dT[sub]@1: 1.443906
dT[sub]@2: 1.828496
dT[sub]@3: 1.009391
dT[mul]@0: 0.880742
dT[mul]@1: 1.004566
dT[mul]@2: 0.75079
dT[mul]@3: 0.760756
dT[div]@0: 1.029887
dT[div]@1: 1.379127
dT[div]@2: 0.506666
dT[div]@3: 0.842877
dT[add]@0: 2.102393
dT[add]@1: 2.315162
dT[add]@2: 2.476583
dT[add]@3: 1.449038
dT[sub]@0: 2.038997
dT[sub]@1: 1.495688
dT[sub]@2: 1.876148
dT[sub]@3: 1.01097
dT[mul]@0: 1.01378
dT[mul]@1: 0.996286
dT[mul]@2: 0.892256
dT[mul]@3: 1.161431
dT[div]@0: 0.591984
dT[div]@1: 0.587879
dT[div]@2: 0.859208
dT[div]@3: 0.298135
dT[add]@0: 1.955689
dT[add]@1: 1.855682
dT[add]@2: 1.785017
dT[add]@3: 1.980892
dT[sub]@0: 1.282212
dT[sub]@1: 1.60075
dT[sub]@2: 1.295627
dT[sub]@3: 1.563534
dT[mul]@0: 0.970535
dT[mul]@1: 0.778924
dT[mul]@2: 0.892363
dT[mul]@3: 0.862649
dT[div]@0: 0.689498
dT[div]@1: 0.953949
dT[div]@2: 1.250278
dT[div]@3: 0.39279
dT[add]@0: 2.533117
dT[add]@1: 1.635255
dT[add]@2: 1.670536
dT[add]@3: 1.591716
dT[sub]@0: 1.527392
dT[sub]@1: 1.451494
dT[sub]@2: 1.295495
dT[sub]@3: 1.540148
dT[mul]@0: 0.883607
dT[mul]@1: 0.772368
dT[mul]@2: 5.033817
dT[mul]@3: 0.814002
dT[div]@0: 1.071857
dT[div]@1: 0.53135
dT[div]@2: 0.497661
dT[div]@3: 0.29594
dT[add]@0: 1.901079
dT[add]@1: 1.74034
dT[add]@2: 1.498349
dT[add]@3: 1.538443
dT[sub]@0: 1.576105
dT[sub]@1: 1.414597
dT[sub]@2: 1.673864
dT[sub]@3: 1.096321
dT[mul]@0: 0.886404
dT[mul]@1: 0.929316
dT[mul]@2: 0.735946
dT[mul]@3: 0.76336
dT[div]@0: 1.010662
dT[div]@1: 1.362632
dT[div]@2: 0.496935
dT[div]@3: 0.755398
dT[add]@0: 2.035379
dT[add]@1: 1.676194
dT[add]@2: 1.614025
dT[add]@3: 1.626287
dT[sub]@0: 1.535763
dT[sub]@1: 1.775746
dT[sub]@2: 1.094582
dT[sub]@3: 1.16201
dT[mul]@0: 0.850892
dT[mul]@1: 1.190344
dT[mul]@2: 0.752337
dT[mul]@3: 0.978467
dT[div]@0: 1.301631
dT[div]@1: 0.385379
dT[div]@2: 0.691288
dT[div]@3: 0.387392
dT[add]@0: 2.543115
dT[add]@1: 1.671131
dT[add]@2: 1.647534
dT[add]@3: 1.698155
dT[sub]@0: 1.285066
dT[sub]@1: 1.340889
dT[sub]@2: 1.204235
dT[sub]@3: 0.994629
dT[mul]@0: 1.026267
dT[mul]@1: 0.963683
dT[mul]@2: 0.881213
dT[mul]@3: 0.615852
dT[div]@0: 0.612984
dT[div]@1: 0.534231
dT[div]@2: 0.273885
dT[div]@3: 0.185244
dT[add]@0: 1.845601
dT[add]@1: 1.693164
dT[add]@2: 1.564398
dT[add]@3: 1.536682
dT[sub]@0: 1.349237
dT[sub]@1: 1.489094
dT[sub]@2: 5.432686
dT[sub]@3: 5.841875
dT[mul]@0: 0.904617
dT[mul]@1: 0.948248
dT[mul]@2: 0.734297
dT[mul]@3: 0.777162
dT[div]@0: 1.029124
dT[div]@1: 1.326741
dT[div]@2: 0.45858
dT[div]@3: 0.201117
dT[add]@0: 1.823245
dT[add]@1: 1.855958
dT[add]@2: 1.65542
dT[add]@3: 1.913682
dT[sub]@0: 1.412325
dT[sub]@1: 1.247389
dT[sub]@2: 1.261855
dT[sub]@3: 1.034128
dT[mul]@0: 1.013384
dT[mul]@1: 0.84242
dT[mul]@2: 0.861164
dT[mul]@3: 1.118113
dT[div]@0: 1.467223
dT[div]@1: 0.594766
dT[div]@2: 0.848302
dT[div]@3: 0.176606
dT[add]@0: 2.080358
dT[add]@1: 1.97858
dT[add]@2: 2.149863
dT[add]@3: 1.587166
dT[sub]@0: 1.431666
dT[sub]@1: 1.419966
dT[sub]@2: 1.217679
dT[sub]@3: 0.997824
dT[mul]@0: 0.825822
dT[mul]@1: 0.93646
dT[mul]@2: 0.80572
dT[mul]@3: 0.794675
dT[div]@0: 0.461423
dT[div]@1: 0.592323
dT[div]@2: 0.402966
dT[div]@3: 0.384944
dT[add]@0: 1.975845
dT[add]@1: 1.67828
dT[add]@2: 1.581936
dT[add]@3: 1.473359
dT[sub]@0: 1.288114
dT[sub]@1: 1.631744
dT[sub]@2: 1.303185
dT[sub]@3: 1.558949
dT[mul]@0: 0.889327
dT[mul]@1: 0.97623
dT[mul]@2: 0.889025
dT[mul]@3: 1.147285
dT[div]@0: 0.478878
dT[div]@1: 0.548768
dT[div]@2: 0.502298
dT[div]@3: 0.775593
dT[add]@0: 1.830288
dT[add]@1: 1.813269
dT[add]@2: 1.752431
dT[add]@3: 1.96988
dT[sub]@0: 1.334606
dT[sub]@1: 1.194338
dT[sub]@2: 1.534855
dT[sub]@3: 1.221337
dT[mul]@0: 1.502156
dT[mul]@1: 0.783385
dT[mul]@2: 1.115233
dT[mul]@3: 1.448636
dT[div]@0: 0.898945
dT[div]@1: 0.389906
dT[div]@2: 0.411424
dT[div]@3: 0.358611
dT[add]@0: 1.962514
dT[add]@1: 1.710389
dT[add]@2: 1.605452
dT[add]@3: 1.474745
dT[sub]@0: 1.506795
dT[sub]@1: 1.783856
dT[sub]@2: 1.176352
dT[sub]@3: 1.226013
dT[mul]@0: 1.521192
dT[mul]@1: 0.793276
dT[mul]@2: 0.853851
dT[mul]@3: 0.795803
dT[div]@0: 1.060077
dT[div]@1: 1.401065
dT[div]@2: 0.514089
dT[div]@3: 0.832202
dT[add]@0: 1.83942
dT[add]@1: 1.848631
dT[add]@2: 1.660389
dT[add]@3: 1.629904
dT[sub]@0: 1.895967
dT[sub]@1: 1.20026
dT[sub]@2: 1.256549
dT[sub]@3: 1.05925
dT[mul]@0: 1.078182
dT[mul]@1: 1.344515
dT[mul]@2: 0.791627
dT[mul]@3: 0.586836
dT[div]@0: 0.677604
dT[div]@1: 0.66199
dT[div]@2: 0.417246
dT[div]@3: 0.548437
dT[add]@0: 2.404951
dT[add]@1: 2.40583
dT[add]@2: 1.685991
dT[add]@3: 1.484566
dT[sub]@0: 1.45542
dT[sub]@1: 1.347586
dT[sub]@2: 1.295261
dT[sub]@3: 0.982602
dT[mul]@0: 0.958333
dT[mul]@1: 0.940918
dT[mul]@2: 0.862873
dT[mul]@3: 0.812608
dT[div]@0: 0.682845
dT[div]@1: 0.631147
dT[div]@2: 0.476909
dT[div]@3: 0.412497
dT[add]@0: 1.770762
dT[add]@1: 1.778961
dT[add]@2: 1.727443
dT[add]@3: 1.65194
dT[sub]@0: 1.304772
dT[sub]@1: 1.360574
dT[sub]@2: 1.263135
dT[sub]@3: 1.240149
dT[mul]@0: 1.088946
dT[mul]@1: 0.787085
dT[mul]@2: 0.760085
dT[mul]@3: 0.73245
dT[div]@0: 0.61686
dT[div]@1: 0.54209
dT[div]@2: 0.485854
dT[div]@3: 0.42225
dT[add]@0: 1.771412
dT[add]@1: 1.8989
dT[add]@2: 2.083107
dT[add]@3: 2.345294
dT[sub]@0: 1.337041
dT[sub]@1: 1.350478
dT[sub]@2: 1.26185
dT[sub]@3: 1.239097
dT[mul]@0: 1.081168
dT[mul]@1: 1.037107
dT[mul]@2: 0.696561
dT[mul]@3: 0.735439
dT[div]@0: 0.674906
dT[div]@1: 0.609683
dT[div]@2: 0.481922
dT[div]@3: 0.42459
dT[add]@0: 2.076511
dT[add]@1: 2.230095
dT[add]@2: 2.445586
dT[add]@3: 1.6358
dT[sub]@0: 1.329369
dT[sub]@1: 1.584018
dT[sub]@2: 1.118866
dT[sub]@3: 1.126202
dT[mul]@0: 1.026352
dT[mul]@1: 0.955292
dT[mul]@2: 0.870202
dT[mul]@3: 0.805282
dT[div]@0: 0.666998
dT[div]@1: 0.589019
dT[div]@2: 0.468718
dT[div]@3: 0.321694
dT[add]@0: 1.900448
dT[add]@1: 1.807968
dT[add]@2: 1.688714
dT[add]@3: 1.577251
dT[sub]@0: 1.302512
dT[sub]@1: 1.557657
dT[sub]@2: 1.087456
dT[sub]@3: 0.994237
dT[mul]@0: 1.243722
dT[mul]@1: 0.801994
dT[mul]@2: 0.768927
dT[mul]@3: 0.715982
dT[div]@0: 0.629226
dT[div]@1: 0.564033
dT[div]@2: 0.492108
dT[div]@3: 0.360576
dT[add]@0: 2.318621
dT[add]@1: 2.515654
dT[add]@2: 2.741101
dT[add]@3: 1.398968
dT[sub]@0: 1.642012
dT[sub]@1: 1.582144
dT[sub]@2: 1.833274
dT[sub]@3: 1.996366
dT[mul]@0: 1.13004
dT[mul]@1: 0.962125
dT[mul]@2: 0.742993
dT[mul]@3: 0.752939
dT[div]@0: 0.668101
dT[div]@1: 0.605535
dT[div]@2: 0.470196
dT[div]@3: 0.402026
dT[add]@0: 1.769284
dT[add]@1: 1.74056
dT[add]@2: 1.505274
dT[add]@3: 1.44422
dT[sub]@0: 1.480152
dT[sub]@1: 1.35844
dT[sub]@2: 1.323642
dT[sub]@3: 1.174613
dT[mul]@0: 1.114701
dT[mul]@1: 1.008766
dT[mul]@2: 0.913702
dT[mul]@3: 0.973226
dT[div]@0: 1.226265
dT[div]@1: 1.410649
dT[div]@2: 1.596719
dT[div]@3: 1.868033
dT[add]@0: 8.003444
dT[add]@1: 3.97469
dT[add]@2: 4.060056
dT[add]@3: 4.308615
dT[sub]@0: 4.482498
dT[sub]@1: 4.677027
dT[sub]@2: 4.866786
dT[sub]@3: 5.122035
dT[mul]@0: 5.299605
dT[mul]@1: 5.528409
dT[mul]@2: 0.697169
dT[mul]@3: 0.734942
dT[div]@0: 0.660369
dT[div]@1: 0.588989
dT[div]@2: 0.499801
dT[div]@3: 0.405283
dT[add]@0: 1.933237
dT[add]@1: 1.821487
dT[add]@2: 1.515108
dT[add]@3: 1.524937
dT[sub]@0: 1.445192
dT[sub]@1: 1.33758
dT[sub]@2: 1.273588
dT[sub]@3: 1.205924
dT[mul]@0: 1.100055
dT[mul]@1: 1.002449
dT[mul]@2: 0.865628
dT[mul]@3: 0.588964
dT[div]@0: 0.54255
dT[div]@1: 0.543765
dT[div]@2: 0.450118
dT[div]@3: 0.390645
dT[add]@0: 1.974547
dT[add]@1: 1.808863
dT[add]@2: 1.494111
dT[add]@3: 1.702716
dT[sub]@0: 1.443559
dT[sub]@1: 1.411183
dT[sub]@2: 1.300888
dT[sub]@3: 1.009343
dT[mul]@0: 1.012331
dT[mul]@1: 0.942649
dT[mul]@2: 0.886558
dT[mul]@3: 0.771714
dT[div]@0: 0.681119
dT[div]@1: 0.584934
dT[div]@2: 0.492954
dT[div]@3: 0.371729
dT[add]@0: 1.940526
dT[add]@1: 1.732525
dT[add]@2: 1.665786
dT[add]@3: 1.575807
dT[sub]@0: 1.508576
dT[sub]@1: 1.441417
dT[sub]@2: 1.080456
dT[sub]@3: 1.341282
dT[mul]@0: 0.925742
dT[mul]@1: 0.920557
dT[mul]@2: 0.819717
dT[mul]@3: 0.762452
dT[div]@0: 0.667803
dT[div]@1: 0.612257
dT[div]@2: 0.458201
dT[div]@3: 0.383839
dT[add]@0: 1.761075
dT[add]@1: 1.789989
dT[add]@2: 1.662398
dT[add]@3: 1.565222
dT[sub]@0: 1.509941
dT[sub]@1: 1.41164
dT[sub]@2: 1.107943
dT[sub]@3: 1.060287
dT[mul]@0: 1.026549
dT[mul]@1: 0.820705
dT[mul]@2: 0.682727
dT[mul]@3: 0.899954
dT[div]@0: 0.705996
dT[div]@1: 0.404207
dT[div]@2: 0.419056
dT[div]@3: 0.319472
dT[add]@0: 1.915108
dT[add]@1: 1.76553
dT[add]@2: 1.728834
dT[add]@3: 1.582348
dT[sub]@0: 1.502472
dT[sub]@1: 1.379333
dT[sub]@2: 1.290897
dT[sub]@3: 1.006127
dT[mul]@0: 1.244379
dT[mul]@1: 0.906076
dT[mul]@2: 0.829588
dT[mul]@3: 0.731497
dT[div]@0: 0.643143
dT[div]@1: 0.561714
dT[div]@2: 0.482505
dT[div]@3: 0.360408
dT[add]@0: 1.940343
dT[add]@1: 1.802973
dT[add]@2: 1.700178
dT[add]@3: 1.593028
dT[sub]@0: 1.491976
dT[sub]@1: 1.200532
dT[sub]@2: 1.158252
dT[sub]@3: 1.012473
dT[mul]@0: 1.033223
dT[mul]@1: 0.922233
dT[mul]@2: 0.854988
dT[mul]@3: 0.741703
dT[div]@0: 0.691229
dT[div]@1: 0.585495
dT[div]@2: 0.488608
dT[div]@3: 0.372627
dT[add]@0: 1.931887
dT[add]@1: 1.81611
dT[add]@2: 1.527427
dT[add]@3: 1.451721
dT[sub]@0: 1.459261
dT[sub]@1: 1.363651
dT[sub]@2: 1.254254
dT[sub]@3: 1.153607
dT[mul]@0: 1.098532
dT[mul]@1: 0.955169
dT[mul]@2: 0.914577
dT[mul]@3: 0.759001
dT[div]@0: 0.688936
dT[div]@1: 0.572666
dT[div]@2: 0.482136
dT[div]@3: 0.196339
dT[add]@0: 2.090897
dT[add]@1: 1.618744
dT[add]@2: 1.624583
dT[add]@3: 1.53114
dT[sub]@0: 1.44484
dT[sub]@1: 1.368191
dT[sub]@2: 1.307004
dT[sub]@3: 1.179196
dT[mul]@0: 1.097151
dT[mul]@1: 0.968201
dT[mul]@2: 0.894063
dT[mul]@3: 0.790744
dT[div]@0: 0.691426
dT[div]@1: 0.741868
dT[div]@2: 0.972308
dT[div]@3: 0.211043
dT[add]@0: 1.905139
dT[add]@1: 1.784898
dT[add]@2: 1.651663
dT[add]@3: 1.649072
dT[sub]@0: 1.47638
dT[sub]@1: 1.419967
dT[sub]@2: 1.110426
dT[sub]@3: 1.215777
dT[mul]@0: 1.039221
dT[mul]@1: 1.005683
dT[mul]@2: 0.876306
dT[mul]@3: 0.77842
dT[div]@0: 0.671354
dT[div]@1: 0.59173
dT[div]@2: 0.298054
dT[div]@3: 0.312603
dT[add]@0: 1.770648
dT[add]@1: 1.737597
dT[add]@2: 1.685304
dT[add]@3: 1.59647
dT[sub]@0: 1.46911
dT[sub]@1: 1.410379
dT[sub]@2: 1.286345
dT[sub]@3: 1.179447
dT[mul]@0: 1.07371
dT[mul]@1: 0.982883
dT[mul]@2: 0.855536
dT[mul]@3: 0.782492
dT[div]@0: 0.507281
dT[div]@1: 0.453838
dT[div]@2: 0.308244
dT[div]@3: 0.318087
dT[add]@0: 1.901428
dT[add]@1: 1.816798
dT[add]@2: 1.678735
dT[add]@3: 1.614058
dT[sub]@0: 1.464925
dT[sub]@1: 1.412138
dT[sub]@2: 1.286138
dT[sub]@3: 1.138171
dT[mul]@0: 1.101479
dT[mul]@1: 0.974066
dT[mul]@2: 0.891627
dT[mul]@3: 0.767178
dT[div]@0: 0.692333
dT[div]@1: 0.569849
dT[div]@2: 0.480175
dT[div]@3: 0.196992
dT[add]@0: 1.814939
dT[add]@1: 1.633034
dT[add]@2: 1.660467
dT[add]@3: 1.567794
dT[sub]@0: 1.507539
dT[sub]@1: 1.385241
dT[sub]@2: 1.300854
dT[sub]@3: 1.164717
dT[mul]@0: 1.101117
dT[mul]@1: 0.975566
dT[mul]@2: 0.900834
dT[mul]@3: 0.766613
dT[div]@0: 0.685413
dT[div]@1: 0.576943
dT[div]@2: 0.79685
dT[div]@3: 0.987131
dT[add]@0: 2.033433
dT[add]@1: 1.788047
dT[add]@2: 1.650269
dT[add]@3: 1.387807
dT[sub]@0: 1.359947
dT[sub]@1: 1.365298
dT[sub]@2: 1.243831
dT[sub]@3: 1.152456
dT[mul]@0: 1.059861
dT[mul]@1: 0.999422
dT[mul]@2: 0.86116
dT[mul]@3: 0.793084
dT[div]@0: 0.679944
dT[div]@1: 0.537182
dT[div]@2: 0.48651
dT[div]@3: 0.367953
dT[add]@0: 1.927917
dT[add]@1: 1.622809
dT[add]@2: 1.575908
dT[add]@3: 1.394683
dT[sub]@0: 1.452748
dT[sub]@1: 1.330463
dT[sub]@2: 1.236366
dT[sub]@3: 1.179992
dT[mul]@0: 1.091615
dT[mul]@1: 0.962826
dT[mul]@2: 0.897647
dT[mul]@3: 0.758919
dT[div]@0: 0.67826
dT[div]@1: 0.554818
dT[div]@2: 0.51913
dT[div]@3: 0.194592
dT[add]@0: 2.095356
dT[add]@1: 1.613652
dT[add]@2: 1.578911
dT[add]@3: 1.407521
dT[sub]@0: 1.444789
dT[sub]@1: 1.376951
dT[sub]@2: 1.295123
dT[sub]@3: 1.17601
dT[mul]@0: 1.100718
dT[mul]@1: 0.962704
dT[mul]@2: 0.910165
dT[mul]@3: 0.765287
dT[div]@0: 0.682943
dT[div]@1: 0.571209
dT[div]@2: 0.500741
dT[div]@3: 0.193519
dT[add]@0: 2.096407
dT[add]@1: 1.656207
dT[add]@2: 1.662494
dT[add]@3: 1.582823
dT[sub]@0: 1.504475
dT[sub]@1: 1.380109
dT[sub]@2: 1.304694
dT[sub]@3: 1.166696
dT[mul]@0: 1.103346
dT[mul]@1: 0.803152
dT[mul]@2: 1.039979
dT[mul]@3: 0.606651
dT[div]@0: 0.638402
dT[div]@1: 0.552358
dT[div]@2: 0.445031
dT[div]@3: 0.347914
dT[add]@0: 6.449921
dT[add]@1: 6.600426
dT[add]@2: 6.840976
dT[add]@3: 1.512274
dT[sub]@0: 1.388748
dT[sub]@1: 1.340681
dT[sub]@2: 1.265004
dT[sub]@3: 1.208157
dT[mul]@0: 1.081673
dT[mul]@1: 0.998738
dT[mul]@2: 0.865781
dT[mul]@3: 0.809609
dT[div]@0: 0.496084
dT[div]@1: 0.513909
dT[div]@2: 0.29878
dT[div]@3: 0.312406
dT[add]@0: 1.896588
dT[add]@1: 1.842014
dT[add]@2: 1.6868
dT[add]@3: 1.595943
dT[sub]@0: 1.30094
dT[sub]@1: 1.538931
dT[sub]@2: 1.100222
dT[sub]@3: 1.062276
dT[mul]@0: 1.022119
dT[mul]@1: 0.943075
dT[mul]@2: 0.807973
dT[mul]@3: 0.730257
dT[div]@0: 0.669511
dT[div]@1: 0.592167
dT[div]@2: 0.45476
dT[div]@3: 0.380031
dT[add]@0: 1.936801
dT[add]@1: 1.805255
dT[add]@2: 1.701029
dT[add]@3: 1.480807
dT[sub]@0: 1.302292
dT[sub]@1: 1.268853
dT[sub]@2: 1.23129
dT[sub]@3: 1.133833
dT[mul]@0: 1.05732
dT[mul]@1: 0.995191
dT[mul]@2: 0.866144
dT[mul]@3: 0.806069
dT[div]@0: 0.666456
dT[div]@1: 0.59724
dT[div]@2: 0.308934
dT[div]@3: 0.299939
dT[add]@0: 1.916549
dT[add]@1: 1.833044
dT[add]@2: 1.504582
dT[add]@3: 1.73482
dT[sub]@0: 1.370315
dT[sub]@1: 1.545761
dT[sub]@2: 1.175644
dT[sub]@3: 1.022024
dT[mul]@0: 1.045153
dT[mul]@1: 0.943007
dT[mul]@2: 0.904371
dT[mul]@3: 0.769126
dT[div]@0: 0.689165
dT[div]@1: 0.578387
dT[div]@2: 0.481367
dT[div]@3: 0.369884
dT[add]@0: 1.935807
dT[add]@1: 1.617659
dT[add]@2: 1.587134
dT[add]@3: 1.419784
dT[sub]@0: 1.441708
dT[sub]@1: 1.22095
dT[sub]@2: 1.243453
dT[sub]@3: 1.149488
dT[mul]@0: 1.099077
dT[mul]@1: 0.970084
dT[mul]@2: 0.847284
dT[mul]@3: 0.793063
dT[div]@0: 0.670454
dT[div]@1: 0.606501
dT[div]@2: 0.467005
dT[div]@3: 0.384808
dT[add]@0: 1.77152
dT[add]@1: 1.693173
dT[add]@2: 1.510285
dT[add]@3: 1.535107
dT[sub]@0: 1.479494
dT[sub]@1: 1.33512
dT[sub]@2: 1.279112
dT[sub]@3: 1.199479
dT[mul]@0: 1.067844
dT[mul]@1: 1.000269
dT[mul]@2: 0.707965
dT[mul]@3: 0.65641
dT[div]@0: 0.509823
dT[div]@1: 0.551665
dT[div]@2: 0.293082
dT[div]@3: 0.31611
dT[add]@0: 1.889082
dT[add]@1: 1.834827
dT[add]@2: 1.690444
dT[add]@3: 1.599317
dT[sub]@0: 1.493022
dT[sub]@1: 1.399361
dT[sub]@2: 1.093249
dT[sub]@3: 1.330288
dT[mul]@0: 0.912629
dT[mul]@1: 0.911439
dT[mul]@2: 0.691788
dT[mul]@3: 0.724127
dT[div]@0: 0.645229
dT[div]@1: 0.608811
dT[div]@2: 0.471774
dT[div]@3: 0.389934
dT[add]@0: 1.909121
dT[add]@1: 1.786229
dT[add]@2: 1.693248
dT[add]@3: 1.575083
dT[sub]@0: 1.370342
dT[sub]@1: 1.205292
dT[sub]@2: 1.216436
dT[sub]@3: 1.126166
dT[mul]@0: 1.029882
dT[mul]@1: 0.961441
dT[mul]@2: 0.891542
dT[mul]@3: 0.783865
dT[div]@0: 0.687017
dT[div]@1: 0.561591
dT[div]@2: 0.479382
dT[div]@3: 0.354916
dT[add]@0: 1.941961
dT[add]@1: 1.796424
dT[add]@2: 1.72848
dT[add]@3: 1.41865
dT[sub]@0: 1.426812
dT[sub]@1: 1.264366
dT[sub]@2: 1.245001
dT[sub]@3: 1.147323
dT[mul]@0: 1.039861
dT[mul]@1: 1.121475
dT[mul]@2: 1.36861
dT[mul]@3: 1.559313
dT[div]@0: 1.790524
dT[div]@1: 1.982473
dT[div]@2: 2.25245
dT[div]@3: 2.46018
dT[add]@0: 8.685701
dT[add]@1: 4.571855
dT[add]@2: 4.749014
dT[add]@3: 4.927659
dT[sub]@0: 5.118974
dT[sub]@1: 5.296924
dT[sub]@2: 5.535375
dT[sub]@3: 5.674953
dT[mul]@0: 0.978853
dT[mul]@1: 0.799428
dT[mul]@2: 0.825218
dT[mul]@3: 0.772354
dT[div]@0: 0.714591
dT[div]@1: 0.57055
dT[div]@2: 0.484198
dT[div]@3: 0.369539
dT[add]@0: 1.933404
dT[add]@1: 1.797698
dT[add]@2: 1.726925
dT[add]@3: 1.412976
dT[sub]@0: 1.363656
dT[sub]@1: 1.312905
dT[sub]@2: 1.247929
dT[sub]@3: 1.165616
dT[mul]@0: 1.135568
dT[mul]@1: 0.956565
dT[mul]@2: 0.879831
dT[mul]@3: 0.804127
dT[div]@0: 0.67559
dT[div]@1: 0.579697
dT[div]@2: 0.310392
dT[div]@3: 0.323131
dT[add]@0: 1.856365
dT[add]@1: 1.808509
dT[add]@2: 1.670805
dT[add]@3: 1.593274
dT[sub]@0: 1.486665
dT[sub]@1: 1.397056
dT[sub]@2: 1.27895
dT[sub]@3: 1.184108
dT[mul]@0: 0.900346
dT[mul]@1: 0.856666
dT[mul]@2: 0.708319
dT[mul]@3: 0.729065
dT[div]@0: 0.64637
dT[div]@1: 0.565363
dT[div]@2: 0.433748
dT[div]@3: 0.383242
dT[add]@0: 1.911857
dT[add]@1: 1.825733
dT[add]@2: 1.691875
dT[add]@3: 1.59187
dT[sub]@0: 1.503285
dT[sub]@1: 1.384519
dT[sub]@2: 1.103162
dT[sub]@3: 1.060463
dT[mul]@0: 0.908603
dT[mul]@1: 0.909165
dT[mul]@2: 0.812256
dT[mul]@3: 0.758153
dT[div]@0: 0.655244
dT[div]@1: 0.590927
dT[div]@2: 0.454021
dT[div]@3: 0.37565
dT[add]@0: 1.938813
dT[add]@1: 1.794565
dT[add]@2: 1.685421
dT[add]@3: 1.614169
dT[sub]@0: 1.308901
dT[sub]@1: 1.313618
dT[sub]@2: 1.113755
dT[sub]@3: 1.132761
dT[mul]@0: 1.038579
dT[mul]@1: 1.254187
dT[mul]@2: 1.324425
dT[mul]@3: 1.545272
dT[div]@0: 0.509491
dT[div]@1: 0.583705
dT[div]@2: 0.519152
dT[div]@3: 0.271856
dT[add]@0: 1.769429
dT[add]@1: 1.759344
dT[add]@2: 1.657498
dT[add]@3: 1.559747
dT[sub]@0: 1.449214
dT[sub]@1: 1.387769
dT[sub]@2: 1.30656
dT[sub]@3: 1.200124
dT[mul]@0: 1.081594
dT[mul]@1: 0.9384
dT[mul]@2: 0.67793
dT[mul]@3: 0.89201
dT[div]@0: 0.680549
dT[div]@1: 0.41638
dT[div]@2: 0.42486
dT[div]@3: 0.327225
dT[add]@0: 1.890242
dT[add]@1: 1.786469
dT[add]@2: 1.691404
dT[add]@3: 1.576998
dT[sub]@0: 1.522713
dT[sub]@1: 1.366423
dT[sub]@2: 1.299888
dT[sub]@3: 1.001051
dT[mul]@0: 1.027415
dT[mul]@1: 0.915978
dT[mul]@2: 0.82522
dT[mul]@3: 0.601831
dT[div]@0: 0.618342
dT[div]@1: 0.550952
dT[div]@2: 0.4992
dT[div]@3: 0.361649
dT[add]@0: 1.932291
dT[add]@1: 1.813553
dT[add]@2: 1.699655
dT[add]@3: 1.577769
dT[sub]@0: 1.514384
dT[sub]@1: 1.227613
dT[sub]@2: 1.211041
dT[sub]@3: 1.144077
dT[mul]@0: 1.099155
dT[mul]@1: 0.960578
dT[mul]@2: 0.886897
dT[mul]@3: 0.766158
dT[div]@0: 0.69676
dT[div]@1: 0.571677
dT[div]@2: 0.483316
dT[div]@3: 0.194763
dT[add]@0: 1.829721
dT[add]@1: 1.74099
dT[add]@2: 1.636813
dT[add]@3: 1.590383
dT[sub]@0: 1.485155
dT[sub]@1: 1.374385
dT[sub]@2: 1.300913
dT[sub]@3: 1.17253
dT[mul]@0: 1.093851
dT[mul]@1: 0.979847
dT[mul]@2: 0.77873
dT[mul]@3: 0.594932
dT[div]@0: 0.624923
dT[div]@1: 0.731039
dT[div]@2: 0.959285
dT[div]@3: 0.225484
dT[add]@0: 1.872651
dT[add]@1: 1.697767
dT[add]@2: 1.632934
dT[add]@3: 1.559877
dT[sub]@0: 1.509082
dT[sub]@1: 1.386206
dT[sub]@2: 1.317456
dT[sub]@3: 1.172742
dT[mul]@0: 1.061162
dT[mul]@1: 0.990773
dT[mul]@2: 0.897
dT[mul]@3: 0.763555
dT[div]@0: 0.689665
dT[div]@1: 0.397768
dT[div]@2: 0.643712
dT[div]@3: 0.198099
dT[add]@0: 1.896587
dT[add]@1: 1.784396
dT[add]@2: 1.722835
dT[add]@3: 1.585688
dT[sub]@0: 1.491319
dT[sub]@1: 1.369373
dT[sub]@2: 1.314505
dT[sub]@3: 1.170035
dT[mul]@0: 1.123833
dT[mul]@1: 0.805974
dT[mul]@2: 0.761249
dT[mul]@3: 0.731136
dT[div]@0: 0.617802
dT[div]@1: 0.538757
dT[div]@2: 0.469776
dT[div]@3: 0.410735
dT[add]@0: 1.919774
dT[add]@1: 1.796348
dT[add]@2: 1.686569
dT[add]@3: 1.615662
dT[sub]@0: 1.312415
dT[sub]@1: 1.344834
dT[sub]@2: 1.226505
dT[sub]@3: 1.224652
dT[mul]@0: 0.978253
dT[mul]@1: 1.191462
dT[mul]@2: 0.701182
dT[mul]@3: 0.94458
dT[div]@0: 0.502015
dT[div]@1: 0.497405
dT[div]@2: 0.280509
dT[div]@3: 0.197095
dT[add]@0: 1.822521
dT[add]@1: 1.637677
dT[add]@2: 1.663434
dT[add]@3: 1.553087
dT[sub]@0: 1.494517
dT[sub]@1: 1.381563
dT[sub]@2: 1.304151
dT[sub]@3: 1.174875
dT[mul]@0: 1.089631
dT[mul]@1: 0.973612
dT[mul]@2: 0.90077
dT[mul]@3: 0.611297
dT[div]@0: 0.631047
dT[div]@1: 0.576317
dT[div]@2: 0.499995
dT[div]@3: 0.362015
dT[add]@0: 2.096648
dT[add]@1: 1.65914
dT[add]@2: 1.650471
dT[add]@3: 1.559788
dT[sub]@0: 1.538575
dT[sub]@1: 1.855368
dT[sub]@2: 1.26928
dT[sub]@3: 1.164106
dT[mul]@0: 1.09251
dT[mul]@1: 1.026939
dT[mul]@2: 0.892148
dT[mul]@3: 0.596218
dT[div]@0: 0.61377
dT[div]@1: 0.513555
dT[div]@2: 0.441147
dT[div]@3: 0.34677
dT[add]@0: 1.939016
dT[add]@1: 1.819251
dT[add]@2: 1.689092
dT[add]@3: 1.566418
dT[sub]@0: 1.512621
dT[sub]@1: 1.362599
dT[sub]@2: 1.300639
dT[sub]@3: 1.160794
dT[mul]@0: 1.08608
dT[mul]@1: 0.791721
dT[mul]@2: 0.762369
dT[mul]@3: 0.59771
dT[div]@0: 0.617073
dT[div]@1: 0.556306
dT[div]@2: 0.436874
dT[div]@3: 0.346114
dT[add]@0: 1.928627
dT[add]@1: 1.789427
dT[add]@2: 1.698695
dT[add]@3: 1.565841
dT[sub]@0: 1.499136
dT[sub]@1: 1.37138
dT[sub]@2: 1.302606
dT[sub]@3: 0.998747
dT[mul]@0: 0.956863
dT[mul]@1: 0.791173
dT[mul]@2: 0.81283
dT[mul]@3: 0.73709
dT[div]@0: 0.624934
dT[div]@1: 0.565257
dT[div]@2: 0.484224
dT[div]@3: 0.359292
dT[add]@0: 1.944237
dT[add]@1: 1.800829
dT[add]@2: 1.71823
dT[add]@3: 1.553693
dT[sub]@0: 1.503173
dT[sub]@1: 1.206165
dT[sub]@2: 1.177711
dT[sub]@3: 1.002495
dT[mul]@0: 1.008335
dT[mul]@1: 0.930583
dT[mul]@2: 0.838889
dT[mul]@3: 0.752241
dT[div]@0: 0.694423
dT[div]@1: 0.563761
dT[div]@2: 0.458907
dT[div]@3: 0.329111
dT[add]@0: 1.906511
dT[add]@1: 1.789584
dT[add]@2: 1.673512
dT[add]@3: 6.082791
dT[sub]@0: 6.307341
dT[sub]@1: 1.237247
dT[sub]@2: 1.265568
dT[sub]@3: 1.007526
dT[mul]@0: 1.01769
dT[mul]@1: 0.918182
dT[mul]@2: 0.823805
dT[mul]@3: 0.760346
dT[div]@0: 0.651232
dT[div]@1: 0.562305
dT[div]@2: 0.499081
dT[div]@3: 0.368427
dT[add]@0: 1.932878
dT[add]@1: 1.64137
dT[add]@2: 1.648539
dT[add]@3: 1.552243
dT[sub]@0: 1.465639
dT[sub]@1: 1.357962
dT[sub]@2: 1.300278
dT[sub]@3: 1.193558
dT[mul]@0: 1.098101
dT[mul]@1: 0.966512
dT[mul]@2: 0.890531
dT[mul]@3: 1.057944
dT[div]@0: 0.731745
dT[div]@1: 0.888899
dT[div]@2: 1.114485
dT[div]@3: 0.370384
dT[add]@0: 1.94884
dT[add]@1: 1.613562
dT[add]@2: 1.563173
dT[add]@3: 1.414471
dT[sub]@0: 1.419403
dT[sub]@1: 1.403028
dT[sub]@2: 1.287625
dT[sub]@3: 1.182378
dT[mul]@0: 1.124437
dT[mul]@1: 0.975966
dT[mul]@2: 0.880364
dT[mul]@3: 0.771878
dT[div]@0: 0.686195
dT[div]@1: 0.570143
dT[div]@2: 0.464732
dT[div]@3: 0.387269
dT[add]@0: 1.928353
dT[add]@1: 1.786637
dT[add]@2: 1.691642
dT[add]@3: 1.579934
dT[sub]@0: 1.453873
dT[sub]@1: 1.351144
dT[sub]@2: 1.262906
dT[sub]@3: 1.202459
dT[mul]@0: 1.074486
dT[mul]@1: 0.943759
dT[mul]@2: 0.854309
dT[mul]@3: 0.75824
dT[div]@0: 0.697101
dT[div]@1: 0.575721
dT[div]@2: 0.493927
dT[div]@3: 0.308525
dT[add]@0: 1.920571
dT[add]@1: 1.756016
dT[add]@2: 1.718114
dT[add]@3: 1.562222
dT[sub]@0: 1.488722
dT[sub]@1: 1.42317
dT[sub]@2: 1.246998
dT[sub]@3: 1.201848
dT[mul]@0: 1.045127
dT[mul]@1: 0.960018
dT[mul]@2: 0.905994
dT[mul]@3: 0.707753
dT[div]@0: 0.684816
dT[div]@1: 0.565039
dT[div]@2: 0.502725
dT[div]@3: 0.373252
dT[add]@0: 1.949644
dT[add]@1: 1.811467
dT[add]@2: 1.707294
dT[add]@3: 1.403845
dT[sub]@0: 1.603967
dT[sub]@1: 1.415046
dT[sub]@2: 1.192
dT[sub]@3: 1.065269
dT[mul]@0: 0.900708
dT[mul]@1: 0.939563
dT[mul]@2: 0.860997
dT[mul]@3: 0.735932
dT[div]@0: 0.686234
dT[div]@1: 0.571827
dT[div]@2: 0.443294
dT[div]@3: 0.394935
dT[add]@0: 1.906531
dT[add]@1: 1.817465
dT[add]@2: 1.681016
dT[add]@3: 1.598044
dT[sub]@0: 1.479793
dT[sub]@1: 1.397472
dT[sub]@2: 1.286109
dT[sub]@3: 1.201205
dT[mul]@0: 0.91967
dT[mul]@1: 0.851647
dT[mul]@2: 0.695958
dT[mul]@3: 0.710095
dT[div]@0: 0.610607
dT[div]@1: 0.534277
dT[div]@2: 0.460184
dT[div]@3: 0.379407
dT[add]@0: 1.906442
dT[add]@1: 1.827791
dT[add]@2: 1.646708
dT[add]@3: 1.603266
dT[sub]@0: 1.489783
dT[sub]@1: 1.359775
dT[sub]@2: 1.295994
dT[sub]@3: 1.193086
dT[mul]@0: 1.106803
dT[mul]@1: 0.97727
dT[mul]@2: 0.89107
dT[mul]@3: 0.780208
dT[div]@0: 0.715827
dT[div]@1: 0.413291
dT[div]@2: 0.272526
dT[div]@3: 0.515557
dT[add]@0: 1.754037
dT[add]@1: 1.68585
dT[add]@2: 1.519067
dT[add]@3: 1.518055
dT[sub]@0: 1.429133
dT[sub]@1: 1.350661
dT[sub]@2: 1.259948
dT[sub]@3: 1.226015
dT[mul]@0: 1.06962
dT[mul]@1: 1.002627
dT[mul]@2: 0.872513
dT[mul]@3: 0.811084
dT[div]@0: 0.661298
dT[div]@1: 0.612062
dT[div]@2: 0.462897
dT[div]@3: 0.362993
dT[add]@0: 1.88964
dT[add]@1: 6.332582
dT[add]@2: 6.503173
dT[add]@3: 1.498243
dT[sub]@0: 1.478135
dT[sub]@1: 1.35806
dT[sub]@2: 1.307265
dT[sub]@3: 1.206265
dT[mul]@0: 1.08003
dT[mul]@1: 1.02039
dT[mul]@2: 0.721201
dT[mul]@3: 0.727787
dT[div]@0: 0.625345
dT[div]@1: 0.539239
dT[div]@2: 0.473378
dT[div]@3: 0.390252
dT[add]@0: 1.92654
dT[add]@1: 1.801426
dT[add]@2: 1.685739
dT[add]@3: 1.608961
dT[sub]@0: 1.506505
dT[sub]@1: 1.435098
dT[sub]@2: 1.107264
dT[sub]@3: 1.123957
dT[mul]@0: 1.049683
dT[mul]@1: 1.016455
dT[mul]@2: 0.869957
dT[mul]@3: 0.811939
dT[div]@0: 0.662941
dT[div]@1: 0.564578
dT[div]@2: 0.500635
dT[div]@3: 0.368219
dT[add]@0: 1.939634
dT[add]@1: 1.796075
dT[add]@2: 1.714517
dT[add]@3: 1.43175
dT[sub]@0: 1.450274
dT[sub]@1: 1.317383
dT[sub]@2: 1.281399
dT[sub]@3: 1.154845
dT[mul]@0: 1.098321
dT[mul]@1: 0.968381
dT[mul]@2: 0.899151
dT[mul]@3: 0.770174
dT[div]@0: 0.701658
dT[div]@1: 0.4052
dT[div]@2: 0.443402
dT[div]@3: 0.327974
dT[add]@0: 1.908794
dT[add]@1: 1.811463
dT[add]@2: 1.717901
dT[add]@3: 1.602234
dT[sub]@0: 1.35556
dT[sub]@1: 1.314904
dT[sub]@2: 1.257536
dT[sub]@3: 1.119299
dT[mul]@0: 1.063235
dT[mul]@1: 0.968206
dT[mul]@2: 0.888559
dT[mul]@3: 0.789256
dT[div]@0: 0.698758
dT[div]@1: 0.568408
dT[div]@2: 0.483096
= Thu Nov 12 2015 22:30:16 GMT+0400 (GST)
