= Thu Nov 12 2015 22:31:17 GMT+0400 (GST)
dT[add]@0: 26.591504
dT[add]@1: 8.637357
dT[add]@2: 7.351134
dT[add]@3: 5.857123
dT[add]@4: 5.454116
dT[add]@5: 5.785823
dT[add]@6: 6.440794
dT[add]@7: 4.631113
dT[sub]@0: 3.239257
dT[sub]@1: 4.601321
dT[sub]@2: 2.76896
dT[sub]@3: 2.829844
dT[sub]@4: 3.850854
dT[sub]@5: 2.239308
dT[sub]@6: 1.969776
dT[sub]@7: 3.231936
dT[mul]@0: 4.174708
dT[mul]@1: 1.839996
dT[mul]@2: 2.394729
dT[mul]@3: 1.558098
dT[mul]@4: 1.588813
dT[mul]@5: 2.046643
dT[mul]@6: 1.522659
dT[mul]@7: 1.136599
dT[div]@0: 1.861435
dT[div]@1: 1.060992
dT[div]@2: 1.370706
dT[div]@3: 0.620447
dT[div]@4: 0.776822
dT[div]@5: 0.766579
dT[div]@6: 0.418228
dT[div]@7: 1.001417
dT[add]@0: 5.367848
dT[add]@1: 3.637681
dT[add]@2: 3.531725
dT[add]@3: 3.380061
dT[add]@4: 3.34333
dT[add]@5: 3.086886
dT[add]@6: 3.09475
dT[add]@7: 2.896327
dT[sub]@0: 5.144833
dT[sub]@1: 3.288056
dT[sub]@2: 2.346471
dT[sub]@3: 2.252015
dT[sub]@4: 2.240332
dT[sub]@5: 2.574231
dT[sub]@6: 2.295006
dT[sub]@7: 1.852019
dT[mul]@0: 1.820363
dT[mul]@1: 1.821188
dT[mul]@2: 1.745147
dT[mul]@3: 1.426628
dT[mul]@4: 1.395825
dT[mul]@5: 1.153209
dT[mul]@6: 1.596069
dT[mul]@7: 1.424625
dT[div]@0: 1.186107
dT[div]@1: 1.227214
dT[div]@2: 1.162545
dT[div]@3: 0.832998
dT[div]@4: 1.3439
dT[div]@5: 1.070492
dT[div]@6: 0.916998
dT[div]@7: 0.575575
dT[add]@0: 4.368009
dT[add]@1: 4.193518
dT[add]@2: 4.292707
dT[add]@3: 3.933559
dT[add]@4: 3.508321
dT[add]@5: 3.579042
dT[add]@6: 3.759185
dT[add]@7: 3.68577
dT[sub]@0: 3.056363
dT[sub]@1: 5.750822
dT[sub]@2: 6.277551
dT[sub]@3: 2.913599
dT[sub]@4: 3.966324
dT[sub]@5: 2.357372
dT[sub]@6: 3.793675
dT[sub]@7: 2.439141
dT[mul]@0: 2.793865
dT[mul]@1: 2.394388
dT[mul]@2: 2.433739
dT[mul]@3: 2.207469
dT[mul]@4: 1.525999
dT[mul]@5: 2.283113
dT[mul]@6: 1.759532
dT[mul]@7: 1.669226
dT[div]@0: 1.690202
dT[div]@1: 0.942763
dT[div]@2: 1.611188
dT[div]@3: 0.718881
dT[div]@4: 1.104483
dT[div]@5: 0.722461
dT[div]@6: 0.746668
dT[div]@7: 0.721653
dT[add]@0: 4.45009
dT[add]@1: 9.474573
dT[add]@2: 3.456058
dT[add]@3: 3.922382
dT[add]@4: 3.124665
dT[add]@5: 2.74171
dT[add]@6: 3.144826
dT[add]@7: 2.817596
dT[sub]@0: 2.699794
dT[sub]@1: 2.565408
dT[sub]@2: 2.804386
dT[sub]@3: 3.400053
dT[sub]@4: 3.85857
dT[sub]@5: 4.239144
dT[sub]@6: 4.663471
dT[sub]@7: 2.08985
dT[mul]@0: 1.947207
dT[mul]@1: 1.79942
dT[mul]@2: 2.107614
dT[mul]@3: 1.772543
dT[mul]@4: 1.5631
dT[mul]@5: 1.486844
dT[mul]@6: 1.351528
dT[mul]@7: 0.973154
dT[div]@0: 1.146966
dT[div]@1: 1.569489
dT[div]@2: 0.99063
dT[div]@3: 0.805932
dT[div]@4: 1.168734
dT[div]@5: 0.713978
dT[div]@6: 0.430706
dT[div]@7: 0.869237
dT[add]@0: 4.600694
dT[add]@1: 3.6278
dT[add]@2: 3.324704
dT[add]@3: 4.080133
dT[add]@4: 2.883977
dT[add]@5: 3.323014
dT[add]@6: 3.048886
dT[add]@7: 2.704909
dT[sub]@0: 2.714398
dT[sub]@1: 2.581071
dT[sub]@2: 2.405321
dT[sub]@3: 2.833126
dT[sub]@4: 2.522033
dT[sub]@5: 2.260391
dT[sub]@6: 2.157466
dT[sub]@7: 2.421701
dT[mul]@0: 1.803625
dT[mul]@1: 1.668237
dT[mul]@2: 2.030072
dT[mul]@3: 1.635895
dT[mul]@4: 1.537674
dT[mul]@5: 1.335971
dT[mul]@6: 1.65916
dT[mul]@7: 2.049457
dT[div]@0: 2.41485
dT[div]@1: 2.839387
dT[div]@2: 3.221513
dT[div]@3: 3.659313
dT[div]@4: 4.01383
dT[div]@5: 0.381894
dT[div]@6: 0.510385
dT[div]@7: 1.033524
dT[add]@0: 3.683286
dT[add]@1: 3.489899
dT[add]@2: 3.079117
dT[add]@3: 3.315791
dT[add]@4: 3.203158
dT[add]@5: 2.696198
dT[add]@6: 2.581017
dT[add]@7: 2.962437
dT[sub]@0: 2.758856
dT[sub]@1: 2.589391
dT[sub]@2: 2.262766
dT[sub]@3: 2.234138
dT[sub]@4: 2.557885
dT[sub]@5: 2.366886
dT[sub]@6: 2.119852
dT[sub]@7: 1.800836
dT[mul]@0: 2.23686
dT[mul]@1: 1.871492
dT[mul]@2: 1.849258
dT[mul]@3: 1.514486
dT[mul]@4: 1.757812
dT[mul]@5: 1.405334
dT[mul]@6: 1.597827
dT[mul]@7: 1.243431
dT[div]@0: 1.424432
dT[div]@1: 1.041679
dT[div]@2: 1.225094
dT[div]@3: 0.949788
dT[div]@4: 0.748721
dT[div]@5: 0.639654
dT[div]@6: 0.876783
dT[div]@7: 0.446357
dT[add]@0: 3.800964
dT[add]@1: 3.071576
dT[add]@2: 3.34217
dT[add]@3: 3.492919
dT[add]@4: 3.107297
dT[add]@5: 3.282387
dT[add]@6: 2.887165
dT[add]@7: 3.075809
dT[sub]@0: 2.451799
dT[sub]@1: 2.773097
dT[sub]@2: 2.507554
dT[sub]@3: 2.731475
dT[sub]@4: 2.269909
dT[sub]@5: 2.445838
dT[sub]@6: 1.946956
dT[sub]@7: 2.181816
dT[mul]@0: 2.425051
dT[mul]@1: 6.0816
dT[mul]@2: 1.703478
dT[mul]@3: 1.888964
dT[mul]@4: 1.493985
dT[mul]@5: 1.666792
dT[mul]@6: 1.228041
dT[mul]@7: 1.215756
dT[div]@0: 1.444456
dT[div]@1: 0.802134
dT[div]@2: 1.145817
dT[div]@3: 1.308499
dT[div]@4: 0.762422
dT[div]@5: 0.99708
dT[div]@6: 0.394648
dT[div]@7: 0.624521
dT[add]@0: 3.921344
dT[add]@1: 3.378758
dT[add]@2: 3.590287
dT[add]@3: 3.018175
dT[add]@4: 3.301926
dT[add]@5: 2.755033
dT[add]@6: 3.071441
dT[add]@7: 3.277283
dT[sub]@0: 2.6801
dT[sub]@1: 2.892511
dT[sub]@2: 2.467579
dT[sub]@3: 2.692378
dT[sub]@4: 2.079544
dT[sub]@5: 2.379961
dT[sub]@6: 2.54008
dT[sub]@7: 1.914668
dT[mul]@0: 2.190331
dT[mul]@1: 1.605651
dT[mul]@2: 1.936622
dT[mul]@3: 2.096929
dT[mul]@4: 1.693295
dT[mul]@5: 1.151571
dT[mul]@6: 1.511647
dT[mul]@7: 1.224283
dT[div]@0: 1.221414
dT[div]@1: 0.854207
dT[div]@2: 1.253426
dT[div]@3: 0.838916
dT[div]@4: 0.791979
dT[div]@5: 0.49127
dT[div]@6: 0.820595
dT[div]@7: 0.527571
dT[add]@0: 3.691579
dT[add]@1: 3.418691
dT[add]@2: 3.191321
dT[add]@3: 3.477652
dT[add]@4: 3.081076
dT[add]@5: 2.909989
dT[add]@6: 3.364212
dT[add]@7: 2.867986
dT[sub]@0: 2.597953
dT[sub]@1: 2.957698
dT[sub]@2: 2.693135
dT[sub]@3: 2.451116
dT[sub]@4: 2.147891
dT[sub]@5: 2.135535
dT[sub]@6: 1.873304
dT[sub]@7: 2.294789
dT[mul]@0: 1.925056
dT[mul]@1: 1.880977
dT[mul]@2: 2.251766
dT[mul]@3: 2.684264
dT[mul]@4: 3.051363
dT[mul]@5: 1.564805
dT[mul]@6: 1.116116
dT[mul]@7: 1.239294
dT[div]@0: 0.865224
dT[div]@1: 0.851759
dT[div]@2: 1.193641
dT[div]@3: 0.846326
dT[div]@4: 0.716896
dT[div]@5: 0.402405
dT[div]@6: 0.814473
dT[div]@7: 1.110734
dT[add]@0: 3.381248
dT[add]@1: 3.503979
dT[add]@2: 3.15879
dT[add]@3: 3.455637
dT[add]@4: 3.040377
dT[add]@5: 2.830423
dT[add]@6: 3.145835
dT[add]@7: 2.788316
dT[sub]@0: 2.885255
dT[sub]@1: 3.266086
dT[sub]@2: 2.635908
dT[sub]@3: 2.43043
dT[sub]@4: 2.304636
dT[sub]@5: 2.631118
dT[sub]@6: 1.740014
dT[sub]@7: 2.163902
dT[mul]@0: 1.973284
dT[mul]@1: 2.20968
dT[mul]@2: 1.473545
dT[mul]@3: 1.75169
dT[mul]@4: 1.49039
dT[mul]@5: 1.845982
dT[mul]@6: 1.30806
dT[mul]@7: 1.207122
dT[div]@0: 0.904983
dT[div]@1: 1.279235
dT[div]@2: 0.93396
dT[div]@3: 0.640445
dT[div]@4: 1.008102
dT[div]@5: 0.61106
dT[div]@6: 4.355418
dT[div]@7: 0.819619
dT[add]@0: 3.753406
dT[add]@1: 3.446894
dT[add]@2: 3.21114
dT[add]@3: 3.496929
dT[add]@4: 3.063547
dT[add]@5: 3.245049
dT[add]@6: 3.00222
dT[add]@7: 2.641305
dT[sub]@0: 2.955113
dT[sub]@1: 2.583925
dT[sub]@2: 2.470718
dT[sub]@3: 2.358909
dT[sub]@4: 2.669093
dT[sub]@5: 2.177663
dT[sub]@6: 1.849505
dT[sub]@7: 2.236081
dT[mul]@0: 1.871939
dT[mul]@1: 1.765485
dT[mul]@2: 2.200563
dT[mul]@3: 1.626602
dT[mul]@4: 1.346089
dT[mul]@5: 1.660039
dT[mul]@6: 1.291021
dT[mul]@7: 1.171833
dT[div]@0: 1.570061
dT[div]@1: 1.021922
dT[div]@2: 0.634192
dT[div]@3: 1.085918
dT[div]@4: 0.730296
dT[div]@5: 0.601528
dT[div]@6: 0.901127
dT[div]@7: 0.372485
dT[add]@0: 3.670221
dT[add]@1: 3.928345
dT[add]@2: 3.41309
dT[add]@3: 3.083971
dT[add]@4: 3.272728
dT[add]@5: 2.785127
dT[add]@6: 3.029972
dT[add]@7: 3.281699
dT[sub]@0: 3.09582
dT[sub]@1: 2.504962
dT[sub]@2: 2.702882
dT[sub]@3: 2.387414
dT[sub]@4: 2.59791
dT[sub]@5: 2.136102
dT[sub]@6: 2.313371
dT[sub]@7: 2.548937
dT[mul]@0: 1.866932
dT[mul]@1: 2.078392
dT[mul]@2: 1.615441
dT[mul]@3: 1.881418
dT[mul]@4: 1.282415
dT[mul]@5: 1.58205
dT[mul]@6: 1.739804
dT[mul]@7: 1.21565
dT[div]@0: 1.420505
dT[div]@1: 0.841949
dT[div]@2: 1.10236
dT[div]@3: 1.306984
dT[div]@4: 0.695928
dT[div]@5: 0.905803
dT[div]@6: 0.384843
dT[div]@7: 0.705494
dT[add]@0: 8.196854
dT[add]@1: 4.306798
dT[add]@2: 4.424093
dT[add]@3: 4.639213
dT[add]@4: 4.819619
dT[add]@5: 4.990489
dT[add]@6: 5.220783
dT[add]@7: 5.411515
dT[sub]@0: 5.677415
dT[sub]@1: 3.123966
dT[sub]@2: 2.628032
dT[sub]@3: 2.238681
dT[sub]@4: 2.47485
dT[sub]@5: 2.692255
dT[sub]@6: 2.099407
dT[sub]@7: 2.277515
dT[mul]@0: 1.888731
dT[mul]@1: 2.076482
dT[mul]@2: 1.538925
dT[mul]@3: 1.761248
dT[mul]@4: 2.0296
dT[mul]@5: 1.366334
dT[mul]@6: 1.580481
dT[mul]@7: 1.126464
dT[div]@0: 1.391129
dT[div]@1: 1.547343
dT[div]@2: 0.862381
dT[div]@3: 1.124805
dT[div]@4: 0.763809
dT[div]@5: 0.938041
dT[div]@6: 0.359993
dT[div]@7: 0.594128
dT[add]@0: 3.917385
dT[add]@1: 3.185914
dT[add]@2: 3.352896
dT[add]@3: 3.541356
dT[add]@4: 3.070125
dT[add]@5: 3.239731
dT[add]@6: 2.659756
dT[add]@7: 2.9323
dT[sub]@0: 3.085937
dT[sub]@1: 2.525706
dT[sub]@2: 2.708924
dT[sub]@3: 2.231991
dT[sub]@4: 2.454059
dT[sub]@5: 2.65464
dT[sub]@6: 2.005779
dT[sub]@7: 2.263744
dT[mul]@0: 1.652313
dT[mul]@1: 1.954494
dT[mul]@2: 2.139965
dT[mul]@3: 1.62126
dT[mul]@4: 1.823024
dT[mul]@5: 1.374324
dT[mul]@6: 1.543661
dT[mul]@7: 1.003627
dT[div]@0: 1.006011
dT[div]@1: 1.259617
dT[div]@2: 0.6924
dT[div]@3: 1.023261
dT[div]@4: 1.186305
dT[div]@5: 0.616347
dT[div]@6: 0.85588
dT[div]@7: 0.432448
dT[add]@0: 3.729699
dT[add]@1: 3.143275
dT[add]@2: 3.368311
dT[add]@3: 3.615721
dT[add]@4: 3.072365
dT[add]@5: 3.317096
dT[add]@6: 2.799973
dT[add]@7: 3.066148
dT[sub]@0: 2.469126
dT[sub]@1: 2.887627
dT[sub]@2: 2.277863
dT[sub]@3: 2.599495
dT[sub]@4: 2.076005
dT[sub]@5: 2.39241
dT[sub]@6: 2.566927
dT[sub]@7: 2.008248
dT[mul]@0: 2.231629
dT[mul]@1: 1.804399
dT[mul]@2: 2.02407
dT[mul]@3: 1.572057
dT[mul]@4: 1.754492
dT[mul]@5: 1.512578
dT[mul]@6: 1.719808
dT[mul]@7: 1.204631
dT[div]@0: 1.39796
dT[div]@1: 1.689952
dT[div]@2: 0.906617
dT[div]@3: 1.180757
dT[div]@4: 0.684397
dT[div]@5: 0.920817
dT[div]@6: 0.500389
dT[div]@7: 0.737984
dT[add]@0: 3.458284
dT[add]@1: 3.686163
dT[add]@2: 3.192167
dT[add]@3: 3.42527
dT[add]@4: 2.98173
dT[add]@5: 3.177972
dT[add]@6: 3.434171
dT[add]@7: 2.779039
dT[sub]@0: 3.023821
dT[sub]@1: 2.582778
dT[sub]@2: 2.813894
dT[sub]@3: 3.723443
dT[sub]@4: 2.198116
dT[sub]@5: 2.405921
dT[sub]@6: 1.841698
dT[sub]@7: 2.133515
dT[mul]@0: 2.301655
dT[mul]@1: 1.808985
dT[mul]@2: 2.024193
dT[mul]@3: 1.529382
dT[mul]@4: 1.720299
dT[mul]@5: 1.96913
dT[mul]@6: 1.27265
dT[mul]@7: 1.532057
dT[div]@0: 1.106948
dT[div]@1: 1.300682
dT[div]@2: 0.851428
dT[div]@3: 1.043169
dT[div]@4: 0.656026
dT[div]@5: 0.846396
dT[div]@6: 0.274599
dT[div]@7: 0.547816
dT[add]@0: 3.950229
dT[add]@1: 3.350202
dT[add]@2: 3.580822
dT[add]@3: 3.103167
dT[add]@4: 3.379831
dT[add]@5: 2.727246
dT[add]@6: 3.017002
dT[add]@7: 3.203922
dT[sub]@0: 2.682051
dT[sub]@1: 2.873977
dT[sub]@2: 2.401996
dT[sub]@3: 2.586363
dT[sub]@4: 2.845899
dT[sub]@5: 2.156102
dT[sub]@6: 2.400132
dT[sub]@7: 1.978532
dT[mul]@0: 2.235664
dT[mul]@1: 1.71407
dT[mul]@2: 1.924405
dT[mul]@3: 2.186997
dT[mul]@4: 1.450276
dT[mul]@5: 1.684145
dT[mul]@6: 1.288365
dT[mul]@7: 1.559377
dT[div]@0: 1.022203
dT[div]@1: 1.322857
dT[div]@2: 0.699056
dT[div]@3: 1.005552
dT[div]@4: 1.176475
dT[div]@5: 0.62274
dT[div]@6: 0.842674
dT[div]@7: 0.367009
dT[add]@0: 3.740616
dT[add]@1: 3.300196
dT[add]@2: 3.471997
dT[add]@3: 3.720914
dT[add]@4: 3.018552
dT[add]@5: 3.277157
dT[add]@6: 7.06956
dT[add]@7: 7.263187
dT[sub]@0: 2.5195
dT[sub]@1: 2.789812
dT[sub]@2: 2.26117
dT[sub]@3: 2.536451
dT[sub]@4: 2.715929
dT[sub]@5: 2.172291
dT[sub]@6: 2.409148
dT[sub]@7: 1.919986
dT[mul]@0: 2.112277
dT[mul]@1: 2.372089
dT[mul]@2: 1.668141
dT[mul]@3: 1.905081
dT[mul]@4: 1.40684
dT[mul]@5: 1.599946
dT[mul]@6: 1.133958
dT[mul]@7: 1.379669
dT[div]@0: 1.636122
dT[div]@1: 0.954965
dT[div]@2: 1.178099
dT[div]@3: 1.401633
dT[div]@4: 0.72758
dT[div]@5: 0.914434
dT[div]@6: 0.474152
dT[div]@7: 0.653691
dT[add]@0: 3.404144
dT[add]@1: 3.575127
dT[add]@2: 3.799471
dT[add]@3: 3.135641
dT[add]@4: 3.338413
dT[add]@5: 2.87375
dT[add]@6: 3.145105
dT[add]@7: 2.559152
dT[sub]@0: 2.845918
dT[sub]@1: 3.005919
dT[sub]@2: 2.339854
dT[sub]@3: 2.540188
dT[sub]@4: 2.739319
dT[sub]@5: 2.125382
dT[sub]@6: 2.376033
dT[sub]@7: 1.757406
dT[mul]@0: 2.000261
dT[mul]@1: 2.201995
dT[mul]@2: 1.650271
dT[mul]@3: 1.807185
dT[mul]@4: 2.065054
dT[mul]@5: 1.373641
dT[mul]@6: 1.531293
dT[mul]@7: 1.157161
dT[div]@0: 1.337872
dT[div]@1: 1.559767
dT[div]@2: 0.962212
dT[div]@3: 1.084732
dT[div]@4: 0.722795
dT[div]@5: 0.905194
dT[div]@6: 0.467142
dT[div]@7: 0.653105
dT[add]@0: 4.051741
dT[add]@1: 3.381287
dT[add]@2: 3.603183
dT[add]@3: 3.114237
dT[add]@4: 3.342713
dT[add]@5: 2.863874
dT[add]@6: 3.132277
dT[add]@7: 3.300224
dT[sub]@0: 2.657177
dT[sub]@1: 2.89315
dT[sub]@2: 2.44982
dT[sub]@3: 2.67906
dT[sub]@4: 2.220446
dT[sub]@5: 2.414062
dT[sub]@6: 2.678328
dT[sub]@7: 1.971741
dT[mul]@0: 2.202438
dT[mul]@1: 1.766008
dT[mul]@2: 2.028729
dT[mul]@3: 1.547743
dT[mul]@4: 1.776584
dT[mul]@5: 1.170101
dT[mul]@6: 1.46928
dT[mul]@7: 1.641255
dT[div]@0: 1.123101
dT[div]@1: 1.334661
dT[div]@2: 0.846769
dT[div]@3: 1.024847
dT[div]@4: 1.265539
dT[div]@5: 0.739069
dT[div]@6: 0.514759
dT[div]@7: 0.713313
dT[add]@0: 3.201594
dT[add]@1: 3.42677
dT[add]@2: 3.579672
dT[add]@3: 2.942583
dT[add]@4: 3.25894
dT[add]@5: 3.429331
dT[add]@6: 2.893971
dT[add]@7: 3.115695
dT[sub]@0: 2.667891
dT[sub]@1: 2.893932
dT[sub]@2: 2.544228
dT[sub]@3: 2.34048
dT[sub]@4: 2.525131
dT[sub]@5: 2.713791
dT[sub]@6: 2.104781
dT[sub]@7: 2.331826
dT[mul]@0: 1.833569
dT[mul]@1: 2.012792
dT[mul]@2: 1.597095
dT[mul]@3: 1.787121
dT[mul]@4: 2.046668
dT[mul]@5: 1.345764
dT[mul]@6: 1.591145
dT[mul]@7: 1.197528
dT[div]@0: 1.464981
dT[div]@1: 0.777006
dT[div]@2: 1.078111
dT[div]@3: 1.25911
dT[div]@4: 0.71591
dT[div]@5: 0.935061
dT[div]@6: 0.528502
dT[div]@7: 0.747288
dT[add]@0: 3.964386
dT[add]@1: 3.319804
dT[add]@2: 3.572482
dT[add]@3: 3.078268
dT[add]@4: 3.36452
dT[add]@5: 2.741769
dT[add]@6: 3.038213
dT[add]@7: 3.206984
dT[sub]@0: 2.67369
dT[sub]@1: 2.890239
dT[sub]@2: 2.401571
dT[sub]@3: 2.628583
dT[sub]@4: 2.233665
dT[sub]@5: 2.417221
dT[sub]@6: 2.657508
dT[sub]@7: 1.947798
dT[mul]@0: 2.178189
dT[mul]@1: 1.751633
dT[mul]@2: 1.977196
dT[mul]@3: 1.33983
dT[mul]@4: 1.693479
dT[mul]@5: 1.869423
dT[mul]@6: 1.352681
dT[mul]@7: 1.571886
dT[div]@0: 1.124964
dT[div]@1: 1.335303
dT[div]@2: 0.695616
dT[div]@3: 1.007256
dT[div]@4: 1.16481
dT[div]@5: 0.622246
dT[div]@6: 0.833575
dT[div]@7: 0.263842
dT[add]@0: 3.672526
dT[add]@1: 3.813446
dT[add]@2: 3.240563
dT[add]@3: 3.447942
dT[add]@4: 2.952122
dT[add]@5: 3.128871
dT[add]@6: 3.362986
dT[add]@7: 2.664921
dT[sub]@0: 2.885183
dT[sub]@1: 2.286827
dT[sub]@2: 2.548878
dT[sub]@3: 2.723951
dT[sub]@4: 2.211689
dT[sub]@5: 2.389271
dT[sub]@6: 2.608024
dT[sub]@7: 1.995916
dT[mul]@0: 2.241926
dT[mul]@1: 1.800421
dT[mul]@2: 1.995298
dT[mul]@3: 2.246357
dT[mul]@4: 2.425849
dT[mul]@5: 2.701492
dT[mul]@6: 2.9257
dT[mul]@7: 1.227359
dT[div]@0: 1.412899
dT[div]@1: 0.958855
dT[div]@2: 1.162289
dT[div]@3: 0.737215
dT[div]@4: 0.910444
dT[div]@5: 1.111575
dT[div]@6: 0.522993
dT[div]@7: 0.710638
dT[add]@0: 4.008534
dT[add]@1: 3.224063
dT[add]@2: 3.406268
dT[add]@3: 3.00491
dT[add]@4: 3.231263
dT[add]@5: 3.501978
dT[add]@6: 2.83124
dT[add]@7: 3.002068
dT[sub]@0: 2.620782
dT[sub]@1: 2.811238
dT[sub]@2: 3.055289
dT[sub]@3: 2.343575
dT[sub]@4: 2.547289
dT[sub]@5: 2.142947
dT[sub]@6: 2.330228
dT[sub]@7: 2.571963
dT[mul]@0: 1.843274
dT[mul]@1: 2.056454
dT[mul]@2: 1.651235
dT[mul]@3: 1.861534
dT[mul]@4: 1.263918
dT[mul]@5: 1.551237
dT[mul]@6: 1.723859
dT[mul]@7: 1.160503
dT[div]@0: 1.391181
dT[div]@1: 0.77383
dT[div]@2: 1.063301
dT[div]@3: 1.243752
dT[div]@4: 0.714999
dT[div]@5: 0.927839
dT[div]@6: 0.504623
dT[div]@7: 0.672551
dT[add]@0: 3.376574
dT[add]@1: 3.56319
dT[add]@2: 3.827341
dT[add]@3: 3.104066
dT[add]@4: 3.319569
dT[add]@5: 2.904966
dT[add]@6: 3.112303
dT[add]@7: 2.53135
dT[sub]@0: 2.769055
dT[sub]@1: 2.969325
dT[sub]@2: 2.432587
dT[sub]@3: 2.650208
dT[sub]@4: 2.070551
dT[sub]@5: 2.363985
dT[sub]@6: 2.523734
dT[sub]@7: 1.981402
dT[mul]@0: 2.199506
dT[mul]@1: 1.706625
dT[mul]@2: 1.903168
dT[mul]@3: 1.537618
dT[mul]@4: 1.716591
dT[mul]@5: 1.970274
dT[mul]@6: 1.275443
dT[mul]@7: 1.488804
dT[div]@0: 1.089764
dT[div]@1: 1.332605
dT[div]@2: 0.811747
dT[div]@3: 1.074907
dT[div]@4: 0.487443
dT[div]@5: 0.782912
dT[div]@6: 0.950006
dT[div]@7: 0.433532
dT[add]@0: 3.814716
dT[add]@1: 3.316699
dT[add]@2: 3.488734
dT[add]@3: 3.695685
dT[add]@4: 3.047017
dT[add]@5: 3.272124
dT[add]@6: 2.838836
dT[add]@7: 3.053501
dT[sub]@0: 2.557187
dT[sub]@1: 2.822916
dT[sub]@2: 2.987662
dT[sub]@3: 2.532069
dT[sub]@4: 2.251673
dT[sub]@5: 2.483197
dT[sub]@6: 2.060849
dT[sub]@7: 2.284139
dT[mul]@0: 1.785742
dT[mul]@1: 2.035736
dT[mul]@2: 2.211779
dT[mul]@3: 1.603936
dT[mul]@4: 1.825474
dT[mul]@5: 1.388001
dT[mul]@6: 1.605942
dT[mul]@7: 1.175526
dT[div]@0: 1.374163
dT[div]@1: 0.929038
dT[div]@2: 1.110553
dT[div]@3: 0.573595
dT[div]@4: 0.835929
dT[div]@5: 1.054343
dT[div]@6: 0.488664
dT[div]@7: 0.697703
dT[add]@0: 3.430081
dT[add]@1: 3.658408
dT[add]@2: 3.053925
dT[add]@3: 3.321497
dT[add]@4: 3.477
dT[add]@5: 3.25288
dT[add]@6: 2.619462
dT[add]@7: 2.859174
dT[sub]@0: 3.098356
dT[sub]@1: 2.465967
dT[sub]@2: 2.684241
dT[sub]@3: 2.949791
dT[sub]@4: 2.174529
dT[sub]@5: 2.372023
dT[sub]@6: 2.036274
dT[sub]@7: 2.234518
dT[mul]@0: 1.812779
dT[mul]@1: 2.015239
dT[mul]@2: 1.539931
dT[mul]@3: 1.782396
dT[mul]@4: 2.055189
dT[mul]@5: 1.370231
dT[mul]@6: 1.596309
dT[mul]@7: 1.144262
dT[div]@0: 1.339902
dT[div]@1: 1.59219
dT[div]@2: 0.875757
dT[div]@3: 1.106902
dT[div]@4: 0.607132
dT[div]@5: 0.88546
dT[div]@6: 1.061085
dT[div]@7: 0.415908
dT[add]@0: 3.80396
dT[add]@1: 3.35387
dT[add]@2: 3.535666
dT[add]@3: 3.094538
dT[add]@4: 3.26883
dT[add]@5: 2.808054
dT[add]@6: 3.053358
dT[add]@7: 3.337843
dT[sub]@0: 2.635011
dT[sub]@1: 2.8666
dT[sub]@2: 2.440535
dT[sub]@3: 2.671211
dT[sub]@4: 2.209621
dT[sub]@5: 2.482313
dT[sub]@6: 1.860633
dT[sub]@7: 2.129696
dT[mul]@0: 2.299174
dT[mul]@1: 1.785281
dT[mul]@2: 2.006666
dT[mul]@3: 1.597908
dT[mul]@4: 1.821634
dT[mul]@5: 1.246027
dT[mul]@6: 1.478554
dT[mul]@7: 1.766919
dT[div]@0: 1.073349
dT[div]@1: 1.299196
dT[div]@2: 0.885556
dT[div]@3: 1.150899
dT[div]@4: 0.791435
dT[div]@5: 0.46772
dT[div]@6: 0.708276
dT[div]@7: 0.284496
dT[add]@0: 3.721913
dT[add]@1: 3.940704
dT[add]@2: 3.216961
dT[add]@3: 3.452149
dT[add]@4: 3.017185
dT[add]@5: 3.252117
dT[add]@6: 2.779361
dT[add]@7: 3.034805
dT[sub]@0: 2.470505
dT[sub]@1: 2.758027
dT[sub]@2: 2.936242
dT[sub]@3: 2.365356
dT[sub]@4: 2.554312
dT[sub]@5: 2.119151
dT[sub]@6: 2.343043
dT[sub]@7: 1.986915
dT[mul]@0: 2.215024
dT[mul]@1: 1.703085
dT[mul]@2: 1.900914
dT[mul]@3: 2.149039
dT[mul]@4: 1.453535
dT[mul]@5: 1.728403
dT[mul]@6: 1.263683
dT[mul]@7: 1.485313
dT[div]@0: 1.025287
dT[div]@1: 1.284455
dT[div]@2: 0.68025
dT[div]@3: 0.957199
dT[div]@4: 1.119462
dT[div]@5: 0.625385
dT[div]@6: 0.848914
dT[div]@7: 0.420353
dT[add]@0: 3.819574
dT[add]@1: 3.318039
dT[add]@2: 3.47547
dT[add]@3: 2.989507
dT[add]@4: 3.23078
dT[add]@5: 3.509903
dT[add]@6: 2.82525
dT[add]@7: 3.052489
dT[sub]@0: 2.535668
dT[sub]@1: 2.715346
dT[sub]@2: 2.976131
dT[sub]@3: 2.357567
dT[sub]@4: 2.593333
dT[sub]@5: 2.161139
dT[sub]@6: 2.396037
dT[sub]@7: 1.896308
dT[mul]@0: 2.175184
dT[mul]@1: 1.571585
dT[mul]@2: 1.841431
dT[mul]@3: 2.007112
dT[mul]@4: 1.508002
dT[mul]@5: 1.728255
dT[mul]@6: 1.30077
dT[mul]@7: 1.494342
dT[div]@0: 1.044161
dT[div]@1: 1.229274
dT[div]@2: 1.48193
dT[div]@3: 0.780693
dT[div]@4: 1.009545
dT[div]@5: 0.620586
dT[div]@6: 0.841972
dT[div]@7: 0.339804
dT[add]@0: 3.808879
dT[add]@1: 3.164828
dT[add]@2: 3.443571
dT[add]@3: 3.595745
dT[add]@4: 3.06602
dT[add]@5: 3.283253
dT[add]@6: 2.853641
dT[add]@7: 3.083567
dT[sub]@0: 2.599475
dT[sub]@1: 2.79382
dT[sub]@2: 2.333014
dT[sub]@3: 2.573097
dT[sub]@4: 2.851326
dT[sub]@5: 6.446938
dT[sub]@6: 2.097329
dT[sub]@7: 2.297502
dT[mul]@0: 1.845051
dT[mul]@1: 2.009946
dT[mul]@2: 1.603324
dT[mul]@3: 1.787267
dT[mul]@4: 1.345292
dT[mul]@5: 1.592395
dT[mul]@6: 1.888438
dT[mul]@7: 1.175005
dT[div]@0: 1.435156
dT[div]@1: 0.953397
dT[div]@2: 1.180195
dT[div]@3: 0.754513
dT[div]@4: 1.03255
dT[div]@5: 0.53106
dT[div]@6: 0.807422
dT[div]@7: 0.184739
dT[add]@0: 3.654688
dT[add]@1: 3.823265
dT[add]@2: 3.226877
dT[add]@3: 3.485799
dT[add]@4: 3.01919
dT[add]@5: 3.284008
dT[add]@6: 2.652505
dT[add]@7: 3.082462
dT[sub]@0: 2.596413
dT[sub]@1: 2.865625
dT[sub]@2: 2.238087
dT[sub]@3: 2.522999
dT[sub]@4: 2.698405
dT[sub]@5: 2.195503
dT[sub]@6: 2.418595
dT[sub]@7: 1.999696
dT[mul]@0: 2.229723
dT[mul]@1: 1.706638
dT[mul]@2: 1.901253
dT[mul]@3: 1.510293
dT[mul]@4: 1.700014
dT[mul]@5: 1.153101
dT[mul]@6: 1.411501
dT[mul]@7: 1.631596
dT[div]@0: 1.089908
dT[div]@1: 1.342185
dT[div]@2: 0.822567
dT[div]@3: 1.095402
dT[div]@4: 0.490879
dT[div]@5: 0.77644
dT[div]@6: 0.940705
dT[div]@7: 0.438076
dT[add]@0: 3.831983
dT[add]@1: 3.355385
dT[add]@2: 3.578792
dT[add]@3: 3.091173
dT[add]@4: 3.283044
dT[add]@5: 3.529828
dT[add]@6: 2.829911
dT[add]@7: 3.060979
dT[sub]@0: 2.642543
dT[sub]@1: 2.901525
dT[sub]@2: 2.421999
dT[sub]@3: 2.630104
dT[sub]@4: 2.785391
dT[sub]@5: 2.204092
dT[sub]@6: 2.438128
dT[sub]@7: 1.999763
dT[mul]@0: 2.222887
dT[mul]@1: 1.788602
dT[mul]@2: 2.017861
dT[mul]@3: 1.517604
dT[mul]@4: 1.70562
dT[mul]@5: 1.244783
dT[mul]@6: 1.494992
dT[mul]@7: 1.789965
dT[div]@0: 1.052528
dT[div]@1: 1.298716
dT[div]@2: 0.884418
dT[div]@3: 1.117617
dT[div]@4: 0.636065
dT[div]@5: 0.55525
dT[div]@6: 0.901745
dT[div]@7: 1.159981
dT[add]@0: 3.490028
dT[add]@1: 3.731208
dT[add]@2: 3.219779
dT[add]@3: 3.450485
dT[add]@4: 2.975443
dT[add]@5: 3.247614
dT[add]@6: 2.657598
dT[add]@7: 2.942617
dT[sub]@0: 3.117923
dT[sub]@1: 2.683401
dT[sub]@2: 2.34376
dT[sub]@3: 2.635329
dT[sub]@4: 2.142258
dT[sub]@5: 2.435688
dT[sub]@6: 2.078454
dT[sub]@7: 2.322087
dT[mul]@0: 1.955791
dT[mul]@1: 2.174501
dT[mul]@2: 1.718714
dT[mul]@3: 1.976288
dT[mul]@4: 1.506907
dT[mul]@5: 1.305228
dT[mul]@6: 1.553541
dT[mul]@7: 1.21664
dT[div]@0: 1.390494
dT[div]@1: 1.039396
dT[div]@2: 0.712134
dT[div]@3: 1.016827
dT[div]@4: 0.812067
dT[div]@5: 1.060355
dT[div]@6: 0.461588
dT[div]@7: 0.747417
dT[add]@0: 3.454966
dT[add]@1: 3.686231
dT[add]@2: 3.329677
dT[add]@3: 3.600825
dT[add]@4: 3.129994
dT[add]@5: 3.36089
dT[add]@6: 2.966542
dT[add]@7: 3.23303
dT[sub]@0: 2.734558
dT[sub]@1: 2.968522
dT[sub]@2: 2.544461
dT[sub]@3: 2.324682
dT[sub]@4: 2.55319
dT[sub]@5: 2.231205
dT[sub]@6: 2.519613
dT[sub]@7: 2.034062
dT[mul]@0: 2.307958
dT[mul]@1: 1.82578
dT[mul]@2: 1.585377
dT[mul]@3: 1.827227
dT[mul]@4: 1.470333
dT[mul]@5: 1.672893
dT[mul]@6: 1.346115
dT[mul]@7: 1.582792
dT[div]@0: 1.16035
dT[div]@1: 1.395587
dT[div]@2: 0.90357
dT[div]@3: 1.140847
dT[div]@4: 0.729466
dT[div]@5: 0.953026
dT[div]@6: 0.530434
dT[div]@7: 0.726399
dT[add]@0: 3.713782
dT[add]@1: 7.467357
dT[add]@2: 7.83474
dT[add]@3: 3.293905
dT[add]@4: 3.170832
dT[add]@5: 3.358038
dT[add]@6: 4.76791
dT[add]@7: 4.966137
dT[sub]@0: 2.55222
dT[sub]@1: 2.806634
dT[sub]@2: 2.406106
dT[sub]@3: 2.584935
dT[sub]@4: 2.837216
dT[sub]@5: 2.218324
dT[sub]@6: 2.451531
dT[sub]@7: 1.891013
dT[mul]@0: 2.071822
dT[mul]@1: 1.631711
dT[mul]@2: 1.903256
dT[mul]@3: 1.468562
dT[mul]@4: 1.734724
dT[mul]@5: 1.952048
dT[mul]@6: 1.275243
dT[mul]@7: 1.504899
dT[div]@0: 1.096242
dT[div]@1: 1.318171
dT[div]@2: 0.822087
dT[div]@3: 1.085148
dT[div]@4: 0.486934
dT[div]@5: 0.774345
dT[div]@6: 0.932393
dT[div]@7: 0.443253
dT[add]@0: 3.865861
dT[add]@1: 3.317857
dT[add]@2: 3.470122
dT[add]@3: 3.102621
dT[add]@4: 3.275684
dT[add]@5: 3.524424
dT[add]@6: 2.843597
dT[add]@7: 3.079204
dT[sub]@0: 2.64336
dT[sub]@1: 2.866361
dT[sub]@2: 2.466816
dT[sub]@3: 2.702312
dT[sub]@4: 2.194601
dT[sub]@5: 2.462716
dT[sub]@6: 1.879562
dT[sub]@7: 2.159239
dT[mul]@0: 2.321753
dT[mul]@1: 1.804045
dT[mul]@2: 2.027122
dT[mul]@3: 1.603714
dT[mul]@4: 1.824464
dT[mul]@5: 1.31442
dT[mul]@6: 1.50224
dT[mul]@7: 1.133832
dT[div]@0: 1.320493
dT[div]@1: 1.572569
dT[div]@2: 0.870103
dT[div]@3: 1.105726
dT[div]@4: 0.689126
dT[div]@5: 0.905426
dT[div]@6: 0.488238
dT[div]@7: 0.712587
dT[add]@0: 3.323445
dT[add]@1: 3.56727
dT[add]@2: 3.711436
dT[add]@3: 3.173112
dT[add]@4: 3.399472
dT[add]@5: 2.954776
dT[add]@6: 3.178458
dT[add]@7: 2.700114
dT[sub]@0: 2.886953
dT[sub]@1: 2.429756
dT[sub]@2: 2.668434
dT[sub]@3: 2.950793
dT[sub]@4: 2.237929
dT[sub]@5: 2.466377
dT[sub]@6: 2.060763
dT[sub]@7: 2.290093
dT[mul]@0: 1.800126
dT[mul]@1: 2.064873
dT[mul]@2: 1.532508
dT[mul]@3: 1.872931
dT[mul]@4: 1.465841
dT[mul]@5: 1.690749
dT[mul]@6: 1.299757
dT[mul]@7: 1.522197
dT[div]@0: 1.099666
dT[div]@1: 1.326615
dT[div]@2: 0.820787
dT[div]@3: 1.083437
dT[div]@4: 0.486645
dT[div]@5: 0.768691
dT[div]@6: 0.927554
dT[div]@7: 0.441633
dT[add]@0: 3.859381
dT[add]@1: 3.349687
dT[add]@2: 3.574674
dT[add]@3: 3.095403
dT[add]@4: 3.276988
dT[add]@5: 3.524255
dT[add]@6: 2.859185
dT[add]@7: 3.08314
dT[sub]@0: 2.643021
dT[sub]@1: 2.869404
dT[sub]@2: 2.441544
dT[sub]@3: 2.674906
dT[sub]@4: 2.042426
dT[sub]@5: 2.343166
dT[sub]@6: 2.62197
dT[sub]@7: 1.965114
dT[mul]@0: 2.203194
dT[mul]@1: 1.758032
dT[mul]@2: 2.004108
dT[mul]@3: 1.555973
dT[mul]@4: 1.77695
dT[mul]@5: 1.310552
dT[mul]@6: 1.569956
dT[mul]@7: 0.972391
dT[div]@0: 1.272902
dT[div]@1: 1.44916
dT[div]@2: 0.909402
dT[div]@3: 1.0817
dT[div]@4: 0.65056
dT[div]@5: 0.838372
dT[div]@6: 0.454661
dT[div]@7: 0.644521
dT[add]@0: 3.443509
dT[add]@1: 3.605277
dT[add]@2: 3.824803
dT[add]@3: 3.120927
dT[add]@4: 3.349887
dT[add]@5: 2.921767
dT[add]@6: 3.148981
dT[add]@7: 2.827204
dT[sub]@0: 3.105137
dT[sub]@1: 2.539961
dT[sub]@2: 2.773998
dT[sub]@3: 2.15612
dT[sub]@4: 2.44237
dT[sub]@5: 2.604449
dT[sub]@6: 2.086733
dT[sub]@7: 2.305957
dT[mul]@0: 1.883194
dT[mul]@1: 2.10336
dT[mul]@2: 1.633857
dT[mul]@3: 1.827611
dT[mul]@4: 1.423803
dT[mul]@5: 1.598309
dT[mul]@6: 1.846325
dT[mul]@7: 1.167001
dT[div]@0: 1.389277
dT[div]@1: 0.987764
dT[div]@2: 1.220078
dT[div]@3: 0.745179
dT[div]@4: 0.995635
dT[div]@5: 0.396564
dT[div]@6: 0.66731
dT[div]@7: 0.824986
dT[add]@0: 3.499669
dT[add]@1: 3.706139
dT[add]@2: 3.192088
dT[add]@3: 3.047655
dT[add]@4: 3.29956
dT[add]@5: 3.511018
dT[add]@6: 2.8885
dT[add]@7: 3.111382
dT[sub]@0: 2.612412
dT[sub]@1: 2.837977
dT[sub]@2: 2.451188
dT[sub]@3: 2.627511
dT[sub]@4: 2.90553
dT[sub]@5: 2.148822
dT[sub]@6: 2.371906
dT[sub]@7: 1.960064
dT[mul]@0: 2.173781
dT[mul]@1: 1.703569
dT[mul]@2: 1.96745
dT[mul]@3: 1.357258
dT[mul]@4: 1.640124
dT[mul]@5: 1.805487
dT[mul]@6: 1.310125
dT[mul]@7: 1.530598
dT[div]@0: 1.114542
dT[div]@1: 1.33869
dT[div]@2: 0.844747
dT[div]@3: 1.020794
dT[div]@4: 0.641702
dT[div]@5: 0.819867
dT[div]@6: 1.072908
dT[div]@7: 0.393506
dT[add]@0: 3.832358
dT[add]@1: 3.344509
dT[add]@2: 3.553429
dT[add]@3: 3.054081
dT[add]@4: 3.328521
dT[add]@5: 2.735432
dT[add]@6: 3.012659
dT[add]@7: 3.18914
dT[sub]@0: 2.672616
dT[sub]@1: 2.90224
dT[sub]@2: 2.46091
dT[sub]@3: 2.690819
dT[sub]@4: 2.204232
dT[sub]@5: 2.390202
dT[sub]@6: 2.011703
dT[sub]@7: 2.304756
dT[mul]@0: 1.877526
dT[mul]@1: 2.061611
dT[mul]@2: 1.70126
dT[mul]@3: 1.890048
dT[mul]@4: 1.538573
dT[mul]@5: 1.765222
dT[mul]@6: 1.334044
dT[mul]@7: 1.558722
dT[div]@0: 1.149522
dT[div]@1: 0.82298
dT[div]@2: 1.09773
dT[div]@3: 0.609376
dT[div]@4: 0.905483
dT[div]@5: 0.59203
dT[div]@6: 0.8215
dT[div]@7: 0.42572
dT[add]@0: 3.99553
dT[add]@1: 3.522618
dT[add]@2: 3.335429
dT[add]@3: 3.531628
dT[add]@4: 3.116406
dT[add]@5: 3.314166
dT[add]@6: 2.975631
dT[add]@7: 3.200696
dT[sub]@0: 2.780728
dT[sub]@1: 2.450225
dT[sub]@2: 2.733506
dT[sub]@3: 2.24745
dT[sub]@4: 2.532478
dT[sub]@5: 6.596451
dT[sub]@6: 2.176376
dT[sub]@7: 1.85576
dT[mul]@0: 2.141837
dT[mul]@1: 1.794778
dT[mul]@2: 2.067899
dT[mul]@3: 1.636874
dT[mul]@4: 1.349864
dT[mul]@5: 1.587921
dT[mul]@6: 1.753671
dT[mul]@7: 1.259048
dT[div]@0: 0.923576
dT[div]@1: 1.207206
dT[div]@2: 0.714412
dT[div]@3: 1.004513
dT[div]@4: 0.647194
dT[div]@5: 0.873054
dT[div]@6: 0.501494
dT[div]@7: 0.732896
dT[add]@0: 3.638929
dT[add]@1: 3.860339
dT[add]@2: 3.416175
dT[add]@3: 3.286005
dT[add]@4: 3.500345
dT[add]@5: 3.094887
dT[add]@6: 3.317472
dT[add]@7: 2.900377
dT[sub]@0: 2.539487
dT[sub]@1: 2.816463
dT[sub]@2: 3.655867
dT[sub]@3: 2.378776
dT[sub]@4: 2.270401
dT[sub]@5: 2.502422
dT[sub]@6: 2.011002
dT[sub]@7: 2.286236
dT[mul]@0: 1.678688
dT[mul]@1: 1.970864
dT[mul]@2: 2.129207
dT[mul]@3: 1.587055
dT[mul]@4: 1.809566
dT[mul]@5: 1.379749
dT[mul]@6: 1.601657
dT[mul]@7: 1.129168
dT[div]@0: 1.319426
dT[div]@1: 0.852942
dT[div]@2: 1.089123
dT[div]@3: 1.387876
dT[div]@4: 0.707327
dT[div]@5: 0.929513
dT[div]@6: 0.512828
dT[div]@7: 0.731973
dT[add]@0: 3.507631
dT[add]@1: 3.705112
dT[add]@2: 3.175852
dT[add]@3: 3.445186
dT[add]@4: 2.84287
dT[add]@5: 3.120677
dT[add]@6: 3.298156
dT[add]@7: 2.798463
dT[sub]@0: 3.027801
dT[sub]@1: 2.558009
dT[sub]@2: 2.774999
dT[sub]@3: 2.305936
dT[sub]@4: 2.48292
dT[sub]@5: 2.093008
dT[sub]@6: 2.275536
dT[sub]@7: 2.524467
dT[mul]@0: 1.870459
dT[mul]@1: 2.098983
dT[mul]@2: 6.02807
dT[mul]@3: 1.58018
dT[mul]@4: 1.76053
dT[mul]@5: 1.330665
dT[mul]@6: 1.519245
dT[mul]@7: 1.137593
dT[div]@0: 1.310792
dT[div]@1: 0.866235
dT[div]@2: 1.113876
dT[div]@3: 0.659763
dT[div]@4: 0.891218
dT[div]@5: 1.184354
dT[div]@6: 0.554373
dT[div]@7: 0.271275
dT[add]@0: 3.618757
dT[add]@1: 3.73415
dT[add]@2: 3.226586
dT[add]@3: 4.154816
dT[add]@4: 3.316429
dT[add]@5: 3.508145
dT[add]@6: 2.847495
dT[add]@7: 3.042914
dT[sub]@0: 2.391081
dT[sub]@1: 2.611923
dT[sub]@2: 2.772389
dT[sub]@3: 2.319183
dT[sub]@4: 2.488805
dT[sub]@5: 2.732431
dT[sub]@6: 2.052556
dT[sub]@7: 2.280192
dT[mul]@0: 1.855804
dT[mul]@1: 2.118291
dT[mul]@2: 1.665218
dT[mul]@3: 2.013292
dT[mul]@4: 1.473798
dT[mul]@5: 1.640196
dT[mul]@6: 1.229344
dT[mul]@7: 1.402384
dT[div]@0: 1.641787
dT[div]@1: 0.989382
dT[div]@2: 1.23782
dT[div]@3: 0.773119
dT[div]@4: 0.991769
dT[div]@5: 0.529859
dT[div]@6: 0.739434
dT[div]@7: 0.9795
dT[add]@0: 3.459204
dT[add]@1: 3.657156
dT[add]@2: 3.212398
dT[add]@3: 3.428137
dT[add]@4: 2.836266
dT[add]@5: 3.125252
dT[add]@6: 3.342064
dT[add]@7: 2.759596
dT[sub]@0: 2.975729
dT[sub]@1: 2.673447
dT[sub]@2: 2.861885
dT[sub]@3: 2.367194
dT[sub]@4: 2.583407
dT[sub]@5: 2.077713
dT[sub]@6: 2.266462
dT[sub]@7: 2.523138
dT[mul]@0: 1.852633
dT[mul]@1: 2.070675
dT[mul]@2: 1.653051
dT[mul]@3: 1.87732
dT[mul]@4: 1.258979
dT[mul]@5: 1.540961
dT[mul]@6: 1.719965
dT[mul]@7: 1.213516
dT[div]@0: 1.393911
dT[div]@1: 0.994685
dT[div]@2: 1.215816
dT[div]@3: 0.757716
dT[div]@4: 0.934625
dT[div]@5: 1.163001
dT[div]@6: 0.494845
dT[div]@7: 0.714031
dT[add]@0: 3.467875
dT[add]@1: 3.637987
dT[add]@2: 7.493667
dT[add]@3: 3.101463
dT[add]@4: 3.281764
dT[add]@5: 2.919882
dT[add]@6: 3.099458
dT[add]@7: 3.347893
dT[sub]@0: 2.648401
dT[sub]@1: 2.856445
dT[sub]@2: 2.432051
dT[sub]@3: 2.648825
dT[sub]@4: 2.059072
dT[sub]@5: 2.355025
dT[sub]@6: 2.506234
dT[sub]@7: 2.000637
dT[mul]@0: 2.216307
dT[mul]@1: 1.803466
dT[mul]@2: 1.97756
dT[mul]@3: 1.439706
dT[mul]@4: 1.675433
dT[mul]@5: 1.936055
dT[mul]@6: 1.253464
dT[mul]@7: 1.472735
dT[div]@0: 1.097819
dT[div]@1: 1.316155
dT[div]@2: 0.708087
dT[div]@3: 0.987158
dT[div]@4: 1.135058
dT[div]@5: 0.620733
dT[div]@6: 0.825136
dT[div]@7: 0.408823
dT[add]@0: 3.816338
dT[add]@1: 3.853701
dT[add]@2: 3.405979
dT[add]@3: 3.627716
dT[add]@4: 3.06116
dT[add]@5: 3.288776
dT[add]@6: 2.846666
dT[add]@7: 3.022628
dT[sub]@0: 2.595717
dT[sub]@1: 2.766587
dT[sub]@2: 2.31092
dT[sub]@3: 2.543989
dT[sub]@4: 2.814874
dT[sub]@5: 2.126123
dT[sub]@6: 2.351252
dT[sub]@7: 1.985189
dT[mul]@0: 2.207575
dT[mul]@1: 1.716329
dT[mul]@2: 1.967265
dT[mul]@3: 2.137513
dT[mul]@4: 1.478504
dT[mul]@5: 1.648198
dT[mul]@6: 1.298663
dT[mul]@7: 1.509878
dT[div]@0: 1.039106
dT[div]@1: 1.221608
dT[div]@2: 0.79325
dT[div]@3: 1.032322
dT[div]@4: 0.653039
dT[div]@5: 0.826099
dT[div]@6: 0.458855
dT[div]@7: 0.632038
dT[add]@0: 3.646841
dT[add]@1: 3.852773
dT[add]@2: 3.388435
dT[add]@3: 3.606342
dT[add]@4: 3.181924
dT[add]@5: 2.858111
dT[add]@6: 3.135543
dT[add]@7: 2.6461
dT[sub]@0: 2.925555
dT[sub]@1: 2.437951
dT[sub]@2: 2.72483
dT[sub]@3: 2.382606
dT[sub]@4: 2.645933
dT[sub]@5: 2.238433
dT[sub]@6: 2.450538
dT[sub]@7: 6.266361
dT[mul]@0: 1.948387
dT[mul]@1: 2.125383
dT[mul]@2: 1.781892
dT[mul]@3: 1.996338
dT[mul]@4: 1.499911
dT[mul]@5: 1.758896
dT[mul]@6: 1.315668
dT[mul]@7: 1.532042
dT[div]@0: 1.109549
dT[div]@1: 0.884687
dT[div]@2: 1.112649
dT[div]@3: 0.766414
dT[div]@4: 0.932815
dT[div]@5: 0.559617
dT[div]@6: 0.732952
dT[div]@7: 0.433719
dT[add]@0: 3.969021
dT[add]@1: 3.48645
dT[add]@2: 3.645398
dT[add]@3: 3.285262
dT[add]@4: 3.486223
dT[add]@5: 3.077702
dT[add]@6: 3.043496
dT[add]@7: 2.595514
dT[sub]@0: 2.854657
dT[sub]@1: 3.013045
dT[sub]@2: 2.509422
dT[sub]@3: 2.730871
dT[sub]@4: 2.269456
dT[sub]@5: 2.454303
dT[sub]@6: 2.174613
dT[sub]@7: 2.387314
dT[mul]@0: 1.975154
dT[mul]@1: 2.154119
dT[mul]@2: 1.757639
dT[mul]@3: 1.418489
dT[mul]@4: 1.712414
dT[mul]@5: 1.216981
dT[mul]@6: 1.469374
dT[mul]@7: 2.452466
dT[div]@0: 1.095064
dT[div]@1: 1.133002
dT[div]@2: 1.256757
dT[div]@3: 0.838178
dT[div]@4: 1.040829
dT[div]@5: 0.580711
dT[div]@6: 0.769672
dT[div]@7: 0.372817
dT[add]@0: 3.629295
dT[add]@1: 3.846944
dT[add]@2: 3.261353
dT[add]@3: 3.474494
dT[add]@4: 3.041632
dT[add]@5: 3.31955
dT[add]@6: 2.784304
dT[add]@7: 3.053051
dT[sub]@0: 2.457473
dT[sub]@1: 2.748029
dT[sub]@2: 2.957295
dT[sub]@3: 2.3581
dT[sub]@4: 2.555864
dT[sub]@5: 2.189367
dT[sub]@6: 2.419262
dT[sub]@7: 1.914373
dT[mul]@0: 2.104612
dT[mul]@1: 1.729994
dT[mul]@2: 1.911516
dT[mul]@3: 1.451441
dT[mul]@4: 1.693833
dT[mul]@5: 1.977256
dT[mul]@6: 1.065137
dT[mul]@7: 1.384652
dT[div]@0: 1.556922
dT[div]@1: 1.033726
dT[div]@2: 1.263219
dT[div]@3: 0.82423
dT[div]@4: 1.025758
dT[div]@5: 0.388163
dT[div]@6: 0.65713
dT[div]@7: 0.831923
dT[add]@0: 3.534869
dT[add]@1: 3.698607
dT[add]@2: 3.186618
dT[add]@3: 3.35746
dT[add]@4: 2.973143
dT[add]@5: 3.14026
dT[add]@6: 3.374422
dT[add]@7: 2.74512
dT[sub]@0: 2.972319
dT[sub]@1: 2.542613
dT[sub]@2: 2.767222
dT[sub]@3: 2.284002
dT[sub]@4: 2.549628
dT[sub]@5: 1.958754
dT[sub]@6: 2.242822
dT[sub]@7: 2.403956
dT[mul]@0: 1.881693
dT[mul]@1: 2.112399
dT[mul]@2: 1.616056
dT[mul]@3: 1.793199
dT[mul]@4: 1.429496
dT[mul]@5: 1.607894
dT[mul]@6: 1.863956
dT[mul]@7: 1.173955
dT[div]@0: 1.40935
dT[div]@1: 0.96648
dT[div]@2: 1.195415
dT[div]@3: 0.727702
dT[div]@4: 1.015082
dT[div]@5: 0.408218
dT[div]@6: 0.69241
dT[div]@7: 0.843943
dT[add]@0: 3.499709
dT[add]@1: 3.689794
dT[add]@2: 3.287822
dT[add]@3: 3.506808
dT[add]@4: 2.995403
dT[add]@5: 3.181645
dT[add]@6: 2.690141
dT[add]@7: 2.970071
dT[sub]@0: 3.23809
dT[sub]@1: 2.549385
dT[sub]@2: 2.773351
dT[sub]@3: 2.369512
dT[sub]@4: 2.643702
dT[sub]@5: 2.146643
dT[sub]@6: 2.414316
dT[sub]@7: 2.58186
dT[mul]@0: 1.878064
dT[mul]@1: 2.116003
dT[mul]@2: 1.663831
dT[mul]@3: 1.937607
dT[mul]@4: 1.464337
dT[mul]@5: 1.729942
dT[mul]@6: 1.089309
dT[mul]@7: 1.381224
dT[div]@0: 1.537126
dT[div]@1: 1.013807
dT[div]@2: 1.233072
dT[div]@3: 0.816227
dT[div]@4: 1.041879
dT[div]@5: 0.533461
dT[div]@6: 0.714741
dT[div]@7: 0.17685
dT[add]@0: 3.633454
dT[add]@1: 3.797027
dT[add]@2: 3.230219
dT[add]@3: 3.446273
dT[add]@4: 3.004401
dT[add]@5: 3.266209
dT[add]@6: 7.061477
dT[add]@7: 2.781821
dT[sub]@0: 2.97455
dT[sub]@1: 2.541288
dT[sub]@2: 2.721758
dT[sub]@3: 2.422883
dT[sub]@4: 2.606065
dT[sub]@5: 2.111479
dT[sub]@6: 2.288711
dT[sub]@7: 1.820287
dT[mul]@0: 2.103387
dT[mul]@1: 1.688433
dT[mul]@2: 1.929261
dT[mul]@3: 1.529874
dT[mul]@4: 1.721784
dT[mul]@5: 1.468307
dT[mul]@6: 1.651578
dT[mul]@7: 1.148735
dT[div]@0: 1.331709
dT[div]@1: 0.968091
dT[div]@2: 1.147851
dT[div]@3: 1.367332
dT[div]@4: 0.717873
dT[div]@5: 0.929296
dT[div]@6: 0.513543
dT[div]@7: 0.740624
dT[add]@0: 3.49707
dT[add]@1: 3.667663
dT[add]@2: 3.280671
dT[add]@3: 3.509492
dT[add]@4: 2.97211
dT[add]@5: 3.250347
dT[add]@6: 2.651072
dT[add]@7: 2.922352
dT[sub]@0: 3.086745
dT[sub]@1: 2.559041
dT[sub]@2: 2.783812
dT[sub]@3: 2.416007
dT[sub]@4: 2.641638
dT[sub]@5: 2.114593
dT[sub]@6: 2.302262
dT[sub]@7: 1.893867
dT[mul]@0: 2.0809
dT[mul]@1: 2.351892
dT[mul]@2: 1.661581
dT[mul]@3: 1.887852
dT[mul]@4: 1.481727
dT[mul]@5: 1.722575
dT[mul]@6: 1.208315
dT[mul]@7: 1.414485
dT[div]@0: 0.94421
dT[div]@1: 1.188875
dT[div]@2: 1.448021
dT[div]@3: 0.765141
dT[div]@4: 0.988947
dT[div]@5: 0.57181
dT[div]@6: 0.791656
dT[div]@7: 0.196276
dT[add]@0: 3.682433
dT[add]@1: 3.805599
dT[add]@2: 3.25208
dT[add]@3: 3.455854
dT[add]@4: 2.974531
dT[add]@5: 3.154107
dT[add]@6: 2.760936
dT[add]@7: 2.943262
dT[sub]@0: 3.205035
dT[sub]@1: 2.547453
dT[sub]@2: 2.763684
dT[sub]@3: 2.34276
dT[sub]@4: 2.574816
dT[sub]@5: 1.961767
dT[sub]@6: 2.252656
dT[sub]@7: 2.41766
dT[mul]@0: 1.891139
dT[mul]@1: 2.105651
dT[mul]@2: 1.685179
dT[mul]@3: 1.855538
dT[mul]@4: 1.351051
dT[mul]@5: 1.618818
dT[mul]@6: 1.858591
dT[mul]@7: 1.313454
dT[div]@0: 1.085065
dT[div]@1: 1.264702
dT[div]@2: 0.893018
dT[div]@3: 1.071441
dT[div]@4: 0.653822
dT[div]@5: 0.8275
dT[div]@6: 1.075935
dT[div]@7: 0.637832
dT[add]@0: 3.503256
dT[add]@1: 3.710165
dT[add]@2: 3.212097
dT[add]@3: 3.394201
dT[add]@4: 2.901218
dT[add]@5: 3.13955
dT[add]@6: 3.43563
dT[add]@7: 2.732943
dT[sub]@0: 2.988914
dT[sub]@1: 2.554921
dT[sub]@2: 2.813003
dT[sub]@3: 2.364252
dT[sub]@4: 2.606085
dT[sub]@5: 2.095689
dT[sub]@6: 2.37705
dT[sub]@7: 1.764894
dT[mul]@0: 2.090449
dT[mul]@1: 2.281045
dT[mul]@2: 1.703481
dT[mul]@3: 1.93535
dT[mul]@4: 1.529467
dT[mul]@5: 1.764174
dT[mul]@6: 1.325042
dT[mul]@7: 1.560948
dT[div]@0: 1.074773
dT[div]@1: 1.265588
dT[div]@2: 0.890578
dT[div]@3: 1.142656
dT[div]@4: 0.709506
dT[div]@5: 0.990832
dT[div]@6: 0.498624
dT[div]@7: 0.275406
dT[add]@0: 3.880834
dT[add]@1: 3.444927
dT[add]@2: 3.624276
dT[add]@3: 3.304731
dT[add]@4: 3.539692
dT[add]@5: 3.094914
dT[add]@6: 2.769106
dT[add]@7: 3.065503
dT[sub]@0: 2.822698
dT[sub]@1: 3.110282
dT[sub]@2: 2.537446
dT[sub]@3: 2.209515
dT[sub]@4: 2.496715
dT[sub]@5: 2.048832
dT[sub]@6: 2.355856
dT[sub]@7: 1.857595
dT[mul]@0: 2.159988
dT[mul]@1: 1.795288
dT[mul]@2: 2.068104
dT[mul]@3: 1.582463
dT[mul]@4: 1.829106
dT[mul]@5: 1.413401
dT[mul]@6: 1.602185
dT[mul]@7: 1.237486
dT[div]@0: 1.466142
dT[div]@1: 1.026715
dT[div]@2: 1.212853
dT[div]@3: 0.819975
dT[div]@4: 1.001357
dT[div]@5: 0.70503
dT[div]@6: 0.36705
dT[div]@7: 0.375461
dT[add]@0: 3.829832
dT[add]@1: 3.27236
dT[add]@2: 3.491934
dT[add]@3: 3.708616
dT[add]@4: 3.164823
dT[add]@5: 3.314303
dT[add]@6: 2.967448
dT[add]@7: 3.140138
dT[sub]@0: 2.761181
dT[sub]@1: 2.967115
dT[sub]@2: 2.505659
dT[sub]@3: 2.751165
dT[sub]@4: 2.387108
dT[sub]@5: 2.601074
dT[sub]@6: 2.139759
dT[sub]@7: 2.310924
dT[mul]@0: 1.938849
dT[mul]@1: 1.701519
dT[mul]@2: 1.937131
dT[mul]@3: 1.583708
dT[mul]@4: 1.762638
dT[mul]@5: 2.602291
dT[mul]@6: 1.227757
dT[mul]@7: 1.43873
dT[div]@0: 1.659445
dT[div]@1: 0.989357
dT[div]@2: 1.162355
dT[div]@3: 0.737888
dT[div]@4: 0.936724
dT[div]@5: 1.190844
dT[div]@6: 0.503709
dT[div]@7: 0.735238
dT[add]@0: 3.285994
dT[add]@1: 3.499601
dT[add]@2: 3.70512
dT[add]@3: 3.204886
dT[add]@4: 3.425483
dT[add]@5: 2.975713
dT[add]@6: 3.202227
dT[add]@7: 2.614061
dT[sub]@0: 2.826599
dT[sub]@1: 2.19227
dT[sub]@2: 2.472436
dT[sub]@3: 2.69453
dT[sub]@4: 2.061282
dT[sub]@5: 2.374664
dT[sub]@6: 1.875853
dT[sub]@7: 2.15887
dT[mul]@0: 2.344721
dT[mul]@1: 1.808862
dT[mul]@2: 2.030649
dT[mul]@3: 1.517996
dT[mul]@4: 1.753924
dT[mul]@5: 2.017203
dT[mul]@6: 1.231629
dT[mul]@7: 1.464954
dT[div]@0: 1.687108
dT[div]@1: 1.031438
dT[div]@2: 1.260374
dT[div]@3: 0.833676
dT[div]@4: 1.040684
dT[div]@5: 0.556119
dT[div]@6: 0.745736
dT[div]@7: 0.355825
dT[add]@0: 3.737177
dT[add]@1: 3.229692
dT[add]@2: 3.515473
dT[add]@3: 3.684545
dT[add]@4: 3.078629
dT[add]@5: 3.294968
dT[add]@6: 2.847772
dT[add]@7: 3.070458
dT[sub]@0: 2.616083
dT[sub]@1: 2.792862
dT[sub]@2: 3.039024
dT[sub]@3: 6.768776
dT[sub]@4: 2.354163
dT[sub]@5: 1.982736
dT[sub]@6: 2.295203
dT[sub]@7: 2.463407
dT[mul]@0: 1.912214
dT[mul]@1: 2.138869
dT[mul]@2: 1.700464
dT[mul]@3: 1.926724
dT[mul]@4: 1.442972
dT[mul]@5: 1.639065
dT[mul]@6: 1.238744
dT[mul]@7: 1.439801
dT[div]@0: 0.967663
dT[div]@1: 1.240186
dT[div]@2: 1.490572
dT[div]@3: 0.78506
dT[div]@4: 1.050281
dT[div]@5: 0.570663
dT[div]@6: 0.814236
dT[div]@7: 0.344173
dT[add]@0: 3.788849
dT[add]@1: 3.152069
dT[add]@2: 3.435327
dT[add]@3: 3.593991
dT[add]@4: 3.108882
dT[add]@5: 3.299577
dT[add]@6: 2.887793
dT[add]@7: 3.108237
dT[sub]@0: 2.702602
dT[sub]@1: 2.938529
dT[sub]@2: 2.403495
dT[sub]@3: 2.599221
dT[sub]@4: 2.131075
dT[sub]@5: 2.389112
dT[sub]@6: 1.940534
dT[sub]@7: 2.175621
dT[mul]@0: 2.460994
dT[mul]@1: 1.787918
dT[mul]@2: 2.053047
dT[mul]@3: 1.569416
dT[mul]@4: 1.839459
dT[mul]@5: 1.360143
dT[mul]@6: 1.593597
dT[mul]@7: 1.13867
dT[div]@0: 1.412933
dT[div]@1: 0.803293
dT[div]@2: 1.085279
dT[div]@3: 1.257321
dT[div]@4: 0.722457
dT[div]@5: 0.910149
dT[div]@6: 0.533066
dT[div]@7: 0.420508
dT[add]@0: 3.821295
dT[add]@1: 3.30503
dT[add]@2: 3.482738
dT[add]@3: 3.044577
dT[add]@4: 3.277607
dT[add]@5: 2.811028
dT[add]@6: 3.042939
dT[add]@7: 3.319837
dT[sub]@0: 2.62952
dT[sub]@1: 2.908054
dT[sub]@2: 2.430412
dT[sub]@3: 2.669568
dT[sub]@4: 2.204845
dT[sub]@5: 2.490749
dT[sub]@6: 1.862406
dT[sub]@7: 2.154267
dT[mul]@0: 2.321468
dT[mul]@1: 1.816722
dT[mul]@2: 2.037678
dT[mul]@3: 1.615863
dT[mul]@4: 1.840394
dT[mul]@5: 1.320852
dT[mul]@6: 1.518754
dT[mul]@7: 1.046824
dT[div]@0: 1.304336
dT[div]@1: 1.592936
dT[div]@2: 1.034544
dT[div]@3: 0.800802
dT[div]@4: 1.024856
dT[div]@5: 0.639245
dT[div]@6: 0.862862
dT[div]@7: 0.445896
dT[add]@0: 3.819921
dT[add]@1: 3.31577
dT[add]@2: 3.489283
dT[add]@3: 3.072656
dT[add]@4: 3.329008
dT[add]@5: 2.816229
dT[add]@6: 3.049887
dT[add]@7: 2.65598
dT[sub]@0: 2.896101
dT[sub]@1: 3.204967
dT[sub]@2: 2.460943
dT[sub]@3: 2.705533
dT[sub]@4: 2.279605
dT[sub]@5: 2.517601
dT[sub]@6: 2.067907
dT[sub]@7: 2.302082
dT[mul]@0: 1.793279
dT[mul]@1: 2.070313
dT[mul]@2: 1.476466
dT[mul]@3: 1.764459
dT[mul]@4: 1.929732
dT[mul]@5: 1.433863
dT[mul]@6: 1.656895
dT[mul]@7: 1.232403
dT[div]@0: 1.47773
dT[div]@1: 0.9541
dT[div]@2: 1.144253
dT[div]@3: 0.750447
dT[div]@4: 0.944439
dT[div]@5: 1.193298
dT[div]@6: 0.486686
dT[div]@7: 0.718286
dT[add]@0: 3.451532
dT[add]@1: 3.743499
dT[add]@2: 3.264911
dT[add]@3: 3.479027
dT[add]@4: 3.062261
dT[add]@5: 3.301735
dT[add]@6: 2.83364
dT[add]@7: 3.096676
dT[sub]@0: 2.458054
dT[sub]@1: 2.789908
dT[sub]@2: 2.241123
dT[sub]@3: 2.563399
dT[sub]@4: 2.740424
dT[sub]@5: 2.213646
dT[sub]@6: 2.444428
dT[sub]@7: 2.006029
dT[mul]@0: 2.239276
dT[mul]@1: 1.733129
dT[mul]@2: 1.919852
dT[mul]@3: 1.539277
dT[mul]@4: 1.730892
dT[mul]@5: 1.261603
dT[mul]@6: 1.510856
dT[mul]@7: 1.082714
dT[div]@0: 1.34505
dT[div]@1: 1.607686
dT[div]@2: 0.870689
dT[div]@3: 1.108797
dT[div]@4: 0.688366
dT[div]@5: 0.948858
dT[div]@6: 0.43912
dT[div]@7: 0.712225
dT[add]@0: 3.293902
dT[add]@1: 3.535652
dT[add]@2: 3.690135
dT[add]@3: 3.16696
dT[add]@4: 3.395967
dT[add]@5: 2.978264
dT[add]@6: 3.202095
dT[add]@7: 2.701287
dT[sub]@0: 2.897583
dT[sub]@1: 2.983486
dT[sub]@2: 2.953935
dT[sub]@3: 3.212772
dT[sub]@4: 2.68416
dT[sub]@5: 2.966394
dT[sub]@6: 2.262839
dT[sub]@7: 2.124755
dT[mul]@0: 2.038946
dT[mul]@1: 1.800387
dT[mul]@2: 2.108371
dT[mul]@3: 1.625183
dT[mul]@4: 1.744412
dT[mul]@5: 1.958975
dT[mul]@6: 2.223677
dT[mul]@7: 1.329323
dT[div]@0: 1.022886
dT[div]@1: 1.298446
dT[div]@2: 1.031465
dT[div]@3: 1.050984
dT[div]@4: 1.491679
dT[div]@5: 0.781648
dT[div]@6: 0.669638
dT[div]@7: 0.877974
dT[add]@0: 5.002547
dT[add]@1: 4.192401
dT[add]@2: 4.400864
dT[add]@3: 4.359783
dT[add]@4: 3.73259
dT[add]@5: 3.919407
dT[add]@6: 4.164172
dT[add]@7: 3.361068
dT[sub]@0: 3.608934
dT[sub]@1: 2.690905
dT[sub]@2: 2.678696
dT[sub]@3: 2.849273
dT[sub]@4: 2.368457
dT[sub]@5: 2.423414
dT[sub]@6: 2.167315
dT[sub]@7: 2.272149
dT[mul]@0: 2.205756
dT[mul]@1: 2.58053
dT[mul]@2: 6.528872
dT[mul]@3: 1.662472
dT[mul]@4: 1.507034
dT[mul]@5: 1.366555
dT[mul]@6: 1.365286
dT[mul]@7: 1.42418
dT[div]@0: 1.098713
dT[div]@1: 1.076349
dT[div]@2: 0.947399
dT[div]@3: 0.849324
dT[div]@4: 0.807528
dT[div]@5: 1.047519
dT[div]@6: 0.494709
dT[div]@7: 0.410854
dT[add]@0: 3.993532
dT[add]@1: 4.389153
dT[add]@2: 3.764452
dT[add]@3: 3.558395
dT[add]@4: 3.419779
dT[add]@5: 3.108691
dT[add]@6: 3.297873
dT[add]@7: 3.025837
dT[sub]@0: 2.920804
dT[sub]@1: 2.732422
dT[sub]@2: 2.694952
dT[sub]@3: 2.662543
dT[sub]@4: 2.389258
dT[sub]@5: 2.337808
dT[sub]@6: 2.270229
dT[sub]@7: 2.188589
dT[mul]@0: 2.099354
dT[mul]@1: 2.062503
dT[mul]@2: 2.394212
dT[mul]@3: 1.675553
dT[mul]@4: 1.561214
dT[mul]@5: 1.500835
dT[mul]@6: 1.476827
dT[mul]@7: 1.256888
dT[div]@0: 1.064764
dT[div]@1: 1.412222
dT[div]@2: 0.999119
dT[div]@3: 0.883808
dT[div]@4: 0.578394
dT[div]@5: 0.478685
dT[div]@6: 0.458859
dT[div]@7: 0.471121
dT[add]@0: 3.931212
dT[add]@1: 3.884723
dT[add]@2: 3.749833
dT[add]@3: 3.492187
dT[add]@4: 3.532761
dT[add]@5: 7.835955
dT[add]@6: 8.139517
dT[add]@7: 3.104413
dT[sub]@0: 2.740184
dT[sub]@1: 2.766621
dT[sub]@2: 2.560863
dT[sub]@3: 2.783262
dT[sub]@4: 2.471002
dT[sub]@5: 2.182148
dT[sub]@6: 2.184261
dT[sub]@7: 2.384512
dT[mul]@0: 1.922395
dT[mul]@1: 1.820191
dT[mul]@2: 1.81291
dT[mul]@3: 1.623516
dT[mul]@4: 2.013751
dT[mul]@5: 1.64101
dT[mul]@6: 1.815444
dT[mul]@7: 1.200171
dT[div]@0: 1.204579
dT[div]@1: 0.990768
dT[div]@2: 0.96399
dT[div]@3: 0.910795
dT[div]@4: 1.242704
dT[div]@5: 0.623554
dT[div]@6: 0.871335
dT[div]@7: 0.392749
dT[add]@0: 4.684449
dT[add]@1: 4.378699
dT[add]@2: 4.752144
dT[add]@3: 4.387446
dT[add]@4: 4.182419
dT[add]@5: 4.458244
dT[add]@6: 3.885392
dT[add]@7: 3.660915
dT[sub]@0: 3.669148
dT[sub]@1: 3.934591
dT[sub]@2: 3.336645
dT[sub]@3: 3.289326
dT[sub]@4: 3.502501
dT[sub]@5: 2.865408
dT[sub]@6: 7.741969
dT[sub]@7: 2.340419
dT[mul]@0: 2.807927
dT[mul]@1: 2.449868
dT[mul]@2: 2.219613
dT[mul]@3: 2.192488
dT[mul]@4: 1.690122
dT[mul]@5: 1.95038
dT[mul]@6: 1.724717
dT[mul]@7: 1.484234
dT[div]@0: 1.242896
dT[div]@1: 1.324835
dT[div]@2: 1.163951
dT[div]@3: 0.859166
dT[div]@4: 1.099598
dT[div]@5: 0.607019
dT[div]@6: 0.40181
dT[div]@7: 0.798691
dT[add]@0: 4.779137
dT[add]@1: 4.601466
dT[add]@2: 4.832003
dT[add]@3: 4.389864
dT[add]@4: 4.203948
dT[add]@5: 4.051624
dT[add]@6: 3.636063
dT[add]@7: 3.846855
dT[sub]@0: 3.76082
dT[sub]@1: 3.174582
dT[sub]@2: 3.542293
dT[sub]@3: 3.174525
dT[sub]@4: 2.694424
dT[sub]@5: 3.152743
dT[sub]@6: 2.749546
dT[sub]@7: 2.953838
dT[mul]@0: 2.381184
dT[mul]@1: 2.646846
dT[mul]@2: 2.244746
dT[mul]@3: 2.157302
dT[mul]@4: 2.374568
dT[mul]@5: 1.889552
dT[mul]@6: 1.519333
dT[mul]@7: 1.916167
dT[div]@0: 1.516332
dT[div]@1: 1.368998
dT[div]@2: 0.891109
dT[div]@3: 0.878177
dT[div]@4: 1.200435
dT[div]@5: 0.650302
dT[div]@6: 0.398657
dT[div]@7: 0.823379
dT[add]@0: 5.037035
dT[add]@1: 4.741668
dT[add]@2: 9.433638
dT[add]@3: 4.273054
dT[add]@4: 4.460634
dT[add]@5: 4.125906
dT[add]@6: 3.983855
dT[add]@7: 3.44549
dT[sub]@0: 3.810806
dT[sub]@1: 3.59166
dT[sub]@2: 3.33336
dT[sub]@3: 2.993835
dT[sub]@4: 3.198917
dT[sub]@5: 2.845079
dT[sub]@6: 2.701846
dT[sub]@7: 2.956005
dT[mul]@0: 2.597304
dT[mul]@1: 2.467709
dT[mul]@2: 2.361037
dT[mul]@3: 2.127077
dT[mul]@4: 1.910853
dT[mul]@5: 1.332665
dT[mul]@6: 1.637925
dT[mul]@7: 1.214547
dT[div]@0: 1.456876
dT[div]@1: 0.928499
dT[div]@2: 1.170799
dT[div]@3: 0.587513
dT[div]@4: 0.870136
dT[div]@5: 1.021181
dT[div]@6: 0.459896
dT[div]@7: 0.625221
dT[add]@0: 4.028023
dT[add]@1: 3.362151
dT[add]@2: 3.587945
dT[add]@3: 3.141225
dT[add]@4: 3.338585
dT[add]@5: 3.523473
dT[add]@6: 2.87333
dT[add]@7: 3.041273
dT[sub]@0: 2.67685
dT[sub]@1: 2.83981
dT[sub]@2: 2.307359
dT[sub]@3: 2.559181
dT[sub]@4: 2.73853
dT[sub]@5: 2.128338
dT[sub]@6: 2.32696
dT[sub]@7: 1.768854
dT[mul]@0: 2.049474
dT[mul]@1: 2.201341
dT[mul]@2: 1.759359
dT[mul]@3: 2.030691
dT[mul]@4: 1.497588
dT[mul]@5: 1.688105
dT[mul]@6: 1.229163
dT[mul]@7: 1.413004
dT[div]@0: 1.654548
dT[div]@1: 0.980372
dT[div]@2: 1.195409
dT[div]@3: 0.743746
dT[div]@4: 0.980017
dT[div]@5: 1.165612
dT[div]@6: 0.493186
dT[div]@7: 0.693109
dT[add]@0: 3.443844
dT[add]@1: 3.593726
dT[add]@2: 3.81183
dT[add]@3: 3.167492
dT[add]@4: 3.373425
dT[add]@5: 2.85678
dT[add]@6: 3.089866
dT[add]@7: 3.257986
dT[sub]@0: 2.680835
dT[sub]@1: 2.852962
dT[sub]@2: 2.401089
dT[sub]@3: 2.570713
dT[sub]@4: 2.795576
dT[sub]@5: 2.168911
dT[sub]@6: 2.369407
dT[sub]@7: 1.672805
dT[mul]@0: 1.977418
dT[mul]@1: 2.133354
dT[mul]@2: 1.647519
dT[mul]@3: 1.841494
dT[mul]@4: 2.071033
dT[mul]@5: 1.398974
dT[mul]@6: 1.599143
dT[mul]@7: 1.195033
dT[div]@0: 1.399267
dT[div]@1: 0.787816
dT[div]@2: 1.051965
dT[div]@3: 1.191133
dT[div]@4: 0.616848
dT[div]@5: 0.852758
dT[div]@6: 1.003953
dT[div]@7: 0.385687
dT[add]@0: 3.736519
dT[add]@1: 3.363999
dT[add]@2: 3.521707
dT[add]@3: 3.748503
dT[add]@4: 3.073937
dT[add]@5: 3.277148
dT[add]@6: 2.847329
dT[add]@7: 3.037201
dT[sub]@0: 2.561522
dT[sub]@1: 2.748106
dT[sub]@2: 2.975703
dT[sub]@3: 2.358686
dT[sub]@4: 2.575285
dT[sub]@5: 2.045619
dT[sub]@6: 2.205371
dT[sub]@7: 2.446215
dT[mul]@0: 1.597564
dT[mul]@1: 1.889802
dT[mul]@2: 2.259951
dT[mul]@3: 1.49519
dT[mul]@4: 1.70267
dT[mul]@5: 1.306212
dT[mul]@6: 1.483964
dT[mul]@7: 0.951429
dT[div]@0: 1.227421
dT[div]@1: 1.449147
dT[div]@2: 0.890708
dT[div]@3: 1.121503
dT[div]@4: 0.652116
dT[div]@5: 0.908407
dT[div]@6: 0.290058
dT[div]@7: 0.577472
dT[add]@0: 3.936326
dT[add]@1: 3.354717
dT[add]@2: 3.547508
dT[add]@3: 3.088489
dT[add]@4: 3.275554
dT[add]@5: 2.726915
dT[add]@6: 3.006839
dT[add]@7: 3.205462
dT[sub]@0: 2.602694
dT[sub]@1: 2.878359
dT[sub]@2: 2.280118
dT[sub]@3: 2.583321
dT[sub]@4: 2.738504
dT[sub]@5: 2.176618
dT[sub]@6: 2.40193
dT[sub]@7: 1.971323
dT[mul]@0: 2.211457
dT[mul]@1: 1.728557
dT[mul]@2: 1.948711
dT[mul]@3: 1.528542
dT[mul]@4: 1.7133
dT[mul]@5: 1.898139
dT[mul]@6: 1.224877
dT[mul]@7: 1.487815
dT[div]@0: 1.011793
dT[div]@1: 1.28091
dT[div]@2: 1.442994
dT[div]@3: 0.815273
dT[div]@4: 1.042922
dT[div]@5: 0.624294
dT[div]@6: 0.842198
dT[div]@7: 0.34608
dT[add]@0: 3.725674
dT[add]@1: 3.912417
dT[add]@2: 3.24447
dT[add]@3: 3.454849
dT[add]@4: 7.246794
dT[add]@5: 7.509915
dT[add]@6: 2.826917
dT[add]@7: 3.045159
dT[sub]@0: 2.652982
dT[sub]@1: 2.870236
dT[sub]@2: 2.376424
dT[sub]@3: 2.653069
dT[sub]@4: 2.037916
dT[sub]@5: 2.302076
dT[sub]@6: 2.480403
dT[sub]@7: 1.984429
dT[mul]@0: 2.199037
dT[mul]@1: 1.705787
dT[mul]@2: 1.874326
dT[mul]@3: 2.114632
dT[mul]@4: 1.466672
dT[mul]@5: 1.676589
dT[mul]@6: 1.267578
dT[mul]@7: 1.483511
dT[div]@0: 0.871064
dT[div]@1: 1.149366
dT[div]@2: 1.305821
dT[div]@3: 0.796644
dT[div]@4: 0.99162
dT[div]@5: 0.607845
dT[div]@6: 0.813379
dT[div]@7: 1.055071
dT[add]@0: 7.785191
dT[add]@1: 3.40077
dT[add]@2: 3.569262
dT[add]@3: 2.870633
dT[add]@4: 3.089661
dT[add]@5: 3.257198
dT[add]@6: 2.878573
dT[add]@7: 3.059686
dT[sub]@0: 2.504689
dT[sub]@1: 2.739154
dT[sub]@2: 2.888016
dT[sub]@3: 2.31392
dT[sub]@4: 2.527853
dT[sub]@5: 2.023844
dT[sub]@6: 2.268589
dT[sub]@7: 1.72619
dT[mul]@0: 1.974175
dT[mul]@1: 2.185438
dT[mul]@2: 1.654339
dT[mul]@3: 1.866193
dT[mul]@4: 1.249029
dT[mul]@5: 1.561553
dT[mul]@6: 1.716345
dT[mul]@7: 1.215011
dT[div]@0: 1.42254
dT[div]@1: 0.92652
dT[div]@2: 1.084105
dT[div]@3: 1.316937
dT[div]@4: 0.712852
dT[div]@5: 0.952813
dT[div]@6: 0.490755
dT[div]@7: 0.685432
dT[add]@0: 3.412365
dT[add]@1: 3.568841
dT[add]@2: 3.693177
dT[add]@3: 3.249543
dT[add]@4: 3.432991
dT[add]@5: 2.943273
dT[add]@6: 3.111135
dT[add]@7: 2.595482
dT[sub]@0: 2.842368
dT[sub]@1: 3.130835
dT[sub]@2: 2.436303
dT[sub]@3: 2.654628
dT[sub]@4: 2.258499
dT[sub]@5: 2.475766
dT[sub]@6: 1.866151
dT[sub]@7: 2.15106
dT[mul]@0: 2.319379
dT[mul]@1: 1.778552
dT[mul]@2: 1.987299
dT[mul]@3: 1.511832
dT[mul]@4: 1.692823
dT[mul]@5: 1.337324
dT[mul]@6: 1.491516
dT[mul]@7: 1.722689
dT[div]@0: 1.062938
dT[div]@1: 1.277323
dT[div]@2: 0.817984
dT[div]@3: 1.07012
dT[div]@4: 0.482627
dT[div]@5: 0.762362
dT[div]@6: 0.921379
dT[div]@7: 0.432872
dT[add]@0: 3.856044
dT[add]@1: 3.272115
dT[add]@2: 3.450222
dT[add]@3: 3.684202
dT[add]@4: 3.009638
dT[add]@5: 3.228182
dT[add]@6: 2.861712
dT[add]@7: 3.081658
dT[sub]@0: 2.451755
dT[sub]@1: 2.733593
dT[sub]@2: 2.886184
dT[sub]@3: 2.374739
dT[sub]@4: 2.58928
dT[sub]@5: 2.193465
dT[sub]@6: 2.399757
dT[sub]@7: 1.840277
dT[mul]@0: 2.075354
dT[mul]@1: 2.323196
dT[mul]@2: 1.640234
dT[mul]@3: 1.858534
dT[mul]@4: 1.463377
dT[mul]@5: 1.665413
dT[mul]@6: 1.164244
dT[mul]@7: 1.119286
dT[div]@0: 1.298687
dT[div]@1: 0.849988
dT[div]@2: 1.09127
dT[div]@3: 1.339738
dT[div]@4: 0.671974
dT[div]@5: 0.844855
dT[div]@6: 0.465241
dT[div]@7: 0.640176
dT[add]@0: 3.622191
dT[add]@1: 3.775624
dT[add]@2: 3.392522
dT[add]@3: 3.606257
dT[add]@4: 3.174757
dT[add]@5: 3.34308
dT[add]@6: 2.980339
dT[add]@7: 3.189012
dT[sub]@0: 2.762261
dT[sub]@1: 2.987015
dT[sub]@2: 2.565213
dT[sub]@3: 2.779366
dT[sub]@4: 2.370199
dT[sub]@5: 2.036372
dT[sub]@6: 2.317313
dT[sub]@7: 1.823319
dT[mul]@0: 2.101824
dT[mul]@1: 1.628117
dT[mul]@2: 1.923476
dT[mul]@3: 1.419215
dT[mul]@4: 1.704141
dT[mul]@5: 1.245614
dT[mul]@6: 1.540647
dT[mul]@7: 1.186388
dT[div]@0: 1.408763
dT[div]@1: 1.028517
dT[div]@2: 1.248997
dT[div]@3: 0.812176
dT[div]@4: 1.080843
dT[div]@5: 0.589495
dT[div]@6: 0.802087
dT[div]@7: 0.415209
dT[add]@0: 3.950545
dT[add]@1: 3.498358
dT[add]@2: 3.226309
dT[add]@3: 3.488584
dT[add]@4: 3.11661
dT[add]@5: 3.296546
dT[add]@6: 2.88995
dT[add]@7: 3.059428
dT[sub]@0: 2.806212
dT[sub]@1: 3.005717
dT[sub]@2: 2.508227
dT[sub]@3: 2.30668
dT[sub]@4: 2.610511
dT[sub]@5: 2.282275
dT[sub]@6: 2.519733
dT[sub]@7: 2.071931
dT[mul]@0: 2.298524
dT[mul]@1: 1.820329
dT[mul]@2: 2.023188
dT[mul]@3: 1.665872
dT[mul]@4: 1.328735
dT[mul]@5: 1.619559
dT[mul]@6: 1.271908
dT[mul]@7: 1.554102
dT[div]@0: 2.613341
dT[div]@1: 5.44911
dT[div]@2: 5.697175
dT[div]@3: 0.83635
dT[div]@4: 1.072479
dT[div]@5: 0.593228
dT[div]@6: 0.790553
dT[div]@7: 0.434662
dT[add]@0: 3.843723
dT[add]@1: 3.362725
dT[add]@2: 3.593165
dT[add]@3: 3.101334
dT[add]@4: 3.302477
dT[add]@5: 2.895051
dT[add]@6: 3.097491
dT[add]@7: 2.618827
dT[sub]@0: 2.867117
dT[sub]@1: 3.164643
dT[sub]@2: 2.447787
dT[sub]@3: 2.730639
dT[sub]@4: 2.248523
dT[sub]@5: 2.535958
dT[sub]@6: 2.052284
dT[sub]@7: 2.322989
dT[mul]@0: 1.797576
dT[mul]@1: 2.07333
dT[mul]@2: 1.450192
dT[mul]@3: 1.749007
dT[mul]@4: 1.92495
dT[mul]@5: 1.404151
dT[mul]@6: 1.621247
dT[mul]@7: 1.206665
dT[div]@0: 1.433633
dT[div]@1: 0.873823
dT[div]@2: 1.08913
dT[div]@3: 1.290691
dT[div]@4: 0.704668
dT[div]@5: 0.925353
dT[div]@6: 0.446744
dT[div]@7: 0.667299
dT[add]@0: 3.43934
dT[add]@1: 3.585689
dT[add]@2: 3.817018
dT[add]@3: 3.127102
dT[add]@4: 3.367308
dT[add]@5: 2.931908
dT[add]@6: 3.152927
dT[add]@7: 2.686232
dT[sub]@0: 2.944416
dT[sub]@1: 3.104767
dT[sub]@2: 2.469085
dT[sub]@3: 2.62991
dT[sub]@4: 2.230632
dT[sub]@5: 2.39973
dT[sub]@6: 2.130206
dT[sub]@7: 2.292388
dT[mul]@0: 1.887801
dT[mul]@1: 2.063173
dT[mul]@2: 1.752286
dT[mul]@3: 1.961269
dT[mul]@4: 1.552871
dT[mul]@5: 1.75701
dT[mul]@6: 1.341457
dT[mul]@7: 1.538787
dT[div]@0: 1.120928
dT[div]@1: 1.343409
dT[div]@2: 1.024222
dT[div]@3: 0.623971
dT[div]@4: 0.91731
dT[div]@5: 0.602135
dT[div]@6: 0.799154
dT[div]@7: 0.374228
dT[add]@0: 3.953443
dT[add]@1: 3.486352
dT[add]@2: 3.681921
dT[add]@3: 3.283375
dT[add]@4: 3.468311
dT[add]@5: 3.07216
dT[add]@6: 3.255999
dT[add]@7: 7.260276
dT[sub]@0: 2.752188
dT[sub]@1: 2.452455
dT[sub]@2: 2.733401
dT[sub]@3: 2.873309
dT[sub]@4: 2.369247
dT[sub]@5: 2.527602
dT[sub]@6: 2.142644
dT[sub]@7: 2.341094
dT[mul]@0: 1.945057
dT[mul]@1: 2.124019
dT[mul]@2: 1.762358
dT[mul]@3: 1.414212
dT[mul]@4: 1.684006
dT[mul]@5: 1.837097
dT[mul]@6: 1.336438
dT[mul]@7: 1.504129
dT[div]@0: 1.126498
dT[div]@1: 1.298055
dT[div]@2: 0.867381
dT[div]@3: 1.114128
dT[div]@4: 0.697301
dT[div]@5: 0.899427
dT[div]@6: 0.591028
dT[div]@7: 0.3499
dT[add]@0: 3.858483
dT[add]@1: 3.360605
dT[add]@2: 3.524702
dT[add]@3: 3.042203
dT[add]@4: 3.275435
dT[add]@5: 3.520931
dT[add]@6: 2.941246
dT[add]@7: 2.721235
dT[sub]@0: 2.953081
dT[sub]@1: 2.59791
dT[sub]@2: 2.779296
dT[sub]@3: 2.39651
dT[sub]@4: 3.644268
dT[sub]@5: 2.102
dT[sub]@6: 2.282682
dT[sub]@7: 2.511514
dT[mul]@0: 1.832071
dT[mul]@1: 2.036488
dT[mul]@2: 1.542902
dT[mul]@3: 1.77533
dT[mul]@4: 1.971021
dT[mul]@5: 1.396793
dT[mul]@6: 1.562503
dT[mul]@7: 1.134874
dT[div]@0: 1.293428
dT[div]@1: 1.536777
dT[div]@2: 0.863665
dT[div]@3: 1.074936
dT[div]@4: 0.629026
dT[div]@5: 0.882678
dT[div]@6: 1.032249
dT[div]@7: 0.368997
dT[add]@0: 3.735506
dT[add]@1: 3.192597
dT[add]@2: 3.481685
dT[add]@3: 3.615454
dT[add]@4: 3.060952
dT[add]@5: 3.225886
dT[add]@6: 2.835046
dT[add]@7: 3.016765
dT[sub]@0: 2.708005
dT[sub]@1: 2.871246
dT[sub]@2: 2.483261
dT[sub]@3: 2.649723
dT[sub]@4: 2.287508
dT[sub]@5: 2.451615
dT[sub]@6: 2.100719
dT[sub]@7: 2.27622
dT[mul]@0: 2.044594
dT[mul]@1: 1.799965
dT[mul]@2: 2.003165
dT[mul]@3: 1.613504
dT[mul]@4: 1.838684
dT[mul]@5: 1.409067
dT[mul]@6: 1.614552
dT[mul]@7: 1.196943
dT[div]@0: 0.887878
dT[div]@1: 1.127007
dT[div]@2: 1.327758
dT[div]@3: 0.789708
dT[div]@4: 1.007955
dT[div]@5: 0.62716
dT[div]@6: 0.844795
dT[div]@7: 0.392013
dT[add]@0: 3.917786
dT[add]@1: 3.461968
dT[add]@2: 3.672146
dT[add]@3: 3.228238
dT[add]@4: 3.452232
dT[add]@5: 3.071119
dT[add]@6: 3.301772
dT[add]@7: 2.85466
dT[sub]@0: 2.684827
dT[sub]@1: 2.849165
dT[sub]@2: 2.490139
dT[sub]@3: 2.648255
dT[sub]@4: 2.288987
dT[sub]@5: 2.475154
dT[sub]@6: 2.054432
dT[sub]@7: 2.231118
dT[mul]@0: 1.867015
dT[mul]@1: 2.168465
dT[mul]@2: 1.73999
dT[mul]@3: 1.935277
dT[mul]@4: 1.494626
dT[mul]@5: 1.667502
dT[mul]@6: 1.270642
dT[mul]@7: 1.523393
dT[div]@0: 1.113012
dT[div]@1: 1.338599
dT[div]@2: 0.907868
dT[div]@3: 1.125768
dT[div]@4: 0.685093
dT[div]@5: 0.909055
dT[div]@6: 0.48385
dT[div]@7: 0.703409
dT[add]@0: 3.412477
dT[add]@1: 3.64802
dT[add]@2: 3.156802
dT[add]@3: 3.385233
dT[add]@4: 3.574548
dT[add]@5: 3.069998
dT[add]@6: 3.25427
dT[add]@7: 2.624899
dT[sub]@0: 2.841599
dT[sub]@1: 3.010072
dT[sub]@2: 2.532903
dT[sub]@3: 2.768342
dT[sub]@4: 2.318218
dT[sub]@5: 2.473561
dT[sub]@6: 2.138644
dT[sub]@7: 2.30333
dT[mul]@0: 1.642562
dT[mul]@1: 1.941295
dT[mul]@2: 2.076603
dT[mul]@3: 1.594652
dT[mul]@4: 1.819493
dT[mul]@5: 5.806356
dT[mul]@6: 1.329444
dT[mul]@7: 1.002753
dT[div]@0: 1.100766
dT[div]@1: 0.876064
dT[div]@2: 1.172732
dT[div]@3: 0.859505
dT[div]@4: 0.716342
dT[div]@5: 0.611638
dT[div]@6: 0.409908
dT[div]@7: 0.183587
dT[add]@0: 3.957801
dT[add]@1: 3.466687
dT[add]@2: 3.32376
dT[add]@3: 3.487304
dT[add]@4: 3.036045
dT[add]@5: 3.240601
dT[add]@6: 3.383487
dT[add]@7: 2.852884
dT[sub]@0: 3.022921
dT[sub]@1: 2.657451
dT[sub]@2: 2.934238
dT[sub]@3: 2.497597
dT[sub]@4: 2.270585
dT[sub]@5: 2.475914
dT[sub]@6: 1.894202
dT[sub]@7: 2.145112
dT[mul]@0: 2.418962
dT[mul]@1: 1.733185
dT[mul]@2: 1.987145
dT[mul]@3: 1.572888
dT[mul]@4: 1.813693
dT[mul]@5: 1.337775
dT[mul]@6: 1.581609
dT[mul]@7: 1.801572
dT[div]@0: 1.100031
dT[div]@1: 1.295302
dT[div]@2: 0.937166
dT[div]@3: 0.610164
dT[div]@4: 0.913103
dT[div]@5: 0.418274
dT[div]@6: 0.716555
dT[div]@7: 0.209831
dT[add]@0: 3.819676
dT[add]@1: 3.282394
dT[add]@2: 3.577464
dT[add]@3: 4.226908
dT[add]@4: 4.640464
dT[add]@5: 2.581073
dT[add]@6: 2.898441
dT[add]@7: 3.075005
dT[sub]@0: 2.509601
dT[sub]@1: 2.767409
dT[sub]@2: 3.040972
dT[sub]@3: 2.318182
dT[sub]@4: 2.505937
dT[sub]@5: 2.200148
dT[sub]@6: 2.475966
dT[sub]@7: 1.90596
dT[mul]@0: 2.168633
dT[mul]@1: 2.339114
dT[mul]@2: 1.68865
dT[mul]@3: 1.889325
dT[mul]@4: 1.482363
dT[mul]@5: 1.684888
dT[mul]@6: 1.05714
dT[mul]@7: 1.295985
dT[div]@0: 1.503649
dT[div]@1: 5.417265
dT[div]@2: 0.8969
dT[div]@3: 1.072997
dT[div]@4: 0.566131
dT[div]@5: 0.800121
dT[div]@6: 1.079815
dT[div]@7: 0.398884
dT[add]@0: 3.775367
dT[add]@1: 3.31445
dT[add]@2: 3.530412
dT[add]@3: 2.934702
dT[add]@4: 3.243081
dT[add]@5: 3.415641
dT[add]@6: 2.892279
dT[add]@7: 3.102353
dT[sub]@0: 2.680012
dT[sub]@1: 2.898177
dT[sub]@2: 2.392682
dT[sub]@3: 2.583608
dT[sub]@4: 2.828061
dT[sub]@5: 2.176506
dT[sub]@6: 2.838882
dT[sub]@7: 1.895776
dT[mul]@0: 2.149404
dT[mul]@1: 2.352035
dT[mul]@2: 1.753215
dT[mul]@3: 1.368986
dT[mul]@4: 1.653204
dT[mul]@5: 1.857385
dT[mul]@6: 1.30253
dT[mul]@7: 1.513334
dT[div]@0: 1.056152
dT[div]@1: 1.22328
dT[div]@2: 0.752359
dT[div]@3: 0.985404
dT[div]@4: 1.222361
dT[div]@5: 0.591296
dT[div]@6: 0.806746
dT[div]@7: 0.319086
dT[add]@0: 3.738226
dT[add]@1: 3.880121
dT[add]@2: 3.230365
dT[add]@3: 3.405782
dT[add]@4: 3.028871
dT[add]@5: 3.207099
dT[add]@6: 3.459646
dT[add]@7: 2.736409
dT[sub]@0: 2.950692
dT[sub]@1: 2.544203
dT[sub]@2: 2.763807
dT[sub]@3: 2.132959
dT[sub]@4: 2.41765
dT[sub]@5: 2.587161
dT[sub]@6: 2.064303
dT[sub]@7: 2.22814
dT[mul]@0: 1.872122
dT[mul]@1: 2.031859
dT[mul]@2: 2.246671
dT[mul]@3: 1.502826
dT[mul]@4: 1.635016
dT[mul]@5: 1.225271
dT[mul]@6: 1.447695
dT[mul]@7: 1.666391
dT[div]@0: 1.048332
dT[div]@1: 1.263879
dT[div]@2: 0.714144
dT[div]@3: 1.087666
dT[div]@4: 0.504628
dT[div]@5: 0.832137
dT[div]@6: 0.317603
dT[div]@7: 0.912574
dT[add]@0: 3.448516
dT[add]@1: 3.615398
dT[add]@2: 3.409836
dT[add]@3: 3.631173
dT[add]@4: 3.152888
dT[add]@5: 7.352338
dT[add]@6: 2.936011
dT[add]@7: 3.104573
dT[sub]@0: 2.626569
dT[sub]@1: 2.809774
dT[sub]@2: 2.385917
dT[sub]@3: 2.61136
dT[sub]@4: 2.287798
dT[sub]@5: 2.491524
dT[sub]@6: 2.16376
dT[sub]@7: 2.393155
dT[mul]@0: 1.939048
dT[mul]@1: 2.169407
dT[mul]@2: 1.724137
dT[mul]@3: 1.928566
dT[mul]@4: 1.559287
dT[mul]@5: 1.770404
dT[mul]@6: 1.347451
dT[mul]@7: 1.558005
dT[div]@0: 1.12676
dT[div]@1: 1.333853
dT[div]@2: 0.914924
dT[div]@3: 1.121168
dT[div]@4: 0.720002
dT[div]@5: 0.933988
dT[div]@6: 0.52449
dT[div]@7: 0.741576
dT[add]@0: 3.593887
dT[add]@1: 3.777822
dT[add]@2: 3.427607
dT[add]@3: 3.050425
dT[add]@4: 3.323596
dT[add]@5: 2.849027
dT[add]@6: 3.128408
dT[add]@7: 2.633502
dT[sub]@0: 2.915215
dT[sub]@1: 2.43494
dT[sub]@2: 2.705828
dT[sub]@3: 2.235958
dT[sub]@4: 2.514533
dT[sub]@5: 2.039722
dT[sub]@6: 2.312079
dT[sub]@7: 1.815087
dT[mul]@0: 2.096959
dT[mul]@1: 1.641337
dT[mul]@2: 1.920533
dT[mul]@3: 1.558875
dT[mul]@4: 1.80629
dT[mul]@5: 1.353104
dT[mul]@6: 1.612079
dT[mul]@7: 1.186009
dT[div]@0: 1.404876
dT[div]@1: 0.947859
dT[div]@2: 1.209653
dT[div]@3: 0.71743
dT[div]@4: 0.946215
dT[div]@5: 1.15111
dT[div]@6: 0.534156
dT[div]@7: 0.971199
dT[add]@0: 3.554274
dT[add]@1: 3.663744
dT[add]@2: 3.253042
dT[add]@3: 3.422285
dT[add]@4: 2.980624
dT[add]@5: 3.154415
dT[add]@6: 3.387085
dT[add]@7: 2.722559
dT[sub]@0: 2.943489
dT[sub]@1: 2.532409
dT[sub]@2: 2.750125
dT[sub]@3: 2.657681
dT[sub]@4: 2.997968
dT[sub]@5: 3.16042
dT[sub]@6: 2.350636
dT[sub]@7: 2.057541
dT[mul]@0: 1.96875
dT[mul]@1: 1.930361
dT[mul]@2: 1.984681
dT[mul]@3: 2.179007
dT[mul]@4: 1.694719
dT[mul]@5: 1.901788
dT[mul]@6: 1.39851
dT[mul]@7: 1.70429
dT[div]@0: 1.914311
dT[div]@1: 1.19926
dT[div]@2: 1.437824
dT[div]@3: 0.891366
dT[div]@4: 1.425619
dT[div]@5: 0.688818
dT[div]@6: 0.946669
dT[div]@7: 0.245463
dT[add]@0: 4.677675
dT[add]@1: 3.760097
dT[add]@2: 3.797831
dT[add]@3: 3.65982
dT[add]@4: 3.911296
dT[add]@5: 4.100466
dT[add]@6: 3.150027
dT[add]@7: 3.137283
dT[sub]@0: 3.13542
dT[sub]@1: 3.302363
dT[sub]@2: 2.672296
dT[sub]@3: 2.626885
dT[sub]@4: 2.596056
dT[sub]@5: 3.05613
dT[sub]@6: 2.475833
dT[sub]@7: 2.153328
dT[mul]@0: 1.966692
dT[mul]@1: 2.462118
dT[mul]@2: 7.215884
dT[mul]@3: 7.484654
dT[mul]@4: 1.765328
dT[mul]@5: 2.009255
dT[mul]@6: 1.31008
dT[mul]@7: 1.328865
dT[div]@0: 1.220405
dT[div]@1: 1.688238
dT[div]@2: 0.884791
dT[div]@3: 0.764028
dT[div]@4: 0.781142
dT[div]@5: 1.037062
dT[div]@6: 0.322865
dT[div]@7: 0.304539
dT[add]@0: 3.7305
dT[add]@1: 3.993077
dT[add]@2: 3.993708
dT[add]@3: 4.03957
dT[add]@4: 3.426048
dT[add]@5: 3.386783
dT[add]@6: 3.607093
dT[add]@7: 3.335471
dT[sub]@0: 3.288483
dT[sub]@1: 3.603095
dT[sub]@2: 2.697125
dT[sub]@3: 2.628035
dT[sub]@4: 2.714093
dT[sub]@5: 2.966629
dT[sub]@6: 2.22419
dT[sub]@7: 2.778833
dT[mul]@0: 1.95674
dT[mul]@1: 2.038201
dT[mul]@2: 1.988542
dT[mul]@3: 2.209902
dT[mul]@4: 1.456458
dT[mul]@5: 1.5712
dT[mul]@6: 1.477521
dT[mul]@7: 1.887147
dT[div]@0: 1.118423
dT[div]@1: 1.528235
dT[div]@2: 1.113648
dT[div]@3: 1.324658
dT[div]@4: 1.725295
dT[div]@5: 2.001876
dT[div]@6: 0.41224
dT[div]@7: 0.477221
dT[add]@0: 4.233673
dT[add]@1: 4.436281
dT[add]@2: 3.511557
dT[add]@3: 3.57489
dT[add]@4: 3.495519
dT[add]@5: 3.427419
dT[add]@6: 2.996754
dT[add]@7: 3.470482
dT[sub]@0: 3.214498
dT[sub]@1: 3.280562
dT[sub]@2: 2.682943
dT[sub]@3: 2.530288
dT[sub]@4: 2.6609
dT[sub]@5: 2.409244
dT[sub]@6: 2.383394
dT[sub]@7: 2.783833
dT[mul]@0: 1.954984
dT[mul]@1: 1.88949
dT[mul]@2: 2.18646
dT[mul]@3: 2.426647
dT[mul]@4: 1.656365
dT[mul]@5: 1.911106
dT[mul]@6: 1.505362
dT[mul]@7: 1.544002
dT[div]@0: 1.842617
dT[div]@1: 0.919244
dT[div]@2: 0.976975
dT[div]@3: 0.807913
dT[div]@4: 0.602553
dT[div]@5: 0.831266
dT[div]@6: 1.216212
dT[div]@7: 0.703586
dT[add]@0: 4.785611
dT[add]@1: 3.574731
dT[add]@2: 3.884569
dT[add]@3: 9.023973
dT[add]@4: 3.666959
dT[add]@5: 4.107593
dT[add]@6: 3.47144
dT[add]@7: 3.375324
dT[sub]@0: 3.588869
dT[sub]@1: 3.11469
dT[sub]@2: 3.344175
dT[sub]@3: 2.613699
dT[sub]@4: 2.941777
dT[sub]@5: 3.099035
dT[sub]@6: 2.542529
dT[sub]@7: 2.952807
dT[mul]@0: 2.545891
dT[mul]@1: 2.748613
dT[mul]@2: 1.993855
dT[mul]@3: 1.90352
dT[mul]@4: 2.351182
dT[mul]@5: 1.862486
dT[mul]@6: 2.066348
dT[mul]@7: 1.461947
dT[div]@0: 1.582115
dT[div]@1: 1.118863
dT[div]@2: 1.596297
dT[div]@3: 0.971039
dT[div]@4: 1.169055
dT[div]@5: 1.666727
dT[div]@6: 0.629321
dT[div]@7: 0.880091
dT[add]@0: 4.409701
dT[add]@1: 4.641347
dT[add]@2: 4.228088
dT[add]@3: 3.651375
dT[add]@4: 3.636758
dT[add]@5: 3.881602
dT[add]@6: 4.095983
dT[add]@7: 2.92941
dT[sub]@0: 2.637714
dT[sub]@1: 2.722336
dT[sub]@2: 2.634793
dT[sub]@3: 2.520844
dT[sub]@4: 2.431334
dT[sub]@5: 2.413489
dT[sub]@6: 2.42964
dT[sub]@7: 1.978498
dT[mul]@0: 2.322809
dT[mul]@1: 6.676012
dT[mul]@2: 2.156957
dT[mul]@3: 1.839687
dT[mul]@4: 2.345664
dT[mul]@5: 1.427797
dT[mul]@6: 1.23973
dT[mul]@7: 1.122785
dT[div]@0: 0.995908
dT[div]@1: 1.123693
dT[div]@2: 0.958099
dT[div]@3: 0.774922
dT[div]@4: 0.539624
dT[div]@5: 0.577935
dT[div]@6: 0.321721
dT[div]@7: 0.383717
dT[add]@0: 3.929814
dT[add]@1: 3.651691
dT[add]@2: 3.458528
dT[add]@3: 3.846337
dT[add]@4: 4.284804
dT[add]@5: 3.983346
dT[add]@6: 3.633398
dT[add]@7: 3.903767
dT[sub]@0: 3.332468
dT[sub]@1: 3.098333
dT[sub]@2: 3.574591
dT[sub]@3: 2.925488
dT[sub]@4: 3.070115
dT[sub]@5: 2.737276
dT[sub]@6: 2.946224
dT[sub]@7: 7.579997
dT[mul]@0: 7.843421
dT[mul]@1: 2.838201
dT[mul]@2: 3.056545
dT[mul]@3: 1.985743
dT[mul]@4: 1.745047
dT[mul]@5: 1.764245
dT[mul]@6: 1.828135
dT[mul]@7: 1.392354
dT[div]@0: 1.184363
dT[div]@1: 1.31345
dT[div]@2: 1.173657
dT[div]@3: 0.984383
dT[div]@4: 1.219796
dT[div]@5: 1.462489
dT[div]@6: 0.892343
dT[div]@7: 1.158174
dT[add]@0: 7.012203
dT[add]@1: 6.537491
dT[add]@2: 5.914937
dT[add]@3: 6.103631
dT[add]@4: 6.385805
dT[add]@5: 5.262882
dT[add]@6: 5.486944
dT[add]@7: 4.759289
dT[sub]@0: 4.978973
dT[sub]@1: 4.976128
dT[sub]@2: 4.54944
dT[sub]@3: 4.844981
dT[sub]@4: 3.759181
dT[sub]@5: 3.579673
dT[sub]@6: 3.637101
dT[sub]@7: 3.938941
dT[mul]@0: 1.65334
dT[mul]@1: 1.542088
dT[mul]@2: 1.811851
dT[mul]@3: 2.039196
dT[mul]@4: 1.457122
dT[mul]@5: 1.687903
dT[mul]@6: 1.232544
dT[mul]@7: 1.48752
dT[div]@0: 1.689945
dT[div]@1: 1.043887
dT[div]@2: 0.686958
dT[div]@3: 1.007724
dT[div]@4: 1.16403
dT[div]@5: 0.635387
dT[div]@6: 0.812653
dT[div]@7: 0.356346
dT[add]@0: 3.757687
dT[add]@1: 3.203845
dT[add]@2: 3.426461
dT[add]@3: 3.696003
dT[add]@4: 2.999476
dT[add]@5: 3.222141
dT[add]@6: 2.640407
dT[add]@7: 2.879942
dT[sub]@0: 3.075121
dT[sub]@1: 2.563674
dT[sub]@2: 2.77738
dT[sub]@3: 2.283539
dT[sub]@4: 2.470493
dT[sub]@5: 2.705585
dT[sub]@6: 2.034306
dT[sub]@7: 2.211509
dT[mul]@0: 1.775414
dT[mul]@1: 1.986367
dT[mul]@2: 2.235953
dT[mul]@3: 1.47969
dT[mul]@4: 1.644221
dT[mul]@5: 1.845577
dT[mul]@6: 1.223101
dT[mul]@7: 1.409202
dT[div]@0: 1.668078
dT[div]@1: 0.978807
dT[div]@2: 1.192057
dT[div]@3: 0.726366
dT[div]@4: 0.956869
dT[div]@5: 1.109386
dT[div]@6: 0.486953
dT[div]@7: 0.67231
dT[add]@0: 3.936841
dT[add]@1: 3.332095
dT[add]@2: 3.526806
dT[add]@3: 3.118507
dT[add]@4: 3.328045
dT[add]@5: 2.752036
dT[add]@6: 3.037378
dT[add]@7: 2.548347
dT[sub]@0: 2.832479
dT[sub]@1: 2.993958
dT[sub]@2: 2.464406
dT[sub]@3: 2.626386
dT[sub]@4: 2.11232
dT[sub]@5: 2.332163
dT[sub]@6: 2.563589
dT[sub]@7: 1.963484
dT[mul]@0: 2.172751
dT[mul]@1: 1.562645
dT[mul]@2: 1.86129
dT[mul]@3: 2.015388
dT[mul]@4: 1.4808
dT[mul]@5: 1.639374
dT[mul]@6: 1.884109
dT[mul]@7: 1.187465
dT[div]@0: 1.41396
dT[div]@1: 0.977545
dT[div]@2: 1.178824
dT[div]@3: 1.330695
dT[div]@4: 0.719566
dT[div]@5: 0.891936
dT[div]@6: 0.439087
dT[div]@7: 0.669771
dT[add]@0: 3.971909
dT[add]@1: 3.355337
dT[add]@2: 3.527776
dT[add]@3: 3.093571
dT[add]@4: 3.251225
dT[add]@5: 3.472455
dT[add]@6: 2.827747
dT[add]@7: 3.017345
dT[sub]@0: 6.653833
dT[sub]@1: 7.063202
dT[sub]@2: 2.442369
dT[sub]@3: 2.642013
dT[sub]@4: 2.063507
dT[sub]@5: 2.357454
dT[sub]@6: 2.502909
dT[sub]@7: 1.949953
dT[mul]@0: 2.116339
dT[mul]@1: 1.642344
dT[mul]@2: 1.841882
dT[mul]@3: 1.987121
dT[mul]@4: 1.471986
dT[mul]@5: 1.631134
dT[mul]@6: 1.869003
dT[mul]@7: 1.174489
dT[div]@0: 1.383479
dT[div]@1: 0.881539
dT[div]@2: 1.091957
dT[div]@3: 1.276641
dT[div]@4: 0.690468
dT[div]@5: 0.874217
dT[div]@6: 0.351213
dT[div]@7: 0.557411
dT[add]@0: 3.955792
dT[add]@1: 3.318792
dT[add]@2: 3.522178
dT[add]@3: 3.694355
dT[add]@4: 3.045025
dT[add]@5: 3.211501
dT[add]@6: 2.784766
dT[add]@7: 2.939124
dT[sub]@0: 3.14711
dT[sub]@1: 2.509195
dT[sub]@2: 2.713465
dT[sub]@3: 2.133805
dT[sub]@4: 2.392691
dT[sub]@5: 2.542701
dT[sub]@6: 2.051335
dT[sub]@7: 2.217287
dT[mul]@0: 2.456116
dT[mul]@1: 1.654144
dT[mul]@2: 1.813793
dT[mul]@3: 2.040846
dT[mul]@4: 1.473456
dT[mul]@5: 1.662628
dT[mul]@6: 1.207289
dT[mul]@7: 1.411586
dT[div]@0: 1.592059
dT[div]@1: 0.993285
dT[div]@2: 1.157827
dT[div]@3: 0.640693
dT[div]@4: 0.873355
dT[div]@5: 1.101253
dT[div]@6: 0.47728
dT[div]@7: 0.67224
dT[add]@0: 3.271388
dT[add]@1: 3.506926
dT[add]@2: 3.640274
dT[add]@3: 3.098111
dT[add]@4: 3.245491
dT[add]@5: 3.452206
dT[add]@6: 2.837241
dT[add]@7: 3.018013
dT[sub]@0: 2.559003
dT[sub]@1: 2.803764
dT[sub]@2: 2.945289
dT[sub]@3: 2.360173
dT[sub]@4: 2.52293
dT[sub]@5: 2.090372
dT[sub]@6: 2.245652
dT[sub]@7: 2.458885
dT[mul]@0: 1.85559
dT[mul]@1: 2.063475
dT[mul]@2: 1.49745
dT[mul]@3: 1.805473
dT[mul]@4: 1.94514
dT[mul]@5: 1.373056
dT[mul]@6: 1.572197
dT[mul]@7: 1.048556
dT[div]@0: 1.26438
dT[div]@1: 1.402434
dT[div]@2: 0.907119
dT[div]@3: 1.075091
dT[div]@4: 0.622045
dT[div]@5: 0.838279
dT[div]@6: 1.029406
dT[div]@7: 0.404925
dT[add]@0: 3.918417
dT[add]@1: 3.461677
dT[add]@2: 3.654121
dT[add]@3: 3.051022
dT[add]@4: 3.270383
dT[add]@5: 3.452714
dT[add]@6: 2.967928
dT[add]@7: 3.148113
dT[sub]@0: 2.738889
dT[sub]@1: 2.911056
dT[sub]@2: 2.502829
dT[sub]@3: 2.662219
dT[sub]@4: 2.304036
dT[sub]@5: 2.470127
dT[sub]@6: 2.096256
dT[sub]@7: 2.244459
dT[mul]@0: 1.835534
dT[mul]@1: 1.988629
dT[mul]@2: 2.196271
dT[mul]@3: 1.627947
dT[mul]@4: 1.816085
dT[mul]@5: 1.431138
dT[mul]@6: 1.615972
dT[mul]@7: 1.212504
dT[div]@0: 1.407848
dT[div]@1: 1.018037
dT[div]@2: 1.19999
dT[div]@3: 0.610562
dT[div]@4: 0.896951
dT[div]@5: 0.42891
dT[div]@6: 0.749341
dT[div]@7: 0.404719
dT[add]@0: 3.853727
dT[add]@1: 3.445163
dT[add]@2: 3.619447
dT[add]@3: 3.175609
dT[add]@4: 3.407353
dT[add]@5: 2.834881
dT[add]@6: 3.108065
dT[add]@7: 3.239558
dT[sub]@0: 2.725274
dT[sub]@1: 2.91134
dT[sub]@2: 2.480626
dT[sub]@3: 2.633184
dT[sub]@4: 2.171679
dT[sub]@5: 2.373241
dT[sub]@6: 2.586302
dT[sub]@7: 2.010251
dT[mul]@0: 2.240923
dT[mul]@1: 1.82596
dT[mul]@2: 2.053257
dT[mul]@3: 1.625424
dT[mul]@4: 1.829388
dT[mul]@5: 1.432596
dT[mul]@6: 1.652516
dT[mul]@7: 1.223402
dT[div]@0: 1.448346
dT[div]@1: 0.990364
dT[div]@2: 1.188343
dT[div]@3: 0.71273
dT[div]@4: 0.911314
dT[div]@5: 1.108148
dT[div]@6: 0.592103
dT[div]@7: 0.203126
dT[add]@0: 3.814701
dT[add]@1: 3.283736
dT[add]@2: 3.569
dT[add]@3: 3.281745
dT[add]@4: 3.58351
dT[add]@5: 3.037893
dT[add]@6: 3.232852
dT[add]@7: 2.82304
dT[sub]@0: 3.037808
dT[sub]@1: 2.632211
dT[sub]@2: 2.823129
dT[sub]@3: 2.401365
dT[sub]@4: 2.601786
dT[sub]@5: 2.230879
dT[sub]@6: 2.427925
dT[sub]@7: 2.146244
dT[mul]@0: 1.880913
dT[mul]@1: 2.133275
dT[mul]@2: 1.701918
dT[mul]@3: 1.921143
dT[mul]@4: 1.510615
dT[mul]@5: 1.71137
dT[mul]@6: 1.28294
dT[mul]@7: 1.497178
dT[div]@0: 1.129368
dT[div]@1: 1.335193
dT[div]@2: 0.856276
dT[div]@3: 1.038151
dT[div]@4: 0.638293
dT[div]@5: 0.86905
dT[div]@6: 0.30349
dT[div]@7: 0.576152
dT[add]@0: 4.018079
dT[add]@1: 3.479689
dT[add]@2: 3.631039
dT[add]@3: 3.338621
dT[add]@4: 2.946064
dT[add]@5: 2.871809
dT[add]@6: 3.112322
dT[add]@7: 2.845872
dT[sub]@0: 2.575117
dT[sub]@1: 2.899318
dT[sub]@2: 2.574697
dT[sub]@3: 2.458545
dT[sub]@4: 2.333734
dT[sub]@5: 1.998402
dT[sub]@6: 2.37351
dT[sub]@7: 2.05249
dT[mul]@0: 1.912779
dT[mul]@1: 2.192427
dT[mul]@2: 1.856081
dT[mul]@3: 1.650164
dT[mul]@4: 1.493164
dT[mul]@5: 1.750488
dT[mul]@6: 1.35117
dT[mul]@7: 1.21722
dT[div]@0: 0.973045
dT[div]@1: 0.875461
dT[div]@2: 1.167609
dT[div]@3: 0.8551
dT[div]@4: 0.694296
dT[div]@5: 0.96163
dT[div]@6: 0.632443
dT[div]@7: 0.529908
dT[add]@0: 3.686755
dT[add]@1: 3.404365
dT[add]@2: 3.67484
dT[add]@3: 3.244047
dT[add]@4: 2.986496
dT[add]@5: 3.372698
dT[add]@6: 3.009029
dT[add]@7: 2.750439
dT[sub]@0: 3.100834
dT[sub]@1: 2.639427
dT[sub]@2: 2.322357
dT[sub]@3: 2.590732
dT[sub]@4: 2.339487
dT[sub]@5: 1.998998
dT[sub]@6: 2.36301
dT[sub]@7: 2.018375
dT[mul]@0: 1.901704
dT[mul]@1: 1.62335
dT[mul]@2: 1.891576
dT[mul]@3: 1.609475
dT[mul]@4: 1.420585
dT[mul]@5: 1.214152
dT[mul]@6: 1.490799
dT[mul]@7: 1.234606
dT[div]@0: 1.099932
dT[div]@1: 0.979755
dT[div]@2: 1.236483
dT[div]@3: 0.911081
dT[div]@4: 0.757472
dT[div]@5: 0.676847
dT[div]@6: 0.500741
dT[div]@7: 0.184652
dT[add]@0: 3.928683
dT[add]@1: 3.337541
dT[add]@2: 3.412824
dT[add]@3: 3.060739
dT[add]@4: 3.358554
dT[add]@5: 2.927468
dT[add]@6: 2.787598
dT[add]@7: 3.085529
dT[sub]@0: 2.74016
dT[sub]@1: 2.608792
dT[sub]@2: 2.22135
dT[sub]@3: 2.502115
dT[sub]@4: 2.700159
dT[sub]@5: 2.193294
dT[sub]@6: 2.421109
dT[sub]@7: 1.948215
dT[mul]@0: 2.177457
dT[mul]@1: 1.625368
dT[mul]@2: 1.880411
dT[mul]@3: 2.084917
dT[mul]@4: 1.514135
dT[mul]@5: 1.742744
dT[mul]@6: 1.32297
dT[mul]@7: 1.549238
dT[div]@0: 1.144632
dT[div]@1: 1.363062
dT[div]@2: 0.925858
dT[div]@3: 1.124218
dT[div]@4: 0.706532
dT[div]@5: 0.928099
dT[div]@6: 0.503286
dT[div]@7: 0.719478
dT[add]@0: 3.780421
dT[add]@1: 7.714991
dT[add]@2: 3.139874
dT[add]@3: 3.316046
dT[add]@4: 3.564826
dT[add]@5: 3.045165
dT[add]@6: 3.241253
dT[add]@7: 2.686559
dT[sub]@0: 2.872286
dT[sub]@1: 2.418774
dT[sub]@2: 2.71994
dT[sub]@3: 2.871496
dT[sub]@4: 2.307363
dT[sub]@5: 2.480588
dT[sub]@6: 2.077275
dT[sub]@7: 2.247836
dT[mul]@0: 1.883294
dT[mul]@1: 2.045393
dT[mul]@2: 1.646994
dT[mul]@3: 1.810394
dT[mul]@4: 1.332577
dT[mul]@5: 1.604099
dT[mul]@6: 1.744018
dT[mul]@7: 1.217872
dT[div]@0: 1.372293
dT[div]@1: 0.97907
dT[div]@2: 1.151821
dT[div]@3: 0.579084
dT[div]@4: 0.882488
dT[div]@5: 1.025019
dT[div]@6: 0.548869
dT[div]@7: 0.716436
dT[add]@0: 3.554092
dT[add]@1: 3.708214
dT[add]@2: 3.303853
dT[add]@3: 3.460744
dT[add]@4: 2.987592
dT[add]@5: 3.195321
dT[add]@6: 3.390926
dT[add]@7: 2.833668
dT[sub]@0: 3.011051
dT[sub]@1: 2.622006
dT[sub]@2: 2.797508
dT[sub]@3: 2.433592
dT[sub]@4: 2.606799
dT[sub]@5: 2.199666
dT[sub]@6: 2.37674
dT[sub]@7: 1.868315
dT[mul]@0: 2.132764
dT[mul]@1: 1.751681
dT[mul]@2: 1.931372
dT[mul]@3: 1.458806
dT[mul]@4: 1.732486
dT[mul]@5: 1.884206
dT[mul]@6: 1.297666
dT[mul]@7: 1.148138
dT[div]@0: 1.312848
dT[div]@1: 1.547289
dT[div]@2: 0.912514
dT[div]@3: 1.132321
dT[div]@4: 0.712463
dT[div]@5: 0.930699
dT[div]@6: 0.519566
dT[div]@7: 0.74189
dT[add]@0: 3.554101
dT[add]@1: 3.75104
dT[add]@2: 3.27289
dT[add]@3: 3.524182
dT[add]@4: 2.950876
dT[add]@5: 3.249743
dT[add]@6: 2.728084
dT[add]@7: 3.050864
dT[sub]@0: 3.216662
dT[sub]@1: 2.665119
dT[sub]@2: 2.874786
dT[sub]@3: 2.436965
dT[sub]@4: 2.599571
dT[sub]@5: 2.014231
dT[sub]@6: 2.286166
dT[sub]@7: 2.493055
dT[mul]@0: 1.936827
dT[mul]@1: 2.158306
dT[mul]@2: 1.726352
dT[mul]@3: 1.946296
dT[mul]@4: 1.802673
dT[mul]@5: 1.370189
dT[mul]@6: 1.632854
dT[mul]@7: 1.155313
dT[div]@0: 1.416412
dT[div]@1: 0.95885
dT[div]@2: 1.215827
dT[div]@3: 0.616693
dT[div]@4: 0.927287
dT[div]@5: 0.489413
dT[div]@6: 0.732918
dT[div]@7: 0.891336
dT[add]@0: 3.589769
dT[add]@1: 3.780703
dT[add]@2: 3.363718
dT[add]@3: 3.565815
dT[add]@4: 3.175082
dT[add]@5: 3.386737
dT[add]@6: 2.956398
dT[add]@7: 3.165548
dT[sub]@0: 2.759177
dT[sub]@1: 2.968359
dT[sub]@2: 2.531616
dT[sub]@3: 2.738526
dT[sub]@4: 2.285386
dT[sub]@5: 2.46121
dT[sub]@6: 2.105902
dT[sub]@7: 2.289645
dT[mul]@0: 1.897047
dT[mul]@1: 2.078408
dT[mul]@2: 1.683742
dT[mul]@3: 1.866706
dT[mul]@4: 1.487887
dT[mul]@5: 1.658121
dT[mul]@6: 1.286178
dT[mul]@7: 1.467364
dT[div]@0: 1.07663
dT[div]@1: 1.244409
dT[div]@2: 0.870357
dT[div]@3: 1.040918
dT[div]@4: 0.660848
dT[div]@5: 0.832777
dT[div]@6: 0.368887
dT[div]@7: 0.594718
dT[add]@0: 3.423696
dT[add]@1: 3.606228
dT[add]@2: 3.124047
dT[add]@3: 3.385132
dT[add]@4: 2.939652
dT[add]@5: 3.264575
dT[add]@6: 2.717191
dT[add]@7: 2.963354
dT[sub]@0: 3.212331
dT[sub]@1: 2.510132
dT[sub]@2: 2.737815
dT[sub]@3: 2.447492
dT[sub]@4: 2.682808
dT[sub]@5: 2.244851
dT[sub]@6: 2.46127
dT[sub]@7: 1.986993
dT[mul]@0: 2.207111
dT[mul]@1: 1.697189
dT[mul]@2: 1.94266
dT[mul]@3: 1.416879
dT[mul]@4: 1.708448
dT[mul]@5: 1.874389
dT[mul]@6: 1.337021
dT[mul]@7: 1.545668
dT[div]@0: 1.045884
dT[div]@1: 1.259536
dT[div]@2: 1.514692
dT[div]@3: 0.81722
dT[div]@4: 1.037942
dT[div]@5: 0.618784
dT[div]@6: 0.852752
dT[div]@7: 0.405055
dT[add]@0: 3.357823
dT[add]@1: 3.604055
dT[add]@2: 3.749324
dT[add]@3: 3.264091
dT[add]@4: 3.467009
dT[add]@5: 3.048399
dT[add]@6: 3.267551
dT[add]@7: 2.853018
dT[sub]@0: 3.064359
dT[sub]@1: 2.645561
dT[sub]@2: 2.852128
dT[sub]@3: 2.386386
dT[sub]@4: 2.568734
dT[sub]@5: 2.19689
dT[sub]@6: 2.368871
dT[sub]@7: 1.962974
dT[mul]@0: 2.148702
dT[mul]@1: 1.777869
dT[mul]@2: 1.956277
dT[mul]@3: 1.579115
dT[mul]@4: 1.763607
dT[mul]@5: 1.430556
dT[mul]@6: 1.650908
dT[mul]@7: 1.212546
dT[div]@0: 1.400197
dT[div]@1: 0.951872
dT[div]@2: 1.135938
dT[div]@3: 0.75844
dT[div]@4: 0.95167
dT[div]@5: 0.545113
dT[div]@6: 0.720708
dT[div]@7: 0.359632
dT[add]@0: 3.796884
dT[add]@1: 3.410375
dT[add]@2: 3.586143
dT[add]@3: 3.100143
dT[add]@4: 3.341641
dT[add]@5: 2.998261
dT[add]@6: 3.183214
dT[add]@7: 2.800924
dT[sub]@0: 2.988841
dT[sub]@1: 2.590929
dT[sub]@2: 2.773093
dT[sub]@3: 2.40879
dT[sub]@4: 2.593486
dT[sub]@5: 2.178728
dT[sub]@6: 2.365178
dT[sub]@7: 1.987232
dT[mul]@0: 2.170894
dT[mul]@1: 1.787503
dT[mul]@2: 1.958013
dT[mul]@3: 1.587444
dT[mul]@4: 1.757834
dT[mul]@5: 1.317847
dT[mul]@6: 1.571425
dT[mul]@7: 1.167426
dT[div]@0: 1.351897
dT[div]@1: 0.968265
dT[div]@2: 1.140324
dT[div]@3: 0.801017
dT[div]@4: 0.987074
dT[div]@5: 1.2108
dT[div]@6: 0.49856
dT[div]@7: 0.757391
dT[add]@0: 7.691221
dT[add]@1: 3.297659
dT[add]@2: 3.587017
dT[add]@3: 3.246279
dT[add]@4: 3.475825
dT[add]@5: 2.869905
dT[add]@6: 3.128363
dT[add]@7: 2.665608
dT[sub]@0: 2.974681
dT[sub]@1: 2.44399
dT[sub]@2: 2.740838
dT[sub]@3: 2.226468
dT[sub]@4: 2.526423
dT[sub]@5: 2.693356
dT[sub]@6: 2.049554
dT[sub]@7: 2.233831
dT[mul]@0: 1.956786
dT[mul]@1: 2.170737
dT[mul]@2: 1.719762
dT[mul]@3: 1.886752
dT[mul]@4: 1.468372
dT[mul]@5: 1.740272
dT[mul]@6: 1.302468
dT[mul]@7: 1.597291
dT[div]@0: 1.117822
dT[div]@1: 1.395225
dT[div]@2: 0.900851
dT[div]@3: 1.132941
dT[div]@4: 0.704492
dT[div]@5: 0.93107
dT[div]@6: 0.497325
dT[div]@7: 0.734577
dT[add]@0: 3.574407
dT[add]@1: 3.775009
dT[add]@2: 3.373509
dT[add]@3: 3.597464
dT[add]@4: 3.161389
dT[add]@5: 3.399592
dT[add]@6: 2.94466
dT[add]@7: 3.172167
dT[sub]@0: 2.73329
dT[sub]@1: 2.966387
dT[sub]@2: 2.413014
dT[sub]@3: 2.60312
dT[sub]@4: 2.305415
dT[sub]@5: 2.487916
dT[sub]@6: 2.032406
dT[sub]@7: 2.211349
dT[mul]@0: 1.880302
dT[mul]@1: 2.069126
dT[mul]@2: 1.671911
dT[mul]@3: 1.832013
dT[mul]@4: 1.418166
dT[mul]@5: 1.612575
dT[mul]@6: 1.851349
dT[mul]@7: 1.241196
dT[div]@0: 1.460577
dT[div]@1: 0.981836
dT[div]@2: 1.208522
dT[div]@3: 0.801005
dT[div]@4: 1.020489
dT[div]@5: 0.601559
dT[div]@6: 0.830068
dT[div]@7: 0.211501
dT[add]@0: 3.684505
dT[add]@1: 3.816326
dT[add]@2: 3.393878
dT[add]@3: 3.595994
dT[add]@4: 3.17341
dT[add]@5: 3.386192
dT[add]@6: 2.987096
dT[add]@7: 3.19088
dT[sub]@0: 2.737331
dT[sub]@1: 2.946789
dT[sub]@2: 2.551356
dT[sub]@3: 2.770229
dT[sub]@4: 2.201934
dT[sub]@5: 2.480536
dT[sub]@6: 2.075005
dT[sub]@7: 2.262199
dT[mul]@0: 1.860643
dT[mul]@1: 2.050911
dT[mul]@2: 1.66537
dT[mul]@3: 1.854387
dT[mul]@4: 1.483124
dT[mul]@5: 1.663346
dT[mul]@6: 1.275571
dT[mul]@7: 1.447592
dT[div]@0: 1.067258
dT[div]@1: 1.228629
dT[div]@2: 0.854788
dT[div]@3: 1.025296
dT[div]@4: 0.669621
dT[div]@5: 0.865432
dT[div]@6: 0.509214
dT[div]@7: 0.681561
dT[add]@0: 3.56032
dT[add]@1: 3.685952
dT[add]@2: 3.142767
dT[add]@3: 3.382409
dT[add]@4: 3.528276
dT[add]@5: 3.020709
dT[add]@6: 3.239318
dT[add]@7: 2.831549
dT[sub]@0: 3.05073
dT[sub]@1: 2.641201
dT[sub]@2: 2.839522
dT[sub]@3: 2.42836
dT[sub]@4: 2.645275
dT[sub]@5: 2.223331
dT[sub]@6: 2.436141
dT[sub]@7: 2.020288
dT[mul]@0: 2.23587
dT[mul]@1: 1.829668
dT[mul]@2: 1.982674
dT[mul]@3: 1.613896
dT[mul]@4: 1.840803
dT[mul]@5: 1.348653
dT[mul]@6: 1.593549
dT[mul]@7: 1.201491
dT[div]@0: 1.435451
dT[div]@1: 1.006081
dT[div]@2: 1.170024
dT[div]@3: 0.744933
dT[div]@4: 0.925842
dT[div]@5: 0.533438
dT[div]@6: 0.710373
dT[div]@7: 0.35011
dT[add]@0: 3.804653
dT[add]@1: 3.433864
dT[add]@2: 3.595917
dT[add]@3: 3.173842
dT[add]@4: 3.34295
dT[add]@5: 3.002411
dT[add]@6: 3.17867
dT[add]@7: 2.806096
dT[sub]@0: 2.98302
dT[sub]@1: 2.592159
dT[sub]@2: 2.775331
dT[sub]@3: 2.378049
dT[sub]@4: 2.638439
dT[sub]@5: 2.163953
dT[sub]@6: 2.429608
dT[sub]@7: 1.967854
dT[mul]@0: 2.234049
dT[mul]@1: 1.786141
dT[mul]@2: 2.038054
dT[mul]@3: 1.538473
dT[mul]@4: 1.795815
dT[mul]@5: 1.456712
dT[mul]@6: 1.322809
dT[mul]@7: 1.510603
dT[div]@0: 0.938855
dT[div]@1: 1.176326
dT[div]@2: 1.323199
dT[div]@3: 0.798792
dT[div]@4: 0.992606
dT[div]@5: 0.615111
dT[div]@6: 0.786955
dT[div]@7: 1.072027
dT[add]@0: 3.603761
dT[add]@1: 3.803303
dT[add]@2: 3.316544
dT[add]@3: 3.497279
dT[add]@4: 3.088733
dT[add]@5: 3.272527
dT[add]@6: 2.860033
dT[add]@7: 3.054086
dT[sub]@0: 2.546784
dT[sub]@1: 2.731947
dT[sub]@2: 2.380436
dT[sub]@3: 2.653372
dT[sub]@4: 2.281027
dT[sub]@5: 2.468571
dT[sub]@6: 2.077831
dT[sub]@7: 2.264727
dT[mul]@0: 1.884033
dT[mul]@1: 2.072841
dT[mul]@2: 1.720994
dT[mul]@3: 1.907658
dT[mul]@4: 1.421373
dT[mul]@5: 1.619929
dT[mul]@6: 1.279102
dT[mul]@7: 1.46216
dT[div]@0: 1.057301
dT[div]@1: 1.258595
dT[div]@2: 0.847492
dT[div]@3: 1.025208
dT[div]@4: 0.703194
dT[div]@5: 0.879536
dT[div]@6: 0.465863
dT[div]@7: 0.649051
dT[add]@0: 3.593055
dT[add]@1: 3.785723
dT[add]@2: 3.30617
dT[add]@3: 3.472287
dT[add]@4: 3.152262
dT[add]@5: 3.364501
dT[add]@6: 2.887708
dT[add]@7: 3.132805
dT[sub]@0: 2.654317
dT[sub]@1: 2.924777
dT[sub]@2: 2.476641
dT[sub]@3: 2.729473
dT[sub]@4: 2.248775
dT[sub]@5: 2.488625
dT[sub]@6: 1.916158
dT[sub]@7: 2.190335
dT[mul]@0: 1.71157
dT[mul]@1: 1.996259
dT[mul]@2: 1.509375
dT[mul]@3: 1.790028
dT[mul]@4: 1.320658
dT[mul]@5: 1.607664
dT[mul]@6: 1.755865
dT[mul]@7: 1.224877
dT[div]@0: 1.423123
dT[div]@1: 0.997414
dT[div]@2: 1.162957
dT[div]@3: 0.821093
dT[div]@4: 1.023578
dT[div]@5: 0.61749
dT[div]@6: 0.774795
dT[div]@7: 0.561853
dT[add]@0: 3.580413
dT[add]@1: 3.761347
dT[add]@2: 3.349277
dT[add]@3: 3.51869
dT[add]@4: 3.137033
dT[add]@5: 3.34213
dT[add]@6: 2.924956
dT[add]@7: 3.127797
dT[sub]@0: 2.760814
dT[sub]@1: 2.928398
dT[sub]@2: 2.531207
dT[sub]@3: 2.735268
dT[sub]@4: 2.315426
dT[sub]@5: 2.519149
dT[sub]@6: 2.084982
dT[sub]@7: 2.255564
dT[mul]@0: 1.88098
dT[mul]@1: 2.055563
dT[mul]@2: 1.681455
dT[mul]@3: 1.841397
dT[mul]@4: 1.460346
dT[mul]@5: 1.632119
dT[mul]@6: 1.232323
dT[mul]@7: 1.462077
dT[div]@0: 1.070184
dT[div]@1: 1.306844
dT[div]@2: 0.85378
dT[div]@3: 1.089582
dT[div]@4: 0.505169
dT[div]@5: 0.781084
dT[div]@6: 0.298247
dT[div]@7: 0.578329
dT[add]@0: 4.031843
dT[add]@1: 3.484473
dT[add]@2: 3.630996
dT[add]@3: 3.254618
dT[add]@4: 3.459133
dT[add]@5: 3.025374
dT[add]@6: 3.197267
dT[add]@7: 2.834803
dT[sub]@0: 3.009557
dT[sub]@1: 2.639401
dT[sub]@2: 2.817689
dT[sub]@3: 2.463096
dT[sub]@4: 2.67606
dT[sub]@5: 2.247938
dT[sub]@6: 2.455118
dT[sub]@7: 2.028356
dT[mul]@0: 2.201648
dT[mul]@1: 1.836267
dT[mul]@2: 2.038623
dT[mul]@3: 1.629181
dT[mul]@4: 1.791
dT[mul]@5: 1.376027
dT[mul]@6: 1.689234
dT[mul]@7: 1.399004
dT[div]@0: 1.152485
dT[div]@1: 1.384872
dT[div]@2: 0.946838
dT[div]@3: 0.668327
dT[div]@4: 1.021179
dT[div]@5: 0.593479
dT[div]@6: 0.7877
dT[div]@7: 0.281776
dT[add]@0: 3.696887
dT[add]@1: 3.915823
dT[add]@2: 3.404371
dT[add]@3: 3.13176
dT[add]@4: 3.397654
dT[add]@5: 3.001973
dT[add]@6: 3.195246
dT[add]@7: 7.259676
dT[sub]@0: 2.903709
dT[sub]@1: 2.618023
dT[sub]@2: 2.812122
dT[sub]@3: 2.481242
dT[sub]@4: 2.690147
dT[sub]@5: 2.214898
dT[sub]@6: 2.42691
dT[sub]@7: 1.999027
dT[mul]@0: 2.227438
= Thu Nov 12 2015 22:31:27 GMT+0400 (GST)
