= Thu Nov 12 2015 22:30:54 GMT+0400 (GST)
dT[add]@0: 27.831041
dT[add]@1: 21.197077
dT[add]@2: 6.866178
dT[add]@3: 5.636501
dT[add]@4: 5.663021
dT[add]@5: 5.823322
dT[add]@6: 6.35717
dT[add]@7: 6.890438
dT[sub]@0: 6.163841
dT[sub]@1: 3.007192
dT[sub]@2: 2.786493
dT[sub]@3: 3.167315
dT[sub]@4: 3.491815
dT[sub]@5: 2.620812
dT[sub]@6: 2.9298
dT[sub]@7: 3.269762
dT[mul]@0: 2.174399
dT[mul]@1: 2.616788
dT[mul]@2: 1.790423
dT[mul]@3: 1.697764
dT[mul]@4: 1.872006
dT[mul]@5: 2.793751
dT[mul]@6: 2.993976
dT[mul]@7: 1.337719
dT[div]@0: 1.14787
dT[div]@1: 2.115866
dT[div]@2: 1.004322
dT[div]@3: 1.03613
dT[div]@4: 0.785408
dT[div]@5: 0.704877
dT[div]@6: 0.553878
dT[div]@7: 0.440946
dT[add]@0: 3.534588
dT[add]@1: 3.753464
dT[add]@2: 3.472518
dT[add]@3: 3.153744
dT[add]@4: 4.743101
dT[add]@5: 3.187899
dT[add]@6: 3.120963
dT[add]@7: 2.959506
dT[sub]@0: 3.0119
dT[sub]@1: 2.986987
dT[sub]@2: 2.549067
dT[sub]@3: 2.282319
dT[sub]@4: 2.629016
dT[sub]@5: 2.39258
dT[sub]@6: 2.641377
dT[sub]@7: 2.924118
dT[mul]@0: 3.325391
dT[mul]@1: 4.557385
dT[mul]@2: 1.613543
dT[mul]@3: 1.728813
dT[mul]@4: 2.083243
dT[mul]@5: 1.416661
dT[mul]@6: 1.690414
dT[mul]@7: 1.392061
dT[div]@0: 1.572115
dT[div]@1: 1.432927
dT[div]@2: 0.732262
dT[div]@3: 1.111092
dT[div]@4: 0.525189
dT[div]@5: 0.90954
dT[div]@6: 0.554271
dT[div]@7: 0.838666
dT[add]@0: 3.779193
dT[add]@1: 4.068893
dT[add]@2: 5.407188
dT[add]@3: 4.711498
dT[add]@4: 3.042972
dT[add]@5: 3.920021
dT[add]@6: 3.183993
dT[add]@7: 3.264345
dT[sub]@0: 3.472505
dT[sub]@1: 3.783626
dT[sub]@2: 4.054832
dT[sub]@3: 4.228779
dT[sub]@4: 2.399829
dT[sub]@5: 2.304219
dT[sub]@6: 2.555775
dT[sub]@7: 2.678827
dT[mul]@0: 2.032349
dT[mul]@1: 2.30964
dT[mul]@2: 2.703168
dT[mul]@3: 2.212148
dT[mul]@4: 1.623532
dT[mul]@5: 1.332872
dT[mul]@6: 2.222604
dT[mul]@7: 1.156377
dT[div]@0: 1.566078
dT[div]@1: 1.770957
dT[div]@2: 2.033398
dT[div]@3: 2.353529
dT[div]@4: 0.97509
dT[div]@5: 0.677311
dT[div]@6: 0.976546
dT[div]@7: 0.55418
dT[add]@0: 6.974266
dT[add]@1: 6.673449
dT[add]@2: 4.256599
dT[add]@3: 4.562064
dT[add]@4: 4.05247
dT[add]@5: 3.788985
dT[add]@6: 4.214024
dT[add]@7: 4.721674
dT[sub]@0: 3.749384
dT[sub]@1: 3.821568
dT[sub]@2: 4.206087
dT[sub]@3: 4.416709
dT[sub]@4: 2.926953
dT[sub]@5: 2.63374
dT[sub]@6: 2.919582
dT[sub]@7: 2.540377
dT[mul]@0: 2.293113
dT[mul]@1: 2.600235
dT[mul]@2: 2.311404
dT[mul]@3: 1.858203
dT[mul]@4: 2.038256
dT[mul]@5: 1.795775
dT[mul]@6: 1.755119
dT[mul]@7: 2.053939
dT[div]@0: 1.33492
dT[div]@1: 7.166892
dT[div]@2: 0.888321
dT[div]@3: 1.138896
dT[div]@4: 0.496542
dT[div]@5: 0.838333
dT[div]@6: 1.028248
dT[div]@7: 0.482865
dT[add]@0: 3.503196
dT[add]@1: 3.741
dT[add]@2: 3.217602
dT[add]@3: 3.914267
dT[add]@4: 4.005409
dT[add]@5: 4.365887
dT[add]@6: 2.631221
dT[add]@7: 3.022694
dT[sub]@0: 2.66364
dT[sub]@1: 2.915701
dT[sub]@2: 2.404949
dT[sub]@3: 3.358156
dT[sub]@4: 2.324496
dT[sub]@5: 2.601594
dT[sub]@6: 1.985039
dT[sub]@7: 2.276063
dT[mul]@0: 2.801824
dT[mul]@1: 1.788085
dT[mul]@2: 2.009079
dT[mul]@3: 1.595163
dT[mul]@4: 1.851288
dT[mul]@5: 1.389512
dT[mul]@6: 1.631573
dT[mul]@7: 1.13488
dT[div]@0: 1.348485
dT[div]@1: 0.935164
dT[div]@2: 1.126076
dT[div]@3: 1.393628
dT[div]@4: 0.691978
dT[div]@5: 0.944344
dT[div]@6: 0.715273
dT[div]@7: 1.019471
dT[add]@0: 3.439149
dT[add]@1: 3.642996
dT[add]@2: 3.180289
dT[add]@3: 3.418098
dT[add]@4: 2.809526
dT[add]@5: 3.347332
dT[add]@6: 2.817036
dT[add]@7: 3.064524
dT[sub]@0: 2.529976
dT[sub]@1: 2.735995
dT[sub]@2: 2.253115
dT[sub]@3: 2.518948
dT[sub]@4: 2.757632
dT[sub]@5: 2.101478
dT[sub]@6: 2.31655
dT[sub]@7: 1.912027
dT[mul]@0: 2.126826
dT[mul]@1: 1.585242
dT[mul]@2: 1.822718
dT[mul]@3: 2.059752
dT[mul]@4: 1.449345
dT[mul]@5: 1.630718
dT[mul]@6: 1.122902
dT[mul]@7: 1.375406
dT[div]@0: 1.670514
dT[div]@1: 0.961154
dT[div]@2: 1.186236
dT[div]@3: 0.708537
dT[div]@4: 0.985843
dT[div]@5: 1.15928
dT[div]@6: 0.517158
dT[div]@7: 0.734482
dT[add]@0: 3.434281
dT[add]@1: 3.639506
dT[add]@2: 3.059231
dT[add]@3: 3.345194
dT[add]@4: 3.612138
dT[add]@5: 2.870524
dT[add]@6: 3.109395
dT[add]@7: 3.067192
dT[sub]@0: 2.609703
dT[sub]@1: 2.656257
dT[sub]@2: 2.915957
dT[sub]@3: 3.109043
dT[sub]@4: 3.446624
dT[sub]@5: 3.657247
dT[sub]@6: 3.916413
dT[sub]@7: 4.128755
dT[mul]@0: 4.390887
dT[mul]@1: 4.600788
dT[mul]@2: 4.876489
dT[mul]@3: 1.360259
dT[mul]@4: 1.741208
dT[mul]@5: 1.362442
dT[mul]@6: 1.605557
dT[mul]@7: 1.116776
dT[div]@0: 1.413
dT[div]@1: 1.584782
dT[div]@2: 0.896129
dT[div]@3: 1.088188
dT[div]@4: 1.155952
dT[div]@5: 0.601765
dT[div]@6: 0.899344
dT[div]@7: 0.432522
dT[add]@0: 3.879807
dT[add]@1: 3.289642
dT[add]@2: 3.517107
dT[add]@3: 3.118136
dT[add]@4: 3.413261
dT[add]@5: 2.850032
dT[add]@6: 3.155051
dT[add]@7: 2.472152
dT[sub]@0: 2.787192
dT[sub]@1: 2.979503
dT[sub]@2: 2.552961
dT[sub]@3: 2.313914
dT[sub]@4: 2.536593
dT[sub]@5: 2.119706
dT[sub]@6: 2.338786
dT[sub]@7: 1.848621
dT[mul]@0: 2.100472
dT[mul]@1: 2.291103
dT[mul]@2: 1.686102
dT[mul]@3: 1.92592
dT[mul]@4: 1.494598
dT[mul]@5: 1.737611
dT[mul]@6: 1.311618
dT[mul]@7: 1.543525
dT[div]@0: 1.020333
dT[div]@1: 1.212904
dT[div]@2: 1.48937
dT[div]@3: 0.808086
dT[div]@4: 1.065239
dT[div]@5: 0.598944
dT[div]@6: 0.880509
dT[div]@7: 0.344743
dT[add]@0: 3.758539
dT[add]@1: 3.113244
dT[add]@2: 3.403986
dT[add]@3: 3.573299
dT[add]@4: 3.025982
dT[add]@5: 3.2854
dT[add]@6: 2.903742
dT[add]@7: 2.789094
dT[sub]@0: 2.643444
dT[sub]@1: 2.871481
dT[sub]@2: 2.881585
dT[sub]@3: 3.147785
dT[sub]@4: 2.224795
dT[sub]@5: 2.446814
dT[sub]@6: 1.997841
dT[sub]@7: 2.204853
dT[mul]@0: 1.783677
dT[mul]@1: 1.980899
dT[mul]@2: 1.686915
dT[mul]@3: 1.53357
dT[mul]@4: 1.792284
dT[mul]@5: 1.350276
dT[mul]@6: 1.552413
dT[mul]@7: 1.261317
dT[div]@0: 1.083325
dT[div]@1: 1.382779
dT[div]@2: 0.892315
dT[div]@3: 1.145129
dT[div]@4: 0.478373
dT[div]@5: 0.789723
dT[div]@6: 0.978915
dT[div]@7: 0.430502
dT[add]@0: 3.781632
dT[add]@1: 3.308565
dT[add]@2: 3.531914
dT[add]@3: 3.050209
dT[add]@4: 3.290014
dT[add]@5: 3.560354
dT[add]@6: 2.796716
dT[add]@7: 3.04798
dT[sub]@0: 2.628554
dT[sub]@1: 2.842063
dT[sub]@2: 2.317145
dT[sub]@3: 2.520075
dT[sub]@4: 2.78677
dT[sub]@5: 2.088778
dT[sub]@6: 2.323428
dT[sub]@7: 1.933359
dT[mul]@0: 2.183544
dT[mul]@1: 1.649571
dT[mul]@2: 1.923395
dT[mul]@3: 2.092119
dT[mul]@4: 1.466569
dT[mul]@5: 1.658372
dT[mul]@6: 1.589064
dT[mul]@7: 1.060636
dT[div]@0: 1.293841
dT[div]@1: 1.513322
dT[div]@2: 0.887256
dT[div]@3: 1.06137
dT[div]@4: 0.62301
dT[div]@5: 0.807572
dT[div]@6: 1.06336
dT[div]@7: 0.382735
dT[add]@0: 3.730216
dT[add]@1: 3.093562
dT[add]@2: 3.352849
dT[add]@3: 3.519719
dT[add]@4: 3.001097
dT[add]@5: 3.177428
dT[add]@6: 3.449702
dT[add]@7: 2.661626
dT[sub]@0: 2.896689
dT[sub]@1: 2.394774
dT[sub]@2: 2.669112
dT[sub]@3: 2.832357
dT[sub]@4: 2.215373
dT[sub]@5: 2.387673
dT[sub]@6: 1.973849
dT[sub]@7: 2.145135
dT[mul]@0: 2.399039
dT[mul]@1: 1.729084
dT[mul]@2: 1.951892
dT[mul]@3: 1.318861
dT[mul]@4: 1.606768
dT[mul]@5: 1.772273
dT[mul]@6: 1.26968
dT[mul]@7: 1.478849
dT[div]@0: 1.721691
dT[div]@1: 0.953939
dT[div]@2: 1.172823
dT[div]@3: 0.711584
dT[div]@4: 0.970747
dT[div]@5: 1.122943
dT[div]@6: 0.513787
dT[div]@7: 0.737653
dT[add]@0: 3.37105
dT[add]@1: 3.50182
dT[add]@2: 4.240453
dT[add]@3: 3.486807
dT[add]@4: 2.826069
dT[add]@5: 3.081688
dT[add]@6: 3.371417
dT[add]@7: 2.655027
dT[sub]@0: 2.882818
dT[sub]@1: 6.606415
dT[sub]@2: 2.145888
dT[sub]@3: 2.297054
dT[sub]@4: 2.555387
dT[sub]@5: 2.091108
dT[sub]@6: 2.267224
dT[sub]@7: 1.725702
dT[mul]@0: 2.013022
dT[mul]@1: 2.189205
dT[mul]@2: 1.583002
dT[mul]@3: 1.758626
dT[mul]@4: 2.019457
dT[mul]@5: 1.329208
dT[mul]@6: 1.547559
dT[mul]@7: 1.133087
dT[div]@0: 1.367212
dT[div]@1: 1.569821
dT[div]@2: 0.893097
dT[div]@3: 1.069628
dT[div]@4: 0.63785
dT[div]@5: 0.82851
dT[div]@6: 0.359702
dT[div]@7: 0.586908
dT[add]@0: 3.966628
dT[add]@1: 3.236049
dT[add]@2: 3.438817
dT[add]@3: 3.645846
dT[add]@4: 2.979777
dT[add]@5: 3.194808
dT[add]@6: 2.704834
dT[add]@7: 2.883303
dT[sub]@0: 3.153812
dT[sub]@1: 3.914852
dT[sub]@2: 2.254315
dT[sub]@3: 2.521451
dT[sub]@4: 2.798581
dT[sub]@5: 2.118045
dT[sub]@6: 2.317103
dT[sub]@7: 1.712194
dT[mul]@0: 2.021483
dT[mul]@1: 2.191903
dT[mul]@2: 1.65571
dT[mul]@3: 1.872411
dT[mul]@4: 1.407868
dT[mul]@5: 1.587933
dT[mul]@6: 1.831216
dT[mul]@7: 1.138049
dT[div]@0: 1.366729
dT[div]@1: 0.757945
dT[div]@2: 1.0606
dT[div]@3: 1.232002
dT[div]@4: 0.675494
dT[div]@5: 0.867616
dT[div]@6: 1.127231
dT[div]@7: 0.408007
dT[add]@0: 3.773886
dT[add]@1: 3.650576
dT[add]@2: 3.867012
dT[add]@3: 2.900246
dT[add]@4: 3.177592
dT[add]@5: 3.350328
dT[add]@6: 2.883349
dT[add]@7: 3.197917
dT[sub]@0: 2.608752
dT[sub]@1: 2.48916
dT[sub]@2: 2.750315
dT[sub]@3: 2.292625
dT[sub]@4: 2.620956
dT[sub]@5: 2.218271
dT[sub]@6: 1.79253
dT[sub]@7: 2.187381
dT[mul]@0: 1.81545
dT[mul]@1: 2.067871
dT[mul]@2: 1.612295
dT[mul]@3: 2.045047
dT[mul]@4: 1.439604
dT[mul]@5: 5.41935
dT[mul]@6: 1.266946
dT[mul]@7: 1.642521
dT[div]@0: 1.08841
dT[div]@1: 1.409809
dT[div]@2: 0.878295
dT[div]@3: 0.643959
dT[div]@4: 0.880305
dT[div]@5: 0.580868
dT[div]@6: 0.871449
dT[div]@7: 0.495878
dT[add]@0: 3.911521
dT[add]@1: 3.356428
dT[add]@2: 3.015569
dT[add]@3: 3.233533
dT[add]@4: 3.463904
dT[add]@5: 2.785092
dT[add]@6: 2.994798
dT[add]@7: 3.188807
dT[sub]@0: 2.580387
dT[sub]@1: 2.744487
dT[sub]@2: 3.003924
dT[sub]@3: 2.262483
dT[sub]@4: 2.469694
dT[sub]@5: 1.897736
dT[sub]@6: 2.17173
dT[sub]@7: 2.3191
dT[mul]@0: 1.776817
dT[mul]@1: 1.93955
dT[mul]@2: 2.12412
dT[mul]@3: 1.332388
dT[mul]@4: 1.626762
dT[mul]@5: 1.786732
dT[mul]@6: 1.259511
dT[mul]@7: 1.427169
dT[div]@0: 1.685211
dT[div]@1: 0.951279
dT[div]@2: 1.151756
dT[div]@3: 0.567046
dT[div]@4: 0.850265
dT[div]@5: 1.003834
dT[div]@6: 0.341916
dT[div]@7: 0.56294
dT[add]@0: 3.895679
dT[add]@1: 3.20656
dT[add]@2: 3.427972
dT[add]@3: 3.673089
dT[add]@4: 2.91509
dT[add]@5: 3.121753
dT[add]@6: 2.572832
dT[add]@7: 2.85638
dT[sub]@0: 3.012965
dT[sub]@1: 2.425322
dT[sub]@2: 2.594614
dT[sub]@3: 2.812354
dT[sub]@4: 2.15163
dT[sub]@5: 2.360539
dT[sub]@6: 2.538857
dT[sub]@7: 1.995637
dT[mul]@0: 2.191061
dT[mul]@1: 1.674716
dT[mul]@2: 1.856507
dT[mul]@3: 2.097894
dT[mul]@4: 1.413772
dT[mul]@5: 1.575985
dT[mul]@6: 1.800654
dT[mul]@7: 1.177277
dT[div]@0: 1.339903
dT[div]@1: 1.557565
dT[div]@2: 0.821016
dT[div]@3: 0.982764
dT[div]@4: 1.213451
dT[div]@5: 0.5884
dT[div]@6: 0.813887
dT[div]@7: 0.200298
dT[add]@0: 3.571423
dT[add]@1: 3.705635
dT[add]@2: 2.962287
dT[add]@3: 3.18102
dT[add]@4: 3.315798
dT[add]@5: 3.52921
dT[add]@6: 2.773175
dT[add]@7: 2.985116
dT[sub]@0: 2.493339
dT[sub]@1: 2.712992
dT[sub]@2: 2.920384
dT[sub]@3: 2.229858
dT[sub]@4: 2.480928
dT[sub]@5: 2.638713
dT[sub]@6: 2.010332
dT[sub]@7: 2.208104
dT[mul]@0: 6.190802
dT[mul]@1: 1.570351
dT[mul]@2: 1.872901
dT[mul]@3: 2.041331
dT[mul]@4: 1.493264
dT[mul]@5: 1.684789
dT[mul]@6: 1.219678
dT[mul]@7: 1.399941
dT[div]@0: 1.688375
dT[div]@1: 0.957351
dT[div]@2: 1.17443
dT[div]@3: 0.548791
dT[div]@4: 0.834183
dT[div]@5: 1.044903
dT[div]@6: 0.450661
dT[div]@7: 0.641362
dT[add]@0: 3.981287
dT[add]@1: 3.27431
dT[add]@2: 3.489148
dT[add]@3: 2.983114
dT[add]@4: 3.225912
dT[add]@5: 3.408954
dT[add]@6: 2.7989
dT[add]@7: 3.013552
dT[sub]@0: 2.481062
dT[sub]@1: 2.718909
dT[sub]@2: 2.99814
dT[sub]@3: 2.269378
dT[sub]@4: 2.492796
dT[sub]@5: 2.690902
dT[sub]@6: 2.030389
dT[sub]@7: 2.207839
dT[mul]@0: 1.754036
dT[mul]@1: 1.933944
dT[mul]@2: 2.200088
dT[mul]@3: 1.522472
dT[mul]@4: 1.746781
dT[mul]@5: 1.94752
dT[mul]@6: 1.268206
dT[mul]@7: 1.480971
dT[div]@0: 0.994704
dT[div]@1: 1.177495
dT[div]@2: 1.44603
dT[div]@3: 0.740684
dT[div]@4: 0.946899
dT[div]@5: 1.207613
dT[div]@6: 0.46936
dT[div]@7: 0.657648
dT[add]@0: 3.843469
dT[add]@1: 3.18443
dT[add]@2: 3.43509
dT[add]@3: 3.608405
dT[add]@4: 2.969891
dT[add]@5: 3.197367
dT[add]@6: 2.720121
dT[add]@7: 2.917634
dT[sub]@0: 3.176911
dT[sub]@1: 2.461519
dT[sub]@2: 2.697542
dT[sub]@3: 2.096484
dT[sub]@4: 2.387663
dT[sub]@5: 2.604408
dT[sub]@6: 2.033793
dT[sub]@7: 2.269304
dT[mul]@0: 1.60619
dT[mul]@1: 1.870118
dT[mul]@2: 2.089931
dT[mul]@3: 1.543741
dT[mul]@4: 1.783646
dT[mul]@5: 2.001582
dT[mul]@6: 1.259447
dT[mul]@7: 1.495274
dT[div]@0: 1.028229
dT[div]@1: 1.228586
dT[div]@2: 1.526524
dT[div]@3: 0.774706
dT[div]@4: 1.047346
dT[div]@5: 0.563598
dT[div]@6: 0.79565
dT[div]@7: 1.035684
dT[add]@0: 3.390558
dT[add]@1: 3.590201
dT[add]@2: 3.026875
dT[add]@3: 3.253769
dT[add]@4: 3.543429
dT[add]@5: 2.836357
dT[add]@6: 3.060419
dT[add]@7: 3.269892
dT[sub]@0: 2.608131
dT[sub]@1: 2.830081
dT[sub]@2: 2.340068
dT[sub]@3: 2.521999
dT[sub]@4: 2.769911
dT[sub]@5: 6.46194
dT[sub]@6: 1.984645
dT[sub]@7: 2.177285
dT[mul]@0: 2.445133
dT[mul]@1: 1.713541
dT[mul]@2: 1.938069
dT[mul]@3: 1.475335
dT[mul]@4: 1.744075
dT[mul]@5: 1.958095
dT[mul]@6: 1.597975
dT[mul]@7: 1.074734
dT[div]@0: 1.321998
dT[div]@1: 1.488989
dT[div]@2: 0.858613
dT[div]@3: 1.023555
dT[div]@4: 1.293172
dT[div]@5: 0.587819
dT[div]@6: 0.793465
dT[div]@7: 0.204453
dT[add]@0: 3.61311
dT[add]@1: 3.719136
dT[add]@2: 3.149633
dT[add]@3: 3.302716
dT[add]@4: 3.506923
dT[add]@5: 2.864234
dT[add]@6: 3.058054
dT[add]@7: 3.236669
dT[sub]@0: 2.580618
dT[sub]@1: 2.780057
dT[sub]@2: 2.264315
dT[sub]@3: 2.489688
dT[sub]@4: 2.719754
dT[sub]@5: 2.166134
dT[sub]@6: 2.389132
dT[sub]@7: 2.550517
dT[mul]@0: 1.828494
dT[mul]@1: 2.020587
dT[mul]@2: 1.585349
dT[mul]@3: 1.750876
dT[mul]@4: 1.964643
dT[mul]@5: 1.338348
dT[mul]@6: 1.298184
dT[mul]@7: 1.483629
dT[div]@0: 1.755636
dT[div]@1: 1.011612
dT[div]@2: 0.852953
dT[div]@3: 1.063486
dT[div]@4: 1.257937
dT[div]@5: 0.602392
dT[div]@6: 0.768502
dT[div]@7: 1.018908
dT[add]@0: 3.409461
dT[add]@1: 3.58084
dT[add]@2: 2.874483
dT[add]@3: 3.156536
dT[add]@4: 3.291558
dT[add]@5: 3.502786
dT[add]@6: 2.714906
dT[add]@7: 2.925216
dT[sub]@0: 2.244423
dT[sub]@1: 2.553149
dT[sub]@2: 2.713813
dT[sub]@3: 2.93206
dT[sub]@4: 2.174679
dT[sub]@5: 2.38121
dT[sub]@6: 1.810754
dT[sub]@7: 2.107329
dT[mul]@0: 2.268998
dT[mul]@1: 1.709899
dT[mul]@2: 1.880163
dT[mul]@3: 1.385469
dT[mul]@4: 1.599756
dT[mul]@5: 1.84322
dT[mul]@6: 1.252373
dT[mul]@7: 1.454055
dT[div]@0: 1.649073
dT[div]@1: 0.97645
dT[div]@2: 1.145553
dT[div]@3: 1.394127
dT[div]@4: 0.618185
dT[div]@5: 0.791212
dT[div]@6: 1.020352
dT[div]@7: 0.363893
dT[add]@0: 3.619733
dT[add]@1: 3.806873
dT[add]@2: 3.020087
dT[add]@3: 3.177025
dT[add]@4: 3.413263
dT[add]@5: 2.8528
dT[add]@6: 3.073729
dT[add]@7: 3.25734
dT[sub]@0: 2.568239
dT[sub]@1: 2.726723
dT[sub]@2: 2.986914
dT[sub]@3: 6.727398
dT[sub]@4: 2.093915
dT[sub]@5: 2.269901
dT[sub]@6: 2.517853
dT[sub]@7: 1.914241
dT[mul]@0: 2.115802
dT[mul]@1: 2.301012
dT[mul]@2: 1.70495
dT[mul]@3: 1.952568
dT[mul]@4: 2.146268
dT[mul]@5: 1.277137
dT[mul]@6: 1.453675
dT[mul]@7: 1.692673
dT[div]@0: 1.051962
dT[div]@1: 1.291481
dT[div]@2: 0.682413
dT[div]@3: 0.987089
dT[div]@4: 1.141458
dT[div]@5: 0.545061
dT[div]@6: 0.700923
dT[div]@7: 0.93493
dT[add]@0: 3.373798
dT[add]@1: 3.566627
dT[add]@2: 3.751231
dT[add]@3: 3.040582
dT[add]@4: 3.215082
dT[add]@5: 3.467919
dT[add]@6: 2.750315
dT[add]@7: 2.944734
dT[sub]@0: 2.366508
dT[sub]@1: 2.642882
dT[sub]@2: 2.810573
dT[sub]@3: 2.244759
dT[sub]@4: 2.413427
dT[sub]@5: 2.637353
dT[sub]@6: 1.99237
dT[sub]@7: 2.208903
dT[mul]@0: 2.401398
dT[mul]@1: 1.712857
dT[mul]@2: 1.880401
dT[mul]@3: 2.129362
dT[mul]@4: 1.40747
dT[mul]@5: 1.627261
dT[mul]@6: 1.059415
dT[mul]@7: 1.335917
dT[div]@0: 1.492806
dT[div]@1: 0.897204
dT[div]@2: 1.070645
dT[div]@3: 1.305991
dT[div]@4: 0.60179
dT[div]@5: 0.834471
dT[div]@6: 0.988381
dT[div]@7: 0.376985
dT[add]@0: 3.754821
dT[add]@1: 3.710886
dT[add]@2: 3.077099
dT[add]@3: 3.350747
dT[add]@4: 3.512828
dT[add]@5: 2.982778
dT[add]@6: 3.146173
dT[add]@7: 2.719887
dT[sub]@0: 2.878517
dT[sub]@1: 3.069149
dT[sub]@2: 2.467079
dT[sub]@3: 2.629678
dT[sub]@4: 2.276875
dT[sub]@5: 2.499822
dT[sub]@6: 1.89132
dT[sub]@7: 2.199578
dT[mul]@0: 2.354487
dT[mul]@1: 1.80442
dT[mul]@2: 1.982991
dT[mul]@3: 1.572629
dT[mul]@4: 1.736919
dT[mul]@5: 1.173319
dT[mul]@6: 1.433035
dT[mul]@7: 1.623827
dT[div]@0: 1.092435
dT[div]@1: 1.247166
dT[div]@2: 0.846097
dT[div]@3: 0.875189
dT[div]@4: 1.146274
dT[div]@5: 1.320165
dT[div]@6: 0.53479
dT[div]@7: 0.706475
dT[add]@0: 3.508589
dT[add]@1: 3.651191
dT[add]@2: 3.280192
dT[add]@3: 3.541945
dT[add]@4: 7.631212
dT[add]@5: 2.887583
dT[add]@6: 3.090083
dT[add]@7: 2.651494
dT[sub]@0: 2.914858
dT[sub]@1: 3.087427
dT[sub]@2: 2.528102
dT[sub]@3: 2.163678
dT[sub]@4: 2.475788
dT[sub]@5: 1.957752
dT[sub]@6: 2.206703
dT[sub]@7: 1.775329
dT[mul]@0: 2.037944
dT[mul]@1: 1.748175
dT[mul]@2: 2.009901
dT[mul]@3: 1.714176
dT[mul]@4: 1.274918
dT[mul]@5: 1.695101
dT[mul]@6: 1.280303
dT[mul]@7: 1.153187
dT[div]@0: 1.429864
dT[div]@1: 1.14995
dT[div]@2: 0.88278
dT[div]@3: 0.604086
dT[div]@4: 0.913424
dT[div]@5: 0.715191
dT[div]@6: 0.654825
dT[div]@7: 1.138995
dT[add]@0: 6.601996
dT[add]@1: 3.569722
dT[add]@2: 3.061206
dT[add]@3: 3.296575
dT[add]@4: 2.957456
dT[add]@5: 3.207793
dT[add]@6: 2.776889
dT[add]@7: 3.111799
dT[sub]@0: 2.616888
dT[sub]@1: 2.907974
dT[sub]@2: 2.499962
dT[sub]@3: 2.078985
dT[sub]@4: 2.447714
dT[sub]@5: 2.084147
dT[sub]@6: 2.346073
dT[sub]@7: 1.939497
dT[mul]@0: 2.264273
dT[mul]@1: 1.821326
dT[mul]@2: 2.134081
dT[mul]@3: 1.648922
dT[mul]@4: 1.226795
dT[mul]@5: 1.575839
dT[mul]@6: 1.231385
dT[mul]@7: 1.532654
dT[div]@0: 1.063689
dT[div]@1: 0.765657
dT[div]@2: 1.139486
dT[div]@3: 0.789819
dT[div]@4: 1.118278
dT[div]@5: 0.624194
dT[div]@6: 0.347696
dT[div]@7: 0.665233
dT[add]@0: 7.975547
dT[add]@1: 3.402502
dT[add]@2: 3.699181
dT[add]@3: 3.164492
dT[add]@4: 2.927581
dT[add]@5: 3.173077
dT[add]@6: 2.763445
dT[add]@7: 3.129541
dT[sub]@0: 2.602734
dT[sub]@1: 2.968757
dT[sub]@2: 2.387481
dT[sub]@3: 2.061144
dT[sub]@4: 2.338066
dT[sub]@5: 1.869467
dT[sub]@6: 2.198247
dT[sub]@7: 1.933566
dT[mul]@0: 2.291367
dT[mul]@1: 1.723976
dT[mul]@2: 1.315976
dT[mul]@3: 1.662581
dT[mul]@4: 1.324069
dT[mul]@5: 1.705648
dT[mul]@6: 1.315215
dT[mul]@7: 1.572827
dT[div]@0: 1.183117
dT[div]@1: 1.504783
dT[div]@2: 0.880192
dT[div]@3: 0.555746
dT[div]@4: 0.815942
dT[div]@5: 1.145649
dT[div]@6: 0.515023
dT[div]@7: 0.398482
dT[add]@0: 3.917749
dT[add]@1: 3.450061
dT[add]@2: 2.964171
dT[add]@3: 3.331041
dT[add]@4: 2.870689
dT[add]@5: 3.105505
dT[add]@6: 3.329925
dT[add]@7: 2.685685
dT[sub]@0: 2.689807
dT[sub]@1: 2.977376
dT[sub]@2: 2.429408
dT[sub]@3: 2.694805
dT[sub]@4: 2.197778
dT[sub]@5: 2.507211
dT[sub]@6: 2.145974
dT[sub]@7: 1.621905
dT[mul]@0: 1.975445
dT[mul]@1: 1.500952
dT[mul]@2: 1.848347
dT[mul]@3: 1.515104
dT[mul]@4: 1.9232
dT[mul]@5: 1.380294
dT[mul]@6: 1.031409
dT[mul]@7: 1.357052
dT[div]@0: 1.13606
dT[div]@1: 1.453958
dT[div]@2: 0.962972
dT[div]@3: 1.273047
dT[div]@4: 0.787831
dT[div]@5: 0.38056
dT[div]@6: 0.780286
dT[div]@7: 0.22072
dT[add]@0: 3.771286
dT[add]@1: 3.282891
dT[add]@2: 3.539385
dT[add]@3: 3.001087
dT[add]@4: 3.269669
dT[add]@5: 2.905614
dT[add]@6: 3.213787
dT[add]@7: 2.775539
dT[sub]@0: 3.114354
dT[sub]@1: 2.397747
dT[sub]@2: 2.21468
dT[sub]@3: 2.430902
dT[sub]@4: 2.178824
dT[sub]@5: 2.510176
dT[sub]@6: 2.142116
dT[sub]@7: 2.412412
dT[mul]@0: 1.923211
dT[mul]@1: 1.468922
dT[mul]@2: 1.791642
dT[mul]@3: 1.515636
dT[mul]@4: 1.388265
dT[mul]@5: 1.674672
dT[mul]@6: 1.056266
dT[mul]@7: 1.438171
dT[div]@0: 1.084953
dT[div]@1: 1.442269
dT[div]@2: 0.919049
dT[div]@3: 0.782689
dT[div]@4: 1.090293
dT[div]@5: 0.607624
dT[div]@6: 0.387911
dT[div]@7: 0.697685
dT[add]@0: 3.577543
dT[add]@1: 3.857886
dT[add]@2: 3.351775
dT[add]@3: 3.112522
dT[add]@4: 3.442147
dT[add]@5: 3.027903
dT[add]@6: 2.843559
dT[add]@7: 3.14834
dT[sub]@0: 2.798395
dT[sub]@1: 2.637271
dT[sub]@2: 2.35418
dT[sub]@3: 2.156546
dT[sub]@4: 2.504212
dT[sub]@5: 2.288913
dT[sub]@6: 2.080152
dT[sub]@7: 2.463628
dT[mul]@0: 1.964512
dT[mul]@1: 1.722373
dT[mul]@2: 2.036401
dT[mul]@3: 1.597947
dT[mul]@4: 2.021095
dT[mul]@5: 1.438566
dT[mul]@6: 1.299924
dT[mul]@7: 1.073575
dT[div]@0: 1.431888
dT[div]@1: 0.757153
dT[div]@2: 1.20398
dT[div]@3: 0.821911
dT[div]@4: 0.563103
dT[div]@5: 0.910652
dT[div]@6: 0.535363
dT[div]@7: 0.498575
dT[add]@0: 3.978291
dT[add]@1: 3.692581
dT[add]@2: 3.27659
dT[add]@3: 3.035028
dT[add]@4: 3.377965
dT[add]@5: 2.986254
dT[add]@6: 2.841848
dT[add]@7: 3.116642
dT[sub]@0: 2.761353
dT[sub]@1: 2.507729
dT[sub]@2: 2.872522
dT[sub]@3: 2.404462
dT[sub]@4: 2.250354
dT[sub]@5: 2.513635
dT[sub]@6: 2.24553
dT[sub]@7: 3.181631
dT[mul]@0: 1.658338
dT[mul]@1: 1.396487
dT[mul]@2: 1.507525
dT[mul]@3: 1.683675
dT[mul]@4: 1.925303
dT[mul]@5: 1.138065
dT[mul]@6: 1.414595
dT[mul]@7: 1.567126
dT[div]@0: 0.830874
dT[div]@1: 1.103945
dT[div]@2: 1.301171
dT[div]@3: 0.605632
dT[div]@4: 0.888431
dT[div]@5: 1.029863
dT[div]@6: 0.443443
dT[div]@7: 0.624494
dT[add]@0: 3.938737
dT[add]@1: 3.17321
dT[add]@2: 3.382358
dT[add]@3: 3.571485
dT[add]@4: 2.967781
dT[add]@5: 3.182075
dT[add]@6: 3.409458
dT[add]@7: 2.643817
dT[sub]@0: 2.855819
dT[sub]@1: 3.044706
dT[sub]@2: 2.37056
dT[sub]@3: 2.564467
dT[sub]@4: 1.997926
dT[sub]@5: 2.223796
dT[sub]@6: 2.37486
dT[sub]@7: 2.604922
dT[mul]@0: 1.793963
dT[mul]@1: 2.00369
dT[mul]@2: 1.339916
dT[mul]@3: 1.390091
dT[mul]@4: 1.562901
dT[mul]@5: 1.800696
dT[mul]@6: 1.050787
dT[mul]@7: 1.339829
dT[div]@0: 1.512572
dT[div]@1: 0.921714
dT[div]@2: 1.099477
dT[div]@3: 1.317384
dT[div]@4: 0.833623
dT[div]@5: 0.433219
dT[div]@6: 0.451919
dT[div]@7: 0.666158
dT[add]@0: 3.897735
dT[add]@1: 3.241725
dT[add]@2: 3.438685
dT[add]@3: 3.664084
dT[add]@4: 2.955911
dT[add]@5: 3.165942
dT[add]@6: 2.567294
dT[add]@7: 2.8502
dT[sub]@0: 3.006871
dT[sub]@1: 2.444906
dT[sub]@2: 2.615814
dT[sub]@3: 2.839961
dT[sub]@4: 2.205074
dT[sub]@5: 2.406204
dT[sub]@6: 2.593715
dT[sub]@7: 1.905126
dT[mul]@0: 2.11264
dT[mul]@1: 2.338775
dT[mul]@2: 1.614121
dT[mul]@3: 1.817622
dT[mul]@4: 2.05392
dT[mul]@5: 1.359065
dT[mul]@6: 1.534845
dT[mul]@7: 1.012089
dT[div]@0: 1.25262
dT[div]@1: 1.485853
dT[div]@2: 0.646435
dT[div]@3: 0.608307
dT[div]@4: 0.645309
dT[div]@5: 0.860925
dT[div]@6: 1.082137
dT[div]@7: 0.411776
dT[add]@0: 3.643575
dT[add]@1: 3.083254
dT[add]@2: 3.343793
dT[add]@3: 3.507901
dT[add]@4: 2.913754
dT[add]@5: 3.087458
dT[add]@6: 3.31362
dT[add]@7: 2.667189
dT[sub]@0: 2.87427
dT[sub]@1: 3.065425
dT[sub]@2: 2.387885
dT[sub]@3: 2.562552
dT[sub]@4: 2.836507
dT[sub]@5: 2.102437
dT[sub]@6: 2.302449
dT[sub]@7: 1.708793
dT[mul]@0: 2.005738
dT[mul]@1: 2.20657
dT[mul]@2: 1.649765
dT[mul]@3: 1.869046
dT[mul]@4: 2.104714
dT[mul]@5: 1.311493
dT[mul]@6: 1.529718
dT[mul]@7: 0.990277
dT[div]@0: 1.219488
dT[div]@1: 1.444468
dT[div]@2: 0.927888
dT[div]@3: 1.141824
dT[div]@4: 0.714339
dT[div]@5: 0.927509
dT[div]@6: 0.430091
dT[div]@7: 0.687903
dT[add]@0: 3.437385
dT[add]@1: 3.611171
dT[add]@2: 3.856205
dT[add]@3: 3.185322
dT[add]@4: 3.409508
dT[add]@5: 2.981473
dT[add]@6: 3.147725
dT[add]@7: 2.732427
dT[sub]@0: 2.914729
dT[sub]@1: 6.908095
dT[sub]@2: 2.483896
dT[sub]@3: 2.737099
dT[sub]@4: 2.21479
dT[sub]@5: 2.480226
dT[sub]@6: 1.967492
dT[sub]@7: 2.200627
dT[mul]@0: 2.372657
dT[mul]@1: 1.785295
dT[mul]@2: 2.005008
dT[mul]@3: 1.589873
dT[mul]@4: 1.817877
dT[mul]@5: 1.397285
dT[mul]@6: 1.619967
dT[mul]@7: 1.144211
dT[div]@0: 1.3247
dT[div]@1: 0.851237
dT[div]@2: 1.107666
dT[div]@3: 1.34849
dT[div]@4: 0.682751
dT[div]@5: 0.900884
dT[div]@6: 0.49218
dT[div]@7: 0.716744
dT[add]@0: 3.443508
dT[add]@1: 3.691844
dT[add]@2: 3.159869
dT[add]@3: 3.364476
dT[add]@4: 3.529414
dT[add]@5: 2.984758
dT[add]@6: 3.201861
dT[add]@7: 2.785748
dT[sub]@0: 3.011233
dT[sub]@1: 2.545249
dT[sub]@2: 2.860829
dT[sub]@3: 2.267348
dT[sub]@4: 2.45876
dT[sub]@5: 2.771161
dT[sub]@6: 2.010747
dT[sub]@7: 2.241307
dT[mul]@0: 1.86367
dT[mul]@1: 2.087908
dT[mul]@2: 1.616324
dT[mul]@3: 1.873059
dT[mul]@4: 1.276179
dT[mul]@5: 1.561066
dT[mul]@6: 1.716694
dT[mul]@7: 1.197396
dT[div]@0: 1.421577
dT[div]@1: 1.000239
dT[div]@2: 1.178663
dT[div]@3: 0.73065
dT[div]@4: 0.902576
dT[div]@5: 0.460604
dT[div]@6: 0.681885
dT[div]@7: 0.947519
dT[add]@0: 5.786222
dT[add]@1: 2.821719
dT[add]@2: 3.123807
dT[add]@3: 3.30148
dT[add]@4: 3.546513
dT[add]@5: 2.839315
dT[add]@6: 3.059103
dT[add]@7: 2.593415
dT[sub]@0: 2.846704
dT[sub]@1: 3.025922
dT[sub]@2: 2.379118
dT[sub]@3: 2.548623
dT[sub]@4: 2.796218
dT[sub]@5: 2.063826
dT[sub]@6: 2.277549
dT[sub]@7: 1.707622
dT[mul]@0: 1.985237
dT[mul]@1: 2.141691
dT[mul]@2: 1.561691
dT[mul]@3: 1.745182
dT[mul]@4: 1.973879
dT[mul]@5: 5.807972
dT[mul]@6: 1.190531
dT[mul]@7: 1.380282
dT[div]@0: 1.618611
dT[div]@1: 0.984631
dT[div]@2: 1.202951
dT[div]@3: 0.709261
dT[div]@4: 0.967899
dT[div]@5: 1.163894
dT[div]@6: 0.497168
dT[div]@7: 0.666978
dT[add]@0: 3.998497
dT[add]@1: 3.239477
dT[add]@2: 3.448181
dT[add]@3: 2.851572
dT[add]@4: 3.108379
dT[add]@5: 3.266639
dT[add]@6: 2.709295
dT[add]@7: 2.882024
dT[sub]@0: 3.076307
dT[sub]@1: 2.474791
dT[sub]@2: 2.636792
dT[sub]@3: 2.923932
dT[sub]@4: 2.146661
dT[sub]@5: 2.35631
dT[sub]@6: 1.785772
dT[sub]@7: 2.06621
dT[mul]@0: 2.240498
dT[mul]@1: 1.485669
dT[mul]@2: 1.710098
dT[mul]@3: 1.86871
dT[mul]@4: 2.096419
dT[mul]@5: 1.392372
dT[mul]@6: 1.204994
dT[mul]@7: 1.395705
dT[div]@0: 1.672933
dT[div]@1: 0.947803
dT[div]@2: 1.169279
dT[div]@3: 0.728205
dT[div]@4: 1.013057
dT[div]@5: 1.191681
dT[div]@6: 0.517796
dT[div]@7: 0.730028
dT[add]@0: 3.345292
dT[add]@1: 3.497868
dT[add]@2: 2.978174
dT[add]@3: 3.230472
dT[add]@4: 3.452425
dT[add]@5: 2.797155
dT[add]@6: 3.077205
dT[add]@7: 3.278977
dT[sub]@0: 2.621598
dT[sub]@1: 2.8579
dT[sub]@2: 2.332158
dT[sub]@3: 2.533711
dT[sub]@4: 2.783098
dT[sub]@5: 2.091676
dT[sub]@6: 2.314267
dT[sub]@7: 1.704776
dT[mul]@0: 2.005955
dT[mul]@1: 2.178413
dT[mul]@2: 1.628704
dT[mul]@3: 1.851056
dT[mul]@4: 2.093016
dT[mul]@5: 1.425641
dT[mul]@6: 1.638725
dT[mul]@7: 1.136342
dT[div]@0: 1.319896
dT[div]@1: 1.576843
dT[div]@2: 0.844246
dT[div]@3: 1.069947
dT[div]@4: 0.635371
dT[div]@5: 0.915496
dT[div]@6: 1.128631
dT[div]@7: 0.410969
dT[add]@0: 3.55994
dT[add]@1: 3.831506
dT[add]@2: 3.151972
dT[add]@3: 3.371107
dT[add]@4: 2.858893
dT[add]@5: 3.081227
dT[add]@6: 3.340065
dT[add]@7: 2.639312
dT[sub]@0: 2.86729
dT[sub]@1: 3.069645
dT[sub]@2: 2.406706
dT[sub]@3: 2.627112
dT[sub]@4: 2.128089
dT[sub]@5: 2.312986
dT[sub]@6: 2.506963
dT[sub]@7: 1.978795
dT[mul]@0: 1.793677
dT[mul]@1: 2.032497
dT[mul]@2: 2.229004
dT[mul]@3: 1.547121
dT[mul]@4: 1.762669
dT[mul]@5: 2.005914
dT[mul]@6: 1.223739
dT[mul]@7: 1.448578
dT[div]@0: 1.027682
dT[div]@1: 1.242059
dT[div]@2: 1.50744
dT[div]@3: 0.767767
dT[div]@4: 0.935426
dT[div]@5: 1.18119
dT[div]@6: 0.491928
dT[div]@7: 0.712565
dT[add]@0: 3.308147
dT[add]@1: 3.541114
dT[add]@2: 3.682873
dT[add]@3: 3.047475
dT[add]@4: 3.265775
dT[add]@5: 3.513366
dT[add]@6: 3.390687
dT[add]@7: 3.00185
dT[sub]@0: 2.546659
dT[sub]@1: 2.783393
dT[sub]@2: 2.164498
dT[sub]@3: 2.429787
dT[sub]@4: 2.635639
dT[sub]@5: 2.024066
dT[sub]@6: 2.276287
dT[sub]@7: 2.463924
dT[mul]@0: 1.806659
dT[mul]@1: 1.973031
dT[mul]@2: 2.247857
dT[mul]@3: 1.511647
dT[mul]@4: 1.721868
dT[mul]@5: 1.271312
dT[mul]@6: 1.521953
dT[mul]@7: 1.691975
dT[div]@0: 1.057084
dT[div]@1: 1.231035
dT[div]@2: 1.450508
dT[div]@3: 0.756167
dT[div]@4: 0.972487
dT[div]@5: 0.377077
dT[div]@6: 0.671128
dT[div]@7: 0.843174
dT[add]@0: 3.348088
dT[add]@1: 3.503644
dT[add]@2: 3.734179
dT[add]@3: 3.046264
dT[add]@4: 3.26909
dT[add]@5: 2.663659
dT[add]@6: 2.936464
dT[add]@7: 3.093432
dT[sub]@0: 2.541703
dT[sub]@1: 2.713725
dT[sub]@2: 2.957878
dT[sub]@3: 2.276265
dT[sub]@4: 2.508235
dT[sub]@5: 1.884241
dT[sub]@6: 2.133187
dT[sub]@7: 2.342827
dT[mul]@0: 1.621501
dT[mul]@1: 1.905429
dT[mul]@2: 2.061724
dT[mul]@3: 1.543432
dT[mul]@4: 1.760004
dT[mul]@5: 1.12227
dT[mul]@6: 1.367085
dT[mul]@7: 1.583722
dT[div]@0: 0.854314
dT[div]@1: 1.140843
dT[div]@2: 1.312748
dT[div]@3: 0.785495
dT[div]@4: 1.007099
dT[div]@5: 1.251468
dT[div]@6: 0.472402
dT[div]@7: 0.706349
dT[add]@0: 3.174205
dT[add]@1: 3.424106
dT[add]@2: 3.576172
dT[add]@3: 3.034834
dT[add]@4: 3.212124
dT[add]@5: 3.455979
dT[add]@6: 2.739744
dT[add]@7: 2.989145
dT[sub]@0: 2.371604
dT[sub]@1: 2.66615
dT[sub]@2: 2.829788
dT[sub]@3: 2.3219
dT[sub]@4: 2.597261
dT[sub]@5: 2.754246
dT[sub]@6: 3.001979
dT[sub]@7: 3.174295
dT[mul]@0: 3.444816
dT[mul]@1: 3.67148
dT[mul]@2: 3.905868
dT[mul]@3: 4.094804
dT[mul]@4: 4.322212
dT[mul]@5: 4.513878
dT[mul]@6: 4.75042
dT[mul]@7: 4.929732
dT[div]@0: 5.188129
dT[div]@1: 0.928484
dT[div]@2: 1.186404
dT[div]@3: 0.712162
dT[div]@4: 0.969529
dT[div]@5: 1.123082
dT[div]@6: 0.494963
dT[div]@7: 0.661647
dT[add]@0: 3.993662
dT[add]@1: 3.280227
dT[add]@2: 3.472659
dT[add]@3: 2.851986
dT[add]@4: 3.131616
dT[add]@5: 3.290053
dT[add]@6: 2.696055
dT[add]@7: 2.871333
dT[sub]@0: 3.126537
dT[sub]@1: 2.467193
dT[sub]@2: 2.696656
dT[sub]@3: 2.091679
dT[sub]@4: 2.385175
dT[sub]@5: 2.547416
dT[sub]@6: 1.963273
dT[sub]@7: 2.143478
dT[mul]@0: 2.39842
dT[mul]@1: 1.694297
dT[mul]@2: 1.9198
dT[mul]@3: 1.293122
dT[mul]@4: 1.542632
dT[mul]@5: 1.76736
dT[mul]@6: 1.044602
dT[mul]@7: 1.329827
dT[div]@0: 1.497575
dT[div]@1: 0.91299
dT[div]@2: 1.093349
dT[div]@3: 1.333036
dT[div]@4: 0.738129
dT[div]@5: 0.923719
dT[div]@6: 0.362678
dT[div]@7: 0.624131
dT[add]@0: 3.786639
dT[add]@1: 2.938028
dT[add]@2: 3.934785
dT[add]@3: 3.151155
dT[add]@4: 2.655914
dT[add]@5: 2.80928
dT[add]@6: 3.051514
dT[add]@7: 2.59649
dT[sub]@0: 2.874732
dT[sub]@1: 3.09249
dT[sub]@2: 2.391239
dT[sub]@3: 2.609803
dT[sub]@4: 1.967503
dT[sub]@5: 2.219354
dT[sub]@6: 2.43838
dT[sub]@7: 1.829902
dT[mul]@0: 2.101083
dT[mul]@1: 2.307568
dT[mul]@2: 1.630087
dT[mul]@3: 1.842443
dT[mul]@4: 2.08537
dT[mul]@5: 1.323475
dT[mul]@6: 1.556213
dT[mul]@7: 1.070775
dT[div]@0: 1.348571
dT[div]@1: 1.511933
dT[div]@2: 0.905855
dT[div]@3: 1.126856
dT[div]@4: 0.645369
dT[div]@5: 0.839508
dT[div]@6: 1.038897
dT[div]@7: 0.364695
dT[add]@0: 3.608525
dT[add]@1: 3.829869
dT[add]@2: 3.157879
dT[add]@3: 3.358505
dT[add]@4: 3.552959
dT[add]@5: 2.884015
dT[add]@6: 3.096345
dT[add]@7: 2.601034
dT[sub]@0: 2.790233
dT[sub]@1: 3.027704
dT[sub]@2: 2.33968
dT[sub]@3: 2.564413
dT[sub]@4: 2.76367
dT[sub]@5: 6.482192
dT[sub]@6: 1.957182
dT[sub]@7: 2.225403
dT[mul]@0: 2.427749
dT[mul]@1: 1.730454
dT[mul]@2: 1.941638
dT[mul]@3: 1.385864
dT[mul]@4: 1.608525
dT[mul]@5: 1.887515
dT[mul]@6: 1.21558
dT[mul]@7: 1.434322
dT[div]@0: 1.655933
dT[div]@1: 0.957537
dT[div]@2: 1.12096
dT[div]@3: 1.393737
dT[div]@4: 0.677464
dT[div]@5: 0.902729
dT[div]@6: 0.421789
dT[div]@7: 0.680204
dT[add]@0: 3.904196
dT[add]@1: 3.245054
dT[add]@2: 3.435559
dT[add]@3: 3.674353
dT[add]@4: 2.947157
dT[add]@5: 3.162431
dT[add]@6: 2.559187
dT[add]@7: 2.827062
dT[sub]@0: 2.98973
dT[sub]@1: 2.354157
dT[sub]@2: 2.568775
dT[sub]@3: 2.71454
dT[sub]@4: 2.071105
dT[sub]@5: 2.239468
dT[sub]@6: 2.424408
dT[sub]@7: 1.70337
dT[mul]@0: 1.996396
dT[mul]@1: 2.163361
dT[mul]@2: 1.618175
dT[mul]@3: 1.824842
dT[mul]@4: 2.061086
dT[mul]@5: 1.314827
dT[mul]@6: 1.525478
dT[mul]@7: 1.716664
dT[div]@0: 1.057778
dT[div]@1: 1.232362
dT[div]@2: 1.496892
dT[div]@3: 0.757696
dT[div]@4: 0.924985
dT[div]@5: 0.442333
dT[div]@6: 0.670629
dT[div]@7: 0.940465
dT[add]@0: 3.352854
dT[add]@1: 4.029752
dT[add]@2: 3.310767
dT[add]@3: 3.025331
dT[add]@4: 3.209234
dT[add]@5: 3.456084
dT[add]@6: 2.738837
dT[add]@7: 2.953791
dT[sub]@0: 3.157283
dT[sub]@1: 2.479992
dT[sub]@2: 2.700814
dT[sub]@3: 2.212767
dT[sub]@4: 2.391279
dT[sub]@5: 2.623437
dT[sub]@6: 1.981208
dT[sub]@7: 2.180521
dT[mul]@0: 2.383973
dT[mul]@1: 1.768378
dT[mul]@2: 1.970681
dT[mul]@3: 1.463313
dT[mul]@4: 1.639947
dT[mul]@5: 1.89188
dT[mul]@6: 1.218275
dT[mul]@7: 1.435515
dT[div]@0: 1.639894
dT[div]@1: 0.992454
dT[div]@2: 1.199566
dT[div]@3: 0.710092
dT[div]@4: 0.894285
dT[div]@5: 1.134608
dT[div]@6: 0.469444
dT[div]@7: 0.69753
dT[add]@0: 3.965328
dT[add]@1: 3.248472
dT[add]@2: 3.466781
dT[add]@3: 2.830344
dT[add]@4: 3.108205
dT[add]@5: 3.317615
dT[add]@6: 2.769114
dT[add]@7: 2.978905
dT[sub]@0: 3.230623
dT[sub]@1: 2.449929
dT[sub]@2: 2.68847
dT[sub]@3: 2.153512
dT[sub]@4: 2.195012
dT[sub]@5: 2.366847
dT[sub]@6: 2.633914
dT[sub]@7: 1.91878
dT[mul]@0: 2.141558
dT[mul]@1: 1.486366
dT[mul]@2: 1.72981
dT[mul]@3: 1.939065
dT[mul]@4: 1.396118
dT[mul]@5: 1.636284
dT[mul]@6: 1.843236
dT[mul]@7: 1.148566
dT[div]@0: 1.352539
dT[div]@1: 0.795141
dT[div]@2: 1.031994
dT[div]@3: 1.283587
dT[div]@4: 0.468643
dT[div]@5: 0.799717
dT[div]@6: 0.954279
dT[div]@7: 0.161587
dT[add]@0: 3.546024
dT[add]@1: 3.732259
dT[add]@2: 3.085033
dT[add]@3: 3.345455
dT[add]@4: 3.547511
dT[add]@5: 2.859675
dT[add]@6: 3.074093
dT[add]@7: 2.506382
dT[sub]@0: 2.733616
dT[sub]@1: 3.034854
dT[sub]@2: 2.366616
dT[sub]@3: 2.585391
dT[sub]@4: 2.790105
dT[sub]@5: 2.103409
dT[sub]@6: 2.322998
dT[sub]@7: 1.841157
dT[mul]@0: 2.020376
dT[mul]@1: 2.252582
dT[mul]@2: 1.606287
dT[mul]@3: 1.826849
dT[mul]@4: 2.024419
dT[mul]@5: 1.382619
dT[mul]@6: 1.693341
dT[mul]@7: 1.131069
dT[div]@0: 1.352942
dT[div]@1: 1.557907
dT[div]@2: 0.909964
dT[div]@3: 1.134896
dT[div]@4: 0.654028
dT[div]@5: 0.836524
dT[div]@6: 0.362048
dT[div]@7: 0.585286
dT[add]@0: 3.899867
dT[add]@1: 3.208512
dT[add]@2: 3.47043
dT[add]@3: 3.655198
dT[add]@4: 2.94896
dT[add]@5: 3.129449
dT[add]@6: 2.642505
dT[add]@7: 2.879598
dT[sub]@0: 3.12675
dT[sub]@1: 2.446794
dT[sub]@2: 2.664116
dT[sub]@3: 2.866678
dT[sub]@4: 2.040908
dT[sub]@5: 2.336584
dT[sub]@6: 2.54011
dT[sub]@7: 1.914911
dT[mul]@0: 2.144776
dT[mul]@1: 1.668382
dT[mul]@2: 1.851838
dT[mul]@3: 2.099421
dT[mul]@4: 1.445853
dT[mul]@5: 1.653645
dT[mul]@6: 1.035545
dT[mul]@7: 1.329747
dT[div]@0: 1.49839
dT[div]@1: 0.983588
dT[div]@2: 1.20355
dT[div]@3: 1.449118
dT[div]@4: 0.658981
dT[div]@5: 0.891366
dT[div]@6: 0.430153
dT[div]@7: 0.692248
dT[add]@0: 3.967778
dT[add]@1: 3.277265
dT[add]@2: 3.492619
dT[add]@3: 2.907167
dT[add]@4: 3.156797
dT[add]@5: 3.365645
dT[add]@6: 7.209174
dT[add]@7: 2.667552
dT[sub]@0: 2.913788
dT[sub]@1: 3.121655
dT[sub]@2: 2.444552
dT[sub]@3: 2.658616
dT[sub]@4: 2.131705
dT[sub]@5: 2.406892
dT[sub]@6: 2.635552
dT[sub]@7: 1.941165
dT[mul]@0: 2.167777
dT[mul]@1: 1.667226
dT[mul]@2: 1.869522
dT[mul]@3: 2.135198
dT[mul]@4: 1.432267
dT[mul]@5: 1.664357
dT[mul]@6: 1.193391
dT[mul]@7: 1.465896
dT[div]@0: 1.679311
dT[div]@1: 0.978193
dT[div]@2: 1.195304
dT[div]@3: 0.711662
dT[div]@4: 0.911905
dT[div]@5: 1.161049
dT[div]@6: 0.478745
dT[div]@7: 0.709759
dT[add]@0: 3.195674
dT[add]@1: 3.417651
dT[add]@2: 3.615308
dT[add]@3: 2.971854
dT[add]@4: 3.166532
dT[add]@5: 3.459845
dT[add]@6: 2.735405
dT[add]@7: 2.976131
dT[sub]@0: 2.453146
dT[sub]@1: 2.678954
dT[sub]@2: 2.850741
dT[sub]@3: 2.32408
dT[sub]@4: 2.542594
dT[sub]@5: 2.798868
dT[sub]@6: 1.9843
dT[sub]@7: 2.215749
dT[mul]@0: 1.821887
dT[mul]@1: 2.001523
dT[mul]@2: 2.251697
dT[mul]@3: 1.500096
dT[mul]@4: 1.677311
dT[mul]@5: 1.924803
dT[mul]@6: 1.21844
dT[mul]@7: 1.441454
dT[div]@0: 0.988944
dT[div]@1: 1.245928
dT[div]@2: 1.422917
dT[div]@3: 0.778809
dT[div]@4: 0.993814
dT[div]@5: 1.251298
dT[div]@6: 0.483235
dT[div]@7: 0.712283
dT[add]@0: 3.385752
dT[add]@1: 3.561699
dT[add]@2: 3.748793
dT[add]@3: 3.053096
dT[add]@4: 3.274538
dT[add]@5: 2.803935
dT[add]@6: 3.000812
dT[add]@7: 3.258826
dT[sub]@0: 2.575007
dT[sub]@1: 2.798549
dT[sub]@2: 2.189735
dT[sub]@3: 2.41832
dT[sub]@4: 2.56935
dT[sub]@5: 1.970158
dT[sub]@6: 2.219554
dT[sub]@7: 2.409166
dT[mul]@0: 1.747486
dT[mul]@1: 2.022795
dT[mul]@2: 2.22717
dT[mul]@3: 1.534062
dT[mul]@4: 1.75805
dT[mul]@5: 2.010658
dT[mul]@6: 1.275986
dT[mul]@7: 1.50343
dT[div]@0: 1.054654
dT[div]@1: 1.279597
dT[div]@2: 1.476602
dT[div]@3: 0.777947
dT[div]@4: 1.000859
dT[div]@5: 0.531625
dT[div]@6: 0.718076
dT[div]@7: 0.965959
dT[add]@0: 3.349097
dT[add]@1: 3.527476
dT[add]@2: 3.710919
dT[add]@3: 7.430566
dT[add]@4: 2.945185
dT[add]@5: 3.188163
dT[add]@6: 2.557166
dT[add]@7: 2.835956
dT[sub]@0: 2.999048
dT[sub]@1: 2.457067
dT[sub]@2: 2.644439
dT[sub]@3: 2.896004
dT[sub]@4: 2.176074
dT[sub]@5: 2.393919
dT[sub]@6: 1.931923
dT[sub]@7: 2.202276
dT[mul]@0: 2.420503
dT[mul]@1: 1.678316
dT[mul]@2: 1.872208
dT[mul]@3: 2.116078
dT[mul]@4: 1.399876
dT[mul]@5: 1.616226
dT[mul]@6: 1.063905
dT[mul]@7: 1.369873
dT[div]@0: 1.562817
dT[div]@1: 1.013826
dT[div]@2: 1.231373
dT[div]@3: 0.624027
dT[div]@4: 0.849256
dT[div]@5: 1.106374
dT[div]@6: 0.483349
dT[div]@7: 0.706166
dT[add]@0: 4.020254
dT[add]@1: 3.143698
dT[add]@2: 3.317051
dT[add]@3: 3.588685
dT[add]@4: 2.926993
dT[add]@5: 3.150097
dT[add]@6: 2.711467
dT[add]@7: 3.155416
dT[sub]@0: 2.556839
dT[sub]@1: 2.798223
dT[sub]@2: 2.389293
dT[sub]@3: 2.696357
dT[sub]@4: 2.176072
dT[sub]@5: 2.498886
dT[sub]@6: 1.998711
dT[sub]@7: 2.368423
dT[mul]@0: 1.816811
dT[mul]@1: 1.498706
dT[mul]@2: 1.908484
dT[mul]@3: 1.45714
dT[mul]@4: 1.632799
dT[mul]@5: 1.855265
dT[mul]@6: 0.988147
dT[mul]@7: 1.062854
dT[div]@0: 1.238744
dT[div]@1: 1.471554
dT[div]@2: 0.795669
dT[div]@3: 1.031919
dT[div]@4: 1.197174
dT[div]@5: 0.575478
dT[div]@6: 0.747653
dT[div]@7: 1.015395
dT[add]@0: 3.374629
dT[add]@1: 3.555796
dT[add]@2: 3.745097
dT[add]@3: 3.030752
dT[add]@4: 3.197556
dT[add]@5: 3.705463
dT[add]@6: 2.801156
dT[add]@7: 2.520912
dT[sub]@0: 2.748017
dT[sub]@1: 2.999297
dT[sub]@2: 2.295698
dT[sub]@3: 2.539772
dT[sub]@4: 2.703971
dT[sub]@5: 2.109512
dT[sub]@6: 2.279781
dT[sub]@7: 2.523768
dT[mul]@0: 1.822629
dT[mul]@1: 2.014889
dT[mul]@2: 2.199418
dT[mul]@3: 1.53964
dT[mul]@4: 1.715879
dT[mul]@5: 1.96204
dT[mul]@6: 1.256051
dT[mul]@7: 1.462081
dT[div]@0: 0.866553
dT[div]@1: 0.975692
dT[div]@2: 0.852319
dT[div]@3: 1.093017
dT[div]@4: 1.312241
dT[div]@5: 0.586605
dT[div]@6: 0.792406
dT[div]@7: 1.024625
dT[add]@0: 3.405093
dT[add]@1: 3.584813
dT[add]@2: 2.953565
dT[add]@3: 3.238379
dT[add]@4: 3.386049
dT[add]@5: 2.694522
dT[add]@6: 2.958471
dT[add]@7: 3.155078
dT[sub]@0: 2.557331
dT[sub]@1: 2.751554
dT[sub]@2: 2.92544
dT[sub]@3: 2.242286
dT[sub]@4: 2.397576
dT[sub]@5: 2.614275
dT[sub]@6: 2.007583
dT[sub]@7: 2.206523
dT[mul]@0: 2.373988
dT[mul]@1: 1.714572
dT[mul]@2: 1.903114
dT[mul]@3: 2.094147
dT[mul]@4: 1.387249
dT[mul]@5: 1.599372
dT[mul]@6: 1.772026
dT[mul]@7: 1.170942
dT[div]@0: 1.339428
dT[div]@1: 1.582214
dT[div]@2: 0.889676
dT[div]@3: 1.088693
dT[div]@4: 1.287226
dT[div]@5: 0.583439
dT[div]@6: 0.753637
dT[div]@7: 0.994848
dT[add]@0: 3.348952
dT[add]@1: 3.522315
dT[add]@2: 2.947964
dT[add]@3: 3.217668
dT[add]@4: 3.358843
dT[add]@5: 2.709276
dT[add]@6: 2.920876
dT[add]@7: 3.126594
dT[sub]@0: 2.380033
dT[sub]@1: 2.665285
dT[sub]@2: 2.813605
dT[sub]@3: 3.006309
dT[sub]@4: 2.182771
dT[sub]@5: 2.389213
dT[sub]@6: 1.791415
dT[sub]@7: 2.207454
dT[mul]@0: 2.44575
dT[mul]@1: 1.713162
dT[mul]@2: 1.9598
dT[mul]@3: 1.490554
dT[mul]@4: 1.687447
dT[mul]@5: 1.938416
dT[mul]@6: 1.237304
dT[mul]@7: 1.41879
dT[div]@0: 1.007274
dT[div]@1: 1.194235
dT[div]@2: 1.44004
dT[div]@3: 0.751074
dT[div]@4: 0.980338
dT[div]@5: 1.189064
dT[div]@6: 0.517745
dT[div]@7: 0.743382
dT[add]@0: 3.334327
dT[add]@1: 3.49446
dT[add]@2: 3.699125
dT[add]@3: 3.039969
dT[add]@4: 3.249937
dT[add]@5: 2.678996
dT[add]@6: 2.961893
dT[add]@7: 3.123686
dT[sub]@0: 2.514292
dT[sub]@1: 2.703236
dT[sub]@2: 2.953799
dT[sub]@3: 2.275384
dT[sub]@4: 2.501575
dT[sub]@5: 1.919051
dT[sub]@6: 2.212156
dT[sub]@7: 2.386873
dT[mul]@0: 1.837592
dT[mul]@1: 2.06271
dT[mul]@2: 1.389235
dT[mul]@3: 1.669225
dT[mul]@4: 1.872421
dT[mul]@5: 1.309041
dT[mul]@6: 1.57236
dT[mul]@7: 1.761716
dT[div]@0: 5.618206
dT[div]@1: 0.927374
dT[div]@2: 1.124527
dT[div]@3: 0.728615
dT[div]@4: 0.925272
dT[div]@5: 1.174439
dT[div]@6: 0.481969
dT[div]@7: 0.701744
dT[add]@0: 3.227642
dT[add]@1: 3.433775
dT[add]@2: 3.617317
dT[add]@3: 2.986609
dT[add]@4: 3.208207
dT[add]@5: 3.449752
dT[add]@6: 2.745595
dT[add]@7: 2.964592
dT[sub]@0: 2.373029
dT[sub]@1: 2.65433
dT[sub]@2: 2.822191
dT[sub]@3: 2.223173
dT[sub]@4: 2.399348
dT[sub]@5: 2.638091
dT[sub]@6: 1.972359
dT[sub]@7: 2.204891
dT[mul]@0: 1.615056
dT[mul]@1: 1.896888
dT[mul]@2: 2.05932
dT[mul]@3: 1.473345
dT[mul]@4: 1.649077
dT[mul]@5: 1.883517
dT[mul]@6: 1.210981
dT[mul]@7: 1.436117
dT[div]@0: 0.854157
dT[div]@1: 1.13033
dT[div]@2: 1.301093
dT[div]@3: 0.786167
dT[div]@4: 1.019689
dT[div]@5: 0.355261
dT[div]@6: 0.60117
dT[div]@7: 0.804471
dT[add]@0: 3.36633
dT[add]@1: 3.598108
dT[add]@2: 3.79235
dT[add]@3: 3.085643
dT[add]@4: 3.304306
dT[add]@5: 2.819743
dT[add]@6: 2.995227
dT[add]@7: 3.24295
dT[sub]@0: 2.532883
dT[sub]@1: 2.759342
dT[sub]@2: 2.963163
dT[sub]@3: 2.352433
dT[sub]@4: 2.536169
dT[sub]@5: 2.120511
dT[sub]@6: 2.321436
dT[sub]@7: 2.56033
dT[mul]@0: 1.787115
dT[mul]@1: 1.999168
dT[mul]@2: 1.438606
dT[mul]@3: 1.744998
dT[mul]@4: 1.915391
dT[mul]@5: 1.36105
dT[mul]@6: 1.58424
dT[mul]@7: 1.019348
dT[div]@0: 1.263826
dT[div]@1: 1.52971
dT[div]@2: 0.855852
dT[div]@3: 1.065434
dT[div]@4: 1.272067
dT[div]@5: 0.589936
dT[div]@6: 0.803248
dT[div]@7: 0.338344
dT[add]@0: 3.623568
dT[add]@1: 3.829139
dT[add]@2: 3.129554
dT[add]@3: 3.361326
dT[add]@4: 2.759815
dT[add]@5: 3.034508
dT[add]@6: 3.200806
dT[add]@7: 2.636753
dT[sub]@0: 2.830947
dT[sub]@1: 3.071688
dT[sub]@2: 2.378583
dT[sub]@3: 2.609967
dT[sub]@4: 2.122324
dT[sub]@5: 2.387545
dT[sub]@6: 2.601721
dT[sub]@7: 1.883802
dT[mul]@0: 2.083518
dT[mul]@1: 1.659846
dT[mul]@2: 1.845054
dT[mul]@3: 2.082091
dT[mul]@4: 5.891191
dT[mul]@5: 1.317453
dT[mul]@6: 1.512264
dT[mul]@7: 1.763129
dT[div]@0: 1.069087
dT[div]@1: 1.294379
dT[div]@2: 0.816573
dT[div]@3: 1.076341
dT[div]@4: 1.24666
dT[div]@5: 0.599304
dT[div]@6: 0.828946
dT[div]@7: 0.338791
dT[add]@0: 3.605636
dT[add]@1: 3.799651
dT[add]@2: 3.143497
dT[add]@3: 3.364005
dT[add]@4: 3.571783
dT[add]@5: 2.868393
dT[add]@6: 3.082455
dT[add]@7: 2.632814
dT[sub]@0: 2.826389
dT[sub]@1: 3.107809
dT[sub]@2: 2.462706
dT[sub]@3: 2.687825
dT[sub]@4: 2.187793
dT[sub]@5: 2.409504
dT[sub]@6: 2.616194
dT[sub]@7: 1.81091
dT[mul]@0: 2.012877
dT[mul]@1: 2.260255
dT[mul]@2: 1.627794
dT[mul]@3: 1.853547
dT[mul]@4: 1.330961
dT[mul]@5: 1.573369
dT[mul]@6: 1.782352
dT[mul]@7: 1.109725
dT[div]@0: 1.296805
dT[div]@1: 0.731874
dT[div]@2: 0.978223
dT[div]@3: 1.184561
dT[div]@4: 0.476791
dT[div]@5: 0.758565
dT[div]@6: 0.925795
dT[div]@7: 0.411563
dT[add]@0: 3.726606
dT[add]@1: 3.93416
dT[add]@2: 3.14604
dT[add]@3: 3.339098
dT[add]@4: 2.895505
dT[add]@5: 3.147035
dT[add]@6: 3.347505
dT[add]@7: 2.674756
dT[sub]@0: 2.886131
dT[sub]@1: 3.11894
dT[sub]@2: 2.349706
dT[sub]@3: 2.563644
dT[sub]@4: 2.125118
dT[sub]@5: 2.393683
dT[sub]@6: 2.595228
dT[sub]@7: 1.954669
dT[mul]@0: 2.175347
dT[mul]@1: 1.583121
dT[mul]@2: 1.807829
dT[mul]@3: 2.037056
dT[mul]@4: 1.413883
dT[mul]@5: 1.62965
dT[mul]@6: 1.827302
dT[mul]@7: 1.110797
dT[div]@0: 1.294166
dT[div]@1: 1.565715
dT[div]@2: 0.852449
dT[div]@3: 1.065638
dT[div]@4: 0.481154
dT[div]@5: 0.754148
dT[div]@6: 0.9062
dT[div]@7: 0.362607
dT[add]@0: 3.701258
dT[add]@1: 3.910612
dT[add]@2: 3.016918
dT[add]@3: 3.202065
dT[add]@4: 3.433155
dT[add]@5: 2.857809
dT[add]@6: 3.062491
dT[add]@7: 3.237918
dT[sub]@0: 2.569127
dT[sub]@1: 2.731596
dT[sub]@2: 2.328953
dT[sub]@3: 2.494066
dT[sub]@4: 2.731568
dT[sub]@5: 2.143071
dT[sub]@6: 2.302269
dT[sub]@7: 2.493438
dT[mul]@0: 1.796726
dT[mul]@1: 1.960183
dT[mul]@2: 6.116595
dT[mul]@3: 1.5371
dT[mul]@4: 1.77214
dT[mul]@5: 1.985694
dT[mul]@6: 1.287143
dT[mul]@7: 1.506252
dT[div]@0: 0.996999
dT[div]@1: 1.172368
dT[div]@2: 1.410139
dT[div]@3: 0.776064
dT[div]@4: 0.996347
dT[div]@5: 0.386099
dT[div]@6: 0.680429
dT[div]@7: 0.850913
dT[add]@0: 3.430579
dT[add]@1: 3.602261
dT[add]@2: 3.818873
dT[add]@3: 3.040204
dT[add]@4: 3.255876
dT[add]@5: 2.799749
dT[add]@6: 3.040521
dT[add]@7: 3.199206
dT[sub]@0: 2.568924
dT[sub]@1: 2.726682
dT[sub]@2: 2.916882
dT[sub]@3: 2.268089
dT[sub]@4: 2.479081
dT[sub]@5: 1.912396
dT[sub]@6: 2.202808
dT[sub]@7: 2.376494
dT[mul]@0: 1.822318
dT[mul]@1: 2.029299
dT[mul]@2: 2.265024
dT[mul]@3: 1.510311
dT[mul]@4: 1.715483
dT[mul]@5: 1.139866
dT[mul]@6: 1.43817
dT[mul]@7: 1.596263
dT[div]@0: 0.99322
dT[div]@1: 1.173383
dT[div]@2: 1.410571
dT[div]@3: 0.78338
dT[div]@4: 0.983562
dT[div]@5: 0.375917
dT[div]@6: 0.657064
dT[div]@7: 0.820491
dT[add]@0: 3.353632
dT[add]@1: 3.486874
dT[add]@2: 3.675347
dT[add]@3: 3.04203
dT[add]@4: 3.261005
dT[add]@5: 2.641193
dT[add]@6: 2.923466
dT[add]@7: 3.086622
dT[sub]@0: 2.507456
dT[sub]@1: 2.678514
dT[sub]@2: 2.923126
dT[sub]@3: 2.297135
dT[sub]@4: 2.493287
dT[sub]@5: 1.899102
dT[sub]@6: 2.160489
dT[sub]@7: 2.325104
dT[mul]@0: 1.7448
dT[mul]@1: 1.918024
dT[mul]@2: 2.146538
dT[mul]@3: 1.612548
dT[mul]@4: 1.781144
dT[mul]@5: 1.401459
dT[mul]@6: 1.611529
dT[mul]@7: 1.198594
dT[div]@0: 1.368089
dT[div]@1: 0.945608
dT[div]@2: 1.11868
dT[div]@3: 0.745031
dT[div]@4: 0.923686
dT[div]@5: 0.45425
dT[div]@6: 0.694949
dT[div]@7: 0.909804
dT[add]@0: 3.496209
dT[add]@1: 3.629535
dT[add]@2: 3.269033
dT[add]@3: 3.436694
dT[add]@4: 3.039729
dT[add]@5: 3.218609
dT[add]@6: 3.049456
dT[add]@7: 3.230896
dT[sub]@0: 2.799618
dT[sub]@1: 2.987093
dT[sub]@2: 2.482114
dT[sub]@3: 2.707123
dT[sub]@4: 2.187171
dT[sub]@5: 2.415914
dT[sub]@6: 1.949381
dT[sub]@7: 2.199594
dT[mul]@0: 1.756256
dT[mul]@1: 2.017017
dT[mul]@2: 1.573905
dT[mul]@3: 1.813347
dT[mul]@4: 1.442766
dT[mul]@5: 1.614195
dT[mul]@6: 1.861794
dT[mul]@7: 1.191979
dT[div]@0: 1.413618
dT[div]@1: 0.994426
dT[div]@2: 1.221198
dT[div]@3: 0.797963
dT[div]@4: 1.017977
dT[div]@5: 0.611204
dT[div]@6: 0.835612
dT[div]@7: 0.393514
dT[add]@0: 3.847573
dT[add]@1: 3.39749
dT[add]@2: 3.634167
dT[add]@3: 3.105898
dT[add]@4: 3.368003
dT[add]@5: 2.779463
dT[add]@6: 3.059049
dT[add]@7: 2.572329
dT[sub]@0: 2.87024
dT[sub]@1: 3.035514
dT[sub]@2: 2.515463
dT[sub]@3: 2.729416
dT[sub]@4: 2.180392
dT[sub]@5: 2.363373
dT[sub]@6: 2.02599
dT[sub]@7: 2.203804
dT[mul]@0: 1.823308
dT[mul]@1: 2.011206
dT[mul]@2: 1.65066
dT[mul]@3: 1.833685
dT[mul]@4: 1.343171
dT[mul]@5: 1.574149
dT[mul]@6: 1.28052
dT[mul]@7: 1.181326
dT[div]@0: 1.10219
dT[div]@1: 1.326918
dT[div]@2: 0.852682
dT[div]@3: 1.051369
dT[div]@4: 0.547013
dT[div]@5: 0.782484
dT[div]@6: 1.096518
dT[div]@7: 0.390121
dT[add]@0: 3.709411
dT[add]@1: 3.071412
dT[add]@2: 3.340115
dT[add]@3: 3.499249
dT[add]@4: 2.977857
dT[add]@5: 3.207199
dT[add]@6: 2.717038
dT[add]@7: 2.908685
dT[sub]@0: 3.156079
dT[sub]@1: 2.446068
dT[sub]@2: 2.737928
dT[sub]@3: 2.203701
dT[sub]@4: 2.483296
dT[sub]@5: 2.700509
dT[sub]@6: 2.042568
dT[sub]@7: 2.261295
dT[mul]@0: 1.764235
dT[mul]@1: 1.958796
dT[mul]@2: 2.247828
dT[mul]@3: 1.491962
dT[mul]@4: 1.726941
dT[mul]@5: 1.138507
dT[mul]@6: 1.420349
dT[mul]@7: 1.593224
dT[div]@0: 1.254793
dT[div]@1: 0.942686
dT[div]@2: 1.173341
dT[div]@3: 0.571268
dT[div]@4: 0.856892
dT[div]@5: 1.025072
dT[div]@6: 0.522785
dT[div]@7: 0.743674
dT[add]@0: 3.272959
dT[add]@1: 3.498359
dT[add]@2: 3.732576
dT[add]@3: 3.022239
dT[add]@4: 3.247179
dT[add]@5: 2.702504
dT[add]@6: 2.916673
dT[add]@7: 3.115939
dT[sub]@0: 2.540371
dT[sub]@1: 2.722696
dT[sub]@2: 2.967529
dT[sub]@3: 2.256387
dT[sub]@4: 2.468175
dT[sub]@5: 1.901356
dT[sub]@6: 2.187452
dT[sub]@7: 2.350275
dT[mul]@0: 1.776129
dT[mul]@1: 1.961
dT[mul]@2: 2.196753
dT[mul]@3: 1.523326
dT[mul]@4: 1.751203
dT[mul]@5: 1.267773
dT[mul]@6: 1.536607
dT[mul]@7: 1.739153
dT[div]@0: 1.095282
dT[div]@1: 1.333131
dT[div]@2: 0.864848
dT[div]@3: 1.061958
dT[div]@4: 0.551068
dT[div]@5: 0.81611
dT[div]@6: 1.080446
dT[div]@7: 0.372298
dT[add]@0: 3.676269
dT[add]@1: 3.08213
dT[add]@2: 3.345779
dT[add]@3: 3.488668
dT[add]@4: 2.891848
dT[add]@5: 3.076893
dT[add]@6: 3.338363
dT[add]@7: 2.659117
dT[sub]@0: 2.895834
dT[sub]@1: 2.44079
dT[sub]@2: 2.717761
dT[sub]@3: 2.933334
dT[sub]@4: 2.251196
dT[sub]@5: 2.444223
dT[sub]@6: 1.967863
dT[sub]@7: 2.173704
dT[mul]@0: 1.683897
dT[mul]@1: 1.929805
dT[mul]@2: 2.218156
dT[mul]@3: 1.534127
dT[mul]@4: 1.767001
dT[mul]@5: 1.146308
dT[mul]@6: 1.440109
dT[mul]@7: 1.610193
dT[div]@0: 1.065827
dT[div]@1: 1.280758
dT[div]@2: 1.524653
dT[div]@3: 0.751856
dT[div]@4: 0.949033
dT[div]@5: 0.530596
dT[div]@6: 0.787587
dT[div]@7: 1.00849
dT[add]@0: 3.390927
dT[add]@1: 3.571567
dT[add]@2: 3.083608
dT[add]@3: 3.272464
dT[add]@4: 3.516288
dT[add]@5: 2.838226
dT[add]@6: 3.061264
dT[add]@7: 2.615206
dT[sub]@0: 2.865795
dT[sub]@1: 3.032574
dT[sub]@2: 2.468694
dT[sub]@3: 2.699148
dT[sub]@4: 2.327134
dT[sub]@5: 2.549081
dT[sub]@6: 2.285977
dT[sub]@7: 2.597398
dT[mul]@0: 2.05335
dT[mul]@1: 2.025238
dT[mul]@2: 2.23432
dT[mul]@3: 2.520379
dT[mul]@4: 1.759231
dT[mul]@5: 1.977098
dT[mul]@6: 2.264851
dT[mul]@7: 1.475179
dT[div]@0: 1.774017
dT[div]@1: 1.029998
dT[div]@2: 1.235015
dT[div]@3: 1.433791
dT[div]@4: 0.947963
dT[div]@5: 1.168996
dT[div]@6: 0.455753
dT[div]@7: 0.478421
dT[add]@0: 4.572853
dT[add]@1: 4.767424
dT[add]@2: 4.176142
dT[add]@3: 4.418817
dT[add]@4: 4.075864
dT[add]@5: 3.329248
dT[add]@6: 3.7936
dT[add]@7: 3.879162
dT[sub]@0: 3.251588
dT[sub]@1: 3.422403
dT[sub]@2: 2.71489
dT[sub]@3: 2.684823
dT[sub]@4: 2.578756
dT[sub]@5: 2.950704
dT[sub]@6: 2.318065
dT[sub]@7: 2.290801
dT[mul]@0: 2.597601
dT[mul]@1: 1.807326
dT[mul]@2: 2.059954
dT[mul]@3: 1.853513
dT[mul]@4: 2.137083
dT[mul]@5: 1.828765
dT[mul]@6: 2.206097
dT[mul]@7: 1.319771
dT[div]@0: 1.064728
dT[div]@1: 1.029054
dT[div]@2: 1.133077
dT[div]@3: 1.363094
dT[div]@4: 0.587751
dT[div]@5: 0.609037
dT[div]@6: 0.440629
dT[div]@7: 0.415098
dT[add]@0: 4.274083
dT[add]@1: 3.784907
dT[add]@2: 3.685785
dT[add]@3: 3.403071
dT[add]@4: 3.189247
dT[add]@5: 3.255462
dT[add]@6: 3.425097
dT[add]@7: 3.561515
dT[sub]@0: 3.060528
dT[sub]@1: 2.907263
dT[sub]@2: 3.162951
dT[sub]@3: 3.36363
dT[sub]@4: 2.746588
dT[sub]@5: 3.205071
dT[sub]@6: 2.343859
dT[sub]@7: 2.238316
dT[mul]@0: 2.499535
dT[mul]@1: 1.898281
dT[mul]@2: 2.253736
dT[mul]@3: 2.450306
dT[mul]@4: 1.730719
dT[mul]@5: 2.129143
dT[mul]@6: 1.386646
dT[mul]@7: 1.372912
dT[div]@0: 1.685171
dT[div]@1: 0.925342
dT[div]@2: 1.249016
dT[div]@3: 1.609459
dT[div]@4: 0.8618
dT[div]@5: 1.10895
dT[div]@6: 1.535733
dT[div]@7: 0.494624
dT[add]@0: 4.573896
dT[add]@1: 3.821266
dT[add]@2: 3.74401
dT[add]@3: 8.72434
dT[add]@4: 3.775186
dT[add]@5: 4.046156
dT[add]@6: 4.096379
dT[add]@7: 3.244235
dT[sub]@0: 3.506534
dT[sub]@1: 2.701972
dT[sub]@2: 2.790121
dT[sub]@3: 2.549379
dT[sub]@4: 2.482497
dT[sub]@5: 2.493688
dT[sub]@6: 2.753582
dT[sub]@7: 2.114437
dT[mul]@0: 2.446152
dT[mul]@1: 2.62354
dT[mul]@2: 1.821964
dT[mul]@3: 1.962591
dT[mul]@4: 1.987393
dT[mul]@5: 1.649841
dT[mul]@6: 1.912376
dT[mul]@7: 1.152288
dT[div]@0: 1.214085
dT[div]@1: 1.579283
dT[div]@2: 0.972959
dT[div]@3: 0.834463
dT[div]@4: 1.109041
dT[div]@5: 0.427361
dT[div]@6: 0.934993
dT[div]@7: 0.305128
dT[add]@0: 4.12282
dT[add]@1: 4.316488
dT[add]@2: 4.74915
dT[add]@3: 3.457884
dT[add]@4: 3.498924
dT[add]@5: 3.513598
dT[add]@6: 3.783525
dT[add]@7: 4.026972
dT[sub]@0: 3.179947
dT[sub]@1: 3.574741
dT[sub]@2: 2.868144
dT[sub]@3: 3.098219
dT[sub]@4: 3.419487
dT[sub]@5: 2.643544
dT[sub]@6: 2.933964
dT[sub]@7: 2.235883
dT[mul]@0: 2.139585
dT[mul]@1: 2.401456
dT[mul]@2: 2.692632
dT[mul]@3: 1.845158
dT[mul]@4: 2.249927
dT[mul]@5: 1.509148
dT[mul]@6: 1.385083
dT[mul]@7: 1.248696
dT[div]@0: 1.560074
dT[div]@1: 0.991665
dT[div]@2: 1.288991
dT[div]@3: 0.828496
dT[div]@4: 0.687141
dT[div]@5: 0.428237
dT[div]@6: 0.477229
dT[div]@7: 0.214918
dT[add]@0: 4.000844
dT[add]@1: 4.046689
dT[add]@2: 4.376886
dT[add]@3: 4.539604
dT[add]@4: 3.754707
dT[add]@5: 4.138235
dT[add]@6: 3.759559
dT[add]@7: 3.977397
dT[sub]@0: 3.474263
dT[sub]@1: 3.6142
dT[sub]@2: 3.469601
dT[sub]@3: 3.093222
dT[sub]@4: 3.000791
dT[sub]@5: 3.235221
dT[sub]@6: 2.733614
dT[sub]@7: 2.415332
dT[mul]@0: 2.733837
dT[mul]@1: 2.193863
dT[mul]@2: 2.504207
dT[mul]@3: 2.158466
dT[mul]@4: 1.717138
dT[mul]@5: 1.952789
dT[mul]@6: 1.805678
dT[mul]@7: 1.293565
dT[div]@0: 1.680008
dT[div]@1: 1.272449
dT[div]@2: 1.507516
dT[div]@3: 1.147121
dT[div]@4: 0.968109
dT[div]@5: 1.248264
dT[div]@6: 0.692002
dT[div]@7: 0.582787
dT[add]@0: 4.709058
dT[add]@1: 4.613449
dT[add]@2: 4.175356
dT[add]@3: 4.524654
dT[add]@4: 4.202029
dT[add]@5: 3.897533
dT[add]@6: 4.161723
dT[add]@7: 3.649732
dT[sub]@0: 3.900194
dT[sub]@1: 3.454261
dT[sub]@2: 3.292418
dT[sub]@3: 3.26186
dT[sub]@4: 3.47125
dT[sub]@5: 3.075515
dT[sub]@6: 2.614981
dT[sub]@7: 3.068051
dT[mul]@0: 2.503015
dT[mul]@1: 2.254614
dT[mul]@2: 2.063235
dT[mul]@3: 2.402948
dT[mul]@4: 1.871069
dT[mul]@5: 2.131528
dT[mul]@6: 1.617296
dT[mul]@7: 1.589094
dT[div]@0: 1.814186
dT[div]@1: 1.535541
dT[div]@2: 1.080157
dT[div]@3: 1.342517
dT[div]@4: 0.88417
dT[div]@5: 1.18788
dT[div]@6: 0.71841
dT[div]@7: 0.480547
dT[add]@0: 4.785604
dT[add]@1: 4.461194
dT[add]@2: 4.225033
dT[add]@3: 4.500392
dT[add]@4: 4.124566
dT[add]@5: 3.997064
dT[add]@6: 4.195366
dT[add]@7: 3.846823
dT[sub]@0: 3.476759
dT[sub]@1: 3.453309
dT[sub]@2: 3.680894
dT[sub]@3: 3.208331
dT[sub]@4: 3.079182
dT[sub]@5: 2.625246
dT[sub]@6: 3.036827
dT[sub]@7: 2.726608
dT[mul]@0: 7.091793
dT[mul]@1: 7.5672
dT[mul]@2: 2.2321
dT[mul]@3: 1.79
dT[mul]@4: 2.140934
dT[mul]@5: 1.796131
dT[mul]@6: 1.648328
dT[mul]@7: 1.883686
dT[div]@0: 1.53078
dT[div]@1: 1.383423
dT[div]@2: 1.054704
dT[div]@3: 1.280316
dT[div]@4: 0.949627
dT[div]@5: 1.089653
dT[div]@6: 0.947689
dT[div]@7: 0.686796
dT[add]@0: 4.723299
dT[add]@1: 4.899108
dT[add]@2: 4.157387
dT[add]@3: 4.151734
dT[add]@4: 4.578405
dT[add]@5: 4.437647
dT[add]@6: 3.108931
dT[add]@7: 2.370248
dT[sub]@0: 2.716279
dT[sub]@1: 2.910164
dT[sub]@2: 2.437873
dT[sub]@3: 2.659204
dT[sub]@4: 2.207828
dT[sub]@5: 2.416143
dT[sub]@6: 1.872043
dT[sub]@7: 2.091889
dT[mul]@0: 2.359357
dT[mul]@1: 1.72688
dT[mul]@2: 1.96153
dT[mul]@3: 2.128322
dT[mul]@4: 1.416391
dT[mul]@5: 1.621971
dT[mul]@6: 1.809923
dT[mul]@7: 1.108832
dT[div]@0: 1.307211
dT[div]@1: 1.587938
dT[div]@2: 0.911467
dT[div]@3: 1.123728
dT[div]@4: 0.605289
dT[div]@5: 0.845587
dT[div]@6: 1.057877
dT[div]@7: 0.401351
dT[add]@0: 3.589392
dT[add]@1: 3.794972
dT[add]@2: 3.068874
dT[add]@3: 3.253476
dT[add]@4: 3.445404
dT[add]@5: 2.685075
dT[add]@6: 2.865951
dT[add]@7: 3.100182
dT[sub]@0: 2.600753
dT[sub]@1: 2.818115
dT[sub]@2: 3.028638
dT[sub]@3: 2.258583
dT[sub]@4: 2.426025
dT[sub]@5: 2.662352
dT[sub]@6: 1.995108
dT[sub]@7: 2.207786
dT[mul]@0: 1.734263
dT[mul]@1: 1.975803
dT[mul]@2: 2.142224
dT[mul]@3: 1.507435
dT[mul]@4: 1.697918
dT[mul]@5: 1.906671
dT[mul]@6: 1.243366
dT[mul]@7: 1.450038
dT[div]@0: 1.646175
dT[div]@1: 0.962701
dT[div]@2: 1.136156
dT[div]@3: 0.621712
dT[div]@4: 0.842364
dT[div]@5: 1.072176
dT[div]@6: 0.411746
dT[div]@7: 0.646844
dT[add]@0: 3.920218
dT[add]@1: 3.237432
dT[add]@2: 3.401888
dT[add]@3: 3.663689
dT[add]@4: 2.95782
dT[add]@5: 3.15369
dT[add]@6: 3.355025
dT[add]@7: 2.681992
dT[sub]@0: 2.853045
dT[sub]@1: 2.33093
dT[sub]@2: 2.54415
dT[sub]@3: 2.770731
dT[sub]@4: 2.103416
dT[sub]@5: 2.33709
dT[sub]@6: 2.532132
dT[sub]@7: 1.901921
dT[mul]@0: 2.077209
dT[mul]@1: 2.311159
dT[mul]@2: 1.645996
dT[mul]@3: 1.850148
dT[mul]@4: 1.251232
dT[mul]@5: 1.526164
dT[mul]@6: 1.68931
dT[mul]@7: 1.149648
dT[div]@0: 1.314372
dT[div]@1: 1.559619
dT[div]@2: 0.858989
dT[div]@3: 1.056241
dT[div]@4: 1.240249
dT[div]@5: 0.570388
dT[div]@6: 0.734087
dT[div]@7: 0.242882
dT[add]@0: 3.51617
dT[add]@1: 3.71006
dT[add]@2: 2.974039
dT[add]@3: 3.236587
dT[add]@4: 3.373675
dT[add]@5: 2.721638
dT[add]@6: 2.931741
dT[add]@7: 2.84826
dT[sub]@0: 2.502371
dT[sub]@1: 2.758309
dT[sub]@2: 2.961724
dT[sub]@3: 2.29585
dT[sub]@4: 2.463389
dT[sub]@5: 2.696371
dT[sub]@6: 1.812579
dT[sub]@7: 2.073166
dT[mul]@0: 2.228335
dT[mul]@1: 2.444348
dT[mul]@2: 1.66265
dT[mul]@3: 1.871812
dT[mul]@4: 1.353356
dT[mul]@5: 1.558078
dT[mul]@6: 1.730399
dT[mul]@7: 1.105984
dT[div]@0: 1.287768
dT[div]@1: 1.524713
dT[div]@2: 0.869974
dT[div]@3: 1.081976
dT[div]@4: 1.247327
dT[div]@5: 0.600485
dT[div]@6: 1.022116
dT[div]@7: 0.385146
dT[add]@0: 3.882941
dT[add]@1: 3.38086
dT[add]@2: 2.995982
dT[add]@3: 3.515223
dT[add]@4: 3.034874
dT[add]@5: 2.85128
dT[add]@6: 3.130284
dT[add]@7: 2.950452
dT[sub]@0: 2.682428
dT[sub]@1: 2.366567
dT[sub]@2: 2.712536
dT[sub]@3: 2.429284
dT[sub]@4: 2.370692
dT[sub]@5: 2.167902
dT[sub]@6: 2.486124
dT[sub]@7: 1.921679
dT[mul]@0: 1.863961
dT[mul]@1: 2.136938
dT[mul]@2: 1.709713
dT[mul]@3: 1.538616
dT[mul]@4: 1.766495
dT[mul]@5: 1.18237
dT[mul]@6: 1.450748
dT[mul]@7: 1.604467
dT[div]@0: 1.100035
dT[div]@1: 1.263692
dT[div]@2: 0.843042
dT[div]@3: 1.009648
dT[div]@4: 0.551916
dT[div]@5: 0.784978
dT[div]@6: 1.031801
dT[div]@7: 0.376004
dT[add]@0: 3.835055
dT[add]@1: 3.374859
dT[add]@2: 3.562613
dT[add]@3: 3.10081
dT[add]@4: 3.34753
dT[add]@5: 3.511563
dT[add]@6: 2.876995
dT[add]@7: 3.032586
dT[sub]@0: 2.723296
dT[sub]@1: 2.947476
dT[sub]@2: 2.48834
dT[sub]@3: 2.696805
dT[sub]@4: 2.210756
dT[sub]@5: 2.390959
dT[sub]@6: 2.610859
dT[sub]@7: 2.087604
dT[mul]@0: 1.907607
dT[mul]@1: 2.091697
dT[mul]@2: 1.70256
dT[mul]@3: 1.908874
dT[mul]@4: 1.414862
dT[mul]@5: 1.332207
dT[mul]@6: 1.521169
dT[mul]@7: 1.139114
dT[div]@0: 1.330278
dT[div]@1: 1.572373
dT[div]@2: 0.905464
dT[div]@3: 1.112522
dT[div]@4: 0.706083
dT[div]@5: 0.921471
dT[div]@6: 0.429688
dT[div]@7: 0.639377
dT[add]@0: 3.34984
dT[add]@1: 3.593777
dT[add]@2: 3.746309
dT[add]@3: 3.175386
dT[add]@4: 3.384533
dT[add]@5: 2.92899
dT[add]@6: 3.083613
dT[add]@7: 2.639564
dT[sub]@0: 4.109332
dT[sub]@1: 2.211107
dT[sub]@2: 2.338461
dT[sub]@3: 2.567236
dT[sub]@4: 2.117384
dT[sub]@5: 2.368085
dT[sub]@6: 2.558771
dT[sub]@7: 1.911875
dT[mul]@0: 2.075727
dT[mul]@1: 2.331856
dT[mul]@2: 1.592816
dT[mul]@3: 1.798608
dT[mul]@4: 1.995526
dT[mul]@5: 1.337168
dT[mul]@6: 1.497164
dT[mul]@7: 1.745781
dT[div]@0: 1.056442
dT[div]@1: 1.26677
dT[div]@2: 0.676941
dT[div]@3: 0.949619
dT[div]@4: 1.111277
dT[div]@5: 0.515724
dT[div]@6: 0.691006
dT[div]@7: 0.9232
dT[add]@0: 3.368154
dT[add]@1: 3.548599
dT[add]@2: 3.740297
dT[add]@3: 3.008042
dT[add]@4: 3.183981
dT[add]@5: 3.442008
dT[add]@6: 2.728915
dT[add]@7: 2.946145
dT[sub]@0: 3.140261
dT[sub]@1: 2.482055
dT[sub]@2: 2.642941
dT[sub]@3: 2.897282
dT[sub]@4: 2.175806
dT[sub]@5: 2.374603
dT[sub]@6: 1.816193
dT[sub]@7: 2.097295
dT[mul]@0: 2.258431
dT[mul]@1: 1.662497
dT[mul]@2: 1.822496
dT[mul]@3: 2.043919
dT[mul]@4: 1.395088
dT[mul]@5: 1.717917
dT[mul]@6: 1.065823
dT[mul]@7: 1.38093
dT[div]@0: 1.064479
dT[div]@1: 0.811839
dT[div]@2: 1.061635
dT[div]@3: 1.24257
dT[div]@4: 0.54835
dT[div]@5: 0.91671
dT[div]@6: 1.108425
dT[div]@7: 0.40512
dT[add]@0: 3.604662
dT[add]@1: 3.809742
dT[add]@2: 2.987695
dT[add]@3: 3.249931
dT[add]@4: 3.420766
dT[add]@5: 2.868695
dT[add]@6: 3.084709
dT[add]@7: 2.590702
dT[sub]@0: 2.777858
dT[sub]@1: 3.029761
dT[sub]@2: 2.363915
dT[sub]@3: 2.603822
dT[sub]@4: 2.072734
dT[sub]@5: 2.285212
dT[sub]@6: 2.453438
dT[sub]@7: 1.915879
dT[mul]@0: 2.1404
dT[mul]@1: 2.390206
dT[mul]@2: 1.686325
dT[mul]@3: 1.916752
dT[mul]@4: 1.432723
dT[mul]@5: 1.662534
dT[mul]@6: 1.051712
dT[mul]@7: 1.330276
dT[div]@0: 1.495353
dT[div]@1: 0.924952
dT[div]@2: 1.108516
dT[div]@3: 1.357707
dT[div]@4: 0.669356
dT[div]@5: 0.898671
dT[div]@6: 0.285084
dT[div]@7: 0.558966
dT[add]@0: 3.832093
dT[add]@1: 3.224595
dT[add]@2: 3.391319
dT[add]@3: 3.610173
dT[add]@4: 2.938873
dT[add]@5: 3.164071
dT[add]@6: 2.706656
dT[add]@7: 2.905329
dT[sub]@0: 3.177223
dT[sub]@1: 2.452856
dT[sub]@2: 2.674306
dT[sub]@3: 2.874023
dT[sub]@4: 2.192886
dT[sub]@5: 2.373126
dT[sub]@6: 1.933592
dT[sub]@7: 2.125982
dT[mul]@0: 2.367771
dT[mul]@1: 1.703021
dT[mul]@2: 1.928081
dT[mul]@3: 2.129051
dT[mul]@4: 1.470113
dT[mul]@5: 1.671365
dT[mul]@6: 1.208806
dT[mul]@7: 1.473438
dT[div]@0: 0.856748
dT[div]@1: 1.14535
dT[div]@2: 1.30938
dT[div]@3: 0.712164
dT[div]@4: 0.904484
dT[div]@5: 1.157979
dT[div]@6: 0.456599
dT[div]@7: 0.678312
dT[add]@0: 3.172295
dT[add]@1: 3.467523
dT[add]@2: 3.616243
dT[add]@3: 3.044697
dT[add]@4: 3.205405
dT[add]@5: 3.431786
dT[add]@6: 2.736689
dT[add]@7: 2.953982
dT[sub]@0: 2.479235
dT[sub]@1: 2.752036
dT[sub]@2: 2.92717
dT[sub]@3: 2.289939
dT[sub]@4: 2.502656
dT[sub]@5: 2.754002
dT[sub]@6: 2.003826
dT[sub]@7: 2.224391
dT[mul]@0: 1.804248
dT[mul]@1: 2.02532
dT[mul]@2: 2.22013
dT[mul]@3: 1.548393
dT[mul]@4: 1.762082
dT[mul]@5: 1.28414
dT[mul]@6: 1.481984
dT[mul]@7: 1.717602
dT[div]@0: 1.064592
dT[div]@1: 1.287419
dT[div]@2: 0.668029
dT[div]@3: 0.945523
dT[div]@4: 1.147307
dT[div]@5: 0.719472
dT[div]@6: 0.472364
dT[div]@7: 0.710708
dT[add]@0: 3.983981
dT[add]@1: 3.312059
dT[add]@2: 3.516267
dT[add]@3: 2.994198
dT[add]@4: 3.172225
dT[add]@5: 3.413324
dT[add]@6: 2.774752
dT[add]@7: 2.985131
dT[sub]@0: 2.370336
dT[sub]@1: 2.638895
dT[sub]@2: 2.792282
dT[sub]@3: 2.22937
dT[sub]@4: 2.409271
dT[sub]@5: 2.646727
dT[sub]@6: 1.994512
dT[sub]@7: 2.221834
dT[mul]@0: 1.624431
dT[mul]@1: 1.917507
dT[mul]@2: 2.092092
dT[mul]@3: 1.53785
dT[mul]@4: 1.75235
dT[mul]@5: 1.197856
dT[mul]@6: 1.456555
dT[mul]@7: 1.705502
dT[div]@0: 1.029841
dT[div]@1: 1.263935
dT[div]@2: 1.467364
dT[div]@3: 0.818676
dT[div]@4: 1.016308
dT[div]@5: 0.590462
dT[div]@6: 0.780518
dT[div]@7: 0.9784
dT[add]@0: 3.368509
dT[add]@1: 3.534516
dT[add]@2: 3.79707
dT[add]@3: 3.054423
dT[add]@4: 3.279675
dT[add]@5: 2.773556
dT[add]@6: 3.036295
dT[add]@7: 3.193657
dT[sub]@0: 2.585042
dT[sub]@1: 2.798779
dT[sub]@2: 3.031319
dT[sub]@3: 2.277536
dT[sub]@4: 2.495966
dT[sub]@5: 2.027333
dT[sub]@6: 2.271239
dT[sub]@7: 2.426894
dT[mul]@0: 1.822994
dT[mul]@1: 2.043111
dT[mul]@2: 1.398326
dT[mul]@3: 1.647244
dT[mul]@4: 1.858785
dT[mul]@5: 1.278386
dT[mul]@6: 1.536151
dT[mul]@7: 1.737256
dT[div]@0: 1.046147
dT[div]@1: 1.209562
dT[div]@2: 1.457852
dT[div]@3: 0.731576
dT[div]@4: 0.944183
dT[div]@5: 0.385088
dT[div]@6: 0.666451
dT[div]@7: 0.826512
dT[add]@0: 3.147121
dT[add]@1: 3.314858
dT[add]@2: 3.432089
dT[add]@3: 3.649143
dT[add]@4: 2.989227
dT[add]@5: 3.161828
dT[add]@6: 2.58276
dT[add]@7: 2.865481
dT[sub]@0: 3.017353
dT[sub]@1: 2.475835
dT[sub]@2: 2.637206
dT[sub]@3: 2.898805
dT[sub]@4: 2.160211
dT[sub]@5: 2.374
dT[sub]@6: 1.788347
dT[sub]@7: 2.066399
dT[mul]@0: 2.232414
dT[mul]@1: 1.661533
dT[mul]@2: 1.841882
dT[mul]@3: 2.076733
dT[mul]@4: 1.501536
dT[mul]@5: 1.707819
dT[mul]@6: 1.168642
dT[mul]@7: 1.424896
dT[div]@0: 1.591672
dT[div]@1: 0.95719
dT[div]@2: 1.236444
dT[div]@3: 0.635695
dT[div]@4: 0.678182
dT[div]@5: 0.855056
dT[div]@6: 1.102766
dT[div]@7: 0.608847
dT[add]@0: 3.943954
dT[add]@1: 3.282271
dT[add]@2: 3.449479
dT[add]@3: 3.001833
dT[add]@4: 3.191331
dT[add]@5: 3.434587
dT[add]@6: 2.748649
dT[add]@7: 2.957716
dT[sub]@0: 3.153948
dT[sub]@1: 2.678473
dT[sub]@2: 2.861971
dT[sub]@3: 2.300907
dT[sub]@4: 2.46816
dT[sub]@5: 1.957573
dT[sub]@6: 2.196398
dT[sub]@7: 2.512201
dT[mul]@0: 1.894693
dT[mul]@1: 2.130684
dT[mul]@2: 1.629007
dT[mul]@3: 1.889744
dT[mul]@4: 1.432073
dT[mul]@5: 1.652272
dT[mul]@6: 1.824933
dT[mul]@7: 1.09629
dT[div]@0: 1.282884
dT[div]@1: 1.526193
dT[div]@2: 0.816259
dT[div]@3: 0.995229
dT[div]@4: 1.223053
dT[div]@5: 0.557737
dT[div]@6: 0.796671
dT[div]@7: 0.190666
dT[add]@0: 3.589317
dT[add]@1: 3.730637
dT[add]@2: 3.104443
dT[add]@3: 3.254582
dT[add]@4: 3.498458
dT[add]@5: 2.851013
dT[add]@6: 3.050303
dT[add]@7: 3.245331
dT[sub]@0: 2.608153
dT[sub]@1: 2.803673
dT[sub]@2: 2.32176
dT[sub]@3: 2.499396
dT[sub]@4: 2.751559
dT[sub]@5: 2.072045
dT[sub]@6: 2.283381
dT[sub]@7: 1.709513
dT[mul]@0: 1.983538
dT[mul]@1: 2.14396
dT[mul]@2: 1.555426
dT[mul]@3: 1.720245
dT[mul]@4: 1.951401
dT[mul]@5: 1.301594
dT[mul]@6: 1.520525
dT[mul]@7: 1.708172
dT[div]@0: 1.143716
dT[div]@1: 1.351668
dT[div]@2: 0.906475
dT[div]@3: 1.064239
dT[div]@4: 0.556841
dT[div]@5: 0.796329
dT[div]@6: 0.430877
dT[div]@7: 0.606819
dT[add]@0: 4.081236
dT[add]@1: 3.395307
dT[add]@2: 3.602034
dT[add]@3: 3.152578
dT[add]@4: 3.363069
dT[add]@5: 2.950452
dT[add]@6: 3.173716
dT[add]@7: 2.713832
dT[sub]@0: 2.976354
dT[sub]@1: 2.385826
dT[sub]@2: 2.652288
dT[sub]@3: 2.815104
dT[sub]@4: 2.2894
dT[sub]@5: 2.493483
dT[sub]@6: 2.080511
dT[sub]@7: 2.248526
dT[mul]@0: 1.82898
dT[mul]@1: 2.016355
dT[mul]@2: 1.68848
dT[mul]@3: 1.567033
dT[mul]@4: 1.8127
dT[mul]@5: 1.411816
dT[mul]@6: 1.638562
dT[mul]@7: 1.185409
dT[div]@0: 1.065038
dT[div]@1: 1.311244
dT[div]@2: 0.91994
dT[div]@3: 1.15445
dT[div]@4: 0.681175
dT[div]@5: 0.855936
dT[div]@6: 0.512075
dT[div]@7: 0.718573
dT[add]@0: 3.511664
dT[add]@1: 3.651332
dT[add]@2: 3.227904
dT[add]@3: 3.396262
dT[add]@4: 3.643408
dT[add]@5: 3.177677
dT[add]@6: 2.904818
dT[add]@7: 3.091492
dT[sub]@0: 2.628906
dT[sub]@1: 2.807165
dT[sub]@2: 2.350711
dT[sub]@3: 2.560843
dT[sub]@4: 2.793446
dT[sub]@5: 2.156595
dT[sub]@6: 2.375695
dT[sub]@7: 1.980362
dT[mul]@0: 2.210644
dT[mul]@1: 1.777771
dT[mul]@2: 1.995659
dT[mul]@3: 1.51669
dT[mul]@4: 1.771707
dT[mul]@5: 1.188812
dT[mul]@6: 1.460651
dT[mul]@7: 1.616725
dT[div]@0: 1.094377
dT[div]@1: 1.315193
dT[div]@2: 1.157379
dT[div]@3: 0.568273
dT[div]@4: 0.859546
dT[div]@5: 1.064536
dT[div]@6: 0.472863
dT[div]@7: 0.706652
dT[add]@0: 3.385655
dT[add]@1: 3.572615
dT[add]@2: 3.763573
dT[add]@3: 3.052549
dT[add]@4: 3.225631
dT[add]@5: 2.724057
dT[add]@6: 2.950692
dT[add]@7: 3.203882
dT[sub]@0: 2.543277
dT[sub]@1: 2.764754
dT[sub]@2: 2.954235
dT[sub]@3: 2.284371
dT[sub]@4: 2.446019
dT[sub]@5: 1.972153
dT[sub]@6: 2.23893
dT[sub]@7: 2.468095
dT[mul]@0: 1.802558
dT[mul]@1: 2.026523
dT[mul]@2: 2.217012
dT[mul]@3: 1.522408
dT[mul]@4: 1.723744
dT[mul]@5: 1.434142
dT[mul]@6: 1.617493
dT[mul]@7: 5.549019
dT[div]@0: 1.01172
dT[div]@1: 1.195206
dT[div]@2: 1.418454
dT[div]@3: 0.776347
dT[div]@4: 0.988338
dT[div]@5: 0.384061
dT[div]@6: 0.667009
dT[div]@7: 0.808962
dT[add]@0: 3.378603
dT[add]@1: 3.518449
dT[add]@2: 3.730113
dT[add]@3: 3.041376
dT[add]@4: 3.241898
dT[add]@5: 3.430523
dT[add]@6: 2.769301
dT[add]@7: 2.929212
dT[sub]@0: 2.540127
dT[sub]@1: 2.703594
dT[sub]@2: 2.933061
dT[sub]@3: 2.261618
dT[sub]@4: 2.480301
dT[sub]@5: 2.664762
dT[sub]@6: 1.992857
dT[sub]@7: 2.171599
dT[mul]@0: 1.770196
dT[mul]@1: 1.937949
dT[mul]@2: 2.164319
dT[mul]@3: 1.522587
dT[mul]@4: 1.731654
dT[mul]@5: 1.927337
dT[mul]@6: 1.244958
dT[mul]@7: 1.41062
dT[div]@0: 0.916777
dT[div]@1: 1.137584
dT[div]@2: 1.382964
dT[div]@3: 0.74374
dT[div]@4: 0.962823
dT[div]@5: 1.158301
dT[div]@6: 0.503542
dT[div]@7: 0.670588
dT[add]@0: 3.271104
dT[add]@1: 3.479814
dT[add]@2: 3.673647
dT[add]@3: 3.020135
dT[add]@4: 3.234093
dT[add]@5: 3.420952
dT[add]@6: 2.760479
dT[add]@7: 2.929735
dT[sub]@0: 3.120078
dT[sub]@1: 2.467624
dT[sub]@2: 2.683358
dT[sub]@3: 2.149985
dT[sub]@4: 2.397097
dT[sub]@5: 2.629789
dT[sub]@6: 1.975681
dT[sub]@7: 2.188588
dT[mul]@0: 2.374186
dT[mul]@1: 1.742668
dT[mul]@2: 1.928406
dT[mul]@3: 2.152651
dT[mul]@4: 1.399787
dT[mul]@5: 1.601592
dT[mul]@6: 1.163405
dT[mul]@7: 1.4075
dT[div]@0: 1.580937
dT[div]@1: 0.968248
dT[div]@2: 1.169958
dT[div]@3: 1.39046
dT[div]@4: 0.651196
dT[div]@5: 0.871608
dT[div]@6: 0.263776
dT[div]@7: 0.498572
dT[add]@0: 3.821216
dT[add]@1: 3.195641
dT[add]@2: 3.421044
dT[add]@3: 3.570302
dT[add]@4: 2.947432
dT[add]@5: 3.107362
dT[add]@6: 3.294544
dT[add]@7: 2.658748
dT[sub]@0: 2.862447
dT[sub]@1: 2.274058
dT[sub]@2: 2.552667
dT[sub]@3: 2.704049
dT[sub]@4: 2.15794
dT[sub]@5: 2.313448
dT[sub]@6: 2.553077
dT[sub]@7: 1.901078
dT[mul]@0: 2.089933
dT[mul]@1: 1.493258
dT[mul]@2: 1.774464
dT[mul]@3: 1.938801
dT[mul]@4: 1.339136
dT[mul]@5: 1.532433
dT[mul]@6: 1.74543
dT[mul]@7: 1.04627
dT[div]@0: 1.260745
dT[div]@1: 1.417876
dT[div]@2: 0.741075
dT[div]@3: 0.968454
dT[div]@4: 1.13627
dT[div]@5: 0.602898
dT[div]@6: 0.7869
dT[div]@7: 1.040595
dT[add]@0: 3.438
dT[add]@1: 3.601808
dT[add]@2: 3.072498
dT[add]@3: 3.31227
dT[add]@4: 3.503804
dT[add]@5: 2.871754
dT[add]@6: 3.039604
dT[add]@7: 3.27786
dT[sub]@0: 2.548992
dT[sub]@1: 2.776058
dT[sub]@2: 2.30769
dT[sub]@3: 2.509482
dT[sub]@4: 2.697493
dT[sub]@5: 2.123603
dT[sub]@6: 2.285518
dT[sub]@7: 2.508216
dT[mul]@0: 1.807027
dT[mul]@1: 2.026248
dT[mul]@2: 1.433985
dT[mul]@3: 1.731476
dT[mul]@4: 1.232104
dT[mul]@5: 1.515419
dT[mul]@6: 1.680099
dT[mul]@7: 1.118282
dT[div]@0: 1.306359
dT[div]@1: 1.536351
dT[div]@2: 0.854613
dT[div]@3: 1.068899
dT[div]@4: 0.611423
dT[div]@5: 0.791554
dT[div]@6: 1.022796
dT[div]@7: 0.373686
dT[add]@0: 3.680756
dT[add]@1: 3.845642
dT[add]@2: 3.185619
dT[add]@3: 3.328315
dT[add]@4: 2.842353
dT[add]@5: 3.062518
dT[add]@6: 3.294708
dT[add]@7: 2.657378
dT[sub]@0: 2.859473
dT[sub]@1: 3.05146
dT[sub]@2: 2.402533
dT[sub]@3: 2.567307
dT[sub]@4: 2.046781
dT[sub]@5: 2.278106
dT[sub]@6: 2.514291
dT[sub]@7: 1.878781
dT[mul]@0: 2.080092
dT[mul]@1: 2.248597
dT[mul]@2: 1.650588
dT[mul]@3: 1.814295
dT[mul]@4: 1.41699
dT[mul]@5: 1.585847
dT[mul]@6: 1.76712
dT[mul]@7: 1.135614
dT[div]@0: 1.311068
dT[div]@1: 1.511453
dT[div]@2: 0.834392
dT[div]@3: 1.025545
dT[div]@4: 0.478031
dT[div]@5: 0.767261
dT[div]@6: 0.924319
dT[div]@7: 0.416006
dT[add]@0: 3.717092
dT[add]@1: 3.914932
dT[add]@2: 3.158531
dT[add]@3: 3.329643
dT[add]@4: 2.775212
dT[add]@5: 3.028087
dT[add]@6: 3.166995
dT[add]@7: 2.637517
dT[sub]@0: 2.791083
dT[sub]@1: 2.958471
dT[sub]@2: 2.32898
dT[sub]@3: 2.573231
dT[sub]@4: 2.752266
dT[sub]@5: 2.101508
dT[sub]@6: 2.278538
dT[sub]@7: 2.499095
dT[mul]@0: 1.806058
dT[mul]@1: 1.998164
dT[mul]@2: 5.71857
dT[mul]@3: 1.946356
dT[mul]@4: 1.419159
dT[mul]@5: 1.642676
dT[mul]@6: 1.207487
dT[mul]@7: 1.429117
dT[div]@0: 1.623305
dT[div]@1: 0.98036
dT[div]@2: 1.153994
dT[div]@3: 1.404757
dT[div]@4: 0.664474
dT[div]@5: 0.881116
dT[div]@6: 0.435166
dT[div]@7: 0.682693
dT[add]@0: 3.934051
dT[add]@1: 3.249161
dT[add]@2: 3.392388
dT[add]@3: 3.631667
dT[add]@4: 2.97811
dT[add]@5: 3.168137
dT[add]@6: 2.685557
dT[add]@7: 2.933994
dT[sub]@0: 3.133601
dT[sub]@1: 2.456974
dT[sub]@2: 2.629842
dT[sub]@3: 2.109864
dT[sub]@4: 2.344648
dT[sub]@5: 2.573688
dT[sub]@6: 1.931126
dT[sub]@7: 2.162626
dT[mul]@0: 2.369862
dT[mul]@1: 1.736102
dT[mul]@2: 2.131268
dT[mul]@3: 1.55489
dT[mul]@4: 1.744792
dT[mul]@5: 1.202143
dT[mul]@6: 1.433544
dT[mul]@7: 0.943129
dT[div]@0: 1.210015
dT[div]@1: 1.362361
dT[div]@2: 0.731488
dT[div]@3: 0.955158
dT[div]@4: 1.221653
dT[div]@5: 0.579692
dT[div]@6: 0.787138
dT[div]@7: 0.940767
dT[add]@0: 3.444139
dT[add]@1: 3.588852
dT[add]@2: 3.148028
dT[add]@3: 3.304204
dT[add]@4: 2.747691
dT[add]@5: 2.979094
dT[add]@6: 3.170195
dT[add]@7: 2.600758
dT[sub]@0: 2.854397
dT[sub]@1: 3.031514
dT[sub]@2: 2.397415
dT[sub]@3: 2.566302
dT[sub]@4: 2.794466
dT[sub]@5: 2.094207
dT[sub]@6: 2.312242
dT[sub]@7: 1.90505
dT[mul]@0: 2.126801
dT[mul]@1: 2.302468
dT[mul]@2: 1.646217
dT[mul]@3: 1.847949
dT[mul]@4: 1.380634
dT[mul]@5: 1.565215
dT[mul]@6: 1.800658
dT[mul]@7: 1.151949
dT[div]@0: 1.365455
dT[div]@1: 0.757459
dT[div]@2: 1.03111
dT[div]@3: 1.191157
dT[div]@4: 0.696726
dT[div]@5: 0.87206
dT[div]@6: 0.35853
dT[div]@7: 0.588891
dT[add]@0: 3.967689
dT[add]@1: 3.271466
dT[add]@2: 3.460772
dT[add]@3: 3.648385
dT[add]@4: 2.967613
dT[add]@5: 3.143463
dT[add]@6: 2.715695
dT[add]@7: 2.891125
dT[sub]@0: 3.128163
dT[sub]@1: 2.48676
dT[sub]@2: 2.709502
dT[sub]@3: 1.998253
dT[sub]@4: 2.288856
dT[sub]@5: 2.435462
dT[sub]@6: 6.745876
dT[sub]@7: 2.223171
dT[mul]@0: 2.536101
dT[mul]@1: 1.960229
dT[mul]@2: 1.768872
dT[mul]@3: 1.780038
dT[mul]@4: 1.634446
dT[mul]@5: 1.602313
dT[mul]@6: 1.891791
dT[mul]@7: 1.173028
dT[div]@0: 1.006952
dT[div]@1: 1.097639
dT[div]@2: 1.092569
dT[div]@3: 0.896229
dT[div]@4: 1.15834
dT[div]@5: 1.408321
dT[div]@6: 0.474561
dT[div]@7: 0.281416
dT[add]@0: 3.409922
dT[add]@1: 3.645025
dT[add]@2: 3.379255
dT[add]@3: 3.610917
dT[add]@4: 3.727217
dT[add]@5: 4.025107
dT[add]@6: 3.514876
dT[add]@7: 3.870561
dT[sub]@0: 2.771288
dT[sub]@1: 2.644184
dT[sub]@2: 2.594287
dT[sub]@3: 2.66322
dT[sub]@4: 2.446362
dT[sub]@5: 2.192592
dT[sub]@6: 2.122932
dT[sub]@7: 2.130164
dT[mul]@0: 2.000829
dT[mul]@1: 1.979681
dT[mul]@2: 1.780833
dT[mul]@3: 1.626443
dT[mul]@4: 1.484541
dT[mul]@5: 1.351345
dT[mul]@6: 1.200605
dT[mul]@7: 1.228252
dT[div]@0: 1.18039
dT[div]@1: 1.264073
dT[div]@2: 1.576108
dT[div]@3: 0.869965
dT[div]@4: 0.741139
dT[div]@5: 0.587269
dT[div]@6: 0.827714
dT[div]@7: 0.44355
dT[add]@0: 3.870479
dT[add]@1: 3.696587
dT[add]@2: 3.86934
dT[add]@3: 3.582339
dT[add]@4: 4.013534
dT[add]@5: 3.38831
dT[add]@6: 3.042472
dT[add]@7: 3.609717
dT[sub]@0: 3.87647
dT[sub]@1: 2.951082
dT[sub]@2: 3.175091
dT[sub]@3: 3.325533
dT[sub]@4: 2.260174
dT[sub]@5: 2.222796
dT[sub]@6: 2.324291
dT[sub]@7: 2.415064
dT[mul]@0: 2.559828
dT[mul]@1: 1.866696
dT[mul]@2: 1.816524
dT[mul]@3: 1.775506
dT[mul]@4: 1.995239
dT[mul]@5: 1.570736
dT[mul]@6: 1.520657
dT[mul]@7: 1.714918
dT[div]@0: 1.953825
dT[div]@1: 1.118651
dT[div]@2: 0.785155
dT[div]@3: 0.833329
dT[div]@4: 0.786655
dT[div]@5: 1.275491
dT[div]@6: 0.615175
dT[div]@7: 0.490733
dT[add]@0: 3.832797
dT[add]@1: 3.512343
dT[add]@2: 3.699514
dT[add]@3: 3.353304
dT[add]@4: 3.160543
dT[add]@5: 3.087706
dT[add]@6: 3.297288
dT[add]@7: 2.86642
dT[sub]@0: 2.683386
dT[sub]@1: 2.677557
dT[sub]@2: 3.123911
dT[sub]@3: 2.850255
dT[sub]@4: 3.137158
dT[sub]@5: 2.323746
dT[sub]@6: 2.391868
dT[sub]@7: 2.018571
dT[mul]@0: 2.261771
dT[mul]@1: 2.084206
dT[mul]@2: 2.315464
dT[mul]@3: 1.621765
dT[mul]@4: 1.938159
dT[mul]@5: 2.052803
dT[mul]@6: 1.345649
dT[mul]@7: 1.350447
dT[div]@0: 1.524385
dT[div]@1: 1.10817
dT[div]@2: 1.102022
dT[div]@3: 1.219674
dT[div]@4: 1.495632
dT[div]@5: 0.630531
dT[div]@6: 1.083671
dT[div]@7: 0.428278
dT[add]@0: 4.194269
dT[add]@1: 3.832367
dT[add]@2: 4.054273
dT[add]@3: 4.223861
dT[add]@4: 3.636766
dT[add]@5: 3.162803
dT[add]@6: 3.293905
dT[add]@7: 3.580095
dT[sub]@0: 3.175673
dT[sub]@1: 3.477594
dT[sub]@2: 8.166012
dT[sub]@3: 3.269969
dT[sub]@4: 2.642841
dT[sub]@5: 2.171148
dT[sub]@6: 3.053814
dT[sub]@7: 2.389165
dT[mul]@0: 1.94375
dT[mul]@1: 2.186443
dT[mul]@2: 2.463556
dT[mul]@3: 1.968472
dT[mul]@4: 2.192238
dT[mul]@5: 1.66944
dT[mul]@6: 2.034813
dT[mul]@7: 1.720273
dT[div]@0: 1.121499
dT[div]@1: 1.20221
dT[div]@2: 1.478381
dT[div]@3: 1.095615
dT[div]@4: 0.853518
dT[div]@5: 1.133582
dT[div]@6: 0.429063
dT[div]@7: 1.172221
dT[add]@0: 4.053389
dT[add]@1: 4.219907
dT[add]@2: 3.640372
dT[add]@3: 3.915378
dT[add]@4: 3.383807
dT[add]@5: 3.7266
dT[add]@6: 3.315772
dT[add]@7: 3.209694
dT[sub]@0: 2.974255
dT[sub]@1: 3.315449
dT[sub]@2: 3.422458
dT[sub]@3: 2.827928
dT[sub]@4: 3.295084
dT[sub]@5: 2.51045
dT[sub]@6: 2.549204
dT[sub]@7: 2.874971
dT[mul]@0: 2.192137
dT[mul]@1: 2.457404
dT[mul]@2: 1.963475
dT[mul]@3: 2.640739
dT[mul]@4: 2.108583
dT[mul]@5: 1.346644
dT[mul]@6: 1.718901
dT[mul]@7: 2.017026
dT[div]@0: 1.384438
dT[div]@1: 0.928868
dT[div]@2: 1.301778
dT[div]@3: 0.926241
dT[div]@4: 1.193601
dT[div]@5: 1.071267
dT[div]@6: 0.497351
dT[div]@7: 0.90193
dT[add]@0: 9.581212
dT[add]@1: 9.864718
dT[add]@2: 3.796552
dT[add]@3: 3.290593
dT[add]@4: 3.545088
dT[add]@5: 3.201439
dT[add]@6: 3.80163
dT[add]@7: 3.577716
dT[sub]@0: 3.191569
dT[sub]@1: 2.843167
dT[sub]@2: 3.233144
dT[sub]@3: 2.633446
dT[sub]@4: 3.04174
dT[sub]@5: 2.464106
dT[sub]@6: 3.046169
dT[sub]@7: 2.044334
dT[mul]@0: 2.40166
dT[mul]@1: 1.757749
dT[mul]@2: 2.119144
dT[mul]@3: 2.348036
dT[mul]@4: 1.484037
dT[mul]@5: 1.83379
dT[mul]@6: 1.327699
dT[mul]@7: 1.714891
dT[div]@0: 1.026865
dT[div]@1: 1.476621
dT[div]@2: 0.894772
dT[div]@3: 1.273908
dT[div]@4: 0.867233
dT[div]@5: 1.181834
dT[div]@6: 1.454571
dT[div]@7: 0.6978
dT[add]@0: 5.084017
dT[add]@1: 4.715779
dT[add]@2: 4.286602
dT[add]@3: 4.290767
dT[add]@4: 3.905785
dT[add]@5: 3.752777
dT[add]@6: 3.281006
dT[add]@7: 3.419322
dT[sub]@0: 3.974911
dT[sub]@1: 4.292224
dT[sub]@2: 4.169163
dT[sub]@3: 3.543987
dT[sub]@4: 3.437919
dT[sub]@5: 7.676494
dT[sub]@6: 2.787695
dT[sub]@7: 3.130592
dT[mul]@0: 2.806282
dT[mul]@1: 3.131237
dT[mul]@2: 2.504255
dT[mul]@3: 2.845375
dT[mul]@4: 2.230875
dT[mul]@5: 2.129156
dT[mul]@6: 1.861827
dT[mul]@7: 2.215811
dT[div]@0: 1.634239
dT[div]@1: 1.210393
dT[div]@2: 1.252849
dT[div]@3: 1.513942
dT[div]@4: 1.178457
dT[div]@5: 1.469454
dT[div]@6: 0.668528
dT[div]@7: 0.56592
dT[add]@0: 5.502621
dT[add]@1: 6.106431
dT[add]@2: 5.8076
dT[add]@3: 5.261717
dT[add]@4: 5.559579
dT[add]@5: 5.309806
dT[add]@6: 5.732605
dT[add]@7: 5.056004
dT[sub]@0: 4.587557
dT[sub]@1: 2.629735
dT[sub]@2: 3.029241
dT[sub]@3: 2.431816
dT[sub]@4: 2.402167
dT[sub]@5: 1.979114
dT[sub]@6: 2.290843
dT[sub]@7: 2.455494
dT[mul]@0: 1.925312
dT[mul]@1: 2.12548
dT[mul]@2: 1.678894
dT[mul]@3: 1.841895
dT[mul]@4: 1.392592
dT[mul]@5: 1.571333
dT[mul]@6: 1.810808
dT[mul]@7: 1.15211
dT[div]@0: 1.359012
dT[div]@1: 1.515247
dT[div]@2: 0.75656
dT[div]@3: 0.756949
dT[div]@4: 0.986391
dT[div]@5: 0.403179
dT[div]@6: 0.729092
dT[div]@7: 0.934105
dT[add]@0: 3.382231
dT[add]@1: 3.598132
dT[add]@2: 2.983813
dT[add]@3: 3.246068
dT[add]@4: 3.398343
dT[add]@5: 2.799482
dT[add]@6: 2.966179
dT[add]@7: 3.193851
dT[sub]@0: 2.556559
dT[sub]@1: 2.771686
dT[sub]@2: 2.959398
dT[sub]@3: 2.269717
dT[sub]@4: 2.434319
dT[sub]@5: 2.671046
dT[sub]@6: 1.97026
dT[sub]@7: 2.168598
dT[mul]@0: 1.614098
dT[mul]@1: 1.869776
dT[mul]@2: 2.02003
dT[mul]@3: 1.458424
dT[mul]@4: 1.634243
dT[mul]@5: 1.868101
dT[mul]@6: 1.217892
dT[mul]@7: 1.41871
dT[div]@0: 1.599271
dT[div]@1: 0.960385
dT[div]@2: 1.126263
dT[div]@3: 1.373893
dT[div]@4: 0.654888
dT[div]@5: 0.850189
dT[div]@6: 0.279688
dT[div]@7: 0.544493
dT[add]@0: 3.781622
dT[add]@1: 3.225709
dT[add]@2: 3.366284
dT[add]@3: 3.569832
dT[add]@4: 2.943763
dT[add]@5: 3.134072
dT[add]@6: 3.311377
dT[add]@7: 2.779616
dT[sub]@0: 3.068761
dT[sub]@1: 2.449138
dT[sub]@2: 2.623522
dT[sub]@3: 2.839379
dT[sub]@4: 2.172824
dT[sub]@5: 2.36952
dT[sub]@6: 2.548432
dT[sub]@7: 1.911589
dT[mul]@0: 2.071706
dT[mul]@1: 1.565334
dT[mul]@2: 1.769061
dT[mul]@3: 2.001781
dT[mul]@4: 1.347221
dT[mul]@5: 1.576558
dT[mul]@6: 1.728159
dT[mul]@7: 1.086833
dT[div]@0: 1.265053
dT[div]@1: 1.481229
dT[div]@2: 0.831173
dT[div]@3: 1.060619
dT[div]@4: 1.248857
dT[div]@5: 0.564272
dT[div]@6: 0.733792
dT[div]@7: 0.980408
dT[add]@0: 7.847837
dT[add]@1: 3.229382
dT[add]@2: 3.39897
dT[add]@3: 3.645537
dT[add]@4: 2.936047
dT[add]@5: 3.130795
dT[add]@6: 2.560117
dT[add]@7: 2.823242
dT[sub]@0: 2.968859
dT[sub]@1: 2.425126
dT[sub]@2: 2.574255
dT[sub]@3: 2.805255
dT[sub]@4: 2.163099
dT[sub]@5: 2.35761
dT[sub]@6: 2.54808
dT[sub]@7: 1.91018
dT[mul]@0: 2.079042
dT[mul]@1: 1.639488
dT[mul]@2: 1.603596
dT[mul]@3: 1.795678
dT[mul]@4: 1.308692
dT[mul]@5: 1.624809
dT[mul]@6: 1.761857
dT[mul]@7: 1.151069
dT[div]@0: 1.314678
dT[div]@1: 1.563362
dT[div]@2: 0.812614
dT[div]@3: 0.982185
dT[div]@4: 1.204158
dT[div]@5: 0.377497
dT[div]@6: 0.645999
dT[div]@7: 0.796709
dT[add]@0: 4.089028
dT[add]@1: 3.253803
dT[add]@2: 3.430751
dT[add]@3: 2.869791
dT[add]@4: 3.139315
dT[add]@5: 3.281291
dT[add]@6: 2.631104
dT[add]@7: 2.831928
dT[sub]@0: 3.028303
dT[sub]@1: 2.382277
dT[sub]@2: 2.584999
dT[sub]@3: 2.775372
dT[sub]@4: 2.130038
dT[sub]@5: 2.279408
dT[sub]@6: 2.488986
dT[sub]@7: 1.902523
dT[mul]@0: 2.095647
dT[mul]@1: 2.271236
dT[mul]@2: 1.612731
dT[mul]@3: 1.773162
dT[mul]@4: 1.996496
dT[mul]@5: 1.391521
dT[mul]@6: 1.592364
dT[mul]@7: 1.126439
dT[div]@0: 1.368473
dT[div]@1: 0.796114
dT[div]@2: 1.053761
dT[div]@3: 1.195298
dT[div]@4: 0.542301
dT[div]@5: 0.750222
dT[div]@6: 0.903582
dT[div]@7: 0.39504
dT[add]@0: 3.656475
dT[add]@1: 3.853218
dT[add]@2: 3.147703
dT[add]@3: 3.290437
dT[add]@4: 3.469181
dT[add]@5: 2.942925
dT[add]@6: 3.10025
dT[add]@7: 2.712875
dT[sub]@0: 2.864973
dT[sub]@1: 3.042502
dT[sub]@2: 2.446218
dT[sub]@3: 2.633874
dT[sub]@4: 2.179653
dT[sub]@5: 2.395093
dT[sub]@6: 2.571851
dT[sub]@7: 1.972774
dT[mul]@0: 2.129322
dT[mul]@1: 1.722399
dT[mul]@2: 1.870603
dT[mul]@3: 2.080556
dT[mul]@4: 1.38431
dT[mul]@5: 1.543724
dT[mul]@6: 1.757531
dT[mul]@7: 1.159928
dT[div]@0: 1.350081
dT[div]@1: 0.789173
dT[div]@2: 1.093842
dT[div]@3: 1.239126
dT[div]@4: 0.623263
dT[div]@5: 0.945456
dT[div]@6: 1.1871
dT[div]@7: 1.377672
dT[add]@0: 4.73351
dT[add]@1: 4.77851
dT[add]@2: 3.325726
dT[add]@3: 3.479233
dT[add]@4: 3.050847
dT[add]@5: 3.224334
dT[add]@6: 2.641215
dT[add]@7: 2.876521
dT[sub]@0: 3.053708
dT[sub]@1: 2.414086
dT[sub]@2: 2.578363
dT[sub]@3: 2.79627
dT[sub]@4: 2.2389
dT[sub]@5: 2.441914
dT[sub]@6: 1.858815
dT[sub]@7: 2.150768
dT[mul]@0: 2.293392
dT[mul]@1: 1.754598
dT[mul]@2: 1.944615
dT[mul]@3: 1.435562
dT[mul]@4: 1.648847
dT[mul]@5: 1.881326
dT[mul]@6: 1.256481
dT[mul]@7: 1.446635
dT[div]@0: 1.62147
dT[div]@1: 0.982949
dT[div]@2: 1.173781
dT[div]@3: 0.769655
dT[div]@4: 0.926233
dT[div]@5: 1.143682
dT[div]@6: 0.475712
dT[div]@7: 0.681199
dT[add]@0: 3.469549
dT[add]@1: 3.637932
dT[add]@2: 3.79379
dT[add]@3: 3.148996
dT[add]@4: 3.328253
dT[add]@5: 2.919548
dT[add]@6: 3.074019
dT[add]@7: 3.281557
dT[sub]@0: 2.648488
dT[sub]@1: 2.843425
dT[sub]@2: 2.599023
dT[sub]@3: 2.813176
dT[sub]@4: 2.226555
dT[sub]@5: 2.421895
dT[sub]@6: 1.870885
dT[sub]@7: 2.122271
dT[mul]@0: 2.268652
dT[mul]@1: 1.683765
dT[mul]@2: 1.855543
dT[mul]@3: 2.08879
dT[mul]@4: 1.359521
dT[mul]@5: 1.530721
dT[mul]@6: 1.758127
dT[mul]@7: 1.162743
dT[div]@0: 1.377325
dT[div]@1: 0.785322
dT[div]@2: 1.057947
dT[div]@3: 1.228413
dT[div]@4: 0.699817
dT[div]@5: 0.855245
dT[div]@6: 0.359293
dT[div]@7: 0.547721
dT[add]@0: 4.003928
dT[add]@1: 3.347518
dT[add]@2: 3.52224
dT[add]@3: 3.068527
dT[add]@4: 3.290048
dT[add]@5: 3.443156
dT[add]@6: 2.792229
dT[add]@7: 3.026536
dT[sub]@0: 2.574383
dT[sub]@1: 2.810488
dT[sub]@2: 2.956016
dT[sub]@3: 2.348541
dT[sub]@4: 2.524539
dT[sub]@5: 2.078714
dT[sub]@6: 2.23824
dT[sub]@7: 2.461901
dT[mul]@0: 1.919521
dT[mul]@1: 1.629408
dT[mul]@2: 1.802478
dT[mul]@3: 2.045551
dT[mul]@4: 1.469836
dT[mul]@5: 1.674795
dT[mul]@6: 5.812379
dT[mul]@7: 1.184658
dT[div]@0: 1.349171
dT[div]@1: 0.993308
dT[div]@2: 1.154665
dT[div]@3: 0.728861
dT[div]@4: 0.889114
dT[div]@5: 1.106426
dT[div]@6: 0.4716
dT[div]@7: 0.665018
dT[add]@0: 3.503075
dT[add]@1: 3.686516
dT[add]@2: 3.078227
dT[add]@3: 3.319013
dT[add]@4: 3.465728
dT[add]@5: 2.95021
dT[add]@6: 3.109914
dT[add]@7: 2.610933
dT[sub]@0: 2.830545
dT[sub]@1: 3.065728
dT[sub]@2: 2.475693
dT[sub]@3: 2.688292
dT[sub]@4: 2.231119
dT[sub]@5: 2.437659
dT[sub]@6: 1.856423
dT[sub]@7: 2.122856
dT[mul]@0: 2.284035
dT[mul]@1: 1.772023
dT[mul]@2: 1.929077
dT[mul]@3: 1.442196
dT[mul]@4: 1.656284
dT[mul]@5: 1.872375
dT[mul]@6: 1.23707
dT[mul]@7: 1.4331
dT[div]@0: 1.000521
dT[div]@1: 1.235925
dT[div]@2: 1.397145
dT[div]@3: 0.78483
dT[div]@4: 1.000411
dT[div]@5: 0.598189
dT[div]@6: 0.759051
dT[div]@7: 0.24682
dT[add]@0: 3.669229
dT[add]@1: 3.866264
dT[add]@2: 3.228895
dT[add]@3: 3.420242
dT[add]@4: 2.845786
dT[add]@5: 3.109187
dT[add]@6: 3.262617
dT[add]@7: 2.745855
dT[sub]@0: 2.914032
dT[sub]@1: 2.484497
dT[sub]@2: 2.642345
dT[sub]@3: 2.857048
dT[sub]@4: 2.220638
dT[sub]@5: 2.416414
dT[sub]@6: 2.033237
dT[sub]@7: 2.230275
dT[mul]@0: 2.415428
dT[mul]@1: 1.764374
dT[mul]@2: 1.925246
dT[mul]@3: 1.562774
dT[mul]@4: 1.765933
dT[mul]@5: 1.226641
dT[mul]@6: 1.442647
dT[mul]@7: 1.675091
dT[div]@0: 1.056728
dT[div]@1: 1.267074
dT[div]@2: 0.817417
dT[div]@3: 1.060978
dT[div]@4: 1.218182
dT[div]@5: 0.59315
dT[div]@6: 0.751174
dT[div]@7: 0.393054
dT[add]@0: 3.745857
dT[add]@1: 3.232164
dT[add]@2: 3.441979
dT[add]@3: 3.617174
dT[add]@4: 3.014751
dT[add]@5: 3.213843
dT[add]@6: 2.660631
dT[add]@7: 2.923011
dT[sub]@0: 3.072443
dT[sub]@1: 2.578933
dT[sub]@2: 2.746902
dT[sub]@3: 6.855561
dT[sub]@4: 2.2506
dT[sub]@5: 2.442822
dT[sub]@6: 2.050644
dT[sub]@7: 2.254491
dT[mul]@0: 1.660283
dT[mul]@1: 1.916124
dT[mul]@2: 2.066226
dT[mul]@3: 1.608466
dT[mul]@4: 1.833191
dT[mul]@5: 1.392283
dT[mul]@6: 1.554949
dT[mul]@7: 1.046582
dT[div]@0: 1.271421
dT[div]@1: 1.474444
dT[div]@2: 0.824291
dT[div]@3: 0.988084
dT[div]@4: 1.228773
dT[div]@5: 0.572395
dT[div]@6: 0.770303
dT[div]@7: 0.32736
dT[add]@0: 3.820625
dT[add]@1: 3.208197
dT[add]@2: 3.458523
dT[add]@3: 3.61166
dT[add]@4: 3.068038
dT[add]@5: 3.265167
dT[add]@6: 2.801511
dT[add]@7: 2.960342
dT[sub]@0: 3.195252
dT[sub]@1: 2.517679
dT[sub]@2: 2.731764
dT[sub]@3: 2.313713
dT[sub]@4: 2.529659
dT[sub]@5: 2.08548
dT[sub]@6: 2.333576
dT[sub]@7: 2.480729
dT[mul]@0: 1.858103
dT[mul]@1: 2.049287
dT[mul]@2: 1.60219
dT[mul]@3: 1.838232
dT[mul]@4: 1.27386
dT[mul]@5: 1.499714
dT[mul]@6: 1.687002
dT[mul]@7: 1.151007
dT[div]@0: 1.358918
dT[div]@1: 1.550115
dT[div]@2: 0.90365
dT[div]@3: 1.06277
dT[div]@4: 0.674433
dT[div]@5: 0.856119
dT[div]@6: 1.221817
dT[div]@7: 0.392822
dT[add]@0: 3.874418
dT[add]@1: 3.37671
dT[add]@2: 3.571481
dT[add]@3: 3.123117
dT[add]@4: 3.321042
dT[add]@5: 2.766565
dT[add]@6: 3.064789
dT[add]@7: 3.213469
dT[sub]@0: 2.669722
dT[sub]@1: 2.832546
dT[sub]@2: 2.432466
dT[sub]@3: 2.586847
dT[sub]@4: 2.801311
dT[sub]@5: 2.124106
dT[sub]@6: 2.326844
dT[sub]@7: 1.919414
dT[mul]@0: 2.134487
dT[mul]@1: 1.579891
dT[mul]@2: 1.849495
dT[mul]@3: 2.006259
dT[mul]@4: 1.480681
dT[mul]@5: 1.638186
dT[mul]@6: 1.221874
dT[mul]@7: 1.385053
dT[div]@0: 1.613632
dT[div]@1: 0.965961
dT[div]@2: 1.179563
dT[div]@3: 0.759936
dT[div]@4: 0.980384
dT[div]@5: 0.40624
dT[div]@6: 0.735036
dT[div]@7: 0.275202
dT[add]@0: 3.711783
dT[add]@1: 3.818369
dT[add]@2: 3.518507
dT[add]@3: 3.143734
dT[add]@4: 3.385933
dT[add]@5: 2.792333
dT[add]@6: 2.95248
dT[add]@7: 3.185335
dT[sub]@0: 2.617268
dT[sub]@1: 2.771481
dT[sub]@2: 2.433541
dT[sub]@3: 2.599929
dT[sub]@4: 2.816966
dT[sub]@5: 2.162001
dT[sub]@6: 2.353329
dT[sub]@7: 1.938838
dT[mul]@0: 2.14975
dT[mul]@1: 1.576375
dT[mul]@2: 1.851701
dT[mul]@3: 2.00867
dT[mul]@4: 1.502703
dT[mul]@5: 1.699881
dT[mul]@6: 1.280634
dT[mul]@7: 1.448737
dT[div]@0: 1.704461
dT[div]@1: 0.98345
dT[div]@2: 1.181683
dT[div]@3: 0.75933
dT[div]@4: 0.966953
dT[div]@5: 0.398398
dT[div]@6: 0.670617
dT[div]@7: 0.812337
dT[add]@0: 3.51034
dT[add]@1: 3.638206
dT[add]@2: 3.238714
dT[add]@3: 3.380415
dT[add]@4: 3.595506
dT[add]@5: 2.917341
dT[add]@6: 3.122735
dT[add]@7: 2.732986
dT[sub]@0: 2.939765
dT[sub]@1: 2.369129
dT[sub]@2: 2.678279
dT[sub]@3: 2.821371
dT[sub]@4: 2.272346
dT[sub]@5: 2.43323
dT[sub]@6: 2.014911
dT[sub]@7: 2.189663
dT[mul]@0: 2.416515
dT[mul]@1: 1.734971
dT[mul]@2: 1.936471
dT[mul]@3: 1.53261
dT[mul]@4: 1.751132
dT[mul]@5: 1.176222
dT[mul]@6: 1.442734
dT[mul]@7: 1.596919
dT[div]@0: 1.093548
dT[div]@1: 1.248076
dT[div]@2: 0.747145
dT[div]@3: 0.960651
dT[div]@4: 1.191707
dT[div]@5: 0.567517
dT[div]@6: 0.758651
dT[div]@7: 0.316673
dT[add]@0: 3.78325
dT[add]@1: 3.908424
dT[add]@2: 3.240543
dT[add]@3: 3.394295
dT[add]@4: 2.99951
dT[add]@5: 3.255879
dT[add]@6: 2.652175
dT[add]@7: 2.913667
dT[sub]@0: 3.06605
dT[sub]@1: 2.53112
dT[sub]@2: 2.674595
dT[sub]@3: 2.211719
dT[sub]@4: 2.474694
dT[sub]@5: 1.956598
dT[sub]@6: 2.290684
dT[sub]@7: 1.978332
dT[mul]@0: 2.262921
dT[mul]@1: 1.842476
dT[mul]@2: 1.551997
dT[mul]@3: 1.861026
dT[mul]@4: 1.452291
dT[mul]@5: 1.820902
dT[mul]@6: 1.159048
dT[mul]@7: 1.05151
dT[div]@0: 1.453456
dT[div]@1: 0.983602
dT[div]@2: 1.259834
dT[div]@3: 0.854051
dT[div]@4: 0.664605
dT[div]@5: 0.388621
dT[div]@6: 0.683606
dT[div]@7: 0.38272
dT[add]@0: 3.594056
dT[add]@1: 3.734124
dT[add]@2: 3.065018
dT[add]@3: 3.403741
dT[add]@4: 2.849477
dT[add]@5: 3.121214
dT[add]@6: 2.789538
dT[add]@7: 2.74282
dT[sub]@0: 3.085659
dT[sub]@1: 2.554499
dT[sub]@2: 2.430326
dT[sub]@3: 2.776256
dT[sub]@4: 2.287227
dT[sub]@5: 2.037071
dT[sub]@6: 2.425901
dT[sub]@7: 2.008846
dT[mul]@0: 1.843606
dT[mul]@1: 2.107221
dT[mul]@2: 1.642104
dT[mul]@3: 1.451747
dT[mul]@4: 1.758744
dT[mul]@5: 1.371351
dT[mul]@6: 1.272819
dT[mul]@7: 1.661744
dT[div]@0: 1.101823
dT[div]@1: 0.982906
dT[div]@2: 0.66641
dT[div]@3: 0.94406
dT[div]@4: 0.664894
dT[div]@5: 0.931557
dT[div]@6: 0.621314
dT[div]@7: 0.446076
dT[add]@0: 3.931879
dT[add]@1: 3.478891
dT[add]@2: 3.140352
dT[add]@3: 3.443941
dT[add]@4: 3.050729
dT[add]@5: 3.410946
dT[add]@6: 2.845384
dT[add]@7: 2.764055
dT[sub]@0: 2.502947
dT[sub]@1: 2.902913
dT[sub]@2: 2.378725
dT[sub]@3: 2.716862
dT[sub]@4: 2.316377
dT[sub]@5: 2.190307
dT[sub]@6: 1.851125
dT[sub]@7: 2.201632
dT[mul]@0: 1.859603
dT[mul]@1: 2.184865
dT[mul]@2: 1.678747
dT[mul]@3: 1.434221
dT[mul]@4: 1.727981
dT[mul]@5: 1.388846
dT[mul]@6: 1.070596
dT[mul]@7: 1.34565
dT[div]@0: 1.078799
dT[div]@1: 1.334023
dT[div]@2: 0.956512
dT[div]@3: 1.231949
dT[div]@4: 0.81636
dT[div]@5: 0.463073
dT[div]@6: 0.707885
dT[div]@7: 0.392992
dT[add]@0: 3.419115
dT[add]@1: 3.683762
dT[add]@2: 3.277318
dT[add]@3: 2.947695
dT[add]@4: 3.320902
dT[add]@5: 2.937697
dT[add]@6: 2.622591
dT[add]@7: 2.993368
dT[sub]@0: 2.658296
dT[sub]@1: 2.880353
dT[sub]@2: 2.441523
dT[sub]@3: 2.319016
dT[sub]@4: 2.563957
dT[sub]@5: 2.170943
dT[sub]@6: 2.412836
dT[sub]@7: 2.10537
dT[mul]@0: 1.726758
dT[mul]@1: 1.952607
dT[mul]@2: 1.66031
dT[mul]@3: 1.450369
dT[mul]@4: 1.760005
dT[mul]@5: 1.378906
dT[mul]@6: 1.056579
dT[mul]@7: 1.366189
dT[div]@0: 1.180504
dT[div]@1: 1.448845
dT[div]@2: 1.036789
dT[div]@3: 0.804519
dT[div]@4: 0.662969
dT[div]@5: 0.930786
dT[div]@6: 0.690616
dT[div]@7: 0.423266
dT[add]@0: 3.396039
dT[add]@1: 3.640495
dT[add]@2: 3.332452
dT[add]@3: 7.565001
dT[add]@4: 8.049344
dT[add]@5: 3.048787
dT[add]@6: 2.866727
dT[add]@7: 3.18948
dT[sub]@0: 2.703245
dT[sub]@1: 2.58473
dT[sub]@2: 2.257068
dT[sub]@3: 2.622614
dT[sub]@4: 2.27724
dT[sub]@5: 2.178029
dT[sub]@6: 2.553865
dT[sub]@7: 2.015028
dT[mul]@0: 1.866095
dT[mul]@1: 2.206197
dT[mul]@2: 1.671101
dT[mul]@3: 1.554703
dT[mul]@4: 1.206646
dT[mul]@5: 1.563042
dT[mul]@6: 1.268877
dT[mul]@7: 0.967895
dT[div]@0: 1.233199
dT[div]@1: 1.070181
dT[div]@2: 1.32221
dT[div]@3: 0.910948
dT[div]@4: 0.555631
dT[div]@5: 0.853972
dT[div]@6: 0.52671
dT[div]@7: 0.384545
dT[add]@0: 3.620148
dT[add]@1: 3.812796
dT[add]@2: 3.401474
dT[add]@3: 3.151637
dT[add]@4: 3.393616
dT[add]@5: 2.999644
dT[add]@6: 2.843831
dT[add]@7: 2.537226
dT[sub]@0: 2.820371
dT[sub]@1: 2.542726
dT[sub]@2: 2.245153
dT[sub]@3: 2.52266
dT[sub]@4: 2.257636
dT[sub]@5: 2.156033
dT[sub]@6: 2.473033
dT[sub]@7: 1.95035
dT[mul]@0: 1.71932
dT[mul]@1: 1.950065
dT[mul]@2: 1.729169
dT[mul]@3: 1.518758
dT[mul]@4: 1.756926
dT[mul]@5: 1.351297
dT[mul]@6: 1.602802
dT[mul]@7: 1.281029
dT[div]@0: 1.582508
dT[div]@1: 1.013499
dT[div]@2: 0.919188
dT[div]@3: 0.674509
dT[div]@4: 0.679545
dT[div]@5: 0.946567
dT[div]@6: 0.49442
dT[div]@7: 0.176267
dT[add]@0: 3.870534
dT[add]@1: 3.45721
dT[add]@2: 3.640358
dT[add]@3: 3.269265
dT[add]@4: 3.103691
dT[add]@5: 2.811707
dT[add]@6: 3.112925
dT[add]@7: 2.753381
dT[sub]@0: 3.014199
dT[sub]@1: 2.698146
dT[sub]@2: 2.399296
dT[sub]@3: 2.589451
dT[sub]@4: 2.805384
dT[sub]@5: 2.146546
dT[sub]@6: 2.345664
dT[sub]@7: 1.889739
dT[mul]@0: 2.118003
dT[mul]@1: 2.266539
dT[mul]@2: 1.686568
dT[mul]@3: 1.851007
dT[mul]@4: 1.31303
dT[mul]@5: 1.523738
dT[mul]@6: 1.743941
dT[mul]@7: 1.158993
dT[div]@0: 1.357886
dT[div]@1: 0.78862
dT[div]@2: 1.081573
dT[div]@3: 1.248696
dT[div]@4: 0.736137
dT[div]@5: 0.908046
dT[div]@6: 0.467737
dT[div]@7: 0.6461
dT[add]@0: 4.020228
dT[add]@1: 3.341769
dT[add]@2: 3.538274
dT[add]@3: 3.085303
dT[add]@4: 3.316331
dT[add]@5: 3.468427
dT[add]@6: 2.865497
dT[add]@7: 3.023879
dT[sub]@0: 2.594326
dT[sub]@1: 2.7571
dT[sub]@2: 2.975193
dT[sub]@3: 2.32324
dT[sub]@4: 2.513712
dT[sub]@5: 1.975787
dT[sub]@6: 2.24883
dT[sub]@7: 2.404264
dT[mul]@0: 1.768375
dT[mul]@1: 1.951003
dT[mul]@2: 2.200437
dT[mul]@3: 1.577886
dT[mul]@4: 1.776328
dT[mul]@5: 1.31385
dT[mul]@6: 1.55089
dT[mul]@7: 1.706357
dT[div]@0: 1.065615
dT[div]@1: 1.230057
dT[div]@2: 0.848087
dT[div]@3: 1.017172
dT[div]@4: 1.232715
dT[div]@5: 0.594865
dT[div]@6: 0.806513
dT[div]@7: 1.00349
dT[add]@0: 3.376934
dT[add]@1: 3.527338
dT[add]@2: 3.234509
dT[add]@3: 3.395546
dT[add]@4: 3.620558
dT[add]@5: 2.906411
dT[add]@6: 3.096694
dT[add]@7: 2.482575
dT[sub]@0: 2.758723
dT[sub]@1: 2.915201
dT[sub]@2: 2.611703
dT[sub]@3: 2.248906
dT[sub]@4: 2.474646
dT[sub]@5: 2.108627
dT[sub]@6: 2.34677
dT[sub]@7: 2.505623
dT[mul]@0: 1.900985
dT[mul]@1: 1.564911
dT[mul]@2: 1.844492
dT[mul]@3: 2.003474
dT[mul]@4: 1.4979
dT[mul]@5: 1.669696
dT[mul]@6: 1.121203
dT[mul]@7: 1.337036
dT[div]@0: 1.562672
dT[div]@1: 0.959188
dT[div]@2: 1.155096
dT[div]@3: 0.58851
dT[div]@4: 0.879283
dT[div]@5: 1.034412
dT[div]@6: 0.466347
dT[div]@7: 0.632912
dT[add]@0: 4.038361
dT[add]@1: 3.361254
dT[add]@2: 3.521666
dT[add]@3: 3.135167
dT[add]@4: 3.293393
dT[add]@5: 3.49966
dT[add]@6: 2.8574
dT[add]@7: 3.04443
dT[sub]@0: 2.479658
dT[sub]@1: 2.77629
dT[sub]@2: 2.92133
dT[sub]@3: 2.290317
dT[sub]@4: 2.527184
dT[sub]@5: 1.959768
dT[sub]@6: 2.266304
dT[sub]@7: 2.414924
dT[mul]@0: 1.889886
dT[mul]@1: 2.060825
dT[mul]@2: 2.244462
dT[mul]@3: 1.771848
dT[mul]@4: 1.410026
dT[mul]@5: 1.576435
dT[mul]@6: 1.82044
dT[mul]@7: 1.162445
dT[div]@0: 1.373619
dT[div]@1: 0.918045
dT[div]@2: 1.114125
dT[div]@3: 1.290438
dT[div]@4: 0.684554
dT[div]@5: 0.846418
dT[div]@6: 0.432353
dT[div]@7: 0.59303
dT[add]@0: 3.986694
dT[add]@1: 3.353401
dT[add]@2: 3.534188
dT[add]@3: 2.96714
dT[add]@4: 3.260908
dT[add]@5: 3.411016
dT[add]@6: 2.868093
dT[add]@7: 3.031306
dT[sub]@0: 2.611454
dT[sub]@1: 2.783886
dT[sub]@2: 2.993718
dT[sub]@3: 2.348706
dT[sub]@4: 2.543662
dT[sub]@5: 1.96517
dT[sub]@6: 2.255458
dT[sub]@7: 2.399662
dT[mul]@0: 1.888476
dT[mul]@1: 2.044091
dT[mul]@2: 1.514372
dT[mul]@3: 1.729241
dT[mul]@4: 1.948952
dT[mul]@5: 1.368239
dT[mul]@6: 1.570767
dT[mul]@7: 0.984767
dT[div]@0: 1.284315
dT[div]@1: 1.085513
dT[div]@2: 0.838279
dT[div]@3: 1.023589
dT[div]@4: 1.258958
dT[div]@5: 0.591
dT[div]@6: 0.79219
dT[div]@7: 0.389637
dT[add]@0: 3.779913
dT[add]@1: 3.178463
dT[add]@2: 3.458782
dT[add]@3: 3.610863
dT[add]@4: 3.050288
dT[add]@5: 3.207282
dT[add]@6: 2.703271
dT[add]@7: 2.91653
dT[sub]@0: 3.141008
dT[sub]@1: 2.564707
dT[sub]@2: 2.750629
dT[sub]@3: 2.178186
dT[sub]@4: 2.453311
dT[sub]@5: 2.5972
dT[sub]@6: 2.0557
dT[sub]@7: 2.213858
dT[mul]@0: 1.781083
dT[mul]@1: 2.038543
dT[mul]@2: 1.449389
dT[mul]@3: 1.702181
dT[mul]@4: 1.892322
dT[mul]@5: 1.350579
dT[mul]@6: 1.50591
dT[mul]@7: 1.735819
dT[div]@0: 1.079778
dT[div]@1: 1.290627
dT[div]@2: 0.845163
dT[div]@3: 1.041989
dT[div]@4: 1.236876
dT[div]@5: 0.606693
dT[div]@6: 0.772807
dT[div]@7: 0.337847
dT[add]@0: 3.686121
dT[add]@1: 3.866263
dT[add]@2: 3.107155
dT[add]@3: 3.269985
dT[add]@4: 3.498559
dT[add]@5: 2.941997
dT[add]@6: 3.133506
dT[add]@7: 2.578915
dT[sub]@0: 2.882044
dT[sub]@1: 3.046255
dT[sub]@2: 2.32253
dT[sub]@3: 2.53143
dT[sub]@4: 2.726644
dT[sub]@5: 2.149205
dT[sub]@6: 2.305009
dT[sub]@7: 1.917473
dT[mul]@0: 2.073946
dT[mul]@1: 2.283548
dT[mul]@2: 1.636287
dT[mul]@3: 1.814358
dT[mul]@4: 1.256299
dT[mul]@5: 1.484223
dT[mul]@6: 1.71402
dT[mul]@7: 1.049233
dT[div]@0: 1.256894
dT[div]@1: 1.431623
dT[div]@2: 0.828521
dT[div]@3: 0.997536
dT[div]@4: 1.218666
dT[div]@5: 0.565603
dT[div]@6: 0.765591
dT[div]@7: 0.316522
dT[add]@0: 3.64849
dT[add]@1: 3.819811
dT[add]@2: 3.254538
dT[add]@3: 3.421015
dT[add]@4: 2.897449
dT[add]@5: 3.104629
dT[add]@6: 3.319841
dT[add]@7: 2.758437
dT[sub]@0: 2.957199
dT[sub]@1: 2.223951
dT[sub]@2: 2.507533
dT[sub]@3: 2.655583
dT[sub]@4: 2.873103
dT[sub]@5: 2.17549
dT[sub]@6: 2.367872
dT[sub]@7: 1.695692
dT[mul]@0: 1.985965
dT[mul]@1: 2.132496
dT[mul]@2: 1.491747
dT[mul]@3: 1.704549
dT[mul]@4: 1.858769
dT[mul]@5: 1.24581
dT[mul]@6: 1.459541
dT[mul]@7: 1.693227
dT[div]@0: 1.067879
dT[div]@1: 1.224343
dT[div]@2: 1.425848
dT[div]@3: 0.743222
dT[div]@4: 0.909467
dT[div]@5: 1.122125
dT[div]@6: 0.489345
dT[div]@7: 0.68943
dT[add]@0: 3.435485
dT[add]@1: 3.664822
dT[add]@2: 3.806385
dT[add]@3: 3.159373
dT[add]@4: 3.319587
dT[add]@5: 2.962134
dT[add]@6: 3.128769
dT[add]@7: 3.30919
dT[sub]@0: 2.664352
dT[sub]@1: 2.85024
dT[sub]@2: 2.458447
dT[sub]@3: 2.663123
dT[sub]@4: 2.0793
dT[sub]@5: 2.372401
dT[sub]@6: 2.515807
dT[sub]@7: 1.986517
dT[mul]@0: 2.142596
dT[mul]@1: 1.534833
dT[mul]@2: 1.741483
dT[mul]@3: 1.988339
dT[mul]@4: 1.398792
dT[mul]@5: 1.648195
dT[mul]@6: 1.801202
dT[mul]@7: 1.183276
dT[div]@0: 1.379923
dT[div]@1: 0.934135
dT[div]@2: 1.09576
dT[div]@3: 1.313609
dT[div]@4: 0.66643
dT[div]@5: 0.837774
dT[div]@6: 1.079561
dT[div]@7: 0.378458
dT[add]@0: 3.767417
dT[add]@1: 3.340351
dT[add]@2: 3.523373
dT[add]@3: 3.69438
= Thu Nov 12 2015 22:31:04 GMT+0400 (GST)
